--------------------------------------------------------------------------------
            ######  ##     ##    ###    ########  ########  ##    ##
           ##    ## ##     ##   ## ##   ##     ## ##     ##  ##  ##
           ##       ##     ##  ##   ##  ##     ## ##     ##   ####
            ######  ######### ##     ## ########  ########     ##
                 ## ##     ## ######### ##   ##   ##           ##
           ##    ## ##     ## ##     ## ##    ##  ##           ##
            ######  ##     ## ##     ## ##     ## ##           ##
--------------------------------------------------------------------------------
Aeroelastics Lab, Aeronautics Department.
    Copyright (c), Imperial College London.
    All rights reserved.
    License available at https://github.com/imperialcollegelondon/sharpy
Running SHARPy from /Users/benpreston/sharpy_cases/goland_swept_loads
SHARPy being run is in /Users/benpreston/sharpy_installs/dev_profiler
The branch being run is develop
The version and commit hash are: 2.1-284-g23da1e0b-23da1e0b
SHARPy output folder set
	/Users/benpreston/sharpy_cases/goland_swept_loads/output//goland_ang_n50_00_pos_0_90/
Generating an instance of BeamLoader
Variable for_pos has no assigned value in the settings file.
    will default to the value: [0.0, 0, 0]
Generating an instance of AerogridLoader
Variable control_surface_deflection has no assigned value in the settings file.
    will default to the value: []
Variable control_surface_deflection_generator_settings has no assigned value in the settings file.
    will default to the value: {}
Variable dx1 has no assigned value in the settings file.
    will default to the value: -1.0
Variable ndx1 has no assigned value in the settings file.
    will default to the value: 1
Variable r has no assigned value in the settings file.
    will default to the value: 1.0
Variable dxmax has no assigned value in the settings file.
    will default to the value: -1.0
The aerodynamic grid contains 2 surfaces
  Surface 0, M=16, N=20
     Wake 0, M=160, N=20
  Surface 1, M=16, N=20
     Wake 1, M=160, N=20
  In total: 640 bound panels
  In total: 6400 wake panels
  Total number of panels = 7040
Generating an instance of StaticCoupled
Variable correct_forces_method has no assigned value in the settings file.
    will default to the value: 
Variable correct_forces_settings has no assigned value in the settings file.
    will default to the value: {}
Variable runtime_generators has no assigned value in the settings file.
    will default to the value: {}
Variable nonlifting_body_interactions has no assigned value in the settings file.
    will default to the value: False
Generating an instance of NonLinearStatic
Variable abs_threshold has no assigned value in the settings file.
    will default to the value: 1e-13
Variable newmark_damp has no assigned value in the settings file.
    will default to the value: 0.0001
Variable gravity_dir has no assigned value in the settings file.
    will default to the value: [0.0, 0.0, 1.0]
Variable relaxation_factor has no assigned value in the settings file.
    will default to the value: 0.3
Variable dt has no assigned value in the settings file.
    will default to the value: 0.01
Variable num_steps has no assigned value in the settings file.
    will default to the value: 500
Variable initial_position has no assigned value in the settings file.
    will default to the value: [0. 0. 0.]
Variable initial_velocity has no assigned value in the settings file.
    will default to the value: [0. 0. 0. 0. 0. 0.]
Generating an instance of StaticUvlm
Variable nonlifting_body_interactions has no assigned value in the settings file.
    will default to the value: False
Variable only_nonlifting has no assigned value in the settings file.
    will default to the value: False
Variable phantom_wing_test has no assigned value in the settings file.
    will default to the value: False
Variable iterative_solver has no assigned value in the settings file.
    will default to the value: False
Variable iterative_tol has no assigned value in the settings file.
    will default to the value: 0.0001
Variable iterative_precond has no assigned value in the settings file.
    will default to the value: False
Variable cfl1 has no assigned value in the settings file.
    will default to the value: True
Variable vortex_radius has no assigned value in the settings file.
    will default to the value: 1e-06
Variable vortex_radius_wake_ind has no assigned value in the settings file.
    will default to the value: 1e-06
Variable rbm_vel_g has no assigned value in the settings file.
    will default to the value: [0.0, 0.0, 0.0, 0.0, 0.0, 0.0]
Variable centre_rot_g has no assigned value in the settings file.
    will default to the value: [0.0, 0.0, 0.0]
Variable map_forces_on_struct has no assigned value in the settings file.
    will default to the value: False
Variable ignore_first_x_nodes_in_force_calculation has no assigned value in the settings file.
    will default to the value: 0



|=====|=====|============|==========|==========|==========|==========|==========|==========|
|iter |step | log10(res) |    Fx    |    Fy    |    Fz    |    Mx    |    My    |    Mz    |
|=====|=====|============|==========|==========|==========|==========|==========|==========|
|  0  |  0  |  0.00000   |  7.6982  |  0.0000  |-160.9324 |  0.0000  | 110.1369 |  0.0000  |
|  1  |  0  | -11.56721  |  7.6725  | -0.0000  |-160.4520 |  0.0001  | 110.2205 |  0.0000  |
|  0  |  1  |  0.00000   | 15.3691  | -0.0000  |-320.3839 |  0.0003  | 220.5284 |  0.0000  |
|  1  |  1  | -11.15862  | 15.3177  | -0.0000  |-319.4212 |  0.0004  | 220.6959 |  0.0000  |
|  0  |  2  |  0.00000   | 23.0129  | -0.0001  |-478.3484 |  0.0007  | 331.1757 |  0.0000  |
|  1  |  2  | -10.89661  | 22.9356  | -0.0001  |-476.9018 |  0.0010  | 331.4274 |  0.0000  |
|  0  |  3  |  0.00000   | 30.6295  | -0.0001  |-634.8199 |  0.0014  | 442.0798 |  0.0001  |
|  1  |  3  | -10.70019  | 30.5263  | -0.0002  |-632.8876 |  0.0017  | 442.4160 |  0.0001  |
|  0  |  4  |  0.00000   | 38.2191  | -0.0002  |-789.7924 |  0.0023  | 553.2419 |  0.0001  |
|  1  |  4  | -10.54211  | 38.0898  | -0.0003  |-787.3727 |  0.0027  | 553.6630 |  0.0001  |
|  0  |  5  |  0.00000   | 45.7815  | -0.0003  |-943.2598 |  0.0034  | 664.6630 |  0.0002  |
|  1  |  5  | -10.40948  | 45.6260  | -0.0004  |-940.3510 |  0.0038  | 665.1694 |  0.0002  |
|  0  |  6  |  0.00000   | 53.3168  | -0.0005  |-1095.2160|  0.0046  | 776.3444 |  0.0002  |
|  1  |  6  | -10.30087  | 53.1359  |  0.0002  |-1091.8540| -0.0034  | 776.9733 | -0.0002  |
|  0  |  7  |  0.00000   | 60.8264  |  0.0007  |-1245.7194| -0.0071  | 888.3525 | -0.0004  |
|  1  |  7  | -10.19576  | 60.6185  |  0.0007  |-1241.8360| -0.0070  | 889.0404 | -0.0004  |
|  0  |  8  |  0.00000   | 68.3080  |  0.0009  |-1394.6589| -0.0077  |1000.5833 | -0.0004  |
|  1  |  8  | -10.10577  | 68.0737  |  0.0009  |-1390.2792| -0.0083  |1001.3570 | -0.0005  |
|  0  |  9  |  0.00000   | 75.7627  |  0.0011  |-1542.0680| -0.0094  |1113.0787 | -0.0005  |
|  1  |  9  | -10.02443  | 75.5018  |  0.0012  |-1537.1904| -0.0100  |1113.9382 | -0.0006  |
Generating an instance of AeroForcesCalculator
Variable text_file_name has no assigned value in the settings file.
    will default to the value: aeroforces.txt
Variable screen_output has no assigned value in the settings file.
    will default to the value: True
Variable coefficients has no assigned value in the settings file.
    will default to the value: False
Variable lifting_surfaces has no assigned value in the settings file.
    will default to the value: True
Variable nonlifting_body has no assigned value in the settings file.
    will default to the value: False



|==============|==============|==============|==============|==============|==============|==============|
|    tstep     |     fx_g     |     fy_g     |     fz_g     |     mx_g     |     my_g     |     mz_g     |
|==============|==============|==============|==============|==============|==============|==============|
|      0       | 2.175853e+01 | 1.203135e-03 | 2.734782e+03 |-1.038089e-02 | 4.615377e+02 |-2.360309e-04 |
...Finished
FINISHED - Elapsed time = 5.3168696 seconds
FINISHED - CPU process time = 5.3341456 seconds
