--------------------------------------------------------------------------------
            ######  ##     ##    ###    ########  ########  ##    ##
           ##    ## ##     ##   ## ##   ##     ## ##     ##  ##  ##
           ##       ##     ##  ##   ##  ##     ## ##     ##   ####
            ######  ######### ##     ## ########  ########     ##
                 ## ##     ## ######### ##   ##   ##           ##
           ##    ## ##     ## ##     ## ##    ##  ##           ##
            ######  ##     ## ##     ## ##     ## ##           ##
--------------------------------------------------------------------------------
Aeroelastics Lab, Aeronautics Department.
    Copyright (c), Imperial College London.
    All rights reserved.
    License available at https://github.com/imperialcollegelondon/sharpy
Running SHARPy from /Users/benpreston/sharpy_cases/goland_swept_loads
SHARPy being run is in /Users/benpreston/sharpy_installs/dev_profiler
The branch being run is develop
The version and commit hash are: 2.1-284-g23da1e0b-23da1e0b
SHARPy output folder set
	/Users/benpreston/sharpy_cases/goland_swept_loads/output//goland_ang_n20_00_pos_0_85/
Generating an instance of BeamLoader
Variable for_pos has no assigned value in the settings file.
    will default to the value: [0.0, 0, 0]
Generating an instance of AerogridLoader
Variable control_surface_deflection has no assigned value in the settings file.
    will default to the value: []
Variable control_surface_deflection_generator_settings has no assigned value in the settings file.
    will default to the value: {}
Variable dx1 has no assigned value in the settings file.
    will default to the value: -1.0
Variable ndx1 has no assigned value in the settings file.
    will default to the value: 1
Variable r has no assigned value in the settings file.
    will default to the value: 1.0
Variable dxmax has no assigned value in the settings file.
    will default to the value: -1.0
The aerodynamic grid contains 2 surfaces
  Surface 0, M=16, N=20
     Wake 0, M=160, N=20
  Surface 1, M=16, N=20
     Wake 1, M=160, N=20
  In total: 640 bound panels
  In total: 6400 wake panels
  Total number of panels = 7040
Generating an instance of StaticCoupled
Variable correct_forces_method has no assigned value in the settings file.
    will default to the value: 
Variable correct_forces_settings has no assigned value in the settings file.
    will default to the value: {}
Variable runtime_generators has no assigned value in the settings file.
    will default to the value: {}
Variable nonlifting_body_interactions has no assigned value in the settings file.
    will default to the value: False
Generating an instance of NonLinearStatic
Variable abs_threshold has no assigned value in the settings file.
    will default to the value: 1e-13
Variable newmark_damp has no assigned value in the settings file.
    will default to the value: 0.0001
Variable gravity_dir has no assigned value in the settings file.
    will default to the value: [0.0, 0.0, 1.0]
Variable relaxation_factor has no assigned value in the settings file.
    will default to the value: 0.3
Variable dt has no assigned value in the settings file.
    will default to the value: 0.01
Variable num_steps has no assigned value in the settings file.
    will default to the value: 500
Variable initial_position has no assigned value in the settings file.
    will default to the value: [0. 0. 0.]
Variable initial_velocity has no assigned value in the settings file.
    will default to the value: [0. 0. 0. 0. 0. 0.]
Generating an instance of StaticUvlm
Variable nonlifting_body_interactions has no assigned value in the settings file.
    will default to the value: False
Variable only_nonlifting has no assigned value in the settings file.
    will default to the value: False
Variable phantom_wing_test has no assigned value in the settings file.
    will default to the value: False
Variable iterative_solver has no assigned value in the settings file.
    will default to the value: False
Variable iterative_tol has no assigned value in the settings file.
    will default to the value: 0.0001
Variable iterative_precond has no assigned value in the settings file.
    will default to the value: False
Variable cfl1 has no assigned value in the settings file.
    will default to the value: True
Variable vortex_radius has no assigned value in the settings file.
    will default to the value: 1e-06
Variable vortex_radius_wake_ind has no assigned value in the settings file.
    will default to the value: 1e-06
Variable rbm_vel_g has no assigned value in the settings file.
    will default to the value: [0.0, 0.0, 0.0, 0.0, 0.0, 0.0]
Variable centre_rot_g has no assigned value in the settings file.
    will default to the value: [0.0, 0.0, 0.0]
Variable map_forces_on_struct has no assigned value in the settings file.
    will default to the value: False
Variable ignore_first_x_nodes_in_force_calculation has no assigned value in the settings file.
    will default to the value: 0



|=====|=====|============|==========|==========|==========|==========|==========|==========|
|iter |step | log10(res) |    Fx    |    Fy    |    Fz    |    Mx    |    My    |    Mz    |
|=====|=====|============|==========|==========|==========|==========|==========|==========|
|  0  |  0  |  0.00000   |  7.3987  |  0.0000  |-151.3220 | -1.2855  | 115.5685 | -0.0379  |
|  1  |  0  | -11.47374  |  7.3697  | -0.0003  |-150.7821 | -1.3787  | 115.6669 | -0.0431  |
|  0  |  1  |  0.00000   | 14.7663  | -0.0010  |-300.9795 | -2.8580  | 231.4377 | -0.0792  |
|  1  |  1  | -11.07708  | 14.7082  | -0.0017  |-299.8974 | -3.0443  | 231.6351 | -0.0896  |
|  0  |  2  |  0.00000   | 22.1029  | -0.0030  |-448.9647 | -4.7170  | 347.6093 | -0.1237  |
|  1  |  2  | -10.82305  | 22.0155  | -0.0041  |-447.3382 | -4.9961  | 347.9060 | -0.1393  |
|  0  |  3  |  0.00000   | 29.4084  | -0.0061  |-595.2701 | -6.8619  | 464.0846 | -0.1714  |
|  1  |  3  | -10.63235  | 29.2917  | -0.0075  |-593.0970 | -7.2336  | 464.4812 | -0.1922  |
|  0  |  4  |  0.00000   | 36.6830  | -0.0102  |-739.8878 | -9.2919  | 580.8653 | -0.2221  |
|  1  |  4  | -10.47861  | 36.5368  | -0.0120  |-737.1659 | -9.7561  | 581.3621 | -0.2483  |
|  0  |  5  |  0.00000   | 43.9267  | -0.0153  |-882.8101 | -12.0065 | 697.9528 | -0.2758  |
|  1  |  5  | -10.34978  | 43.7508  | -0.0175  |-879.5393 | -12.5556 | 698.5521 | -0.3072  |
|  0  |  6  |  0.00000   | 51.1394  | -0.0215  |-1024.0332| -14.9919 | 815.3519 | -0.3323  |
|  1  |  6  | -10.24007  | 50.9340  | -0.0241  |-1020.2238| -15.6545 | 816.0641 | -0.3691  |
|  0  |  7  |  0.00000   | 58.3215  | -0.0288  |-1163.5717| -18.2951 | 933.0819 | -0.3918  |
|  1  |  7  | -10.14044  | 58.0861  | -0.0317  |-1159.1964| -19.0429 | 933.8889 | -0.4339  |
|  0  |  8  |  0.00000   | 65.4725  | -0.0372  |-1301.3778| -21.8732 |1051.1139 | -0.4540  |
|  1  |  8  | -10.05227  | 65.2070  | -0.0404  |-1296.4409| -22.7090 |1052.0205 | -0.5014  |
|  0  |  9  |  0.00000   | 72.5926  | -0.0465  |-1437.4519| -25.7280 |1169.4558 | -0.5188  |
|  1  |  9  |  -9.97281  | 72.2969  | -0.0502  |-1431.9531| -26.6556 |1170.4649 | -0.5715  |
|  2  |  9  | -10.23411  | 72.1348  | -0.0521  |-1428.9366| -27.1508 |1171.0186 | -0.5997  |
Generating an instance of AeroForcesCalculator
Variable text_file_name has no assigned value in the settings file.
    will default to the value: aeroforces.txt
Variable screen_output has no assigned value in the settings file.
    will default to the value: True
Variable coefficients has no assigned value in the settings file.
    will default to the value: False
Variable lifting_surfaces has no assigned value in the settings file.
    will default to the value: True
Variable nonlifting_body has no assigned value in the settings file.
    will default to the value: False



|==============|==============|==============|==============|==============|==============|==============|
|    tstep     |     fx_g     |     fy_g     |     fz_g     |     mx_g     |     my_g     |     mz_g     |
|==============|==============|==============|==============|==============|==============|==============|
|      0       | 2.222107e+01 |-5.210311e-02 | 2.842561e+03 |-1.429214e+01 | 4.951856e+02 | 3.412683e-01 |
...Finished
FINISHED - Elapsed time = 5.7022826 seconds
FINISHED - CPU process time = 5.6749646 seconds
