--------------------------------------------------------------------------------
            ######  ##     ##    ###    ########  ########  ##    ##
           ##    ## ##     ##   ## ##   ##     ## ##     ##  ##  ##
           ##       ##     ##  ##   ##  ##     ## ##     ##   ####
            ######  ######### ##     ## ########  ########     ##
                 ## ##     ## ######### ##   ##   ##           ##
           ##    ## ##     ## ##     ## ##    ##  ##           ##
            ######  ##     ## ##     ## ##     ## ##           ##
--------------------------------------------------------------------------------
Aeroelastics Lab, Aeronautics Department.
    Copyright (c), Imperial College London.
    All rights reserved.
    License available at https://github.com/imperialcollegelondon/sharpy
Running SHARPy from /Users/benpreston/sharpy_cases/goland_swept_loads
SHARPy being run is in /Users/benpreston/sharpy_installs/dev_profiler
The branch being run is develop
The version and commit hash are: 2.1-284-g23da1e0b-23da1e0b
SHARPy output folder set
	/Users/benpreston/sharpy_cases/goland_swept_loads/output//goland_ang_n20_00_pos_0_75/
Generating an instance of BeamLoader
Variable for_pos has no assigned value in the settings file.
    will default to the value: [0.0, 0, 0]
Generating an instance of AerogridLoader
Variable control_surface_deflection has no assigned value in the settings file.
    will default to the value: []
Variable control_surface_deflection_generator_settings has no assigned value in the settings file.
    will default to the value: {}
Variable dx1 has no assigned value in the settings file.
    will default to the value: -1.0
Variable ndx1 has no assigned value in the settings file.
    will default to the value: 1
Variable r has no assigned value in the settings file.
    will default to the value: 1.0
Variable dxmax has no assigned value in the settings file.
    will default to the value: -1.0
The aerodynamic grid contains 2 surfaces
  Surface 0, M=16, N=20
     Wake 0, M=160, N=20
  Surface 1, M=16, N=20
     Wake 1, M=160, N=20
  In total: 640 bound panels
  In total: 6400 wake panels
  Total number of panels = 7040
Generating an instance of StaticCoupled
Variable correct_forces_method has no assigned value in the settings file.
    will default to the value: 
Variable correct_forces_settings has no assigned value in the settings file.
    will default to the value: {}
Variable runtime_generators has no assigned value in the settings file.
    will default to the value: {}
Variable nonlifting_body_interactions has no assigned value in the settings file.
    will default to the value: False
Generating an instance of NonLinearStatic
Variable abs_threshold has no assigned value in the settings file.
    will default to the value: 1e-13
Variable newmark_damp has no assigned value in the settings file.
    will default to the value: 0.0001
Variable gravity_dir has no assigned value in the settings file.
    will default to the value: [0.0, 0.0, 1.0]
Variable relaxation_factor has no assigned value in the settings file.
    will default to the value: 0.3
Variable dt has no assigned value in the settings file.
    will default to the value: 0.01
Variable num_steps has no assigned value in the settings file.
    will default to the value: 500
Variable initial_position has no assigned value in the settings file.
    will default to the value: [0. 0. 0.]
Variable initial_velocity has no assigned value in the settings file.
    will default to the value: [0. 0. 0. 0. 0. 0.]
Generating an instance of StaticUvlm
Variable nonlifting_body_interactions has no assigned value in the settings file.
    will default to the value: False
Variable only_nonlifting has no assigned value in the settings file.
    will default to the value: False
Variable phantom_wing_test has no assigned value in the settings file.
    will default to the value: False
Variable iterative_solver has no assigned value in the settings file.
    will default to the value: False
Variable iterative_tol has no assigned value in the settings file.
    will default to the value: 0.0001
Variable iterative_precond has no assigned value in the settings file.
    will default to the value: False
Variable cfl1 has no assigned value in the settings file.
    will default to the value: True
Variable vortex_radius has no assigned value in the settings file.
    will default to the value: 1e-06
Variable vortex_radius_wake_ind has no assigned value in the settings file.
    will default to the value: 1e-06
Variable rbm_vel_g has no assigned value in the settings file.
    will default to the value: [0.0, 0.0, 0.0, 0.0, 0.0, 0.0]
Variable centre_rot_g has no assigned value in the settings file.
    will default to the value: [0.0, 0.0, 0.0]
Variable map_forces_on_struct has no assigned value in the settings file.
    will default to the value: False
Variable ignore_first_x_nodes_in_force_calculation has no assigned value in the settings file.
    will default to the value: 0



|=====|=====|============|==========|==========|==========|==========|==========|==========|
|iter |step | log10(res) |    Fx    |    Fy    |    Fz    |    Mx    |    My    |    Mz    |
|=====|=====|============|==========|==========|==========|==========|==========|==========|
|  0  |  0  |  0.00000   |  7.4749  |  0.0000  |-154.1083 | -1.2855  | 103.3350 | -0.0358  |
|  1  |  0  | -11.68801  |  7.4505  | -0.0003  |-153.6554 | -1.4109  | 103.4323 | -0.0427  |
|  0  |  1  |  0.00000   | 14.9236  | -0.0009  |-306.8200 | -2.9570  | 206.9676 | -0.0759  |
|  1  |  1  | -11.26020  | 14.8748  | -0.0015  |-305.9119 | -3.2075  | 207.1628 | -0.0897  |
|  0  |  2  |  0.00000   | 22.3462  | -0.0027  |-458.1274 | -5.0139  | 310.8995 | -0.1202  |
|  1  |  2  | -10.98640  | 22.2729  | -0.0037  |-456.7619 | -5.3894  | 311.1931 | -0.1410  |
|  0  |  3  |  0.00000   | 29.7425  | -0.0054  |-608.0230 | -7.4556  | 415.1325 | -0.1686  |
|  1  |  3  | -10.78193  | 29.6446  | -0.0067  |-606.1978 | -7.9557  | 415.5250 | -0.1964  |
|  0  |  4  |  0.00000   | 37.1127  | -0.0091  |-756.4989 | -10.2813 | 519.6683 | -0.2211  |
|  1  |  4  | -10.61799  | 36.9900  | -0.0107  |-754.2119 | -10.9060 | 520.1602 | -0.2558  |
|  0  |  5  |  0.00000   | 44.4566  | -0.0137  |-903.5474 | -13.4904 | 624.5087 | -0.2774  |
|  1  |  5  | -10.48090  | 44.3091  | -0.0156  |-900.7961 | -14.2395 | 625.1007 | -0.3191  |
|  0  |  6  |  0.00000   | 51.7743  | -0.0192  |-1049.1605| -17.0823 | 729.6556 | -0.3376  |
|  1  |  6  | -10.36342  | 51.6018  | -0.0215  |-1045.9444| -17.9513 | 730.3494 | -0.3863  |
|  0  |  7  |  0.00000   | 59.0657  | -0.0257  |-1193.3333| -21.0488 | 835.1130 | -0.4015  |
|  1  |  7  | -10.26058  | 58.8682  | -0.0283  |-1189.6504| -22.0386 | 835.9097 | -0.4573  |
|  0  |  8  |  0.00000   | 66.3308  | -0.0330  |-1336.0591| -25.3886 | 940.8838 | -0.4689  |
|  1  |  8  | -10.16929  | 66.1081  | -0.0360  |-1331.9101| -26.5272 | 941.7867 | -0.5314  |
|  0  |  9  |  0.00000   | 73.5696  | -0.0414  |-1477.3353| -30.1527 |1046.9749 | -0.5395  |
|  1  |  9  | -10.08528  | 73.3215  | -0.0447  |-1472.7069| -31.4015 |1047.9756 | -0.6093  |
Generating an instance of AeroForcesCalculator
Variable text_file_name has no assigned value in the settings file.
    will default to the value: aeroforces.txt
Variable screen_output has no assigned value in the settings file.
    will default to the value: True
Variable coefficients has no assigned value in the settings file.
    will default to the value: False
Variable lifting_surfaces has no assigned value in the settings file.
    will default to the value: True
Variable nonlifting_body has no assigned value in the settings file.
    will default to the value: False



|==============|==============|==============|==============|==============|==============|==============|
|    tstep     |     fx_g     |     fy_g     |     fz_g     |     mx_g     |     my_g     |     mz_g     |
|==============|==============|==============|==============|==============|==============|==============|
|      0       | 2.183195e+01 |-4.655700e-02 | 2.801241e+03 |-1.921627e+01 | 5.553671e+02 | 4.660842e-01 |
...Finished
FINISHED - Elapsed time = 5.3655336 seconds
FINISHED - CPU process time = 5.3802756 seconds
