--------------------------------------------------------------------------------
            ######  ##     ##    ###    ########  ########  ##    ##
           ##    ## ##     ##   ## ##   ##     ## ##     ##  ##  ##
           ##       ##     ##  ##   ##  ##     ## ##     ##   ####
            ######  ######### ##     ## ########  ########     ##
                 ## ##     ## ######### ##   ##   ##           ##
           ##    ## ##     ## ##     ## ##    ##  ##           ##
            ######  ##     ## ##     ## ##     ## ##           ##
--------------------------------------------------------------------------------
Aeroelastics Lab, Aeronautics Department.
    Copyright (c), Imperial College London.
    All rights reserved.
    License available at https://github.com/imperialcollegelondon/sharpy
Running SHARPy from /Users/benpreston/sharpy_cases/goland_swept_loads
SHARPy being run is in /Users/benpreston/sharpy_installs/dev_profiler
The branch being run is develop
The version and commit hash are: 2.1-284-g23da1e0b-23da1e0b
SHARPy output folder set
	/Users/benpreston/sharpy_cases/goland_swept_loads/output//goland_ang_n40_00_pos_0_60/
Generating an instance of BeamLoader
Variable for_pos has no assigned value in the settings file.
    will default to the value: [0.0, 0, 0]
Generating an instance of AerogridLoader
Variable control_surface_deflection has no assigned value in the settings file.
    will default to the value: []
Variable control_surface_deflection_generator_settings has no assigned value in the settings file.
    will default to the value: {}
Variable dx1 has no assigned value in the settings file.
    will default to the value: -1.0
Variable ndx1 has no assigned value in the settings file.
    will default to the value: 1
Variable r has no assigned value in the settings file.
    will default to the value: 1.0
Variable dxmax has no assigned value in the settings file.
    will default to the value: -1.0
The aerodynamic grid contains 2 surfaces
  Surface 0, M=16, N=20
     Wake 0, M=160, N=20
  Surface 1, M=16, N=20
     Wake 1, M=160, N=20
  In total: 640 bound panels
  In total: 6400 wake panels
  Total number of panels = 7040
Generating an instance of StaticCoupled
Variable correct_forces_method has no assigned value in the settings file.
    will default to the value: 
Variable correct_forces_settings has no assigned value in the settings file.
    will default to the value: {}
Variable runtime_generators has no assigned value in the settings file.
    will default to the value: {}
Variable nonlifting_body_interactions has no assigned value in the settings file.
    will default to the value: False
Generating an instance of NonLinearStatic
Variable abs_threshold has no assigned value in the settings file.
    will default to the value: 1e-13
Variable newmark_damp has no assigned value in the settings file.
    will default to the value: 0.0001
Variable gravity_dir has no assigned value in the settings file.
    will default to the value: [0.0, 0.0, 1.0]
Variable relaxation_factor has no assigned value in the settings file.
    will default to the value: 0.3
Variable dt has no assigned value in the settings file.
    will default to the value: 0.01
Variable num_steps has no assigned value in the settings file.
    will default to the value: 500
Variable initial_position has no assigned value in the settings file.
    will default to the value: [0. 0. 0.]
Variable initial_velocity has no assigned value in the settings file.
    will default to the value: [0. 0. 0. 0. 0. 0.]
Generating an instance of StaticUvlm
Variable nonlifting_body_interactions has no assigned value in the settings file.
    will default to the value: False
Variable only_nonlifting has no assigned value in the settings file.
    will default to the value: False
Variable phantom_wing_test has no assigned value in the settings file.
    will default to the value: False
Variable iterative_solver has no assigned value in the settings file.
    will default to the value: False
Variable iterative_tol has no assigned value in the settings file.
    will default to the value: 0.0001
Variable iterative_precond has no assigned value in the settings file.
    will default to the value: False
Variable cfl1 has no assigned value in the settings file.
    will default to the value: True
Variable vortex_radius has no assigned value in the settings file.
    will default to the value: 1e-06
Variable vortex_radius_wake_ind has no assigned value in the settings file.
    will default to the value: 1e-06
Variable rbm_vel_g has no assigned value in the settings file.
    will default to the value: [0.0, 0.0, 0.0, 0.0, 0.0, 0.0]
Variable centre_rot_g has no assigned value in the settings file.
    will default to the value: [0.0, 0.0, 0.0]
Variable map_forces_on_struct has no assigned value in the settings file.
    will default to the value: False
Variable ignore_first_x_nodes_in_force_calculation has no assigned value in the settings file.
    will default to the value: 0



|=====|=====|============|==========|==========|==========|==========|==========|==========|
|iter |step | log10(res) |    Fx    |    Fy    |    Fz    |    Mx    |    My    |    Mz    |
|=====|=====|============|==========|==========|==========|==========|==========|==========|
|  0  |  0  |  0.00000   |  8.4492  |  0.0000  |-188.5076 | -0.0000  | 11.2070  | -0.0000  |
|  1  |  0  | -12.57278  |  8.4538  | -0.0000  |-188.5965 |  0.0001  | 11.1687  |  0.0000  |
|  0  |  1  |  0.00000   | 16.9033  | -0.0000  |-377.2895 |  0.0004  | 22.2926  |  0.0000  |
|  1  |  1  | -13.56406  | 16.9125  | -0.0000  |-377.4680 |  0.0006  | 22.2154  |  0.0000  |
|  0  |  2  |  0.00000   | 25.3623  | -0.0000  |-566.3482 |  0.0011  | 33.2555  |  0.0000  |
|  1  |  2  | -12.04972  | 25.3763  | -0.0000  |-566.6172 |  0.0014  | 33.1393  |  0.0001  |
|  0  |  3  |  0.00000   | 33.8264  | -0.0000  |-755.6866 |  0.0022  | 44.0947  |  0.0001  |
|  1  |  3  | -11.63210  | 33.8451  | -0.0000  |-756.0468 |  0.0027  | 43.9392  |  0.0001  |
|  0  |  4  |  0.00000   | 42.2956  | -0.0000  |-945.3074 |  0.0037  | 54.8091  |  0.0001  |
|  1  |  4  | -11.36060  | 42.3189  | -0.0000  |-945.7597 |  0.0043  | 54.6140  |  0.0002  |
|  0  |  5  |  0.00000   | 50.7699  | -0.0001  |-1135.2134|  0.0055  | 65.3978  |  0.0002  |
|  1  |  5  | -11.15625  | 50.7980  | -0.0001  |-1135.7587|  0.0063  | 65.1626  |  0.0002  |
|  0  |  6  |  0.00000   | 59.2494  | -0.0001  |-1325.4075|  0.0078  | 75.8594  |  0.0003  |
|  1  |  6  | -10.99146  | 59.2823  | -0.0001  |-1326.0465|  0.0087  | 75.5840  |  0.0003  |
|  0  |  7  |  0.00000   | 67.7342  | -0.0001  |-1515.8924|  0.0105  | 86.1931  |  0.0004  |
|  1  |  7  | -10.85301  | 67.7719  | -0.0001  |-1516.6260|  0.0115  | 85.8769  |  0.0004  |
|  0  |  8  |  0.00000   | 76.2244  | -0.0001  |-1706.6711|  0.0136  | 96.3975  |  0.0005  |
|  1  |  8  | -10.73343  | 76.2668  | -0.0001  |-1707.5002|  0.0148  | 96.0403  |  0.0005  |
|  0  |  9  |  0.00000   | 84.7199  | -0.0002  |-1897.7465|  0.0172  | 106.4716 |  0.0006  |
|  1  |  9  | -10.62803  | 84.7672  | -0.0002  |-1898.6720|  0.0185  | 106.0730 |  0.0006  |
Generating an instance of AeroForcesCalculator
Variable text_file_name has no assigned value in the settings file.
    will default to the value: aeroforces.txt
Variable screen_output has no assigned value in the settings file.
    will default to the value: True
Variable coefficients has no assigned value in the settings file.
    will default to the value: False
Variable lifting_surfaces has no assigned value in the settings file.
    will default to the value: True
Variable nonlifting_body has no assigned value in the settings file.
    will default to the value: False



|==============|==============|==============|==============|==============|==============|==============|
|    tstep     |     fx_g     |     fy_g     |     fz_g     |     mx_g     |     my_g     |     mz_g     |
|==============|==============|==============|==============|==============|==============|==============|
|      0       | 1.846147e+01 |-1.780756e-04 | 2.370069e+03 | 1.921241e-02 | 7.365657e+02 | 4.839885e-06 |
...Finished
FINISHED - Elapsed time = 5.3169166 seconds
FINISHED - CPU process time = 5.3121096 seconds
