--------------------------------------------------------------------------------
            ######  ##     ##    ###    ########  ########  ##    ##
           ##    ## ##     ##   ## ##   ##     ## ##     ##  ##  ##
           ##       ##     ##  ##   ##  ##     ## ##     ##   ####
            ######  ######### ##     ## ########  ########     ##
                 ## ##     ## ######### ##   ##   ##           ##
           ##    ## ##     ## ##     ## ##    ##  ##           ##
            ######  ##     ## ##     ## ##     ## ##           ##
--------------------------------------------------------------------------------
Aeroelastics Lab, Aeronautics Department.
    Copyright (c), Imperial College London.
    All rights reserved.
    License available at https://github.com/imperialcollegelondon/sharpy
Running SHARPy from /Users/benpreston/sharpy_cases/goland_swept_loads
SHARPy being run is in /Users/benpreston/sharpy_installs/dev_profiler
The branch being run is develop
The version and commit hash are: 2.1-284-g23da1e0b-23da1e0b
SHARPy output folder set
	/Users/benpreston/sharpy_cases/goland_swept_loads/output//goland_ang_n30_00_pos_0_85/
Generating an instance of BeamLoader
Variable for_pos has no assigned value in the settings file.
    will default to the value: [0.0, 0, 0]
Generating an instance of AerogridLoader
Variable control_surface_deflection has no assigned value in the settings file.
    will default to the value: []
Variable control_surface_deflection_generator_settings has no assigned value in the settings file.
    will default to the value: {}
Variable dx1 has no assigned value in the settings file.
    will default to the value: -1.0
Variable ndx1 has no assigned value in the settings file.
    will default to the value: 1
Variable r has no assigned value in the settings file.
    will default to the value: 1.0
Variable dxmax has no assigned value in the settings file.
    will default to the value: -1.0
The aerodynamic grid contains 2 surfaces
  Surface 0, M=16, N=20
     Wake 0, M=160, N=20
  Surface 1, M=16, N=20
     Wake 1, M=160, N=20
  In total: 640 bound panels
  In total: 6400 wake panels
  Total number of panels = 7040
Generating an instance of StaticCoupled
Variable correct_forces_method has no assigned value in the settings file.
    will default to the value: 
Variable correct_forces_settings has no assigned value in the settings file.
    will default to the value: {}
Variable runtime_generators has no assigned value in the settings file.
    will default to the value: {}
Variable nonlifting_body_interactions has no assigned value in the settings file.
    will default to the value: False
Generating an instance of NonLinearStatic
Variable abs_threshold has no assigned value in the settings file.
    will default to the value: 1e-13
Variable newmark_damp has no assigned value in the settings file.
    will default to the value: 0.0001
Variable gravity_dir has no assigned value in the settings file.
    will default to the value: [0.0, 0.0, 1.0]
Variable relaxation_factor has no assigned value in the settings file.
    will default to the value: 0.3
Variable dt has no assigned value in the settings file.
    will default to the value: 0.01
Variable num_steps has no assigned value in the settings file.
    will default to the value: 500
Variable initial_position has no assigned value in the settings file.
    will default to the value: [0. 0. 0.]
Variable initial_velocity has no assigned value in the settings file.
    will default to the value: [0. 0. 0. 0. 0. 0.]
Generating an instance of StaticUvlm
Variable nonlifting_body_interactions has no assigned value in the settings file.
    will default to the value: False
Variable only_nonlifting has no assigned value in the settings file.
    will default to the value: False
Variable phantom_wing_test has no assigned value in the settings file.
    will default to the value: False
Variable iterative_solver has no assigned value in the settings file.
    will default to the value: False
Variable iterative_tol has no assigned value in the settings file.
    will default to the value: 0.0001
Variable iterative_precond has no assigned value in the settings file.
    will default to the value: False
Variable cfl1 has no assigned value in the settings file.
    will default to the value: True
Variable vortex_radius has no assigned value in the settings file.
    will default to the value: 1e-06
Variable vortex_radius_wake_ind has no assigned value in the settings file.
    will default to the value: 1e-06
Variable rbm_vel_g has no assigned value in the settings file.
    will default to the value: [0.0, 0.0, 0.0, 0.0, 0.0, 0.0]
Variable centre_rot_g has no assigned value in the settings file.
    will default to the value: [0.0, 0.0, 0.0]
Variable map_forces_on_struct has no assigned value in the settings file.
    will default to the value: False
Variable ignore_first_x_nodes_in_force_calculation has no assigned value in the settings file.
    will default to the value: 0



|=====|=====|============|==========|==========|==========|==========|==========|==========|
|iter |step | log10(res) |    Fx    |    Fy    |    Fz    |    Mx    |    My    |    Mz    |
|=====|=====|============|==========|==========|==========|==========|==========|==========|
|  0  |  0  |  0.00000   |  7.5405  | -0.0000  |-155.8823 | -1.7842  | 110.1351 | -0.0513  |
|  1  |  0  | -11.58418  |  7.5142  | -0.0005  |-155.3924 | -1.9242  | 110.2261 | -0.0590  |
|  0  |  1  |  0.00000   | 15.0530  | -0.0015  |-310.2545 | -3.9997  | 220.5479 | -0.1074  |
|  1  |  1  | -11.17238  | 15.0004  | -0.0024  |-309.2728 | -4.2797  | 220.7302 | -0.1229  |
|  0  |  2  |  0.00000   | 22.5374  | -0.0045  |-463.1097 | -6.6465  | 331.2397 | -0.1680  |
|  1  |  2  | -10.90837  | 22.4583  | -0.0059  |-461.6342 | -7.0665  | 331.5138 | -0.1913  |
|  0  |  3  |  0.00000   | 29.9939  | -0.0089  |-614.4411 | -9.7244  | 442.2119 | -0.2332  |
|  1  |  3  | -10.71061  | 29.8882  | -0.0108  |-612.4698 | -10.2842 | 442.5783 | -0.2643  |
|  0  |  4  |  0.00000   | 37.4224  | -0.0149  |-764.2417 | -13.2333 | 553.4659 | -0.3028  |
|  1  |  4  | -10.55156  | 37.2900  | -0.0173  |-761.7725 | -13.9329 | 553.9249 | -0.3417  |
|  0  |  5  |  0.00000   | 44.8228  | -0.0224  |-912.5046 | -17.1729 | 665.0031 | -0.3765  |
|  1  |  5  | -10.41822  | 44.6637  | -0.0252  |-909.5355 | -18.0122 | 665.5551 | -0.4233  |
|  0  |  6  |  0.00000   | 52.1953  | -0.0313  |-1059.2226| -21.5431 | 776.8249 | -0.4545  |
|  1  |  6  | -10.30502  | 52.0094  | -0.0346  |-1055.7615| -22.4946 | 777.4781 | -0.5089  |
|  0  |  7  |  0.00000   | 59.5401  | -0.0416  |-1204.4061| -26.2947 | 888.9463 | -0.5359  |
|  1  |  7  | -10.20496  | 59.3272  | -0.0456  |-1200.4477| -27.4528 | 889.6992 | -0.5988  |
|  0  |  8  |  0.00000   | 66.8570  | -0.0539  |-1348.0443| -31.5856 |1001.3666 | -0.6221  |
|  1  |  8  | -10.11306  | 66.6169  | -0.0582  |-1343.5684| -32.8507 |1002.2056 | -0.6926  |
|  0  |  9  |  0.00000   | 74.1458  | -0.0675  |-1490.1005| -37.2596 |1114.0640 | -0.7117  |
|  1  |  9  | -10.03150  | 73.8784  | -0.0723  |-1485.1144| -38.6624 |1114.9972 | -0.7902  |
Generating an instance of AeroForcesCalculator
Variable text_file_name has no assigned value in the settings file.
    will default to the value: aeroforces.txt
Variable screen_output has no assigned value in the settings file.
    will default to the value: True
Variable coefficients has no assigned value in the settings file.
    will default to the value: False
Variable lifting_surfaces has no assigned value in the settings file.
    will default to the value: True
Variable nonlifting_body has no assigned value in the settings file.
    will default to the value: False



|==============|==============|==============|==============|==============|==============|==============|
|    tstep     |     fx_g     |     fy_g     |     fz_g     |     mx_g     |     my_g     |     mz_g     |
|==============|==============|==============|==============|==============|==============|==============|
|      0       | 2.195194e+01 |-7.510972e-02 | 2.791351e+03 |-2.157334e+01 | 4.939373e+02 | 5.284210e-01 |
...Finished
FINISHED - Elapsed time = 5.3336746 seconds
FINISHED - CPU process time = 5.3320816 seconds
