--------------------------------------------------------------------------------
            ######  ##     ##    ###    ########  ########  ##    ##
           ##    ## ##     ##   ## ##   ##     ## ##     ##  ##  ##
           ##       ##     ##  ##   ##  ##     ## ##     ##   ####
            ######  ######### ##     ## ########  ########     ##
                 ## ##     ## ######### ##   ##   ##           ##
           ##    ## ##     ## ##     ## ##    ##  ##           ##
            ######  ##     ## ##     ## ##     ## ##           ##
--------------------------------------------------------------------------------
Aeroelastics Lab, Aeronautics Department.
    Copyright (c), Imperial College London.
    All rights reserved.
    License available at https://github.com/imperialcollegelondon/sharpy
Running SHARPy from /Users/benpreston/sharpy_cases/goland_swept_loads
SHARPy being run is in /Users/benpreston/sharpy_installs/dev_profiler
The branch being run is develop
The version and commit hash are: 2.1-284-g23da1e0b-23da1e0b
SHARPy output folder set
	/Users/benpreston/sharpy_cases/goland_swept_loads/output//goland_ang_50_00_pos_0_70/
Generating an instance of BeamLoader
Variable for_pos has no assigned value in the settings file.
    will default to the value: [0.0, 0, 0]
Generating an instance of AerogridLoader
Variable control_surface_deflection has no assigned value in the settings file.
    will default to the value: []
Variable control_surface_deflection_generator_settings has no assigned value in the settings file.
    will default to the value: {}
Variable dx1 has no assigned value in the settings file.
    will default to the value: -1.0
Variable ndx1 has no assigned value in the settings file.
    will default to the value: 1
Variable r has no assigned value in the settings file.
    will default to the value: 1.0
Variable dxmax has no assigned value in the settings file.
    will default to the value: -1.0
The aerodynamic grid contains 2 surfaces
  Surface 0, M=16, N=20
     Wake 0, M=160, N=20
  Surface 1, M=16, N=20
     Wake 1, M=160, N=20
  In total: 640 bound panels
  In total: 6400 wake panels
  Total number of panels = 7040
Generating an instance of StaticCoupled
Variable correct_forces_method has no assigned value in the settings file.
    will default to the value: 
Variable correct_forces_settings has no assigned value in the settings file.
    will default to the value: {}
Variable runtime_generators has no assigned value in the settings file.
    will default to the value: {}
Variable nonlifting_body_interactions has no assigned value in the settings file.
    will default to the value: False
Generating an instance of NonLinearStatic
Variable abs_threshold has no assigned value in the settings file.
    will default to the value: 1e-13
Variable newmark_damp has no assigned value in the settings file.
    will default to the value: 0.0001
Variable gravity_dir has no assigned value in the settings file.
    will default to the value: [0.0, 0.0, 1.0]
Variable relaxation_factor has no assigned value in the settings file.
    will default to the value: 0.3
Variable dt has no assigned value in the settings file.
    will default to the value: 0.01
Variable num_steps has no assigned value in the settings file.
    will default to the value: 500
Variable initial_position has no assigned value in the settings file.
    will default to the value: [0. 0. 0.]
Variable initial_velocity has no assigned value in the settings file.
    will default to the value: [0. 0. 0. 0. 0. 0.]
Generating an instance of StaticUvlm
Variable nonlifting_body_interactions has no assigned value in the settings file.
    will default to the value: False
Variable only_nonlifting has no assigned value in the settings file.
    will default to the value: False
Variable phantom_wing_test has no assigned value in the settings file.
    will default to the value: False
Variable iterative_solver has no assigned value in the settings file.
    will default to the value: False
Variable iterative_tol has no assigned value in the settings file.
    will default to the value: 0.0001
Variable iterative_precond has no assigned value in the settings file.
    will default to the value: False
Variable cfl1 has no assigned value in the settings file.
    will default to the value: True
Variable vortex_radius has no assigned value in the settings file.
    will default to the value: 1e-06
Variable vortex_radius_wake_ind has no assigned value in the settings file.
    will default to the value: 1e-06
Variable rbm_vel_g has no assigned value in the settings file.
    will default to the value: [0.0, 0.0, 0.0, 0.0, 0.0, 0.0]
Variable centre_rot_g has no assigned value in the settings file.
    will default to the value: [0.0, 0.0, 0.0]
Variable map_forces_on_struct has no assigned value in the settings file.
    will default to the value: False
Variable ignore_first_x_nodes_in_force_calculation has no assigned value in the settings file.
    will default to the value: 0



|=====|=====|============|==========|==========|==========|==========|==========|==========|
|iter |step | log10(res) |    Fx    |    Fy    |    Fz    |    Mx    |    My    |    Mz    |
|=====|=====|============|==========|==========|==========|==========|==========|==========|
|  0  |  0  |  0.00000   |  8.5033  |  0.0000  |-190.6560 |  0.0000  | 177.2681 |  0.0000  |
|  1  |  0  | -10.64977  |  8.4624  |  0.0000  |-189.9005 |  0.0005  | 177.2958 |  0.0000  |
|  0  |  1  |  0.00000   | 16.9632  |  0.0000  |-378.9855 |  0.0014  | 354.6169 |  0.0000  |
|  1  |  1  | -10.31259  | 16.8813  |  0.0001  |-377.4747 |  0.0023  | 354.6726 |  0.0000  |
|  0  |  2  |  0.00000   | 25.3801  |  0.0001  |-564.9889 |  0.0041  | 532.0467 |  0.0000  |
|  1  |  2  | -10.10411  | 25.2571  | -0.0001  |-562.7301 | -0.0025  | 532.1331 | -0.0000  |
|  0  |  3  |  0.00000   | 33.7547  | -0.0003  |-748.6811 | -0.0082  | 709.5634 | -0.0000  |
|  1  |  3  |  -9.94717  | 33.5903  | -0.0003  |-745.6676 | -0.0099  | 709.6802 | -0.0000  |
|  2  |  3  | -10.21632  | 33.5019  | -0.0004  |-744.0447 | -0.0108  | 709.7432 | -0.0000  |
|  0  |  4  |  0.00000   | 42.0869  | -0.0005  |-930.0509 | -0.0135  | 887.1671 | -0.0001  |
|  1  |  4  |  -9.82187  | 41.8811  | -0.0006  |-926.2788 | -0.0156  | 887.3099 | -0.0001  |
|  2  |  4  | -10.09106  | 41.7702  | -0.0006  |-924.2474 | -0.0168  | 887.3869 | -0.0001  |
|  0  |  5  |  0.00000   | 50.3772  | -0.0007  |-1109.0910| -0.0201  |1064.8500 | -0.0001  |
|  1  |  5  |  -9.71615  | 50.1297  | -0.0008  |-1104.5630| -0.0226  |1065.0206 | -0.0001  |
|  2  |  5  |  -9.98538  | 49.9964  | -0.0009  |-1102.1244| -0.0239  |1065.1126 | -0.0001  |
|  3  |  5  | -13.36827  | 49.9964  | -0.0009  |-1102.1239| -0.0239  |1065.1129 | -0.0001  |
|  0  |  6  |  0.00000   | 58.6259  | -0.0010  |-1285.8046| -0.0279  |1242.6147 | -0.0001  |
|  1  |  6  |  -9.62433  | 58.3367  | -0.0011  |-1280.5223| -0.0307  |1242.8134 | -0.0001  |
|  2  |  6  |  -9.89358  | 58.1809  | -0.0012  |-1277.6771| -0.0323  |1242.9207 | -0.0001  |
|  3  |  6  | -13.28855  | 58.1809  | -0.0012  |-1277.6762| -0.0323  |1242.9211 | -0.0001  |
|  0  |  7  |  0.00000   | 66.8334  | -0.0014  |-1460.1937| -0.0369  |1420.4617 | -0.0001  |
|  1  |  7  |  -9.54266  | 66.5023  | -0.0015  |-1454.1530| -0.0400  |1420.6884 | -0.0001  |
|  2  |  7  |  -9.81200  | 66.3239  | -0.0016  |-1450.8996| -0.0417  |1420.8108 | -0.0001  |
|  3  |  7  | -13.04977  | 66.3239  | -0.0016  |-1450.8989| -0.0417  |1420.8113 | -0.0001  |
|  0  |  8  |  0.00000   | 75.0001  | -0.0018  |-1632.2528| -0.0470  |1598.3906 | -0.0001  |
|  1  |  8  |  -9.46947  | 74.6269  | -0.0019  |-1625.4588| -0.0504  |1598.6457 | -0.0001  |
|  2  |  8  |  -9.73880  | 74.4259  | -0.0020  |-1621.7992| -0.0523  |1598.7836 | -0.0001  |
|  3  |  8  | -13.01322  | 74.4258  | -0.0020  |-1621.7978| -0.0523  |1598.7841 | -0.0001  |
|  0  |  9  |  0.00000   | 83.1263  | -0.0023  |-1801.9880| -0.0581  |1776.4023 | -0.0001  |
|  1  |  9  |  -9.40256  | 82.7108  | -0.0024  |-1794.4326| -0.0619  |1776.6845 | -0.0001  |
|  2  |  9  |  -9.67200  | 82.4870  | -0.0025  |-1790.3635| -0.0640  |1776.8371 | -0.0001  |
|  3  |  9  | -12.80740  | 82.4869  | -0.0025  |-1790.3625| -0.0640  |1776.8378 | -0.0001  |
Generating an instance of AeroForcesCalculator
Variable text_file_name has no assigned value in the settings file.
    will default to the value: aeroforces.txt
Variable screen_output has no assigned value in the settings file.
    will default to the value: True
Variable coefficients has no assigned value in the settings file.
    will default to the value: False
Variable lifting_surfaces has no assigned value in the settings file.
    will default to the value: True
Variable nonlifting_body has no assigned value in the settings file.
    will default to the value: False



|==============|==============|==============|==============|==============|==============|==============|
|    tstep     |     fx_g     |     fy_g     |     fz_g     |     mx_g     |     my_g     |     mz_g     |
|==============|==============|==============|==============|==============|==============|==============|
|      0       | 1.995390e+01 |-2.531293e-03 | 2.478891e+03 |-6.396296e-02 | 1.832208e+02 | 2.165809e-03 |
...Finished
FINISHED - Elapsed time = 8.3502086 seconds
FINISHED - CPU process time = 8.4376346 seconds
