--------------------------------------------------------------------------------
            ######  ##     ##    ###    ########  ########  ##    ##
           ##    ## ##     ##   ## ##   ##     ## ##     ##  ##  ##
           ##       ##     ##  ##   ##  ##     ## ##     ##   ####
            ######  ######### ##     ## ########  ########     ##
                 ## ##     ## ######### ##   ##   ##           ##
           ##    ## ##     ## ##     ## ##    ##  ##           ##
            ######  ##     ## ##     ## ##     ## ##           ##
--------------------------------------------------------------------------------
Aeroelastics Lab, Aeronautics Department.
    Copyright (c), Imperial College London.
    All rights reserved.
    License available at https://github.com/imperialcollegelondon/sharpy
Running SHARPy from /Users/benpreston/sharpy_cases/goland_swept_loads
SHARPy being run is in /Users/benpreston/sharpy_installs/dev_profiler
The branch being run is develop
The version and commit hash are: 2.1-284-g23da1e0b-23da1e0b
SHARPy output folder set
	/Users/benpreston/sharpy_cases/goland_swept_loads/output//goland_ang_n20_00_pos_0_70/
Generating an instance of BeamLoader
Variable for_pos has no assigned value in the settings file.
    will default to the value: [0.0, 0, 0]
Generating an instance of AerogridLoader
Variable control_surface_deflection has no assigned value in the settings file.
    will default to the value: []
Variable control_surface_deflection_generator_settings has no assigned value in the settings file.
    will default to the value: {}
Variable dx1 has no assigned value in the settings file.
    will default to the value: -1.0
Variable ndx1 has no assigned value in the settings file.
    will default to the value: 1
Variable r has no assigned value in the settings file.
    will default to the value: 1.0
Variable dxmax has no assigned value in the settings file.
    will default to the value: -1.0
The aerodynamic grid contains 2 surfaces
  Surface 0, M=16, N=20
     Wake 0, M=160, N=20
  Surface 1, M=16, N=20
     Wake 1, M=160, N=20
  In total: 640 bound panels
  In total: 6400 wake panels
  Total number of panels = 7040
Generating an instance of StaticCoupled
Variable correct_forces_method has no assigned value in the settings file.
    will default to the value: 
Variable correct_forces_settings has no assigned value in the settings file.
    will default to the value: {}
Variable runtime_generators has no assigned value in the settings file.
    will default to the value: {}
Variable nonlifting_body_interactions has no assigned value in the settings file.
    will default to the value: False
Generating an instance of NonLinearStatic
Variable abs_threshold has no assigned value in the settings file.
    will default to the value: 1e-13
Variable newmark_damp has no assigned value in the settings file.
    will default to the value: 0.0001
Variable gravity_dir has no assigned value in the settings file.
    will default to the value: [0.0, 0.0, 1.0]
Variable relaxation_factor has no assigned value in the settings file.
    will default to the value: 0.3
Variable dt has no assigned value in the settings file.
    will default to the value: 0.01
Variable num_steps has no assigned value in the settings file.
    will default to the value: 500
Variable initial_position has no assigned value in the settings file.
    will default to the value: [0. 0. 0.]
Variable initial_velocity has no assigned value in the settings file.
    will default to the value: [0. 0. 0. 0. 0. 0.]
Generating an instance of StaticUvlm
Variable nonlifting_body_interactions has no assigned value in the settings file.
    will default to the value: False
Variable only_nonlifting has no assigned value in the settings file.
    will default to the value: False
Variable phantom_wing_test has no assigned value in the settings file.
    will default to the value: False
Variable iterative_solver has no assigned value in the settings file.
    will default to the value: False
Variable iterative_tol has no assigned value in the settings file.
    will default to the value: 0.0001
Variable iterative_precond has no assigned value in the settings file.
    will default to the value: False
Variable cfl1 has no assigned value in the settings file.
    will default to the value: True
Variable vortex_radius has no assigned value in the settings file.
    will default to the value: 1e-06
Variable vortex_radius_wake_ind has no assigned value in the settings file.
    will default to the value: 1e-06
Variable rbm_vel_g has no assigned value in the settings file.
    will default to the value: [0.0, 0.0, 0.0, 0.0, 0.0, 0.0]
Variable centre_rot_g has no assigned value in the settings file.
    will default to the value: [0.0, 0.0, 0.0]
Variable map_forces_on_struct has no assigned value in the settings file.
    will default to the value: False
Variable ignore_first_x_nodes_in_force_calculation has no assigned value in the settings file.
    will default to the value: 0



|=====|=====|============|==========|==========|==========|==========|==========|==========|
|iter |step | log10(res) |    Fx    |    Fy    |    Fz    |    Mx    |    My    |    Mz    |
|=====|=====|============|==========|==========|==========|==========|==========|==========|
|  0  |  0  |  0.00000   |  7.5063  |  0.0000  |-155.4035 | -0.0000  | 95.3059  |  0.0000  |
|  1  |  0  | -11.82290  |  7.4848  |  0.0000  |-155.0016 |  0.0002  | 95.4023  |  0.0000  |
|  0  |  1  |  0.00000   | 14.9895  |  0.0000  |-309.5678 |  0.0005  | 190.9064 |  0.0000  |
|  1  |  1  | -11.36927  | 14.9462  |  0.0000  |-308.7619 |  0.0009  | 191.0996 |  0.0000  |
|  0  |  2  |  0.00000   | 22.4493  |  0.0000  |-462.4853 |  0.0016  | 286.8033 |  0.0000  |
|  1  |  2  | -11.08071  | 22.3842  |  0.0000  |-461.2732 |  0.0021  | 287.0940 |  0.0000  |
|  0  |  3  |  0.00000   | 29.8857  |  0.0000  |-614.1485 |  0.0032  | 382.9986 |  0.0001  |
|  1  |  3  | -10.86656  | 29.7988  |  0.0000  |-612.5279 |  0.0039  | 383.3873 |  0.0001  |
|  0  |  4  |  0.00000   | 37.2988  |  0.0000  |-764.5494 |  0.0053  | 479.4943 |  0.0001  |
|  1  |  4  | -10.69575  | 37.1899  |  0.0000  |-762.5180 |  0.0062  | 479.9816 |  0.0001  |
|  0  |  5  |  0.00000   | 44.6884  |  0.0000  |-913.6803 |  0.0081  | 576.2922 |  0.0002  |
|  1  |  5  | -10.55350  | 44.5575  |  0.0000  |-911.2358 |  0.0091  | 576.8788 |  0.0002  |
|  0  |  6  |  0.00000   | 52.0545  |  0.0000  |-1061.5332|  0.0114  | 673.3945 |  0.0003  |
|  1  |  6  | -10.43156  | 51.9014  |  0.0000  |-1058.6733|  0.0126  | 674.0809 |  0.0003  |
|  0  |  7  |  0.00000   | 59.3970  |  0.0000  |-1208.1002|  0.0152  | 770.8032 |  0.0003  |
|  1  |  7  | -10.32481  | 59.2217  |  0.0000  |-1204.8224|  0.0166  | 771.5900 |  0.0004  |
|  0  |  8  |  0.00000   | 66.7159  |  0.0000  |-1353.3732|  0.0197  | 868.5202 |  0.0004  |
|  1  |  8  | -10.23435  | 66.5183  |  0.0000  |-1349.6928| -0.0067  | 869.4146 | -0.0001  |
|  0  |  9  |  0.00000   | 74.0114  | -0.0000  |-1497.3751| -0.0243  | 966.5586 | -0.0005  |
|  1  |  9  | -10.14659  | 73.7912  | -0.0000  |-1493.2599| -0.0265  | 967.5519 | -0.0006  |
Generating an instance of AeroForcesCalculator
Variable text_file_name has no assigned value in the settings file.
    will default to the value: aeroforces.txt
Variable screen_output has no assigned value in the settings file.
    will default to the value: True
Variable coefficients has no assigned value in the settings file.
    will default to the value: False
Variable lifting_surfaces has no assigned value in the settings file.
    will default to the value: True
Variable nonlifting_body has no assigned value in the settings file.
    will default to the value: False



|==============|==============|==============|==============|==============|==============|==============|
|    tstep     |     fx_g     |     fy_g     |     fz_g     |     mx_g     |     my_g     |     mz_g     |
|==============|==============|==============|==============|==============|==============|==============|
|      0       | 2.158948e+01 |-6.620897e-06 | 2.778335e+03 |-2.773127e-02 | 6.022524e+02 | 3.396715e-04 |
...Finished
FINISHED - Elapsed time = 5.2950456 seconds
FINISHED - CPU process time = 5.2803036 seconds
