--------------------------------------------------------------------------------
            ######  ##     ##    ###    ########  ########  ##    ##
           ##    ## ##     ##   ## ##   ##     ## ##     ##  ##  ##
           ##       ##     ##  ##   ##  ##     ## ##     ##   ####
            ######  ######### ##     ## ########  ########     ##
                 ## ##     ## ######### ##   ##   ##           ##
           ##    ## ##     ## ##     ## ##    ##  ##           ##
            ######  ##     ## ##     ## ##     ## ##           ##
--------------------------------------------------------------------------------
Aeroelastics Lab, Aeronautics Department.
    Copyright (c), Imperial College London.
    All rights reserved.
    License available at https://github.com/imperialcollegelondon/sharpy
Running SHARPy from /Users/benpreston/sharpy_cases/goland_swept_loads
SHARPy being run is in /Users/benpreston/sharpy_installs/dev_profiler
The branch being run is develop
The version and commit hash are: 2.1-284-g23da1e0b-23da1e0b
SHARPy output folder set
	/Users/benpreston/sharpy_cases/goland_swept_loads/output//goland_ang_10_00_pos_0_85/
Generating an instance of BeamLoader
Variable for_pos has no assigned value in the settings file.
    will default to the value: [0.0, 0, 0]
Generating an instance of AerogridLoader
Variable control_surface_deflection has no assigned value in the settings file.
    will default to the value: []
Variable control_surface_deflection_generator_settings has no assigned value in the settings file.
    will default to the value: {}
Variable dx1 has no assigned value in the settings file.
    will default to the value: -1.0
Variable ndx1 has no assigned value in the settings file.
    will default to the value: 1
Variable r has no assigned value in the settings file.
    will default to the value: 1.0
Variable dxmax has no assigned value in the settings file.
    will default to the value: -1.0
The aerodynamic grid contains 2 surfaces
  Surface 0, M=16, N=20
     Wake 0, M=160, N=20
  Surface 1, M=16, N=20
     Wake 1, M=160, N=20
  In total: 640 bound panels
  In total: 6400 wake panels
  Total number of panels = 7040
Generating an instance of StaticCoupled
Variable correct_forces_method has no assigned value in the settings file.
    will default to the value: 
Variable correct_forces_settings has no assigned value in the settings file.
    will default to the value: {}
Variable runtime_generators has no assigned value in the settings file.
    will default to the value: {}
Variable nonlifting_body_interactions has no assigned value in the settings file.
    will default to the value: False
Generating an instance of NonLinearStatic
Variable abs_threshold has no assigned value in the settings file.
    will default to the value: 1e-13
Variable newmark_damp has no assigned value in the settings file.
    will default to the value: 0.0001
Variable gravity_dir has no assigned value in the settings file.
    will default to the value: [0.0, 0.0, 1.0]
Variable relaxation_factor has no assigned value in the settings file.
    will default to the value: 0.3
Variable dt has no assigned value in the settings file.
    will default to the value: 0.01
Variable num_steps has no assigned value in the settings file.
    will default to the value: 500
Variable initial_position has no assigned value in the settings file.
    will default to the value: [0. 0. 0.]
Variable initial_velocity has no assigned value in the settings file.
    will default to the value: [0. 0. 0. 0. 0. 0.]
Generating an instance of StaticUvlm
Variable nonlifting_body_interactions has no assigned value in the settings file.
    will default to the value: False
Variable only_nonlifting has no assigned value in the settings file.
    will default to the value: False
Variable phantom_wing_test has no assigned value in the settings file.
    will default to the value: False
Variable iterative_solver has no assigned value in the settings file.
    will default to the value: False
Variable iterative_tol has no assigned value in the settings file.
    will default to the value: 0.0001
Variable iterative_precond has no assigned value in the settings file.
    will default to the value: False
Variable cfl1 has no assigned value in the settings file.
    will default to the value: True
Variable vortex_radius has no assigned value in the settings file.
    will default to the value: 1e-06
Variable vortex_radius_wake_ind has no assigned value in the settings file.
    will default to the value: 1e-06
Variable rbm_vel_g has no assigned value in the settings file.
    will default to the value: [0.0, 0.0, 0.0, 0.0, 0.0, 0.0]
Variable centre_rot_g has no assigned value in the settings file.
    will default to the value: [0.0, 0.0, 0.0]
Variable map_forces_on_struct has no assigned value in the settings file.
    will default to the value: False
Variable ignore_first_x_nodes_in_force_calculation has no assigned value in the settings file.
    will default to the value: 0



|=====|=====|============|==========|==========|==========|==========|==========|==========|
|iter |step | log10(res) |    Fx    |    Fy    |    Fz    |    Mx    |    My    |    Mz    |
|=====|=====|============|==========|==========|==========|==========|==========|==========|
|  0  |  0  |  0.00000   |  7.2943  | -0.0000  |-148.3500 |  0.6639  | 126.7814 |  0.0206  |
|  1  |  0  | -11.20119  |  7.2602  |  0.0002  |-147.7178 |  0.7045  | 126.8826 |  0.0230  |
|  0  |  1  |  0.00000   | 14.5519  |  0.0005  |-294.7515 |  1.4526  | 253.8720 |  0.0431  |
|  1  |  1  | -10.83591  | 14.4836  |  0.0009  |-293.4851 |  1.5335  | 254.0748 |  0.0478  |
|  0  |  2  |  0.00000   | 21.7729  |  0.0016  |-439.1971 |  2.3653  | 381.2731 |  0.0672  |
|  1  |  2  | -10.60419  | 21.6702  |  0.0023  |-437.2941 |  2.4863  | 381.5779 |  0.0743  |
|  0  |  3  |  0.00000   | 28.9575  |  0.0033  |-581.6789 |  3.4012  | 508.9859 |  0.0930  |
|  1  |  3  | -10.43028  | 28.8202  |  0.0042  |-579.1371 |  3.5620  | 509.3931 |  0.1025  |
|  0  |  4  |  0.00000   | 36.1055  |  0.0056  |-722.1892 |  4.5596  | 637.0118 |  0.1205  |
|  1  |  4  | -10.28963  | 35.9336  |  0.0067  |-719.0064 |  4.7600  | 637.5218 |  0.1324  |
|  0  |  5  |  0.00000   | 43.2172  |  0.0085  |-860.7202 |  5.8395  | 765.3522 |  0.1496  |
|  1  |  5  | -10.17193  | 43.0107  |  0.0098  |-856.9104 |  6.0644  | 765.9773 |  0.1635  |
|  0  |  6  |  0.00000   | 50.2931  |  0.0119  |-997.2930 |  7.2136  | 894.0299 |  0.1796  |
|  1  |  6  | -10.06811  | 50.0514  |  0.0134  |-992.8282 |  7.4937  | 894.7533 |  0.1962  |
|  0  |  7  |  0.00000   | 57.3324  |  0.0159  |-1131.8588|  8.7322  |1023.0178 |  0.2116  |
|  1  |  7  |  -9.97710  | 57.0556  |  0.0177  |-1126.7421|  9.0476  |1023.8427 |  0.2305  |
|  2  |  7  | -10.24105  | 56.9046  |  0.0187  |-1123.9514|  9.2145  |1024.2926 |  0.2405  |
|  0  |  8  |  0.00000   | 64.3338  |  0.0205  |-1264.3828| 10.3625  |1152.3264 |  0.2447  |
|  1  |  8  |  -9.89713  | 64.0228  |  0.0226  |-1258.6356| 10.7189  |1153.2517 |  0.2662  |
|  2  |  8  | -10.16041  | 63.8529  |  0.0236  |-1255.4960| 10.9065  |1153.7571 |  0.2776  |
|  0  |  9  |  0.00000   | 71.3003  |  0.0257  |-1394.9184| 12.1123  |1281.9506 |  0.2794  |
|  1  |  9  |  -9.82331  | 70.9542  |  0.0280  |-1388.5219| 12.5077  |1282.9794 |  0.3034  |
|  2  |  9  | -10.08594  | 70.7648  |  0.0292  |-1385.0223| 12.7151  |1283.5424 |  0.3160  |
Generating an instance of AeroForcesCalculator
Variable text_file_name has no assigned value in the settings file.
    will default to the value: aeroforces.txt
Variable screen_output has no assigned value in the settings file.
    will default to the value: True
Variable coefficients has no assigned value in the settings file.
    will default to the value: False
Variable lifting_surfaces has no assigned value in the settings file.
    will default to the value: True
Variable nonlifting_body has no assigned value in the settings file.
    will default to the value: False



|==============|==============|==============|==============|==============|==============|==============|
|    tstep     |     fx_g     |     fy_g     |     fz_g     |     mx_g     |     my_g     |     mz_g     |
|==============|==============|==============|==============|==============|==============|==============|
|      0       | 2.238448e+01 | 2.917466e-02 | 2.884959e+03 | 6.073305e+00 | 4.562119e+02 |-1.297197e-01 |
...Finished
FINISHED - Elapsed time = 6.1191996 seconds
FINISHED - CPU process time = 6.1066496 seconds
