--------------------------------------------------------------------------------
            ######  ##     ##    ###    ########  ########  ##    ##
           ##    ## ##     ##   ## ##   ##     ## ##     ##  ##  ##
           ##       ##     ##  ##   ##  ##     ## ##     ##   ####
            ######  ######### ##     ## ########  ########     ##
                 ## ##     ## ######### ##   ##   ##           ##
           ##    ## ##     ## ##     ## ##    ##  ##           ##
            ######  ##     ## ##     ## ##     ## ##           ##
--------------------------------------------------------------------------------
Aeroelastics Lab, Aeronautics Department.
    Copyright (c), Imperial College London.
    All rights reserved.
    License available at https://github.com/imperialcollegelondon/sharpy
Running SHARPy from /Users/benpreston/sharpy_cases/goland_swept_loads
SHARPy being run is in /Users/benpreston/sharpy_installs/dev_profiler
The branch being run is develop
The version and commit hash are: 2.1-284-g23da1e0b-23da1e0b
SHARPy output folder set
	/Users/benpreston/sharpy_cases/goland_swept_loads/output//goland_ang_n10_00_pos_0_85/
Generating an instance of BeamLoader
Variable for_pos has no assigned value in the settings file.
    will default to the value: [0.0, 0, 0]
Generating an instance of AerogridLoader
Variable control_surface_deflection has no assigned value in the settings file.
    will default to the value: []
Variable control_surface_deflection_generator_settings has no assigned value in the settings file.
    will default to the value: {}
Variable dx1 has no assigned value in the settings file.
    will default to the value: -1.0
Variable ndx1 has no assigned value in the settings file.
    will default to the value: 1
Variable r has no assigned value in the settings file.
    will default to the value: 1.0
Variable dxmax has no assigned value in the settings file.
    will default to the value: -1.0
The aerodynamic grid contains 2 surfaces
  Surface 0, M=16, N=20
     Wake 0, M=160, N=20
  Surface 1, M=16, N=20
     Wake 1, M=160, N=20
  In total: 640 bound panels
  In total: 6400 wake panels
  Total number of panels = 7040
Generating an instance of StaticCoupled
Variable correct_forces_method has no assigned value in the settings file.
    will default to the value: 
Variable correct_forces_settings has no assigned value in the settings file.
    will default to the value: {}
Variable runtime_generators has no assigned value in the settings file.
    will default to the value: {}
Variable nonlifting_body_interactions has no assigned value in the settings file.
    will default to the value: False
Generating an instance of NonLinearStatic
Variable abs_threshold has no assigned value in the settings file.
    will default to the value: 1e-13
Variable newmark_damp has no assigned value in the settings file.
    will default to the value: 0.0001
Variable gravity_dir has no assigned value in the settings file.
    will default to the value: [0.0, 0.0, 1.0]
Variable relaxation_factor has no assigned value in the settings file.
    will default to the value: 0.3
Variable dt has no assigned value in the settings file.
    will default to the value: 0.01
Variable num_steps has no assigned value in the settings file.
    will default to the value: 500
Variable initial_position has no assigned value in the settings file.
    will default to the value: [0. 0. 0.]
Variable initial_velocity has no assigned value in the settings file.
    will default to the value: [0. 0. 0. 0. 0. 0.]
Generating an instance of StaticUvlm
Variable nonlifting_body_interactions has no assigned value in the settings file.
    will default to the value: False
Variable only_nonlifting has no assigned value in the settings file.
    will default to the value: False
Variable phantom_wing_test has no assigned value in the settings file.
    will default to the value: False
Variable iterative_solver has no assigned value in the settings file.
    will default to the value: False
Variable iterative_tol has no assigned value in the settings file.
    will default to the value: 0.0001
Variable iterative_precond has no assigned value in the settings file.
    will default to the value: False
Variable cfl1 has no assigned value in the settings file.
    will default to the value: True
Variable vortex_radius has no assigned value in the settings file.
    will default to the value: 1e-06
Variable vortex_radius_wake_ind has no assigned value in the settings file.
    will default to the value: 1e-06
Variable rbm_vel_g has no assigned value in the settings file.
    will default to the value: [0.0, 0.0, 0.0, 0.0, 0.0, 0.0]
Variable centre_rot_g has no assigned value in the settings file.
    will default to the value: [0.0, 0.0, 0.0]
Variable map_forces_on_struct has no assigned value in the settings file.
    will default to the value: False
Variable ignore_first_x_nodes_in_force_calculation has no assigned value in the settings file.
    will default to the value: 0



|=====|=====|============|==========|==========|==========|==========|==========|==========|
|iter |step | log10(res) |    Fx    |    Fy    |    Fz    |    Mx    |    My    |    Mz    |
|=====|=====|============|==========|==========|==========|==========|==========|==========|
|  0  |  0  |  0.00000   |  7.3077  |  0.0000  |-148.4552 | -0.6735  | 120.1532 | -0.0203  |
|  1  |  0  | -11.37120  |  7.2764  | -0.0002  |-147.8734 | -0.7184  | 120.2557 | -0.0229  |
|  0  |  1  |  0.00000   | 14.5817  | -0.0005  |-295.1170 | -1.4853  | 240.6198 | -0.0424  |
|  1  |  1  | -10.98754  | 14.5190  | -0.0008  |-293.9511 | -1.5749  | 240.8254 | -0.0474  |
|  0  |  2  |  0.00000   | 21.8223  | -0.0015  |-439.9773 | -2.4346  | 361.4015 | -0.0661  |
|  1  |  2  | -10.74243  | 21.7280  | -0.0021  |-438.2251 | -2.5688  | 361.7106 | -0.0737  |
|  0  |  3  |  0.00000   | 29.0293  | -0.0030  |-583.0283 | -3.5211  | 482.4996 | -0.0914  |
|  1  |  3  | -10.55827  | 28.9033  | -0.0038  |-580.6874 | -3.6996  | 482.9127 | -0.1016  |
|  0  |  4  |  0.00000   | 36.2028  | -0.0051  |-724.2616 | -4.7440  | 603.9159 | -0.1183  |
|  1  |  4  | -10.40955  | 36.0449  | -0.0061  |-721.3297 | -4.9668  | 604.4334 | -0.1310  |
|  0  |  5  |  0.00000   | 43.3429  | -0.0077  |-863.6692 | -6.1028  | 725.6518 | -0.1467  |
|  1  |  5  | -10.28482  | 43.1531  | -0.0088  |-860.1480 | -6.3569  | 726.2773 | -0.1619  |
|  0  |  6  |  0.00000   | 50.4497  | -0.0108  |-1001.2502| -7.5742  | 847.7146 | -0.1763  |
|  1  |  6  | -10.17768  | 50.2279  | -0.0122  |-997.1467 | -7.9120  | 848.4565 | -0.1945  |
|  0  |  7  |  0.00000   | 57.5234  | -0.0146  |-1137.0140| -9.2469  | 970.1202 | -0.2080  |
|  1  |  7  | -10.08091  | 57.2692  | -0.0162  |-1132.2989| -9.6034  | 970.9589 | -0.2285  |
|  0  |  8  |  0.00000   | 64.5635  | -0.0188  |-1270.9086| -11.0161 |1092.8373 | -0.2408  |
|  1  |  8  |  -9.99532  | 64.2769  | -0.0206  |-1265.5909| -11.4165 |1093.7810 | -0.2639  |
|  2  |  8  | -10.25766  | 64.1200  | -0.0215  |-1262.6800| -11.6289 |1094.2977 | -0.2761  |
|  0  |  9  |  0.00000   | 71.5678  | -0.0236  |-1402.8959| -12.9200 |1215.8872 | -0.2748  |
|  1  |  9  |  -9.92009  | 71.2502  | -0.0255  |-1397.0031| -13.3623 |1216.9323 | -0.3004  |
|  2  |  9  | -10.18162  | 71.0761  | -0.0266  |-1393.7714| -13.5976 |1217.5055 | -0.3141  |
Generating an instance of AeroForcesCalculator
Variable text_file_name has no assigned value in the settings file.
    will default to the value: aeroforces.txt
Variable screen_output has no assigned value in the settings file.
    will default to the value: True
Variable coefficients has no assigned value in the settings file.
    will default to the value: False
Variable lifting_surfaces has no assigned value in the settings file.
    will default to the value: True
Variable nonlifting_body has no assigned value in the settings file.
    will default to the value: False



|==============|==============|==============|==============|==============|==============|==============|
|    tstep     |     fx_g     |     fy_g     |     fz_g     |     mx_g     |     my_g     |     mz_g     |
|==============|==============|==============|==============|==============|==============|==============|
|      0       | 2.239024e+01 |-2.655412e-02 | 2.876207e+03 |-6.860163e+00 | 4.881074e+02 | 1.589549e-01 |
...Finished
FINISHED - Elapsed time = 5.7971016 seconds
FINISHED - CPU process time = 5.7812666 seconds
