--------------------------------------------------------------------------------
            ######  ##     ##    ###    ########  ########  ##    ##
           ##    ## ##     ##   ## ##   ##     ## ##     ##  ##  ##
           ##       ##     ##  ##   ##  ##     ## ##     ##   ####
            ######  ######### ##     ## ########  ########     ##
                 ## ##     ## ######### ##   ##   ##           ##
           ##    ## ##     ## ##     ## ##    ##  ##           ##
            ######  ##     ## ##     ## ##     ## ##           ##
--------------------------------------------------------------------------------
Aeroelastics Lab, Aeronautics Department.
    Copyright (c), Imperial College London.
    All rights reserved.
    License available at https://github.com/imperialcollegelondon/sharpy
Running SHARPy from /Users/benpreston/sharpy_cases/goland_swept_loads
SHARPy being run is in /Users/benpreston/sharpy_installs/dev_profiler
The branch being run is develop
The version and commit hash are: 2.1-284-g23da1e0b-23da1e0b
SHARPy output folder set
	/Users/benpreston/sharpy_cases/goland_swept_loads/output//goland_ang_30_00_pos_0_60/
Generating an instance of BeamLoader
Variable for_pos has no assigned value in the settings file.
    will default to the value: [0.0, 0, 0]
Generating an instance of AerogridLoader
Variable control_surface_deflection has no assigned value in the settings file.
    will default to the value: []
Variable control_surface_deflection_generator_settings has no assigned value in the settings file.
    will default to the value: {}
Variable dx1 has no assigned value in the settings file.
    will default to the value: -1.0
Variable ndx1 has no assigned value in the settings file.
    will default to the value: 1
Variable r has no assigned value in the settings file.
    will default to the value: 1.0
Variable dxmax has no assigned value in the settings file.
    will default to the value: -1.0
The aerodynamic grid contains 2 surfaces
  Surface 0, M=16, N=20
     Wake 0, M=160, N=20
  Surface 1, M=16, N=20
     Wake 1, M=160, N=20
  In total: 640 bound panels
  In total: 6400 wake panels
  Total number of panels = 7040
Generating an instance of StaticCoupled
Variable correct_forces_method has no assigned value in the settings file.
    will default to the value: 
Variable correct_forces_settings has no assigned value in the settings file.
    will default to the value: {}
Variable runtime_generators has no assigned value in the settings file.
    will default to the value: {}
Variable nonlifting_body_interactions has no assigned value in the settings file.
    will default to the value: False
Generating an instance of NonLinearStatic
Variable abs_threshold has no assigned value in the settings file.
    will default to the value: 1e-13
Variable newmark_damp has no assigned value in the settings file.
    will default to the value: 0.0001
Variable gravity_dir has no assigned value in the settings file.
    will default to the value: [0.0, 0.0, 1.0]
Variable relaxation_factor has no assigned value in the settings file.
    will default to the value: 0.3
Variable dt has no assigned value in the settings file.
    will default to the value: 0.01
Variable num_steps has no assigned value in the settings file.
    will default to the value: 500
Variable initial_position has no assigned value in the settings file.
    will default to the value: [0. 0. 0.]
Variable initial_velocity has no assigned value in the settings file.
    will default to the value: [0. 0. 0. 0. 0. 0.]
Generating an instance of StaticUvlm
Variable nonlifting_body_interactions has no assigned value in the settings file.
    will default to the value: False
Variable only_nonlifting has no assigned value in the settings file.
    will default to the value: False
Variable phantom_wing_test has no assigned value in the settings file.
    will default to the value: False
Variable iterative_solver has no assigned value in the settings file.
    will default to the value: False
Variable iterative_tol has no assigned value in the settings file.
    will default to the value: 0.0001
Variable iterative_precond has no assigned value in the settings file.
    will default to the value: False
Variable cfl1 has no assigned value in the settings file.
    will default to the value: True
Variable vortex_radius has no assigned value in the settings file.
    will default to the value: 1e-06
Variable vortex_radius_wake_ind has no assigned value in the settings file.
    will default to the value: 1e-06
Variable rbm_vel_g has no assigned value in the settings file.
    will default to the value: [0.0, 0.0, 0.0, 0.0, 0.0, 0.0]
Variable centre_rot_g has no assigned value in the settings file.
    will default to the value: [0.0, 0.0, 0.0]
Variable map_forces_on_struct has no assigned value in the settings file.
    will default to the value: False
Variable ignore_first_x_nodes_in_force_calculation has no assigned value in the settings file.
    will default to the value: 0



|=====|=====|============|==========|==========|==========|==========|==========|==========|
|iter |step | log10(res) |    Fx    |    Fy    |    Fz    |    Mx    |    My    |    Mz    |
|=====|=====|============|==========|==========|==========|==========|==========|==========|
|  0  |  0  |  0.00000   |  7.9436  |  0.0000  |-171.0377 |  0.0000  | 180.0187 |  0.0000  |
|  1  |  0  | -10.67229  |  7.8974  |  0.0000  |-170.1882 | -0.0002  | 179.9761 | -0.0000  |
|  0  |  1  |  0.00000   | 15.8382  |  0.0000  |-339.4604 | -0.0007  | 359.9016 | -0.0000  |
|  1  |  1  | -10.32883  | 15.7458  |  0.0000  |-337.7632 | -0.0012  | 359.8165 | -0.0000  |
|  0  |  2  |  0.00000   | 23.6844  |  0.0000  |-505.2737 | -0.0022  | 539.6490 | -0.0000  |
|  1  |  2  | -10.11448  | 23.5457  |  0.0000  |-502.7304 | -0.0030  | 539.5215 | -0.0001  |
|  0  |  3  |  0.00000   | 31.4828  |  0.0000  |-668.4830 | -0.0046  | 719.2613 | -0.0001  |
|  1  |  3  |  -9.95418  | 31.2977  | -0.0000  |-665.0983 |  0.0026  | 719.0949 |  0.0001  |
|  2  |  3  | -10.22467  | 31.1983  | -0.0001  |-663.2812 |  0.0064  | 719.0056 |  0.0001  |
|  0  |  4  |  0.00000   | 39.2344  | -0.0001  |-829.1055 |  0.0079  | 898.7456 |  0.0002  |
|  1  |  4  |  -9.82491  | 39.0023  | -0.0001  |-824.8713 |  0.0095  | 898.5354 |  0.0002  |
|  2  |  4  | -10.09579  | 38.8778  | -0.0001  |-822.6000 |  0.0103  | 898.4226 |  0.0002  |
|  0  |  5  |  0.00000   | 46.9388  | -0.0001  |-987.1278 |  0.0123  |1078.0935 |  0.0002  |
|  1  |  5  |  -9.71630  | 46.6599  | -0.0001  |-982.0483 |  0.0143  |1077.8403 |  0.0003  |
|  2  |  5  |  -9.98756  | 46.5103  | -0.0001  |-979.3257 |  0.0153  |1077.7047 |  0.0003  |
|  3  |  5  | -12.28612  | 46.5111  | -0.0001  |-979.3392 |  0.0153  |1077.7054 |  0.0003  |
|  0  |  6  |  0.00000   | 54.5969  | -0.0001  |-1142.5588|  0.0178  |1257.3064 |  0.0004  |
|  1  |  6  |  -9.62193  | 54.2709  | -0.0002  |-1136.6348|  0.0203  |1257.0106 |  0.0004  |
|  2  |  6  |  -9.89357  | 54.0963  | -0.0002  |-1133.4622|  0.0216  |1256.8523 |  0.0004  |
|  3  |  6  | -12.12246  | 54.0973  | -0.0002  |-1133.4807|  0.0215  |1256.8533 |  0.0004  |
|  0  |  7  |  0.00000   | 62.2091  | -0.0002  |-1295.4032|  0.0246  |1436.3847 |  0.0005  |
|  1  |  7  |  -9.53841  | 61.8358  | -0.0002  |-1288.6352|  0.0275  |1436.0463 |  0.0005  |
|  2  |  7  |  -9.81043  | 61.6361  | -0.0002  |-1285.0135|  0.0290  |1435.8653 |  0.0006  |
|  3  |  7  | -11.97913  | 61.6374  | -0.0002  |-1285.0377|  0.0290  |1435.8666 |  0.0006  |
|  0  |  8  |  0.00000   | 69.7759  | -0.0003  |-1445.6647|  0.0326  |1615.3285 |  0.0006  |
|  1  |  8  |  -9.46352  | 69.3554  | -0.0003  |-1438.0578|  0.0361  |1614.9481 |  0.0007  |
|  2  |  8  |  -9.73587  | 69.1305  | -0.0003  |-1433.9899|  0.0379  |1614.7449 |  0.0007  |
|  3  |  8  | -11.85978  | 69.1322  | -0.0003  |-1434.0199|  0.0378  |1614.7465 |  0.0007  |
|  0  |  9  |  0.00000   | 77.2979  | -0.0003  |-1593.3532|  0.0420  |1794.1389 |  0.0008  |
|  1  |  9  |  -9.39536  | 76.8300  | -0.0003  |-1584.9059|  0.0460  |1793.7163 |  0.0009  |
|  2  |  9  |  -9.66808  | 76.5799  | -0.0003  |-1580.3919|  0.0481  |1793.4906 |  0.0009  |
|  3  |  9  | -11.74551  | 76.5820  | -0.0004  |-1580.4291|  0.0480  |1793.4927 |  0.0009  |
Generating an instance of AeroForcesCalculator
Variable text_file_name has no assigned value in the settings file.
    will default to the value: aeroforces.txt
Variable screen_output has no assigned value in the settings file.
    will default to the value: True
Variable coefficients has no assigned value in the settings file.
    will default to the value: False
Variable lifting_surfaces has no assigned value in the settings file.
    will default to the value: True
Variable nonlifting_body has no assigned value in the settings file.
    will default to the value: False



|==============|==============|==============|==============|==============|==============|==============|
|    tstep     |     fx_g     |     fy_g     |     fz_g     |     mx_g     |     my_g     |     mz_g     |
|==============|==============|==============|==============|==============|==============|==============|
|      0       | 2.137933e+01 |-3.505448e-04 | 2.688893e+03 | 4.797530e-02 | 1.420473e+01 |-7.680504e-04 |
...Finished
FINISHED - Elapsed time = 8.3231356 seconds
FINISHED - CPU process time = 8.3918666 seconds
