--------------------------------------------------------------------------------
            ######  ##     ##    ###    ########  ########  ##    ##
           ##    ## ##     ##   ## ##   ##     ## ##     ##  ##  ##
           ##       ##     ##  ##   ##  ##     ## ##     ##   ####
            ######  ######### ##     ## ########  ########     ##
                 ## ##     ## ######### ##   ##   ##           ##
           ##    ## ##     ## ##     ## ##    ##  ##           ##
            ######  ##     ## ##     ## ##     ## ##           ##
--------------------------------------------------------------------------------
Aeroelastics Lab, Aeronautics Department.
    Copyright (c), Imperial College London.
    All rights reserved.
    License available at https://github.com/imperialcollegelondon/sharpy
Running SHARPy from /Users/benpreston/sharpy_cases/goland_swept_loads
SHARPy being run is in /Users/benpreston/sharpy_installs/dev_profiler
The branch being run is develop
The version and commit hash are: 2.1-284-g23da1e0b-23da1e0b
SHARPy output folder set
	/Users/benpreston/sharpy_cases/goland_swept_loads/output//goland_ang_n10_00_pos_0_80/
Generating an instance of BeamLoader
Variable for_pos has no assigned value in the settings file.
    will default to the value: [0.0, 0, 0]
Generating an instance of AerogridLoader
Variable control_surface_deflection has no assigned value in the settings file.
    will default to the value: []
Variable control_surface_deflection_generator_settings has no assigned value in the settings file.
    will default to the value: {}
Variable dx1 has no assigned value in the settings file.
    will default to the value: -1.0
Variable ndx1 has no assigned value in the settings file.
    will default to the value: 1
Variable r has no assigned value in the settings file.
    will default to the value: 1.0
Variable dxmax has no assigned value in the settings file.
    will default to the value: -1.0
The aerodynamic grid contains 2 surfaces
  Surface 0, M=16, N=20
     Wake 0, M=160, N=20
  Surface 1, M=16, N=20
     Wake 1, M=160, N=20
  In total: 640 bound panels
  In total: 6400 wake panels
  Total number of panels = 7040
Generating an instance of StaticCoupled
Variable correct_forces_method has no assigned value in the settings file.
    will default to the value: 
Variable correct_forces_settings has no assigned value in the settings file.
    will default to the value: {}
Variable runtime_generators has no assigned value in the settings file.
    will default to the value: {}
Variable nonlifting_body_interactions has no assigned value in the settings file.
    will default to the value: False
Generating an instance of NonLinearStatic
Variable abs_threshold has no assigned value in the settings file.
    will default to the value: 1e-13
Variable newmark_damp has no assigned value in the settings file.
    will default to the value: 0.0001
Variable gravity_dir has no assigned value in the settings file.
    will default to the value: [0.0, 0.0, 1.0]
Variable relaxation_factor has no assigned value in the settings file.
    will default to the value: 0.3
Variable dt has no assigned value in the settings file.
    will default to the value: 0.01
Variable num_steps has no assigned value in the settings file.
    will default to the value: 500
Variable initial_position has no assigned value in the settings file.
    will default to the value: [0. 0. 0.]
Variable initial_velocity has no assigned value in the settings file.
    will default to the value: [0. 0. 0. 0. 0. 0.]
Generating an instance of StaticUvlm
Variable nonlifting_body_interactions has no assigned value in the settings file.
    will default to the value: False
Variable only_nonlifting has no assigned value in the settings file.
    will default to the value: False
Variable phantom_wing_test has no assigned value in the settings file.
    will default to the value: False
Variable iterative_solver has no assigned value in the settings file.
    will default to the value: False
Variable iterative_tol has no assigned value in the settings file.
    will default to the value: 0.0001
Variable iterative_precond has no assigned value in the settings file.
    will default to the value: False
Variable cfl1 has no assigned value in the settings file.
    will default to the value: True
Variable vortex_radius has no assigned value in the settings file.
    will default to the value: 1e-06
Variable vortex_radius_wake_ind has no assigned value in the settings file.
    will default to the value: 1e-06
Variable rbm_vel_g has no assigned value in the settings file.
    will default to the value: [0.0, 0.0, 0.0, 0.0, 0.0, 0.0]
Variable centre_rot_g has no assigned value in the settings file.
    will default to the value: [0.0, 0.0, 0.0]
Variable map_forces_on_struct has no assigned value in the settings file.
    will default to the value: False
Variable ignore_first_x_nodes_in_force_calculation has no assigned value in the settings file.
    will default to the value: 0



|=====|=====|============|==========|==========|==========|==========|==========|==========|
|iter |step | log10(res) |    Fx    |    Fy    |    Fz    |    Mx    |    My    |    Mz    |
|=====|=====|============|==========|==========|==========|==========|==========|==========|
|  0  |  0  |  0.00000   |  7.3154  |  0.0000  |-148.7540 |  0.0000  | 117.4373 |  0.0000  |
|  1  |  0  | -11.41372  |  7.2851  |  0.0000  |-148.1902 |  0.0002  | 117.5410 |  0.0000  |
|  0  |  1  |  0.00000   | 14.5983  |  0.0000  |-295.7701 |  0.0006  | 235.1916 |  0.0000  |
|  1  |  1  | -11.02537  | 14.5375  |  0.0000  |-294.6402 |  0.0009  | 235.3994 |  0.0000  |
|  0  |  2  |  0.00000   | 21.8486  |  0.0000  |-441.0400 |  0.0017  | 353.2644 |  0.0000  |
|  1  |  2  | -10.77695  | 21.7572  |  0.0000  |-439.3418 |  0.0022  | 353.5768 |  0.0001  |
|  0  |  3  |  0.00000   | 29.0664  |  0.0000  |-584.5558 |  0.0033  | 471.6573 |  0.0001  |
|  1  |  3  | -10.59037  | 28.9443  |  0.0000  |-582.2867 |  0.0040  | 472.0749 |  0.0001  |
|  0  |  4  |  0.00000   | 36.2517  |  0.0000  |-726.3090 |  0.0055  | 590.3721 |  0.0001  |
|  1  |  4  | -10.43976  | 36.0988  |  0.0000  |-723.4667 |  0.0064  | 590.8953 |  0.0001  |
|  0  |  5  |  0.00000   | 43.4046  |  0.0000  |-866.2914 |  0.0082  | 709.4103 |  0.0002  |
|  1  |  5  | -10.31306  | 43.2206  |  0.0000  |-862.8734 |  0.0093  | 710.0396 |  0.0002  |
|  0  |  6  |  0.00000   | 50.5249  |  0.0000  |-1004.4945|  0.0115  | 828.7736 |  0.0003  |
|  1  |  6  | -10.20587  | 50.3101  | -0.0000  |-1000.5196| -0.0049  | 829.5243 | -0.0001  |
|  0  |  7  |  0.00000   | 57.6134  | -0.0000  |-1140.9502| -0.0154  | 948.4924 | -0.0004  |
|  1  |  7  | -10.10753  | 57.3671  | -0.0000  |-1136.3785| -0.0168  | 949.3404 | -0.0004  |
|  0  |  8  |  0.00000   | 64.6691  | -0.0001  |-1275.5841| -0.0197  |1068.5229 | -0.0004  |
|  1  |  8  | -10.02098  | 64.3913  | -0.0001  |-1270.4273| -0.0212  |1069.4772 | -0.0005  |
|  0  |  9  |  0.00000   | 71.6923  | -0.0001  |-1408.4108| -0.0245  |1188.8821 | -0.0006  |
|  1  |  9  |  -9.94278  | 71.3830  | -0.0001  |-1402.6669| -0.0262  |1189.9445 | -0.0006  |
|  2  |  9  | -10.20397  | 71.2133  | -0.0001  |-1399.5145| -0.0272  |1190.5276 | -0.0006  |
Generating an instance of AeroForcesCalculator
Variable text_file_name has no assigned value in the settings file.
    will default to the value: aeroforces.txt
Variable screen_output has no assigned value in the settings file.
    will default to the value: True
Variable coefficients has no assigned value in the settings file.
    will default to the value: False
Variable lifting_surfaces has no assigned value in the settings file.
    will default to the value: True
Variable nonlifting_body has no assigned value in the settings file.
    will default to the value: False



|==============|==============|==============|==============|==============|==============|==============|
|    tstep     |     fx_g     |     fy_g     |     fz_g     |     mx_g     |     my_g     |     mz_g     |
|==============|==============|==============|==============|==============|==============|==============|
|      0       | 2.232691e+01 |-7.198342e-05 | 2.869927e+03 |-2.717787e-02 | 5.028454e+02 | 3.202900e-04 |
...Finished
FINISHED - Elapsed time = 5.5799216 seconds
FINISHED - CPU process time = 5.5963156 seconds
