--------------------------------------------------------------------------------
            ######  ##     ##    ###    ########  ########  ##    ##
           ##    ## ##     ##   ## ##   ##     ## ##     ##  ##  ##
           ##       ##     ##  ##   ##  ##     ## ##     ##   ####
            ######  ######### ##     ## ########  ########     ##
                 ## ##     ## ######### ##   ##   ##           ##
           ##    ## ##     ## ##     ## ##    ##  ##           ##
            ######  ##     ## ##     ## ##     ## ##           ##
--------------------------------------------------------------------------------
Aeroelastics Lab, Aeronautics Department.
    Copyright (c), Imperial College London.
    All rights reserved.
    License available at https://github.com/imperialcollegelondon/sharpy
Running SHARPy from /Users/benpreston/sharpy_cases/goland_swept_loads
SHARPy being run is in /Users/benpreston/sharpy_installs/dev_profiler
The branch being run is develop
The version and commit hash are: 2.1-284-g23da1e0b-23da1e0b
SHARPy output folder set
	/Users/benpreston/sharpy_cases/goland_swept_loads/output//goland_ang_n10_00_pos_0_65/
Generating an instance of BeamLoader
Variable for_pos has no assigned value in the settings file.
    will default to the value: [0.0, 0, 0]
Generating an instance of AerogridLoader
Variable control_surface_deflection has no assigned value in the settings file.
    will default to the value: []
Variable control_surface_deflection_generator_settings has no assigned value in the settings file.
    will default to the value: {}
Variable dx1 has no assigned value in the settings file.
    will default to the value: -1.0
Variable ndx1 has no assigned value in the settings file.
    will default to the value: 1
Variable r has no assigned value in the settings file.
    will default to the value: 1.0
Variable dxmax has no assigned value in the settings file.
    will default to the value: -1.0
The aerodynamic grid contains 2 surfaces
  Surface 0, M=16, N=20
     Wake 0, M=160, N=20
  Surface 1, M=16, N=20
     Wake 1, M=160, N=20
  In total: 640 bound panels
  In total: 6400 wake panels
  Total number of panels = 7040
Generating an instance of StaticCoupled
Variable correct_forces_method has no assigned value in the settings file.
    will default to the value: 
Variable correct_forces_settings has no assigned value in the settings file.
    will default to the value: {}
Variable runtime_generators has no assigned value in the settings file.
    will default to the value: {}
Variable nonlifting_body_interactions has no assigned value in the settings file.
    will default to the value: False
Generating an instance of NonLinearStatic
Variable abs_threshold has no assigned value in the settings file.
    will default to the value: 1e-13
Variable newmark_damp has no assigned value in the settings file.
    will default to the value: 0.0001
Variable gravity_dir has no assigned value in the settings file.
    will default to the value: [0.0, 0.0, 1.0]
Variable relaxation_factor has no assigned value in the settings file.
    will default to the value: 0.3
Variable dt has no assigned value in the settings file.
    will default to the value: 0.01
Variable num_steps has no assigned value in the settings file.
    will default to the value: 500
Variable initial_position has no assigned value in the settings file.
    will default to the value: [0. 0. 0.]
Variable initial_velocity has no assigned value in the settings file.
    will default to the value: [0. 0. 0. 0. 0. 0.]
Generating an instance of StaticUvlm
Variable nonlifting_body_interactions has no assigned value in the settings file.
    will default to the value: False
Variable only_nonlifting has no assigned value in the settings file.
    will default to the value: False
Variable phantom_wing_test has no assigned value in the settings file.
    will default to the value: False
Variable iterative_solver has no assigned value in the settings file.
    will default to the value: False
Variable iterative_tol has no assigned value in the settings file.
    will default to the value: 0.0001
Variable iterative_precond has no assigned value in the settings file.
    will default to the value: False
Variable cfl1 has no assigned value in the settings file.
    will default to the value: True
Variable vortex_radius has no assigned value in the settings file.
    will default to the value: 1e-06
Variable vortex_radius_wake_ind has no assigned value in the settings file.
    will default to the value: 1e-06
Variable rbm_vel_g has no assigned value in the settings file.
    will default to the value: [0.0, 0.0, 0.0, 0.0, 0.0, 0.0]
Variable centre_rot_g has no assigned value in the settings file.
    will default to the value: [0.0, 0.0, 0.0]
Variable map_forces_on_struct has no assigned value in the settings file.
    will default to the value: False
Variable ignore_first_x_nodes_in_force_calculation has no assigned value in the settings file.
    will default to the value: 0



|=====|=====|============|==========|==========|==========|==========|==========|==========|
|iter |step | log10(res) |    Fx    |    Fy    |    Fz    |    Mx    |    My    |    Mz    |
|=====|=====|============|==========|==========|==========|==========|==========|==========|
|  0  |  0  |  0.00000   |  7.3449  |  0.0001  |-149.9720 | -0.6736  | 106.9642 | -0.0190  |
|  1  |  0  | -11.57180  |  7.3184  | -0.0001  |-149.4783 | -0.7392  | 107.0756 | -0.0226  |
|  0  |  1  |  0.00000   | 14.6613  | -0.0003  |-298.4217 | -1.5490  | 214.2695 | -0.0404  |
|  1  |  1  | -11.16338  | 14.6080  | -0.0006  |-297.4318 | -1.6798  | 214.4931 | -0.0477  |
|  0  |  2  |  0.00000   | 21.9489  | -0.0010  |-445.3402 | -2.6251  | 321.9181 | -0.0642  |
|  1  |  2  | -10.90158  | 21.8689  | -0.0015  |-443.8515 | -2.8209  | 322.2544 | -0.0752  |
|  0  |  3  |  0.00000   | 29.2079  | -0.0021  |-590.7186 | -3.9009  | 429.9122 | -0.0903  |
|  1  |  3  | -10.70530  | 29.1010  | -0.0028  |-588.7283 | -4.1613  | 430.3618 | -0.1050  |
|  0  |  4  |  0.00000   | 36.4382  | -0.0036  |-734.5476 | -5.3752  | 538.2538 | -0.1187  |
|  1  |  4  | -10.54734  | 36.3042  | -0.0044  |-732.0532 | -5.6999  | 538.8174 | -0.1370  |
|  0  |  5  |  0.00000   | 43.6398  | -0.0054  |-876.8182 | -7.0470  | 646.9451 | -0.1493  |
|  1  |  5  | -10.41483  | 43.4786  | -0.0065  |-873.8169 | -7.4356  | 647.6234 | -0.1713  |
|  0  |  6  |  0.00000   | 50.8125  | -0.0077  |-1017.5210| -8.9149  | 755.9884 | -0.1820  |
|  1  |  6  | -10.30055  | 50.6241  | -0.0089  |-1014.0101| -9.3671  | 756.7820 | -0.2076  |
|  0  |  7  |  0.00000   | 57.9565  | -0.0103  |-1156.6466| -10.9778 | 865.3859 | -0.2167  |
|  1  |  7  | -10.20065  | 57.7405  | -0.0118  |-1152.6257| -11.4925 | 866.2983 | -0.2460  |
|  0  |  8  |  0.00000   | 65.0715  | -0.0133  |-1294.1902| -13.2324 | 975.1445 | -0.2533  |
|  1  |  8  | -10.11106  | 64.8280  | -0.0149  |-1289.6542| -13.8137 | 976.1734 | -0.2863  |
|  0  |  9  |  0.00000   | 72.1577  | -0.0167  |-1430.1387| -15.6872 |1085.2620 | -0.2919  |
|  1  |  9  | -10.02976  | 71.8866  | -0.0185  |-1425.0828| -16.3298 |1086.4070 | -0.3286  |
Generating an instance of AeroForcesCalculator
Variable text_file_name has no assigned value in the settings file.
    will default to the value: aeroforces.txt
Variable screen_output has no assigned value in the settings file.
    will default to the value: True
Variable coefficients has no assigned value in the settings file.
    will default to the value: False
Variable lifting_surfaces has no assigned value in the settings file.
    will default to the value: True
Variable nonlifting_body has no assigned value in the settings file.
    will default to the value: False



|==============|==============|==============|==============|==============|==============|==============|
|    tstep     |     fx_g     |     fy_g     |     fz_g     |     mx_g     |     my_g     |     mz_g     |
|==============|==============|==============|==============|==============|==============|==============|
|      0       | 2.205522e+01 |-1.955502e-02 | 2.847580e+03 |-9.939267e+00 | 5.859008e+02 | 2.322898e-01 |
...Finished
FINISHED - Elapsed time = 5.3668656 seconds
FINISHED - CPU process time = 5.3916116 seconds
