--------------------------------------------------------------------------------
            ######  ##     ##    ###    ########  ########  ##    ##
           ##    ## ##     ##   ## ##   ##     ## ##     ##  ##  ##
           ##       ##     ##  ##   ##  ##     ## ##     ##   ####
            ######  ######### ##     ## ########  ########     ##
                 ## ##     ## ######### ##   ##   ##           ##
           ##    ## ##     ## ##     ## ##    ##  ##           ##
            ######  ##     ## ##     ## ##     ## ##           ##
--------------------------------------------------------------------------------
Aeroelastics Lab, Aeronautics Department.
    Copyright (c), Imperial College London.
    All rights reserved.
    License available at https://github.com/imperialcollegelondon/sharpy
Running SHARPy from /Users/benpreston/sharpy_cases/goland_swept_loads
SHARPy being run is in /Users/benpreston/sharpy_installs/dev_profiler
The branch being run is develop
The version and commit hash are: 2.1-284-g23da1e0b-23da1e0b
SHARPy output folder set
	/Users/benpreston/sharpy_cases/goland_swept_loads/output//goland_ang_10_00_pos_0_75/
Generating an instance of BeamLoader
Variable for_pos has no assigned value in the settings file.
    will default to the value: [0.0, 0, 0]
Generating an instance of AerogridLoader
Variable control_surface_deflection has no assigned value in the settings file.
    will default to the value: []
Variable control_surface_deflection_generator_settings has no assigned value in the settings file.
    will default to the value: {}
Variable dx1 has no assigned value in the settings file.
    will default to the value: -1.0
Variable ndx1 has no assigned value in the settings file.
    will default to the value: 1
Variable r has no assigned value in the settings file.
    will default to the value: 1.0
Variable dxmax has no assigned value in the settings file.
    will default to the value: -1.0
The aerodynamic grid contains 2 surfaces
  Surface 0, M=16, N=20
     Wake 0, M=160, N=20
  Surface 1, M=16, N=20
     Wake 1, M=160, N=20
  In total: 640 bound panels
  In total: 6400 wake panels
  Total number of panels = 7040
Generating an instance of StaticCoupled
Variable correct_forces_method has no assigned value in the settings file.
    will default to the value: 
Variable correct_forces_settings has no assigned value in the settings file.
    will default to the value: {}
Variable runtime_generators has no assigned value in the settings file.
    will default to the value: {}
Variable nonlifting_body_interactions has no assigned value in the settings file.
    will default to the value: False
Generating an instance of NonLinearStatic
Variable abs_threshold has no assigned value in the settings file.
    will default to the value: 1e-13
Variable newmark_damp has no assigned value in the settings file.
    will default to the value: 0.0001
Variable gravity_dir has no assigned value in the settings file.
    will default to the value: [0.0, 0.0, 1.0]
Variable relaxation_factor has no assigned value in the settings file.
    will default to the value: 0.3
Variable dt has no assigned value in the settings file.
    will default to the value: 0.01
Variable num_steps has no assigned value in the settings file.
    will default to the value: 500
Variable initial_position has no assigned value in the settings file.
    will default to the value: [0. 0. 0.]
Variable initial_velocity has no assigned value in the settings file.
    will default to the value: [0. 0. 0. 0. 0. 0.]
Generating an instance of StaticUvlm
Variable nonlifting_body_interactions has no assigned value in the settings file.
    will default to the value: False
Variable only_nonlifting has no assigned value in the settings file.
    will default to the value: False
Variable phantom_wing_test has no assigned value in the settings file.
    will default to the value: False
Variable iterative_solver has no assigned value in the settings file.
    will default to the value: False
Variable iterative_tol has no assigned value in the settings file.
    will default to the value: 0.0001
Variable iterative_precond has no assigned value in the settings file.
    will default to the value: False
Variable cfl1 has no assigned value in the settings file.
    will default to the value: True
Variable vortex_radius has no assigned value in the settings file.
    will default to the value: 1e-06
Variable vortex_radius_wake_ind has no assigned value in the settings file.
    will default to the value: 1e-06
Variable rbm_vel_g has no assigned value in the settings file.
    will default to the value: [0.0, 0.0, 0.0, 0.0, 0.0, 0.0]
Variable centre_rot_g has no assigned value in the settings file.
    will default to the value: [0.0, 0.0, 0.0]
Variable map_forces_on_struct has no assigned value in the settings file.
    will default to the value: False
Variable ignore_first_x_nodes_in_force_calculation has no assigned value in the settings file.
    will default to the value: 0



|=====|=====|============|==========|==========|==========|==========|==========|==========|
|iter |step | log10(res) |    Fx    |    Fy    |    Fz    |    Mx    |    My    |    Mz    |
|=====|=====|============|==========|==========|==========|==========|==========|==========|
|  0  |  0  |  0.00000   |  7.3146  | -0.0001  |-149.0172 |  0.6639  | 131.7800 |  0.0197  |
|  1  |  0  | -11.13183  |  7.2788  |  0.0002  |-148.3542 |  0.7188  | 131.8734 |  0.0229  |
|  0  |  1  |  0.00000   | 14.5907  |  0.0006  |-295.9913 |  1.4966  | 263.8449 |  0.0418  |
|  1  |  1  | -10.77111  | 14.5190  |  0.0012  |-294.6635 |  1.6059  | 264.0321 |  0.0483  |
|  0  |  2  |  0.00000   | 21.8286  |  0.0021  |-440.9156 |  2.4964  | 396.1958 |  0.0664  |
|  1  |  2  | -10.54292  | 21.7208  |  0.0030  |-438.9211 |  2.6596  | 396.4770 |  0.0761  |
|  0  |  3  |  0.00000   | 29.0283  |  0.0043  |-583.7834 |  3.6615  | 528.8337 |  0.0934  |
|  1  |  3  | -10.37177  | 28.8843  |  0.0055  |-581.1201 |  3.8780  | 529.2092 |  0.1063  |
|  0  |  4  |  0.00000   | 36.1899  |  0.0073  |-724.5878 |  4.9900  | 661.7596 |  0.1226  |
|  1  |  4  | -10.23339  | 36.0096  |  0.0088  |-721.2537 |  5.2593  | 662.2298 |  0.1388  |
|  0  |  5  |  0.00000   | 43.3136  |  0.0110  |-863.3219 |  6.4802  | 794.9746 |  0.1540  |
|  1  |  5  | -10.11672  | 43.0969  |  0.0128  |-859.3238 |  6.7926  | 795.5460 |  0.1732  |
|  0  |  6  |  0.00000   | 50.3997  |  0.0154  |-999.9947 |  8.1135  | 928.4911 |  0.1872  |
|  1  |  6  | -10.01504  | 50.1462  |  0.0175  |-995.3166 |  8.4876  | 929.1556 |  0.2098  |
|  0  |  7  |  0.00000   | 57.4478  |  0.0207  |-1134.5767|  9.9212  |1062.2961 |  0.2226  |
|  1  |  7  |  -9.92550  | 57.1575  |  0.0231  |-1129.2183| 10.3468  |1063.0543 |  0.2486  |
|  2  |  7  | -10.19033  | 56.9994  |  0.0243  |-1126.3016| 10.5674  |1063.4669 |  0.2621  |
|  0  |  8  |  0.00000   | 64.4567  |  0.0266  |-1267.0330| 11.8760  |1196.3950 |  0.2597  |
|  1  |  8  |  -9.84651  | 64.1304  |  0.0293  |-1261.0130| 12.3557  |1197.2457 |  0.2891  |
|  2  |  8  | -10.11077  | 63.9525  |  0.0307  |-1257.7318| 12.6041  |1197.7094 |  0.3044  |
|  0  |  9  |  0.00000   | 71.4292  |  0.0333  |-1397.4103| 13.9903  |1330.7832 |  0.2990  |
|  1  |  9  |  -9.77379  | 71.0660  |  0.0363  |-1390.7137| 14.5181  |1331.7291 |  0.3316  |
|  2  |  9  | -10.03747  | 70.8678  |  0.0379  |-1387.0585| 14.7913  |1332.2454 |  0.3485  |
Generating an instance of AeroForcesCalculator
Variable text_file_name has no assigned value in the settings file.
    will default to the value: aeroforces.txt
Variable screen_output has no assigned value in the settings file.
    will default to the value: True
Variable coefficients has no assigned value in the settings file.
    will default to the value: False
Variable lifting_surfaces has no assigned value in the settings file.
    will default to the value: True
Variable nonlifting_body has no assigned value in the settings file.
    will default to the value: False



|==============|==============|==============|==============|==============|==============|==============|
|    tstep     |     fx_g     |     fy_g     |     fz_g     |     mx_g     |     my_g     |     mz_g     |
|==============|==============|==============|==============|==============|==============|==============|
|      0       | 2.241646e+01 | 3.786939e-02 | 2.882918e+03 | 8.146303e+00 | 4.157392e+02 |-1.697504e-01 |
...Finished
FINISHED - Elapsed time = 6.0947946 seconds
FINISHED - CPU process time = 6.1198166 seconds
