--------------------------------------------------------------------------------
            ######  ##     ##    ###    ########  ########  ##    ##
           ##    ## ##     ##   ## ##   ##     ## ##     ##  ##  ##
           ##       ##     ##  ##   ##  ##     ## ##     ##   ####
            ######  ######### ##     ## ########  ########     ##
                 ## ##     ## ######### ##   ##   ##           ##
           ##    ## ##     ## ##     ## ##    ##  ##           ##
            ######  ##     ## ##     ## ##     ## ##           ##
--------------------------------------------------------------------------------
Aeroelastics Lab, Aeronautics Department.
    Copyright (c), Imperial College London.
    All rights reserved.
    License available at https://github.com/imperialcollegelondon/sharpy
Running SHARPy from /Users/benpreston/sharpy_cases/goland_swept_loads
SHARPy being run is in /Users/benpreston/sharpy_installs/dev_profiler
The branch being run is develop
The version and commit hash are: 2.1-284-g23da1e0b-23da1e0b
SHARPy output folder set
	/Users/benpreston/sharpy_cases/goland_swept_loads/output//goland_ang_n30_00_pos_0_60/
Generating an instance of BeamLoader
Variable for_pos has no assigned value in the settings file.
    will default to the value: [0.0, 0, 0]
Generating an instance of AerogridLoader
Variable control_surface_deflection has no assigned value in the settings file.
    will default to the value: []
Variable control_surface_deflection_generator_settings has no assigned value in the settings file.
    will default to the value: {}
Variable dx1 has no assigned value in the settings file.
    will default to the value: -1.0
Variable ndx1 has no assigned value in the settings file.
    will default to the value: 1
Variable r has no assigned value in the settings file.
    will default to the value: 1.0
Variable dxmax has no assigned value in the settings file.
    will default to the value: -1.0
The aerodynamic grid contains 2 surfaces
  Surface 0, M=16, N=20
     Wake 0, M=160, N=20
  Surface 1, M=16, N=20
     Wake 1, M=160, N=20
  In total: 640 bound panels
  In total: 6400 wake panels
  Total number of panels = 7040
Generating an instance of StaticCoupled
Variable correct_forces_method has no assigned value in the settings file.
    will default to the value: 
Variable correct_forces_settings has no assigned value in the settings file.
    will default to the value: {}
Variable runtime_generators has no assigned value in the settings file.
    will default to the value: {}
Variable nonlifting_body_interactions has no assigned value in the settings file.
    will default to the value: False
Generating an instance of NonLinearStatic
Variable abs_threshold has no assigned value in the settings file.
    will default to the value: 1e-13
Variable newmark_damp has no assigned value in the settings file.
    will default to the value: 0.0001
Variable gravity_dir has no assigned value in the settings file.
    will default to the value: [0.0, 0.0, 1.0]
Variable relaxation_factor has no assigned value in the settings file.
    will default to the value: 0.3
Variable dt has no assigned value in the settings file.
    will default to the value: 0.01
Variable num_steps has no assigned value in the settings file.
    will default to the value: 500
Variable initial_position has no assigned value in the settings file.
    will default to the value: [0. 0. 0.]
Variable initial_velocity has no assigned value in the settings file.
    will default to the value: [0. 0. 0. 0. 0. 0.]
Generating an instance of StaticUvlm
Variable nonlifting_body_interactions has no assigned value in the settings file.
    will default to the value: False
Variable only_nonlifting has no assigned value in the settings file.
    will default to the value: False
Variable phantom_wing_test has no assigned value in the settings file.
    will default to the value: False
Variable iterative_solver has no assigned value in the settings file.
    will default to the value: False
Variable iterative_tol has no assigned value in the settings file.
    will default to the value: 0.0001
Variable iterative_precond has no assigned value in the settings file.
    will default to the value: False
Variable cfl1 has no assigned value in the settings file.
    will default to the value: True
Variable vortex_radius has no assigned value in the settings file.
    will default to the value: 1e-06
Variable vortex_radius_wake_ind has no assigned value in the settings file.
    will default to the value: 1e-06
Variable rbm_vel_g has no assigned value in the settings file.
    will default to the value: [0.0, 0.0, 0.0, 0.0, 0.0, 0.0]
Variable centre_rot_g has no assigned value in the settings file.
    will default to the value: [0.0, 0.0, 0.0]
Variable map_forces_on_struct has no assigned value in the settings file.
    will default to the value: False
Variable ignore_first_x_nodes_in_force_calculation has no assigned value in the settings file.
    will default to the value: 0



|=====|=====|============|==========|==========|==========|==========|==========|==========|
|iter |step | log10(res) |    Fx    |    Fy    |    Fz    |    Mx    |    My    |    Mz    |
|=====|=====|============|==========|==========|==========|==========|==========|==========|
|  0  |  0  |  0.00000   |  7.9595  |  0.0000  |-171.6154 | -0.0000  | 46.1745  |  0.0000  |
|  1  |  0  | -13.07481  |  7.9542  |  0.0000  |-171.5162 |  0.0000  | 46.2078  | -0.0000  |
|  0  |  1  |  0.00000   | 15.9132  |  0.0000  |-342.9249 |  0.0001  | 92.4490  | -0.0000  |
|  1  |  1  | -12.26264  | 15.9025  | -0.0000  |-342.7258 |  0.0002  | 92.5158  |  0.0000  |
|  0  |  2  |  0.00000   | 23.8609  | -0.0000  |-513.9261 |  0.0003  | 138.8245 |  0.0000  |
|  1  |  2  | -11.85683  | 23.8449  | -0.0000  |-513.6266 |  0.0004  | 138.9251 |  0.0000  |
|  0  |  3  |  0.00000   | 31.8028  | -0.0000  |-684.6167 |  0.0006  | 185.3017 |  0.0000  |
|  1  |  3  | -11.58175  | 31.7813  | -0.0000  |-684.2159 |  0.0007  | 185.4363 |  0.0000  |
|  0  |  4  |  0.00000   | 39.7387  | -0.0000  |-854.9943 |  0.0010  | 231.8816 |  0.0000  |
|  1  |  4  | -11.37275  | 39.7117  | -0.0000  |-854.4915 |  0.0011  | 232.0505 |  0.0000  |
|  0  |  5  |  0.00000   | 47.6685  | -0.0000  |-1025.0564|  0.0015  | 278.5650 |  0.0000  |
|  1  |  5  | -11.20410  | 47.6361  | -0.0000  |-1024.4509|  0.0017  | 278.7684 |  0.0000  |
|  0  |  6  |  0.00000   | 55.5923  | -0.0000  |-1194.8004|  0.0021  | 325.3528 |  0.0001  |
|  1  |  6  | -11.06249  | 55.5545  | -0.0000  |-1194.0916|  0.0023  | 325.5911 |  0.0001  |
|  0  |  7  |  0.00000   | 63.5101  | -0.0000  |-1364.2240|  0.0028  | 372.2460 |  0.0001  |
|  1  |  7  | -10.94041  | 63.4667  | -0.0000  |-1363.4110|  0.0031  | 372.5194 |  0.0001  |
|  0  |  8  |  0.00000   | 71.4216  | -0.0000  |-1533.3245|  0.0037  | 419.2455 |  0.0001  |
|  1  |  8  | -10.83308  | 71.3728  | -0.0000  |-1532.4066|  0.0040  | 419.5542 |  0.0001  |
|  0  |  9  |  0.00000   | 79.3271  | -0.0000  |-1702.0994|  0.0047  | 466.3521 |  0.0001  |
|  1  |  9  | -10.73725  | 79.2727  | -0.0000  |-1701.0758|  0.0051  | 466.6965 |  0.0001  |
Generating an instance of AeroForcesCalculator
Variable text_file_name has no assigned value in the settings file.
    will default to the value: aeroforces.txt
Variable screen_output has no assigned value in the settings file.
    will default to the value: True
Variable coefficients has no assigned value in the settings file.
    will default to the value: False
Variable lifting_surfaces has no assigned value in the settings file.
    will default to the value: True
Variable nonlifting_body has no assigned value in the settings file.
    will default to the value: False



|==============|==============|==============|==============|==============|==============|==============|
|    tstep     |     fx_g     |     fy_g     |     fz_g     |     mx_g     |     my_g     |     mz_g     |
|==============|==============|==============|==============|==============|==============|==============|
|      0       | 1.984715e+01 |-1.595368e-05 | 2.568787e+03 | 5.249348e-03 | 7.691080e+02 |-4.232698e-05 |
...Finished
FINISHED - Elapsed time = 5.3717636 seconds
FINISHED - CPU process time = 5.4046766 seconds
