--------------------------------------------------------------------------------
            ######  ##     ##    ###    ########  ########  ##    ##
           ##    ## ##     ##   ## ##   ##     ## ##     ##  ##  ##
           ##       ##     ##  ##   ##  ##     ## ##     ##   ####
            ######  ######### ##     ## ########  ########     ##
                 ## ##     ## ######### ##   ##   ##           ##
           ##    ## ##     ## ##     ## ##    ##  ##           ##
            ######  ##     ## ##     ## ##     ## ##           ##
--------------------------------------------------------------------------------
Aeroelastics Lab, Aeronautics Department.
    Copyright (c), Imperial College London.
    All rights reserved.
    License available at https://github.com/imperialcollegelondon/sharpy
Running SHARPy from /Users/benpreston/sharpy_cases/goland_swept_loads
SHARPy being run is in /Users/benpreston/sharpy_installs/dev_profiler
The branch being run is develop
The version and commit hash are: 2.1-284-g23da1e0b-23da1e0b
SHARPy output folder set
	/Users/benpreston/sharpy_cases/goland_swept_loads/output//goland_ang_30_00_pos_0_90/
Generating an instance of BeamLoader
Variable for_pos has no assigned value in the settings file.
    will default to the value: [0.0, 0, 0]
Generating an instance of AerogridLoader
Variable control_surface_deflection has no assigned value in the settings file.
    will default to the value: []
Variable control_surface_deflection_generator_settings has no assigned value in the settings file.
    will default to the value: {}
Variable dx1 has no assigned value in the settings file.
    will default to the value: -1.0
Variable ndx1 has no assigned value in the settings file.
    will default to the value: 1
Variable r has no assigned value in the settings file.
    will default to the value: 1.0
Variable dxmax has no assigned value in the settings file.
    will default to the value: -1.0
The aerodynamic grid contains 2 surfaces
  Surface 0, M=16, N=20
     Wake 0, M=160, N=20
  Surface 1, M=16, N=20
     Wake 1, M=160, N=20
  In total: 640 bound panels
  In total: 6400 wake panels
  Total number of panels = 7040
Generating an instance of StaticCoupled
Variable correct_forces_method has no assigned value in the settings file.
    will default to the value: 
Variable correct_forces_settings has no assigned value in the settings file.
    will default to the value: {}
Variable runtime_generators has no assigned value in the settings file.
    will default to the value: {}
Variable nonlifting_body_interactions has no assigned value in the settings file.
    will default to the value: False
Generating an instance of NonLinearStatic
Variable abs_threshold has no assigned value in the settings file.
    will default to the value: 1e-13
Variable newmark_damp has no assigned value in the settings file.
    will default to the value: 0.0001
Variable gravity_dir has no assigned value in the settings file.
    will default to the value: [0.0, 0.0, 1.0]
Variable relaxation_factor has no assigned value in the settings file.
    will default to the value: 0.3
Variable dt has no assigned value in the settings file.
    will default to the value: 0.01
Variable num_steps has no assigned value in the settings file.
    will default to the value: 500
Variable initial_position has no assigned value in the settings file.
    will default to the value: [0. 0. 0.]
Variable initial_velocity has no assigned value in the settings file.
    will default to the value: [0. 0. 0. 0. 0. 0.]
Generating an instance of StaticUvlm
Variable nonlifting_body_interactions has no assigned value in the settings file.
    will default to the value: False
Variable only_nonlifting has no assigned value in the settings file.
    will default to the value: False
Variable phantom_wing_test has no assigned value in the settings file.
    will default to the value: False
Variable iterative_solver has no assigned value in the settings file.
    will default to the value: False
Variable iterative_tol has no assigned value in the settings file.
    will default to the value: 0.0001
Variable iterative_precond has no assigned value in the settings file.
    will default to the value: False
Variable cfl1 has no assigned value in the settings file.
    will default to the value: True
Variable vortex_radius has no assigned value in the settings file.
    will default to the value: 1e-06
Variable vortex_radius_wake_ind has no assigned value in the settings file.
    will default to the value: 1e-06
Variable rbm_vel_g has no assigned value in the settings file.
    will default to the value: [0.0, 0.0, 0.0, 0.0, 0.0, 0.0]
Variable centre_rot_g has no assigned value in the settings file.
    will default to the value: [0.0, 0.0, 0.0]
Variable map_forces_on_struct has no assigned value in the settings file.
    will default to the value: False
Variable ignore_first_x_nodes_in_force_calculation has no assigned value in the settings file.
    will default to the value: 0



|=====|=====|============|==========|==========|==========|==========|==========|==========|
|iter |step | log10(res) |    Fx    |    Fy    |    Fz    |    Mx    |    My    |    Mz    |
|=====|=====|============|==========|==========|==========|==========|==========|==========|
|  0  |  0  |  0.00000   |  7.4102  |  0.0000  |-152.4904 |  0.0000  | 126.9257 |  0.0000  |
|  1  |  0  | -11.15628  |  7.3768  |  0.0000  |-151.8718 |  0.0008  | 127.0245 |  0.0000  |
|  0  |  1  |  0.00000   | 14.7844  |  0.0000  |-303.0742 |  0.0023  | 254.1532 |  0.0000  |
|  1  |  1  | -10.79673  | 14.7175  |  0.0000  |-301.8350 |  0.0038  | 254.3513 |  0.0000  |
|  0  |  2  |  0.00000   | 22.1228  |  0.0000  |-451.7442 |  0.0070  | 381.6838 |  0.0001  |
|  1  |  2  | -10.56931  | 22.0223  |  0.0000  |-449.8822 |  0.0093  | 381.9815 |  0.0001  |
|  0  |  3  |  0.00000   | 29.4255  |  0.0001  |-598.4931 |  0.0140  | 509.5187 |  0.0002  |
|  1  |  3  | -10.39874  | 29.2912  |  0.0001  |-596.0063 |  0.0171  | 509.9164 |  0.0002  |
|  0  |  4  |  0.00000   | 36.6924  |  0.0001  |-743.3135 |  0.0235  | 637.6592 |  0.0003  |
|  1  |  4  | -10.26293  | 36.5246  | -0.0001  |-740.2143 | -0.0112  | 638.1645 | -0.0001  |
|  0  |  5  |  0.00000   | 43.9244  | -0.0002  |-886.2246 | -0.0354  | 766.1201 | -0.0004  |
|  1  |  5  | -10.14572  | 43.7226  | -0.0002  |-882.5077 | -0.0399  | 766.7380 | -0.0005  |
|  0  |  6  |  0.00000   | 51.1211  | -0.0002  |-1027.2168| -0.0494  | 894.9122 | -0.0005  |
|  1  |  6  | -10.04360  | 50.8847  | -0.0003  |-1022.8514| -0.0548  | 895.6197 | -0.0006  |
|  0  |  7  |  0.00000   | 58.2819  | -0.0003  |-1166.2345| -0.0660  |1023.9976 | -0.0007  |
|  1  |  7  |  -9.95416  | 58.0112  | -0.0004  |-1161.2346| -0.0723  |1024.8059 | -0.0008  |
|  2  |  7  | -10.21811  | 57.8636  | -0.0004  |-1158.5081| -0.0756  |1025.2467 | -0.0008  |
|  0  |  8  |  0.00000   | 65.4056  | -0.0004  |-1303.2615| -0.0850  |1153.3993 | -0.0009  |
|  1  |  8  |  -9.87539  | 65.1015  | -0.0005  |-1297.6457| -0.0921  |1154.3066 | -0.0010  |
|  2  |  8  | -10.13871  | 64.9354  | -0.0005  |-1294.5787| -0.0959  |1154.8021 | -0.0010  |
|  0  |  9  |  0.00000   | 72.4953  | -0.0005  |-1438.3468| -0.1065  |1283.1109 | -0.0011  |
|  1  |  9  |  -9.80263  | 72.1568  | -0.0006  |-1432.0968| -0.1144  |1284.1199 | -0.0012  |
|  2  |  9  | -10.06532  | 71.9717  | -0.0006  |-1428.6783| -0.1186  |1284.6718 | -0.0013  |
Generating an instance of AeroForcesCalculator
Variable text_file_name has no assigned value in the settings file.
    will default to the value: aeroforces.txt
Variable screen_output has no assigned value in the settings file.
    will default to the value: True
Variable coefficients has no assigned value in the settings file.
    will default to the value: False
Variable lifting_surfaces has no assigned value in the settings file.
    will default to the value: True
Variable nonlifting_body has no assigned value in the settings file.
    will default to the value: False



|==============|==============|==============|==============|==============|==============|==============|
|    tstep     |     fx_g     |     fy_g     |     fz_g     |     mx_g     |     my_g     |     mz_g     |
|==============|==============|==============|==============|==============|==============|==============|
|      0       | 2.206709e+01 |-5.826213e-04 | 2.840751e+03 |-1.185588e-01 | 4.496694e+02 | 2.884392e-03 |
...Finished
FINISHED - Elapsed time = 6.8752956 seconds
FINISHED - CPU process time = 6.7742286 seconds
