--------------------------------------------------------------------------------
            ######  ##     ##    ###    ########  ########  ##    ##
           ##    ## ##     ##   ## ##   ##     ## ##     ##  ##  ##
           ##       ##     ##  ##   ##  ##     ## ##     ##   ####
            ######  ######### ##     ## ########  ########     ##
                 ## ##     ## ######### ##   ##   ##           ##
           ##    ## ##     ## ##     ## ##    ##  ##           ##
            ######  ##     ## ##     ## ##     ## ##           ##
--------------------------------------------------------------------------------
Aeroelastics Lab, Aeronautics Department.
    Copyright (c), Imperial College London.
    All rights reserved.
    License available at https://github.com/imperialcollegelondon/sharpy
Running SHARPy from /Users/benpreston/sharpy_cases/goland_swept_loads
SHARPy being run is in /Users/benpreston/sharpy_installs/dev_profiler
The branch being run is develop
The version and commit hash are: 2.1-284-g23da1e0b-23da1e0b
SHARPy output folder set
	/Users/benpreston/sharpy_cases/goland_swept_loads/output//goland_ang_n30_00_pos_0_95/
Generating an instance of BeamLoader
Variable for_pos has no assigned value in the settings file.
    will default to the value: [0.0, 0, 0]
Generating an instance of AerogridLoader
Variable control_surface_deflection has no assigned value in the settings file.
    will default to the value: []
Variable control_surface_deflection_generator_settings has no assigned value in the settings file.
    will default to the value: {}
Variable dx1 has no assigned value in the settings file.
    will default to the value: -1.0
Variable ndx1 has no assigned value in the settings file.
    will default to the value: 1
Variable r has no assigned value in the settings file.
    will default to the value: 1.0
Variable dxmax has no assigned value in the settings file.
    will default to the value: -1.0
The aerodynamic grid contains 2 surfaces
  Surface 0, M=16, N=20
     Wake 0, M=160, N=20
  Surface 1, M=16, N=20
     Wake 1, M=160, N=20
  In total: 640 bound panels
  In total: 6400 wake panels
  Total number of panels = 7040
Generating an instance of StaticCoupled
Variable correct_forces_method has no assigned value in the settings file.
    will default to the value: 
Variable correct_forces_settings has no assigned value in the settings file.
    will default to the value: {}
Variable runtime_generators has no assigned value in the settings file.
    will default to the value: {}
Variable nonlifting_body_interactions has no assigned value in the settings file.
    will default to the value: False
Generating an instance of NonLinearStatic
Variable abs_threshold has no assigned value in the settings file.
    will default to the value: 1e-13
Variable newmark_damp has no assigned value in the settings file.
    will default to the value: 0.0001
Variable gravity_dir has no assigned value in the settings file.
    will default to the value: [0.0, 0.0, 1.0]
Variable relaxation_factor has no assigned value in the settings file.
    will default to the value: 0.3
Variable dt has no assigned value in the settings file.
    will default to the value: 0.01
Variable num_steps has no assigned value in the settings file.
    will default to the value: 500
Variable initial_position has no assigned value in the settings file.
    will default to the value: [0. 0. 0.]
Variable initial_velocity has no assigned value in the settings file.
    will default to the value: [0. 0. 0. 0. 0. 0.]
Generating an instance of StaticUvlm
Variable nonlifting_body_interactions has no assigned value in the settings file.
    will default to the value: False
Variable only_nonlifting has no assigned value in the settings file.
    will default to the value: False
Variable phantom_wing_test has no assigned value in the settings file.
    will default to the value: False
Variable iterative_solver has no assigned value in the settings file.
    will default to the value: False
Variable iterative_tol has no assigned value in the settings file.
    will default to the value: 0.0001
Variable iterative_precond has no assigned value in the settings file.
    will default to the value: False
Variable cfl1 has no assigned value in the settings file.
    will default to the value: True
Variable vortex_radius has no assigned value in the settings file.
    will default to the value: 1e-06
Variable vortex_radius_wake_ind has no assigned value in the settings file.
    will default to the value: 1e-06
Variable rbm_vel_g has no assigned value in the settings file.
    will default to the value: [0.0, 0.0, 0.0, 0.0, 0.0, 0.0]
Variable centre_rot_g has no assigned value in the settings file.
    will default to the value: [0.0, 0.0, 0.0]
Variable map_forces_on_struct has no assigned value in the settings file.
    will default to the value: False
Variable ignore_first_x_nodes_in_force_calculation has no assigned value in the settings file.
    will default to the value: 0



|=====|=====|============|==========|==========|==========|==========|==========|==========|
|iter |step | log10(res) |    Fx    |    Fy    |    Fz    |    Mx    |    My    |    Mz    |
|=====|=====|============|==========|==========|==========|==========|==========|==========|
|  0  |  0  |  0.00000   |  7.3741  |  0.0000  |-150.4507 | -1.7840  | 121.8707 | -0.0566  |
|  1  |  0  | -11.35821  |  7.3428  | -0.0003  |-149.8673 | -1.8459  | 121.9695 | -0.0601  |
|  0  |  1  |  0.00000   | 14.7147  | -0.0009  |-299.1031 | -3.7587  | 244.0431 | -0.1155  |
|  1  |  1  | -10.97519  | 14.6519  | -0.0015  |-297.9342 | -3.8824  | 244.2411 | -0.1226  |
|  0  |  2  |  0.00000   | 22.0218  | -0.0027  |-445.9497 | -5.9240  | 366.5187 | -0.1768  |
|  1  |  2  | -10.73050  | 21.9274  | -0.0037  |-444.1930 | -6.1096  | 366.8162 | -0.1873  |
|  0  |  3  |  0.00000   | 29.2954  | -0.0054  |-590.9828 | -8.2800  | 489.2986 | -0.2403  |
|  1  |  3  | -10.54667  | 29.1692  | -0.0068  |-588.6361 | -8.5275  | 489.6962 | -0.2544  |
|  0  |  4  |  0.00000   | 36.5356  | -0.0092  |-734.1947 | -10.8267 | 612.3844 | -0.3059  |
|  1  |  4  | -10.39818  | 36.3776  | -0.0108  |-731.2559 | -11.1361 | 612.8825 | -0.3236  |
|  0  |  5  |  0.00000   | 43.7425  | -0.0138  |-875.5778 | -13.5641 | 735.7775 | -0.3737  |
|  1  |  5  | -10.27687  | 43.5529  | -0.0159  |-872.0660 | -13.9262 | 736.3928 | -0.3954  |
|  0  |  6  |  0.00000   | 50.9170  | -0.0197  |-1015.1670| -16.4935 | 859.5127 | -0.4446  |
|  1  |  6  | -10.16651  | 50.6950  | -0.0221  |-1011.0534| -16.9485 | 860.2266 | -0.4698  |
|  0  |  7  |  0.00000   | 58.0578  | -0.0265  |-1152.9040| -19.6501 | 983.5534 | -0.5172  |
|  1  |  7  | -10.07033  | 57.8034  | -0.0293  |-1148.1823| -20.1514 | 984.3632 | -0.5459  |
|  0  |  8  |  0.00000   | 65.1653  | -0.0342  |-1288.7767| -22.9748 |1107.8979 | -0.5915  |
|  1  |  8  |  -9.98485  | 64.8785  | -0.0373  |-1283.4522| -23.5378 |1108.8091 | -0.6239  |
|  2  |  8  | -10.24754  | 64.7216  | -0.0390  |-1280.5401| -23.8410 |1109.3074 | -0.6413  |
|  0  |  9  |  0.00000   | 72.2373  | -0.0429  |-1422.7456| -26.4910 |1232.5627 | -0.6678  |
|  1  |  9  |  -9.90949  | 71.9194  | -0.0464  |-1416.8430| -27.1167 |1233.5721 | -0.7039  |
|  2  |  9  | -10.17147  | 71.7452  | -0.0483  |-1413.6093| -27.4536 |1234.1251 | -0.7233  |
Generating an instance of AeroForcesCalculator
Variable text_file_name has no assigned value in the settings file.
    will default to the value: aeroforces.txt
Variable screen_output has no assigned value in the settings file.
    will default to the value: True
Variable coefficients has no assigned value in the settings file.
    will default to the value: False
Variable lifting_surfaces has no assigned value in the settings file.
    will default to the value: True
Variable nonlifting_body has no assigned value in the settings file.
    will default to the value: False



|==============|==============|==============|==============|==============|==============|==============|
|    tstep     |     fx_g     |     fy_g     |     fz_g     |     mx_g     |     my_g     |     mz_g     |
|==============|==============|==============|==============|==============|==============|==============|
|      0       | 2.236666e+01 |-4.833025e-02 | 2.860228e+03 |-9.612732e+00 | 4.720091e+02 | 2.198681e-01 |
...Finished
FINISHED - Elapsed time = 5.8219636 seconds
FINISHED - CPU process time = 5.8228596 seconds
