--------------------------------------------------------------------------------
            ######  ##     ##    ###    ########  ########  ##    ##
           ##    ## ##     ##   ## ##   ##     ## ##     ##  ##  ##
           ##       ##     ##  ##   ##  ##     ## ##     ##   ####
            ######  ######### ##     ## ########  ########     ##
                 ## ##     ## ######### ##   ##   ##           ##
           ##    ## ##     ## ##     ## ##    ##  ##           ##
            ######  ##     ## ##     ## ##     ## ##           ##
--------------------------------------------------------------------------------
Aeroelastics Lab, Aeronautics Department.
    Copyright (c), Imperial College London.
    All rights reserved.
    License available at https://github.com/imperialcollegelondon/sharpy
Running SHARPy from /Users/benpreston/sharpy_cases/goland_swept_loads
SHARPy being run is in /Users/benpreston/sharpy_installs/dev_profiler
The branch being run is develop
The version and commit hash are: 2.1-284-g23da1e0b-23da1e0b
SHARPy output folder set
	/Users/benpreston/sharpy_cases/goland_swept_loads/output//goland_ang_40_00_pos_0_80/
Generating an instance of BeamLoader
Variable for_pos has no assigned value in the settings file.
    will default to the value: [0.0, 0, 0]
Generating an instance of AerogridLoader
Variable control_surface_deflection has no assigned value in the settings file.
    will default to the value: []
Variable control_surface_deflection_generator_settings has no assigned value in the settings file.
    will default to the value: {}
Variable dx1 has no assigned value in the settings file.
    will default to the value: -1.0
Variable ndx1 has no assigned value in the settings file.
    will default to the value: 1
Variable r has no assigned value in the settings file.
    will default to the value: 1.0
Variable dxmax has no assigned value in the settings file.
    will default to the value: -1.0
The aerodynamic grid contains 2 surfaces
  Surface 0, M=16, N=20
     Wake 0, M=160, N=20
  Surface 1, M=16, N=20
     Wake 1, M=160, N=20
  In total: 640 bound panels
  In total: 6400 wake panels
  Total number of panels = 7040
Generating an instance of StaticCoupled
Variable correct_forces_method has no assigned value in the settings file.
    will default to the value: 
Variable correct_forces_settings has no assigned value in the settings file.
    will default to the value: {}
Variable runtime_generators has no assigned value in the settings file.
    will default to the value: {}
Variable nonlifting_body_interactions has no assigned value in the settings file.
    will default to the value: False
Generating an instance of NonLinearStatic
Variable abs_threshold has no assigned value in the settings file.
    will default to the value: 1e-13
Variable newmark_damp has no assigned value in the settings file.
    will default to the value: 0.0001
Variable gravity_dir has no assigned value in the settings file.
    will default to the value: [0.0, 0.0, 1.0]
Variable relaxation_factor has no assigned value in the settings file.
    will default to the value: 0.3
Variable dt has no assigned value in the settings file.
    will default to the value: 0.01
Variable num_steps has no assigned value in the settings file.
    will default to the value: 500
Variable initial_position has no assigned value in the settings file.
    will default to the value: [0. 0. 0.]
Variable initial_velocity has no assigned value in the settings file.
    will default to the value: [0. 0. 0. 0. 0. 0.]
Generating an instance of StaticUvlm
Variable nonlifting_body_interactions has no assigned value in the settings file.
    will default to the value: False
Variable only_nonlifting has no assigned value in the settings file.
    will default to the value: False
Variable phantom_wing_test has no assigned value in the settings file.
    will default to the value: False
Variable iterative_solver has no assigned value in the settings file.
    will default to the value: False
Variable iterative_tol has no assigned value in the settings file.
    will default to the value: 0.0001
Variable iterative_precond has no assigned value in the settings file.
    will default to the value: False
Variable cfl1 has no assigned value in the settings file.
    will default to the value: True
Variable vortex_radius has no assigned value in the settings file.
    will default to the value: 1e-06
Variable vortex_radius_wake_ind has no assigned value in the settings file.
    will default to the value: 1e-06
Variable rbm_vel_g has no assigned value in the settings file.
    will default to the value: [0.0, 0.0, 0.0, 0.0, 0.0, 0.0]
Variable centre_rot_g has no assigned value in the settings file.
    will default to the value: [0.0, 0.0, 0.0]
Variable map_forces_on_struct has no assigned value in the settings file.
    will default to the value: False
Variable ignore_first_x_nodes_in_force_calculation has no assigned value in the settings file.
    will default to the value: 0



|=====|=====|============|==========|==========|==========|==========|==========|==========|
|iter |step | log10(res) |    Fx    |    Fy    |    Fz    |    Mx    |    My    |    Mz    |
|=====|=====|============|==========|==========|==========|==========|==========|==========|
|  0  |  0  |  0.00000   |  7.7924  |  0.0000  |-165.7898 |  0.0000  | 141.9031 |  0.0000  |
|  1  |  0  | -10.93301  |  7.7563  |  0.0000  |-165.1210 |  0.0005  | 141.9827 |  0.0000  |
|  0  |  1  |  0.00000   | 15.5462  |  0.0000  |-329.5190 |  0.0015  | 284.0480 |  0.0000  |
|  1  |  1  | -10.58720  | 15.4739  |  0.0000  |-328.1801 |  0.0025  | 284.2074 |  0.0000  |
|  0  |  2  |  0.00000   | 23.2615  |  0.0001  |-491.1830 |  0.0046  | 426.4354 |  0.0000  |
|  1  |  2  | -10.37072  | 23.1528  |  0.0001  |-489.1728 |  0.0061  | 426.6749 |  0.0000  |
|  0  |  3  |  0.00000   | 30.9385  |  0.0001  |-650.7773 |  0.0092  | 569.0661 |  0.0000  |
|  1  |  3  | -10.21026  | 30.7935  | -0.0001  |-648.1023 | -0.0048  | 569.3895 | -0.0000  |
|  0  |  4  |  0.00000   | 38.5777  | -0.0002  |-808.3120 | -0.0154  | 711.9478 | -0.0001  |
|  1  |  4  | -10.07826  | 38.3961  | -0.0002  |-804.9694 | -0.0178  | 712.3580 | -0.0001  |
|  0  |  5  |  0.00000   | 46.1791  | -0.0003  |-963.7820 | -0.0229  | 855.0869 | -0.0001  |
|  1  |  5  |  -9.96790  | 45.9606  | -0.0004  |-959.7551 | -0.0259  | 855.5725 | -0.0001  |
|  2  |  5  | -10.23473  | 45.8422  | -0.0004  |-957.5741 | -0.0274  | 855.8356 | -0.0001  |
|  0  |  6  |  0.00000   | 53.7419  | -0.0004  |-1117.1437| -0.0320  | 998.4660 | -0.0001  |
|  1  |  6  |  -9.87283  | 53.4868  | -0.0005  |-1112.4468| -0.0354  | 999.0310 | -0.0001  |
|  2  |  6  | -10.13927  | 53.3485  | -0.0005  |-1109.9004| -0.0373  | 999.3374 | -0.0001  |
|  0  |  7  |  0.00000   | 61.2675  | -0.0006  |-1268.4239| -0.0426  |1142.0901 | -0.0002  |
|  1  |  7  |  -9.78795  | 60.9754  | -0.0007  |-1263.0502| -0.0465  |1142.7360 | -0.0002  |
|  2  |  7  | -10.05404  | 60.8169  | -0.0007  |-1260.1341| -0.0486  |1143.0865 | -0.0002  |
|  0  |  8  |  0.00000   | 68.7555  | -0.0008  |-1417.6087| -0.0546  |1285.9619 | -0.0002  |
|  1  |  8  |  -9.71164  | 68.4264  | -0.0008  |-1411.5565| -0.0590  |1286.6886 | -0.0002  |
|  2  |  8  |  -9.97737  | 68.2476  | -0.0009  |-1408.2693| -0.0613  |1287.0834 | -0.0002  |
|  3  |  8  | -12.03397  | 68.2460  | -0.0009  |-1408.2386| -0.0613  |1287.0872 | -0.0002  |
|  0  |  9  |  0.00000   | 76.2063  | -0.0010  |-1564.6918| -0.0680  |1430.0816 | -0.0002  |
|  1  |  9  |  -9.64240  | 75.8401  | -0.0010  |-1557.9639| -0.0729  |1430.8896 | -0.0002  |
|  2  |  9  |  -9.90769  | 75.6409  | -0.0011  |-1554.3055| -0.0755  |1431.3291 | -0.0002  |
|  3  |  9  | -11.91059  | 75.6388  | -0.0011  |-1554.2668| -0.0755  |1431.3339 | -0.0002  |
Generating an instance of AeroForcesCalculator
Variable text_file_name has no assigned value in the settings file.
    will default to the value: aeroforces.txt
Variable screen_output has no assigned value in the settings file.
    will default to the value: True
Variable coefficients has no assigned value in the settings file.
    will default to the value: False
Variable lifting_surfaces has no assigned value in the settings file.
    will default to the value: True
Variable nonlifting_body has no assigned value in the settings file.
    will default to the value: False



|==============|==============|==============|==============|==============|==============|==============|
|    tstep     |     fx_g     |     fy_g     |     fz_g     |     mx_g     |     my_g     |     mz_g     |
|==============|==============|==============|==============|==============|==============|==============|
|      0       | 2.134938e+01 |-1.089616e-03 | 2.715092e+03 |-7.540873e-02 | 3.529707e+02 | 2.402646e-03 |
...Finished
FINISHED - Elapsed time = 7.1156346 seconds
FINISHED - CPU process time = 7.1128506 seconds
