--------------------------------------------------------------------------------
            ######  ##     ##    ###    ########  ########  ##    ##
           ##    ## ##     ##   ## ##   ##     ## ##     ##  ##  ##
           ##       ##     ##  ##   ##  ##     ## ##     ##   ####
            ######  ######### ##     ## ########  ########     ##
                 ## ##     ## ######### ##   ##   ##           ##
           ##    ## ##     ## ##     ## ##    ##  ##           ##
            ######  ##     ## ##     ## ##     ## ##           ##
--------------------------------------------------------------------------------
Aeroelastics Lab, Aeronautics Department.
    Copyright (c), Imperial College London.
    All rights reserved.
    License available at https://github.com/imperialcollegelondon/sharpy
Running SHARPy from /Users/benpreston/sharpy_cases/goland_swept_loads
SHARPy being run is in /Users/benpreston/sharpy_installs/dev_profiler
The branch being run is develop
The version and commit hash are: 2.1-284-g23da1e0b-23da1e0b
SHARPy output folder set
	/Users/benpreston/sharpy_cases/goland_swept_loads/output//goland_ang_30_00_pos_0_70/
Generating an instance of BeamLoader
Variable for_pos has no assigned value in the settings file.
    will default to the value: [0.0, 0, 0]
Generating an instance of AerogridLoader
Variable control_surface_deflection has no assigned value in the settings file.
    will default to the value: []
Variable control_surface_deflection_generator_settings has no assigned value in the settings file.
    will default to the value: {}
Variable dx1 has no assigned value in the settings file.
    will default to the value: -1.0
Variable ndx1 has no assigned value in the settings file.
    will default to the value: 1
Variable r has no assigned value in the settings file.
    will default to the value: 1.0
Variable dxmax has no assigned value in the settings file.
    will default to the value: -1.0
The aerodynamic grid contains 2 surfaces
  Surface 0, M=16, N=20
     Wake 0, M=160, N=20
  Surface 1, M=16, N=20
     Wake 1, M=160, N=20
  In total: 640 bound panels
  In total: 6400 wake panels
  Total number of panels = 7040
Generating an instance of StaticCoupled
Variable correct_forces_method has no assigned value in the settings file.
    will default to the value: 
Variable correct_forces_settings has no assigned value in the settings file.
    will default to the value: {}
Variable runtime_generators has no assigned value in the settings file.
    will default to the value: {}
Variable nonlifting_body_interactions has no assigned value in the settings file.
    will default to the value: False
Generating an instance of NonLinearStatic
Variable abs_threshold has no assigned value in the settings file.
    will default to the value: 1e-13
Variable newmark_damp has no assigned value in the settings file.
    will default to the value: 0.0001
Variable gravity_dir has no assigned value in the settings file.
    will default to the value: [0.0, 0.0, 1.0]
Variable relaxation_factor has no assigned value in the settings file.
    will default to the value: 0.3
Variable dt has no assigned value in the settings file.
    will default to the value: 0.01
Variable num_steps has no assigned value in the settings file.
    will default to the value: 500
Variable initial_position has no assigned value in the settings file.
    will default to the value: [0. 0. 0.]
Variable initial_velocity has no assigned value in the settings file.
    will default to the value: [0. 0. 0. 0. 0. 0.]
Generating an instance of StaticUvlm
Variable nonlifting_body_interactions has no assigned value in the settings file.
    will default to the value: False
Variable only_nonlifting has no assigned value in the settings file.
    will default to the value: False
Variable phantom_wing_test has no assigned value in the settings file.
    will default to the value: False
Variable iterative_solver has no assigned value in the settings file.
    will default to the value: False
Variable iterative_tol has no assigned value in the settings file.
    will default to the value: 0.0001
Variable iterative_precond has no assigned value in the settings file.
    will default to the value: False
Variable cfl1 has no assigned value in the settings file.
    will default to the value: True
Variable vortex_radius has no assigned value in the settings file.
    will default to the value: 1e-06
Variable vortex_radius_wake_ind has no assigned value in the settings file.
    will default to the value: 1e-06
Variable rbm_vel_g has no assigned value in the settings file.
    will default to the value: [0.0, 0.0, 0.0, 0.0, 0.0, 0.0]
Variable centre_rot_g has no assigned value in the settings file.
    will default to the value: [0.0, 0.0, 0.0]
Variable map_forces_on_struct has no assigned value in the settings file.
    will default to the value: False
Variable ignore_first_x_nodes_in_force_calculation has no assigned value in the settings file.
    will default to the value: 0



|=====|=====|============|==========|==========|==========|==========|==========|==========|
|iter |step | log10(res) |    Fx    |    Fy    |    Fz    |    Mx    |    My    |    Mz    |
|=====|=====|============|==========|==========|==========|==========|==========|==========|
|  0  |  0  |  0.00000   |  7.7484  |  0.0000  |-164.2607 |  0.0000  | 155.9722 |  0.0000  |
|  1  |  0  | -10.82560  |  7.7074  |  0.0000  |-163.5044 | -0.0000  | 156.0145 | -0.0000  |
|  0  |  1  |  0.00000   | 15.4531  |  0.0000  |-326.1921 | -0.0001  | 312.0709 | -0.0000  |
|  1  |  1  | -10.48022  | 15.3711  |  0.0000  |-324.6793 | -0.0003  | 312.1556 | -0.0000  |
|  0  |  2  |  0.00000   | 23.1144  |  0.0000  |-485.7931 | -0.0005  | 468.2964 | -0.0000  |
|  1  |  2  | -10.26418  | 22.9912  |  0.0000  |-483.5235 | -0.0007  | 468.4236 | -0.0000  |
|  0  |  3  |  0.00000   | 30.7326  |  0.0000  |-643.0624 | -0.0011  | 624.6489 | -0.0000  |
|  1  |  3  | -10.10297  | 30.5683  | -0.0000  |-640.0406 |  0.0007  | 624.8224 |  0.0000  |
|  0  |  4  |  0.00000   | 38.3085  | -0.0001  |-798.0082 |  0.0020  | 781.1359 |  0.0001  |
|  1  |  4  |  -9.97215  | 38.1025  | -0.0001  |-794.2287 |  0.0025  | 781.3526 |  0.0001  |
|  2  |  4  | -10.24085  | 37.9915  | -0.0001  |-792.1906 |  0.0028  | 781.4695 |  0.0001  |
|  0  |  5  |  0.00000   | 45.8416  | -0.0001  |-950.6181 |  0.0033  | 937.7527 |  0.0001  |
|  1  |  5  |  -9.86248  | 45.5940  | -0.0001  |-946.0789 |  0.0040  | 938.0104 |  0.0001  |
|  2  |  5  | -10.13113  | 45.4605  | -0.0001  |-943.6305 |  0.0043  | 938.1495 |  0.0001  |
|  0  |  6  |  0.00000   | 53.3325  | -0.0002  |-1100.8890|  0.0051  |1094.4953 |  0.0002  |
|  1  |  6  |  -9.76726  | 53.0432  | -0.0002  |-1095.5904|  0.0059  |1094.7950 |  0.0002  |
|  2  |  6  | -10.03582  | 52.8871  | -0.0002  |-1092.7317|  0.0064  |1094.9568 |  0.0002  |
|  0  |  7  |  0.00000   | 60.7815  | -0.0002  |-1248.8196|  0.0073  |1251.3650 |  0.0002  |
|  1  |  7  |  -9.68278  | 60.4503  | -0.0002  |-1242.7609|  0.0084  |1251.7071 |  0.0003  |
|  2  |  7  |  -9.95129  | 60.2716  | -0.0002  |-1239.4912|  0.0089  |1251.8919 |  0.0003  |
|  3  |  7  | -12.66793  | 60.2712  | -0.0002  |-1239.4834|  0.0089  |1251.8925 |  0.0003  |
|  0  |  8  |  0.00000   | 68.1889  | -0.0003  |-1394.4077|  0.0100  |1408.3624 |  0.0003  |
|  1  |  8  |  -9.60702  | 67.8158  | -0.0003  |-1387.5918|  0.0114  |1408.7473 |  0.0003  |
|  2  |  8  |  -9.87540  | 67.6144  | -0.0003  |-1383.9119|  0.0121  |1408.9553 |  0.0004  |
|  3  |  8  | -12.51328  | 67.6138  | -0.0003  |-1383.9014|  0.0121  |1408.9562 |  0.0004  |
|  0  |  9  |  0.00000   | 75.5551  | -0.0003  |-1537.6553|  0.0134  |1565.4883 |  0.0004  |
|  1  |  9  |  -9.53785  | 75.1397  | -0.0003  |-1530.0748|  0.0150  |1565.9151 |  0.0004  |
|  2  |  9  |  -9.80624  | 74.9154  | -0.0004  |-1525.9818|  0.0159  |1566.1459 |  0.0004  |
|  3  |  9  | -12.43340  | 74.9147  | -0.0004  |-1525.9697|  0.0159  |1566.1469 |  0.0004  |
Generating an instance of AeroForcesCalculator
Variable text_file_name has no assigned value in the settings file.
    will default to the value: aeroforces.txt
Variable screen_output has no assigned value in the settings file.
    will default to the value: True
Variable coefficients has no assigned value in the settings file.
    will default to the value: False
Variable lifting_surfaces has no assigned value in the settings file.
    will default to the value: True
Variable nonlifting_body has no assigned value in the settings file.
    will default to the value: False



|==============|==============|==============|==============|==============|==============|==============|
|    tstep     |     fx_g     |     fy_g     |     fz_g     |     mx_g     |     my_g     |     mz_g     |
|==============|==============|==============|==============|==============|==============|==============|
|      0       | 2.161340e+01 |-3.632319e-04 | 2.743390e+03 | 1.587188e-02 | 2.317057e+02 |-1.052921e-04 |
...Finished
FINISHED - Elapsed time = 7.5712216 seconds
FINISHED - CPU process time = 7.6306726 seconds
