--------------------------------------------------------------------------------
            ######  ##     ##    ###    ########  ########  ##    ##
           ##    ## ##     ##   ## ##   ##     ## ##     ##  ##  ##
           ##       ##     ##  ##   ##  ##     ## ##     ##   ####
            ######  ######### ##     ## ########  ########     ##
                 ## ##     ## ######### ##   ##   ##           ##
           ##    ## ##     ## ##     ## ##    ##  ##           ##
            ######  ##     ## ##     ## ##     ## ##           ##
--------------------------------------------------------------------------------
Aeroelastics Lab, Aeronautics Department.
    Copyright (c), Imperial College London.
    All rights reserved.
    License available at https://github.com/imperialcollegelondon/sharpy
Running SHARPy from /Users/benpreston/sharpy_cases/goland_swept_loads
SHARPy being run is in /Users/benpreston/sharpy_installs/dev_profiler
The branch being run is develop
The version and commit hash are: 2.1-284-g23da1e0b-23da1e0b
SHARPy output folder set
	/Users/benpreston/sharpy_cases/goland_swept_loads/output//goland_ang_40_00_pos_0_85/
Generating an instance of BeamLoader
Variable for_pos has no assigned value in the settings file.
    will default to the value: [0.0, 0, 0]
Generating an instance of AerogridLoader
Variable control_surface_deflection has no assigned value in the settings file.
    will default to the value: []
Variable control_surface_deflection_generator_settings has no assigned value in the settings file.
    will default to the value: {}
Variable dx1 has no assigned value in the settings file.
    will default to the value: -1.0
Variable ndx1 has no assigned value in the settings file.
    will default to the value: 1
Variable r has no assigned value in the settings file.
    will default to the value: 1.0
Variable dxmax has no assigned value in the settings file.
    will default to the value: -1.0
The aerodynamic grid contains 2 surfaces
  Surface 0, M=16, N=20
     Wake 0, M=160, N=20
  Surface 1, M=16, N=20
     Wake 1, M=160, N=20
  In total: 640 bound panels
  In total: 6400 wake panels
  Total number of panels = 7040
Generating an instance of StaticCoupled
Variable correct_forces_method has no assigned value in the settings file.
    will default to the value: 
Variable correct_forces_settings has no assigned value in the settings file.
    will default to the value: {}
Variable runtime_generators has no assigned value in the settings file.
    will default to the value: {}
Variable nonlifting_body_interactions has no assigned value in the settings file.
    will default to the value: False
Generating an instance of NonLinearStatic
Variable abs_threshold has no assigned value in the settings file.
    will default to the value: 1e-13
Variable newmark_damp has no assigned value in the settings file.
    will default to the value: 0.0001
Variable gravity_dir has no assigned value in the settings file.
    will default to the value: [0.0, 0.0, 1.0]
Variable relaxation_factor has no assigned value in the settings file.
    will default to the value: 0.3
Variable dt has no assigned value in the settings file.
    will default to the value: 0.01
Variable num_steps has no assigned value in the settings file.
    will default to the value: 500
Variable initial_position has no assigned value in the settings file.
    will default to the value: [0. 0. 0.]
Variable initial_velocity has no assigned value in the settings file.
    will default to the value: [0. 0. 0. 0. 0. 0.]
Generating an instance of StaticUvlm
Variable nonlifting_body_interactions has no assigned value in the settings file.
    will default to the value: False
Variable only_nonlifting has no assigned value in the settings file.
    will default to the value: False
Variable phantom_wing_test has no assigned value in the settings file.
    will default to the value: False
Variable iterative_solver has no assigned value in the settings file.
    will default to the value: False
Variable iterative_tol has no assigned value in the settings file.
    will default to the value: 0.0001
Variable iterative_precond has no assigned value in the settings file.
    will default to the value: False
Variable cfl1 has no assigned value in the settings file.
    will default to the value: True
Variable vortex_radius has no assigned value in the settings file.
    will default to the value: 1e-06
Variable vortex_radius_wake_ind has no assigned value in the settings file.
    will default to the value: 1e-06
Variable rbm_vel_g has no assigned value in the settings file.
    will default to the value: [0.0, 0.0, 0.0, 0.0, 0.0, 0.0]
Variable centre_rot_g has no assigned value in the settings file.
    will default to the value: [0.0, 0.0, 0.0]
Variable map_forces_on_struct has no assigned value in the settings file.
    will default to the value: False
Variable ignore_first_x_nodes_in_force_calculation has no assigned value in the settings file.
    will default to the value: 0



|=====|=====|============|==========|==========|==========|==========|==========|==========|
|iter |step | log10(res) |    Fx    |    Fy    |    Fz    |    Mx    |    My    |    Mz    |
|=====|=====|============|==========|==========|==========|==========|==========|==========|
|  0  |  0  |  0.00000   |  7.6772  | -0.0002  |-161.6114 |  2.0110  | 132.4494 |  0.0629  |
|  1  |  0  | -11.03642  |  7.6431  |  0.0010  |-160.9803 |  2.1504  | 132.5402 |  0.0717  |
|  0  |  1  |  0.00000   | 15.3179  |  0.0030  |-321.2781 |  4.4512  | 265.1753 |  0.1338  |
|  1  |  1  | -10.68628  | 15.2496  |  0.0055  |-320.0142 |  4.7296  | 265.3572 |  0.1514  |
|  0  |  2  |  0.00000   | 22.9221  |  0.0096  |-478.9942 |  7.3192  | 398.1788 |  0.2125  |
|  1  |  2  | -10.46630  | 22.8195  |  0.0133  |-477.0959 |  7.7360  | 398.4519 |  0.2390  |
|  0  |  3  |  0.00000   | 30.4900  |  0.0196  |-634.7539 | 10.6132  | 531.4606 |  0.2990  |
|  1  |  3  | -10.30175  | 30.3531  |  0.0247  |-632.2217 | 11.1604  | 531.8266 |  0.3341  |
|  0  |  4  |  0.00000   | 38.0219  |  0.0332  |-788.5554 | 14.3174  | 665.0242 |  0.3924  |
|  1  |  4  | -10.16878  | 37.8505  |  0.0396  |-785.3933 | 14.9939  | 665.4881 |  0.4366  |
|  0  |  5  |  0.00000   | 45.5180  |  0.0503  |-940.4038 | 18.4266  | 798.8795 |  0.4934  |
|  1  |  5  | -10.05614  | 45.3118  |  0.0580  |-936.6017 | 19.2663  | 799.4360 |  0.5469  |
|  0  |  6  |  0.00000   | 52.9780  |  0.0710  |-1090.2800| 22.9999  | 933.0187 |  0.6021  |
|  1  |  6  |  -9.95834  | 52.7369  |  0.0801  |-1085.8315| 23.9661  | 933.6651 |  0.6646  |
|  2  |  6  | -10.22400  | 52.6059  |  0.0849  |-1083.4152| 24.4811  | 934.0162 |  0.6979  |
|  0  |  7  |  0.00000   | 60.4011  |  0.0952  |-1238.1496| 27.9724  |1067.4401 |  0.7175  |
|  1  |  7  |  -9.87290  | 60.1256  |  0.1057  |-1233.0691| 29.0752  |1068.1767 |  0.7892  |
|  2  |  7  | -10.13807  | 59.9758  |  0.1113  |-1230.3062| 29.6629  |1068.5774 |  0.8274  |
|  0  |  8  |  0.00000   | 67.7892  |  0.1231  |-1384.0452| 33.3638  |1202.1424 |  0.8401  |
|  1  |  8  |  -9.79533  | 67.4788  |  0.1350  |-1378.3220| 34.6038  |1202.9711 |  0.9210  |
|  2  |  8  | -10.05999  | 67.3097  |  0.1413  |-1375.2057| 35.2630  |1203.4225 |  0.9641  |
|  0  |  9  |  0.00000   | 75.1416  |  0.1547  |-1527.9454| 39.1711  |1337.1289 |  0.9695  |
|  1  |  9  |  -9.72487  | 74.7962  |  0.1680  |-1521.5814| 40.5470  |1338.0506 |  1.0598  |
|  2  |  9  |  -9.98896  | 74.6079  |  0.1750  |-1518.1112| 41.2774  |1338.5532 |  1.1077  |
|  3  |  9  | -11.87266  | 74.6053  |  0.1749  |-1518.0641| 41.2660  |1338.5601 |  1.1070  |
Generating an instance of AeroForcesCalculator
Variable text_file_name has no assigned value in the settings file.
    will default to the value: aeroforces.txt
Variable screen_output has no assigned value in the settings file.
    will default to the value: True
Variable coefficients has no assigned value in the settings file.
    will default to the value: False
Variable lifting_surfaces has no assigned value in the settings file.
    will default to the value: True
Variable nonlifting_body has no assigned value in the settings file.
    will default to the value: False



|==============|==============|==============|==============|==============|==============|==============|
|    tstep     |     fx_g     |     fy_g     |     fz_g     |     mx_g     |     my_g     |     mz_g     |
|==============|==============|==============|==============|==============|==============|==============|
|      0       | 2.157992e+01 | 1.749166e-01 | 2.758557e+03 | 2.115660e+01 | 4.055767e+02 |-3.553274e-01 |
...Finished
FINISHED - Elapsed time = 6.6200936 seconds
FINISHED - CPU process time = 6.6006296 seconds
