--------------------------------------------------------------------------------
            ######  ##     ##    ###    ########  ########  ##    ##
           ##    ## ##     ##   ## ##   ##     ## ##     ##  ##  ##
           ##       ##     ##  ##   ##  ##     ## ##     ##   ####
            ######  ######### ##     ## ########  ########     ##
                 ## ##     ## ######### ##   ##   ##           ##
           ##    ## ##     ## ##     ## ##    ##  ##           ##
            ######  ##     ## ##     ## ##     ## ##           ##
--------------------------------------------------------------------------------
Aeroelastics Lab, Aeronautics Department.
    Copyright (c), Imperial College London.
    All rights reserved.
    License available at https://github.com/imperialcollegelondon/sharpy
Running SHARPy from /Users/benpreston/sharpy_cases/goland_swept_loads
SHARPy being run is in /Users/benpreston/sharpy_installs/dev_profiler
The branch being run is develop
The version and commit hash are: 2.1-284-g23da1e0b-23da1e0b
SHARPy output folder set
	/Users/benpreston/sharpy_cases/goland_swept_loads/output//goland_ang_40_00_pos_0_70/
Generating an instance of BeamLoader
Variable for_pos has no assigned value in the settings file.
    will default to the value: [0.0, 0, 0]
Generating an instance of AerogridLoader
Variable control_surface_deflection has no assigned value in the settings file.
    will default to the value: []
Variable control_surface_deflection_generator_settings has no assigned value in the settings file.
    will default to the value: {}
Variable dx1 has no assigned value in the settings file.
    will default to the value: -1.0
Variable ndx1 has no assigned value in the settings file.
    will default to the value: 1
Variable r has no assigned value in the settings file.
    will default to the value: 1.0
Variable dxmax has no assigned value in the settings file.
    will default to the value: -1.0
The aerodynamic grid contains 2 surfaces
  Surface 0, M=16, N=20
     Wake 0, M=160, N=20
  Surface 1, M=16, N=20
     Wake 1, M=160, N=20
  In total: 640 bound panels
  In total: 6400 wake panels
  Total number of panels = 7040
Generating an instance of StaticCoupled
Variable correct_forces_method has no assigned value in the settings file.
    will default to the value: 
Variable correct_forces_settings has no assigned value in the settings file.
    will default to the value: {}
Variable runtime_generators has no assigned value in the settings file.
    will default to the value: {}
Variable nonlifting_body_interactions has no assigned value in the settings file.
    will default to the value: False
Generating an instance of NonLinearStatic
Variable abs_threshold has no assigned value in the settings file.
    will default to the value: 1e-13
Variable newmark_damp has no assigned value in the settings file.
    will default to the value: 0.0001
Variable gravity_dir has no assigned value in the settings file.
    will default to the value: [0.0, 0.0, 1.0]
Variable relaxation_factor has no assigned value in the settings file.
    will default to the value: 0.3
Variable dt has no assigned value in the settings file.
    will default to the value: 0.01
Variable num_steps has no assigned value in the settings file.
    will default to the value: 500
Variable initial_position has no assigned value in the settings file.
    will default to the value: [0. 0. 0.]
Variable initial_velocity has no assigned value in the settings file.
    will default to the value: [0. 0. 0. 0. 0. 0.]
Generating an instance of StaticUvlm
Variable nonlifting_body_interactions has no assigned value in the settings file.
    will default to the value: False
Variable only_nonlifting has no assigned value in the settings file.
    will default to the value: False
Variable phantom_wing_test has no assigned value in the settings file.
    will default to the value: False
Variable iterative_solver has no assigned value in the settings file.
    will default to the value: False
Variable iterative_tol has no assigned value in the settings file.
    will default to the value: 0.0001
Variable iterative_precond has no assigned value in the settings file.
    will default to the value: False
Variable cfl1 has no assigned value in the settings file.
    will default to the value: True
Variable vortex_radius has no assigned value in the settings file.
    will default to the value: 1e-06
Variable vortex_radius_wake_ind has no assigned value in the settings file.
    will default to the value: 1e-06
Variable rbm_vel_g has no assigned value in the settings file.
    will default to the value: [0.0, 0.0, 0.0, 0.0, 0.0, 0.0]
Variable centre_rot_g has no assigned value in the settings file.
    will default to the value: [0.0, 0.0, 0.0]
Variable map_forces_on_struct has no assigned value in the settings file.
    will default to the value: False
Variable ignore_first_x_nodes_in_force_calculation has no assigned value in the settings file.
    will default to the value: 0



|=====|=====|============|==========|==========|==========|==========|==========|==========|
|iter |step | log10(res) |    Fx    |    Fy    |    Fz    |    Mx    |    My    |    Mz    |
|=====|=====|============|==========|==========|==========|==========|==========|==========|
|  0  |  0  |  0.00000   |  8.0940  |  0.0000  |-176.3737 |  0.0000  | 166.5684 |  0.0000  |
|  1  |  0  | -10.72715  |  8.0526  |  0.0000  |-175.6088 |  0.0001  | 166.5975 | -0.0000  |
|  0  |  1  |  0.00000   | 16.1439  |  0.0000  |-350.3917 |  0.0003  | 333.2222 | -0.0000  |
|  1  |  1  | -10.38597  | 16.0609  |  0.0000  |-348.8619 |  0.0004  | 333.2806 | -0.0000  |
|  0  |  2  |  0.00000   | 24.1500  |  0.0001  |-522.0540 |  0.0008  | 499.9617 | -0.0000  |
|  1  |  2  | -10.17336  | 24.0253  |  0.0001  |-519.7594 |  0.0010  | 500.0493 | -0.0000  |
|  0  |  3  |  0.00000   | 32.1128  |  0.0001  |-691.3608 |  0.0015  | 666.7870 | -0.0000  |
|  1  |  3  | -10.01496  | 31.9465  | -0.0001  |-688.3118 | -0.0007  | 666.9101 |  0.0000  |
|  0  |  4  |  0.00000   | 40.0331  | -0.0002  |-858.3318 | -0.0023  | 833.7101 |  0.0001  |
|  1  |  4  |  -9.88671  | 39.8246  | -0.0002  |-854.5114 | -0.0025  | 833.8597 |  0.0001  |
|  2  |  4  | -10.15554  | 39.7124  | -0.0002  |-852.4534 | -0.0026  | 833.9408 |  0.0001  |
|  0  |  5  |  0.00000   | 47.9103  | -0.0003  |-1022.9374| -0.0032  |1000.7167 |  0.0001  |
|  1  |  5  |  -9.77898  | 47.6598  | -0.0003  |-1018.3505| -0.0034  |1000.8947 |  0.0001  |
|  2  |  5  | -10.04816  | 47.5248  | -0.0004  |-1015.8797| -0.0035  |1000.9909 |  0.0001  |
|  0  |  6  |  0.00000   | 55.7453  | -0.0004  |-1185.1848| -0.0041  |1167.8080 |  0.0001  |
|  1  |  6  |  -9.68529  | 55.4524  | -0.0005  |-1179.8316| -0.0042  |1168.0153 |  0.0002  |
|  2  |  6  |  -9.95451  | 55.2947  | -0.0005  |-1176.9480| -0.0043  |1168.1273 |  0.0002  |
|  3  |  6  | -13.80661  | 55.2946  | -0.0005  |-1176.9466| -0.0043  |1168.1276 |  0.0002  |
|  0  |  7  |  0.00000   | 63.5382  | -0.0006  |-1345.0738| -0.0049  |1334.9858 |  0.0002  |
|  1  |  7  |  -9.60244  | 63.2030  | -0.0006  |-1338.9566| -0.0050  |1335.2227 |  0.0002  |
|  2  |  7  |  -9.87165  | 63.0224  | -0.0006  |-1335.6608| -0.0050  |1335.3506 |  0.0003  |
|  3  |  7  | -14.07797  | 63.0223  | -0.0006  |-1335.6587| -0.0050  |1335.3510 |  0.0002  |
|  0  |  8  |  0.00000   | 71.2895  | -0.0007  |-1502.6068| -0.0057  |1502.2506 |  0.0003  |
|  1  |  8  |  -9.52763  | 70.9116  | -0.0008  |-1495.7200| -0.0056  |1502.5163 |  0.0003  |
|  2  |  8  |  -9.79693  | 70.7080  | -0.0008  |-1492.0100| -0.0056  |1502.6599 |  0.0003  |
|  3  |  8  | -13.45785  | 70.7079  | -0.0008  |-1492.0080| -0.0056  |1502.6604 |  0.0003  |
|  0  |  9  |  0.00000   | 78.9993  | -0.0009  |-1657.7765| -0.0062  |1669.6011 |  0.0004  |
|  1  |  9  |  -9.45990  | 78.5789  | -0.0010  |-1650.1271| -0.0061  |1669.8966 |  0.0004  |
|  2  |  9  |  -9.72917  | 78.3523  | -0.0010  |-1646.0053| -0.0060  |1670.0564 |  0.0004  |
|  3  |  9  | -13.76482  | 78.3522  | -0.0010  |-1646.0022| -0.0060  |1670.0571 |  0.0004  |
Generating an instance of AeroForcesCalculator
Variable text_file_name has no assigned value in the settings file.
    will default to the value: aeroforces.txt
Variable screen_output has no assigned value in the settings file.
    will default to the value: True
Variable coefficients has no assigned value in the settings file.
    will default to the value: False
Variable lifting_surfaces has no assigned value in the settings file.
    will default to the value: True
Variable nonlifting_body has no assigned value in the settings file.
    will default to the value: False



|==============|==============|==============|==============|==============|==============|==============|
|    tstep     |     fx_g     |     fy_g     |     fz_g     |     mx_g     |     my_g     |     mz_g     |
|==============|==============|==============|==============|==============|==============|==============|
|      0       | 2.085975e+01 |-1.013459e-03 | 2.623309e+03 |-6.037180e-03 | 1.918678e+02 | 6.343711e-04 |
...Finished
FINISHED - Elapsed time = 7.8439726 seconds
FINISHED - CPU process time = 7.8954986 seconds
