--------------------------------------------------------------------------------
            ######  ##     ##    ###    ########  ########  ##    ##
           ##    ## ##     ##   ## ##   ##     ## ##     ##  ##  ##
           ##       ##     ##  ##   ##  ##     ## ##     ##   ####
            ######  ######### ##     ## ########  ########     ##
                 ## ##     ## ######### ##   ##   ##           ##
           ##    ## ##     ## ##     ## ##    ##  ##           ##
            ######  ##     ## ##     ## ##     ## ##           ##
--------------------------------------------------------------------------------
Aeroelastics Lab, Aeronautics Department.
    Copyright (c), Imperial College London.
    All rights reserved.
    License available at https://github.com/imperialcollegelondon/sharpy
Running SHARPy from /Users/benpreston/sharpy_cases/goland_swept_loads
SHARPy being run is in /Users/benpreston/sharpy_installs/dev_profiler
The branch being run is develop
The version and commit hash are: 2.1-284-g23da1e0b-23da1e0b
SHARPy output folder set
	/Users/benpreston/sharpy_cases/goland_swept_loads/output//goland_ang_n40_00_pos_0_55/
Generating an instance of BeamLoader
Variable for_pos has no assigned value in the settings file.
    will default to the value: [0.0, 0, 0]
Generating an instance of AerogridLoader
Variable control_surface_deflection has no assigned value in the settings file.
    will default to the value: []
Variable control_surface_deflection_generator_settings has no assigned value in the settings file.
    will default to the value: {}
Variable dx1 has no assigned value in the settings file.
    will default to the value: -1.0
Variable ndx1 has no assigned value in the settings file.
    will default to the value: 1
Variable r has no assigned value in the settings file.
    will default to the value: 1.0
Variable dxmax has no assigned value in the settings file.
    will default to the value: -1.0
The aerodynamic grid contains 2 surfaces
  Surface 0, M=16, N=20
     Wake 0, M=160, N=20
  Surface 1, M=16, N=20
     Wake 1, M=160, N=20
  In total: 640 bound panels
  In total: 6400 wake panels
  Total number of panels = 7040
Generating an instance of StaticCoupled
Variable correct_forces_method has no assigned value in the settings file.
    will default to the value: 
Variable correct_forces_settings has no assigned value in the settings file.
    will default to the value: {}
Variable runtime_generators has no assigned value in the settings file.
    will default to the value: {}
Variable nonlifting_body_interactions has no assigned value in the settings file.
    will default to the value: False
Generating an instance of NonLinearStatic
Variable abs_threshold has no assigned value in the settings file.
    will default to the value: 1e-13
Variable newmark_damp has no assigned value in the settings file.
    will default to the value: 0.0001
Variable gravity_dir has no assigned value in the settings file.
    will default to the value: [0.0, 0.0, 1.0]
Variable relaxation_factor has no assigned value in the settings file.
    will default to the value: 0.3
Variable dt has no assigned value in the settings file.
    will default to the value: 0.01
Variable num_steps has no assigned value in the settings file.
    will default to the value: 500
Variable initial_position has no assigned value in the settings file.
    will default to the value: [0. 0. 0.]
Variable initial_velocity has no assigned value in the settings file.
    will default to the value: [0. 0. 0. 0. 0. 0.]
Generating an instance of StaticUvlm
Variable nonlifting_body_interactions has no assigned value in the settings file.
    will default to the value: False
Variable only_nonlifting has no assigned value in the settings file.
    will default to the value: False
Variable phantom_wing_test has no assigned value in the settings file.
    will default to the value: False
Variable iterative_solver has no assigned value in the settings file.
    will default to the value: False
Variable iterative_tol has no assigned value in the settings file.
    will default to the value: 0.0001
Variable iterative_precond has no assigned value in the settings file.
    will default to the value: False
Variable cfl1 has no assigned value in the settings file.
    will default to the value: True
Variable vortex_radius has no assigned value in the settings file.
    will default to the value: 1e-06
Variable vortex_radius_wake_ind has no assigned value in the settings file.
    will default to the value: 1e-06
Variable rbm_vel_g has no assigned value in the settings file.
    will default to the value: [0.0, 0.0, 0.0, 0.0, 0.0, 0.0]
Variable centre_rot_g has no assigned value in the settings file.
    will default to the value: [0.0, 0.0, 0.0]
Variable map_forces_on_struct has no assigned value in the settings file.
    will default to the value: False
Variable ignore_first_x_nodes_in_force_calculation has no assigned value in the settings file.
    will default to the value: 0



|=====|=====|============|==========|==========|==========|==========|==========|==========|
|iter |step | log10(res) |    Fx    |    Fy    |    Fz    |    Mx    |    My    |    Mz    |
|=====|=====|============|==========|==========|==========|==========|==========|==========|
|  0  |  0  |  0.00000   |  8.6350  | -0.0003  |-195.2444 | -2.1459  | -15.1213 | -0.0587  |
|  1  |  0  | -12.18281  |  8.6442  |  0.0002  |-195.4194 | -2.3443  | -15.2021 | -0.0698  |
|  0  |  1  |  0.00000   | 17.2799  |  0.0005  |-391.0287 | -4.9041  | -30.4954 | -0.1242  |
|  1  |  1  | -12.48352  | 17.2984  |  0.0015  |-391.3801 | -5.3025  | -30.6578 | -0.1464  |
|  0  |  2  |  0.00000   | 25.9349  |  0.0023  |-587.3581 | -8.2806  | -46.1248 | -0.1968  |
|  1  |  2  | -12.00050  | 25.9628  |  0.0038  |-587.8876 | -8.8809  | -46.3695 | -0.2301  |
|  0  |  3  |  0.00000   | 34.6002  |  0.0051  |-784.2381 | -12.2816 | -62.0118 | -0.2765  |
|  1  |  3  | -11.47582  | 34.6374  |  0.0071  |-784.9473 | -13.0856 | -62.3396 | -0.3209  |
|  0  |  4  |  0.00000   | 43.2758  |  0.0089  |-981.6741 | -16.9134 | -78.1591 | -0.3634  |
|  1  |  4  | -11.17258  | 43.3224  |  0.0114  |-982.5645 | -17.9230 | -78.5706 | -0.4190  |
|  0  |  5  |  0.00000   | 51.9620  |  0.0137  |-1179.6715| -22.1824 | -94.5689 | -0.4577  |
|  1  |  5  | -10.95277  | 52.0179  |  0.0166  |-1180.7449| -23.3994 | -95.0649 | -0.5245  |
|  0  |  6  |  0.00000   | 60.6587  |  0.0194  |-1378.2361| -28.0949 |-111.2440 | -0.5596  |
|  1  |  6  | -10.77874  | 60.7241  |  0.0229  |-1379.4940| -29.5213 |-111.8253 | -0.6376  |
|  0  |  7  |  0.00000   | 69.3662  |  0.0262  |-1577.3734| -34.6575 |-128.1868 | -0.6692  |
|  1  |  7  | -10.63406  | 69.4411  |  0.0301  |-1578.8176| -36.2952 |-128.8541 | -0.7584  |
|  0  |  8  |  0.00000   | 78.0847  |  0.0339  |-1777.0891| -41.8768 |-145.3999 | -0.7866  |
|  1  |  8  | -10.50991  | 78.1691  |  0.0383  |-1778.7213| -43.7279 |-146.1540 | -0.8871  |
|  0  |  9  |  0.00000   | 86.8141  |  0.0426  |-1977.3892| -49.7596 |-162.8860 | -0.9120  |
|  1  |  9  | -10.40103  | 86.9082  |  0.0474  |-1979.2111| -51.8260 |-163.7278 | -1.0238  |
Generating an instance of AeroForcesCalculator
Variable text_file_name has no assigned value in the settings file.
    will default to the value: aeroforces.txt
Variable screen_output has no assigned value in the settings file.
    will default to the value: True
Variable coefficients has no assigned value in the settings file.
    will default to the value: False
Variable lifting_surfaces has no assigned value in the settings file.
    will default to the value: True
Variable nonlifting_body has no assigned value in the settings file.
    will default to the value: False



|==============|==============|==============|==============|==============|==============|==============|
|    tstep     |     fx_g     |     fy_g     |     fz_g     |     mx_g     |     my_g     |     mz_g     |
|==============|==============|==============|==============|==============|==============|==============|
|      0       | 1.779917e+01 | 4.991377e-02 | 2.296266e+03 |-3.147632e+01 | 8.274702e+02 | 7.367780e-01 |
...Finished
FINISHED - Elapsed time = 5.3271826 seconds
FINISHED - CPU process time = 5.3301806 seconds
