--------------------------------------------------------------------------------
            ######  ##     ##    ###    ########  ########  ##    ##
           ##    ## ##     ##   ## ##   ##     ## ##     ##  ##  ##
           ##       ##     ##  ##   ##  ##     ## ##     ##   ####
            ######  ######### ##     ## ########  ########     ##
                 ## ##     ## ######### ##   ##   ##           ##
           ##    ## ##     ## ##     ## ##    ##  ##           ##
            ######  ##     ## ##     ## ##     ## ##           ##
--------------------------------------------------------------------------------
Aeroelastics Lab, Aeronautics Department.
    Copyright (c), Imperial College London.
    All rights reserved.
    License available at https://github.com/imperialcollegelondon/sharpy
Running SHARPy from /Users/benpreston/sharpy_cases/goland_swept_loads
SHARPy being run is in /Users/benpreston/sharpy_installs/dev_profiler
The branch being run is develop
The version and commit hash are: 2.1-284-g23da1e0b-23da1e0b
SHARPy output folder set
	/Users/benpreston/sharpy_cases/goland_swept_loads/output//goland_ang_30_00_pos_0_55/
Generating an instance of BeamLoader
Variable for_pos has no assigned value in the settings file.
    will default to the value: [0.0, 0, 0]
Generating an instance of AerogridLoader
Variable control_surface_deflection has no assigned value in the settings file.
    will default to the value: []
Variable control_surface_deflection_generator_settings has no assigned value in the settings file.
    will default to the value: {}
Variable dx1 has no assigned value in the settings file.
    will default to the value: -1.0
Variable ndx1 has no assigned value in the settings file.
    will default to the value: 1
Variable r has no assigned value in the settings file.
    will default to the value: 1.0
Variable dxmax has no assigned value in the settings file.
    will default to the value: -1.0
The aerodynamic grid contains 2 surfaces
  Surface 0, M=16, N=20
     Wake 0, M=160, N=20
  Surface 1, M=16, N=20
     Wake 1, M=160, N=20
  In total: 640 bound panels
  In total: 6400 wake panels
  Total number of panels = 7040
Generating an instance of StaticCoupled
Variable correct_forces_method has no assigned value in the settings file.
    will default to the value: 
Variable correct_forces_settings has no assigned value in the settings file.
    will default to the value: {}
Variable runtime_generators has no assigned value in the settings file.
    will default to the value: {}
Variable nonlifting_body_interactions has no assigned value in the settings file.
    will default to the value: False
Generating an instance of NonLinearStatic
Variable abs_threshold has no assigned value in the settings file.
    will default to the value: 1e-13
Variable newmark_damp has no assigned value in the settings file.
    will default to the value: 0.0001
Variable gravity_dir has no assigned value in the settings file.
    will default to the value: [0.0, 0.0, 1.0]
Variable relaxation_factor has no assigned value in the settings file.
    will default to the value: 0.3
Variable dt has no assigned value in the settings file.
    will default to the value: 0.01
Variable num_steps has no assigned value in the settings file.
    will default to the value: 500
Variable initial_position has no assigned value in the settings file.
    will default to the value: [0. 0. 0.]
Variable initial_velocity has no assigned value in the settings file.
    will default to the value: [0. 0. 0. 0. 0. 0.]
Generating an instance of StaticUvlm
Variable nonlifting_body_interactions has no assigned value in the settings file.
    will default to the value: False
Variable only_nonlifting has no assigned value in the settings file.
    will default to the value: False
Variable phantom_wing_test has no assigned value in the settings file.
    will default to the value: False
Variable iterative_solver has no assigned value in the settings file.
    will default to the value: False
Variable iterative_tol has no assigned value in the settings file.
    will default to the value: 0.0001
Variable iterative_precond has no assigned value in the settings file.
    will default to the value: False
Variable cfl1 has no assigned value in the settings file.
    will default to the value: True
Variable vortex_radius has no assigned value in the settings file.
    will default to the value: 1e-06
Variable vortex_radius_wake_ind has no assigned value in the settings file.
    will default to the value: 1e-06
Variable rbm_vel_g has no assigned value in the settings file.
    will default to the value: [0.0, 0.0, 0.0, 0.0, 0.0, 0.0]
Variable centre_rot_g has no assigned value in the settings file.
    will default to the value: [0.0, 0.0, 0.0]
Variable map_forces_on_struct has no assigned value in the settings file.
    will default to the value: False
Variable ignore_first_x_nodes_in_force_calculation has no assigned value in the settings file.
    will default to the value: 0



|=====|=====|============|==========|==========|==========|==========|==========|==========|
|iter |step | log10(res) |    Fx    |    Fy    |    Fz    |    Mx    |    My    |    Mz    |
|=====|=====|============|==========|==========|==========|==========|==========|==========|
|  0  |  0  |  0.00000   |  8.0601  | -0.0004  |-175.0257 |  1.7039  | 193.5739 |  0.0496  |
|  1  |  0  | -10.61561  |  8.0121  |  0.0013  |-174.1451 |  1.8674  | 193.4715 |  0.0610  |
|  0  |  1  |  0.00000   | 16.0694  |  0.0035  |-347.3414 |  3.9096  | 386.8276 |  0.1117  |
|  1  |  1  | -10.27479  | 15.9735  |  0.0070  |-345.5829 |  4.2338  | 386.6230 |  0.1346  |
|  0  |  2  |  0.00000   | 24.0288  |  0.0119  |-516.9562 |  6.6073  | 579.7620 |  0.1859  |
|  1  |  2  | -10.06264  | 23.8848  |  0.0171  |-514.3244 |  7.0855  | 579.4565 |  0.2201  |
|  0  |  3  |  0.00000   | 31.9389  |  0.0246  |-683.8831 |  9.7794  | 772.3799 |  0.2716  |
|  1  |  3  |  -9.90458  | 31.7466  |  0.0315  |-680.3787 | 10.4162  | 771.9733 |  0.3175  |
|  2  |  3  | -10.17593  | 31.6436  |  0.0352  |-678.5016 | 10.7479  | 771.7555 |  0.3414  |
|  0  |  4  |  0.00000   | 39.8007  |  0.0415  |-848.1380 | 13.4179  | 964.6828 |  0.3681  |
|  1  |  4  |  -9.77671  | 39.5596  |  0.0503  |-843.7563 | 14.2140  | 964.1744 |  0.4260  |
|  2  |  4  | -10.04867  | 39.4307  |  0.0549  |-841.4125 | 14.6256  | 963.9023 |  0.4560  |
|  0  |  5  |  0.00000   | 47.6140  |  0.0628  |-1009.7124| 17.5269  |1156.6695 |  0.4762  |
|  1  |  5  |  -9.66957  | 47.3243  |  0.0734  |-1004.4592| 18.4745  |1156.0592 |  0.5459  |
|  2  |  5  |  -9.94213  | 47.1695  |  0.0789  |-1001.6527| 18.9602  |1155.7330 |  0.5816  |
|  3  |  5  | -12.02506  | 47.1708  |  0.0786  |-1001.6764| 18.9340  |1155.7357 |  0.5797  |
|  0  |  6  |  0.00000   | 55.3798  |  0.0883  |-1168.6216| 22.0846  |1348.3402 |  0.5948  |
|  1  |  6  |  -9.57645  | 55.0412  |  0.1008  |-1162.4971| 23.1843  |1347.6284 |  0.6764  |
|  2  |  6  |  -9.84963  | 54.8606  |  0.1072  |-1159.2296| 23.7429  |1347.2484 |  0.7180  |
|  3  |  6  | -11.86217  | 54.8624  |  0.1068  |-1159.2622| 23.7069  |1347.2520 |  0.7154  |
|  0  |  7  |  0.00000   | 63.0986  |  0.1182  |-1324.8714| 27.0864  |1539.6960 |  0.7238  |
|  1  |  7  |  -9.49418  | 62.7111  |  0.1325  |-1317.8796| 28.3330  |1538.8831 |  0.8173  |
|  2  |  7  |  -9.76794  | 62.5046  |  0.1397  |-1314.1543| 28.9609  |1538.4497 |  0.8645  |
|  3  |  7  | -11.72364  | 62.5069  |  0.1392  |-1314.1966| 28.9147  |1538.4544 |  0.8612  |
|  0  |  8  |  0.00000   | 70.7710  |  0.1522  |-1478.4730| 32.5195  |1730.7381 |  0.8628  |
|  1  |  8  |  -9.42024  | 70.3344  |  0.1684  |-1470.6138| 33.9175  |1729.8238 |  0.9685  |
|  2  |  8  |  -9.69460  | 70.1020  |  0.1765  |-1466.4320| 34.6141  |1729.3371 |  1.0214  |
|  3  |  8  | -11.59800  | 70.1050  |  0.1758  |-1466.4855| 34.5543  |1729.3430 |  1.0170  |
|  0  |  9  |  0.00000   | 78.3977  |  0.1903  |-1629.4319| 38.3810  |1921.4666 |  1.0116  |
|  1  |  9  |  -9.35314  | 77.9118  |  0.2084  |-1620.7109| 39.9218  |1920.4520 |  1.1293  |
|  2  |  9  |  -9.62807  | 77.6536  |  0.2174  |-1616.0764| 40.6831  |1919.9126 |  1.1877  |
|  3  |  9  | -11.48725  | 77.6573  |  0.2165  |-1616.1420| 40.6103  |1919.9198 |  1.1824  |
Generating an instance of AeroForcesCalculator
Variable text_file_name has no assigned value in the settings file.
    will default to the value: aeroforces.txt
Variable screen_output has no assigned value in the settings file.
    will default to the value: True
Variable coefficients has no assigned value in the settings file.
    will default to the value: False
Variable lifting_surfaces has no assigned value in the settings file.
    will default to the value: True
Variable nonlifting_body has no assigned value in the settings file.
    will default to the value: False



|==============|==============|==============|==============|==============|==============|==============|
|    tstep     |     fx_g     |     fy_g     |     fz_g     |     mx_g     |     my_g     |     mz_g     |
|==============|==============|==============|==============|==============|==============|==============|
|      0       | 2.120777e+01 | 2.162779e-01 | 2.657565e+03 | 2.356171e+01 |-1.238962e+02 |-2.494921e-01 |
...Finished
FINISHED - Elapsed time = 8.3073946 seconds
FINISHED - CPU process time = 8.3350236 seconds
