--------------------------------------------------------------------------------
            ######  ##     ##    ###    ########  ########  ##    ##
           ##    ## ##     ##   ## ##   ##     ## ##     ##  ##  ##
           ##       ##     ##  ##   ##  ##     ## ##     ##   ####
            ######  ######### ##     ## ########  ########     ##
                 ## ##     ## ######### ##   ##   ##           ##
           ##    ## ##     ## ##     ## ##    ##  ##           ##
            ######  ##     ## ##     ## ##     ## ##           ##
--------------------------------------------------------------------------------
Aeroelastics Lab, Aeronautics Department.
    Copyright (c), Imperial College London.
    All rights reserved.
    License available at https://github.com/imperialcollegelondon/sharpy
Running SHARPy from /Users/benpreston/sharpy_cases/goland_swept_loads
SHARPy being run is in /Users/benpreston/sharpy_installs/dev_profiler
The branch being run is develop
The version and commit hash are: 2.1-284-g23da1e0b-23da1e0b
SHARPy output folder set
	/Users/benpreston/sharpy_cases/goland_swept_loads/output//goland_ang_n20_00_pos_0_90/
Generating an instance of BeamLoader
Variable for_pos has no assigned value in the settings file.
    will default to the value: [0.0, 0, 0]
Generating an instance of AerogridLoader
Variable control_surface_deflection has no assigned value in the settings file.
    will default to the value: []
Variable control_surface_deflection_generator_settings has no assigned value in the settings file.
    will default to the value: {}
Variable dx1 has no assigned value in the settings file.
    will default to the value: -1.0
Variable ndx1 has no assigned value in the settings file.
    will default to the value: 1
Variable r has no assigned value in the settings file.
    will default to the value: 1.0
Variable dxmax has no assigned value in the settings file.
    will default to the value: -1.0
The aerodynamic grid contains 2 surfaces
  Surface 0, M=16, N=20
     Wake 0, M=160, N=20
  Surface 1, M=16, N=20
     Wake 1, M=160, N=20
  In total: 640 bound panels
  In total: 6400 wake panels
  Total number of panels = 7040
Generating an instance of StaticCoupled
Variable correct_forces_method has no assigned value in the settings file.
    will default to the value: 
Variable correct_forces_settings has no assigned value in the settings file.
    will default to the value: {}
Variable runtime_generators has no assigned value in the settings file.
    will default to the value: {}
Variable nonlifting_body_interactions has no assigned value in the settings file.
    will default to the value: False
Generating an instance of NonLinearStatic
Variable abs_threshold has no assigned value in the settings file.
    will default to the value: 1e-13
Variable newmark_damp has no assigned value in the settings file.
    will default to the value: 0.0001
Variable gravity_dir has no assigned value in the settings file.
    will default to the value: [0.0, 0.0, 1.0]
Variable relaxation_factor has no assigned value in the settings file.
    will default to the value: 0.3
Variable dt has no assigned value in the settings file.
    will default to the value: 0.01
Variable num_steps has no assigned value in the settings file.
    will default to the value: 500
Variable initial_position has no assigned value in the settings file.
    will default to the value: [0. 0. 0.]
Variable initial_velocity has no assigned value in the settings file.
    will default to the value: [0. 0. 0. 0. 0. 0.]
Generating an instance of StaticUvlm
Variable nonlifting_body_interactions has no assigned value in the settings file.
    will default to the value: False
Variable only_nonlifting has no assigned value in the settings file.
    will default to the value: False
Variable phantom_wing_test has no assigned value in the settings file.
    will default to the value: False
Variable iterative_solver has no assigned value in the settings file.
    will default to the value: False
Variable iterative_tol has no assigned value in the settings file.
    will default to the value: 0.0001
Variable iterative_precond has no assigned value in the settings file.
    will default to the value: False
Variable cfl1 has no assigned value in the settings file.
    will default to the value: True
Variable vortex_radius has no assigned value in the settings file.
    will default to the value: 1e-06
Variable vortex_radius_wake_ind has no assigned value in the settings file.
    will default to the value: 1e-06
Variable rbm_vel_g has no assigned value in the settings file.
    will default to the value: [0.0, 0.0, 0.0, 0.0, 0.0, 0.0]
Variable centre_rot_g has no assigned value in the settings file.
    will default to the value: [0.0, 0.0, 0.0]
Variable map_forces_on_struct has no assigned value in the settings file.
    will default to the value: False
Variable ignore_first_x_nodes_in_force_calculation has no assigned value in the settings file.
    will default to the value: 0



|=====|=====|============|==========|==========|==========|==========|==========|==========|
|iter |step | log10(res) |    Fx    |    Fy    |    Fz    |    Mx    |    My    |    Mz    |
|=====|=====|============|==========|==========|==========|==========|==========|==========|
|  0  |  0  |  0.00000   |  7.3533  |  0.0000  |-149.8346 |  0.0000  | 119.6084 |  0.0000  |
|  1  |  0  | -11.39101  |  7.3224  |  0.0000  |-149.2592 |  0.0002  | 119.7082 |  0.0000  |
|  0  |  1  |  0.00000   | 14.6735  |  0.0000  |-297.8956 |  0.0006  | 239.5217 |  0.0000  |
|  1  |  1  | -11.00408  | 14.6116  |  0.0000  |-296.7425 |  0.0009  | 239.7218 |  0.0001  |
|  0  |  2  |  0.00000   | 21.9607  |  0.0000  |-444.1751 |  0.0017  | 359.7414 |  0.0001  |
|  1  |  2  | -10.75671  | 21.8676  |  0.0000  |-442.4422 |  0.0023  | 360.0421 |  0.0002  |
|  0  |  3  |  0.00000   | 29.2148  |  0.0000  |-588.6655 |  0.0034  | 480.2688 |  0.0002  |
|  1  |  3  | -10.57087  | 29.0904  |  0.0000  |-586.3506 |  0.0041  | 480.6707 |  0.0003  |
|  0  |  4  |  0.00000   | 36.4360  |  0.0000  |-731.3590 |  0.0056  | 601.1055 |  0.0004  |
|  1  |  4  | -10.42085  | 36.2801  |  0.0000  |-728.4598 |  0.0065  | 601.6089 |  0.0005  |
|  0  |  5  |  0.00000   | 43.6242  |  0.0001  |-872.2478 |  0.0084  | 722.2529 |  0.0006  |
|  1  |  5  | -10.29827  | 43.4373  | -0.0000  |-868.7832 | -0.0042  | 722.8761 | -0.0003  |
|  0  |  6  |  0.00000   | 50.7804  | -0.0001  |-1011.3611| -0.0121  | 843.7447 | -0.0008  |
|  1  |  6  | -10.18709  | 50.5614  | -0.0001  |-1007.3029| -0.0131  | 844.4663 | -0.0009  |
|  0  |  7  |  0.00000   | 57.9034  | -0.0001  |-1148.6513| -0.0155  | 965.5469 | -0.0011  |
|  1  |  7  | -10.09003  | 57.6525  | -0.0001  |-1143.9929| -0.0169  | 966.3656 | -0.0012  |
|  0  |  8  |  0.00000   | 64.9934  | -0.0001  |-1284.1012| -0.0198  |1087.6568 | -0.0014  |
|  1  |  8  | -10.00381  | 64.7105  | -0.0001  |-1278.8476| -0.0214  |1088.5779 | -0.0016  |
|  0  |  9  |  0.00000   | 72.0506  | -0.0002  |-1417.7129| -0.0246  |1210.0832 | -0.0018  |
|  1  |  9  |  -9.92584  | 71.7356  | -0.0002  |-1411.8619| -0.0264  |1211.1084 | -0.0019  |
|  2  |  9  | -10.18764  | 71.5630  | -0.0002  |-1408.6551| -0.0272  |1211.6703 | -0.0020  |
Generating an instance of AeroForcesCalculator
Variable text_file_name has no assigned value in the settings file.
    will default to the value: aeroforces.txt
Variable screen_output has no assigned value in the settings file.
    will default to the value: True
Variable coefficients has no assigned value in the settings file.
    will default to the value: False
Variable lifting_surfaces has no assigned value in the settings file.
    will default to the value: True
Variable nonlifting_body has no assigned value in the settings file.
    will default to the value: False



|==============|==============|==============|==============|==============|==============|==============|
|    tstep     |     fx_g     |     fy_g     |     fz_g     |     mx_g     |     my_g     |     mz_g     |
|==============|==============|==============|==============|==============|==============|==============|
|      0       | 2.235740e+01 |-1.782660e-04 | 2.860778e+03 |-2.723402e-02 | 4.804577e+02 |-1.063691e-03 |
...Finished
FINISHED - Elapsed time = 5.5894496 seconds
FINISHED - CPU process time = 5.6050686 seconds
