--------------------------------------------------------------------------------
            ######  ##     ##    ###    ########  ########  ##    ##
           ##    ## ##     ##   ## ##   ##     ## ##     ##  ##  ##
           ##       ##     ##  ##   ##  ##     ## ##     ##   ####
            ######  ######### ##     ## ########  ########     ##
                 ## ##     ## ######### ##   ##   ##           ##
           ##    ## ##     ## ##     ## ##    ##  ##           ##
            ######  ##     ## ##     ## ##     ## ##           ##
--------------------------------------------------------------------------------
Aeroelastics Lab, Aeronautics Department.
    Copyright (c), Imperial College London.
    All rights reserved.
    License available at https://github.com/imperialcollegelondon/sharpy
Running SHARPy from /Users/benpreston/sharpy_cases/goland_swept_loads
SHARPy being run is in /Users/benpreston/sharpy_installs/dev_profiler
The branch being run is develop
The version and commit hash are: 2.1-284-g23da1e0b-23da1e0b
SHARPy output folder set
	/Users/benpreston/sharpy_cases/goland_swept_loads/output//goland_ang_n30_00_pos_0_90/
Generating an instance of BeamLoader
Variable for_pos has no assigned value in the settings file.
    will default to the value: [0.0, 0, 0]
Generating an instance of AerogridLoader
Variable control_surface_deflection has no assigned value in the settings file.
    will default to the value: []
Variable control_surface_deflection_generator_settings has no assigned value in the settings file.
    will default to the value: {}
Variable dx1 has no assigned value in the settings file.
    will default to the value: -1.0
Variable ndx1 has no assigned value in the settings file.
    will default to the value: 1
Variable r has no assigned value in the settings file.
    will default to the value: 1.0
Variable dxmax has no assigned value in the settings file.
    will default to the value: -1.0
The aerodynamic grid contains 2 surfaces
  Surface 0, M=16, N=20
     Wake 0, M=160, N=20
  Surface 1, M=16, N=20
     Wake 1, M=160, N=20
  In total: 640 bound panels
  In total: 6400 wake panels
  Total number of panels = 7040
Generating an instance of StaticCoupled
Variable correct_forces_method has no assigned value in the settings file.
    will default to the value: 
Variable correct_forces_settings has no assigned value in the settings file.
    will default to the value: {}
Variable runtime_generators has no assigned value in the settings file.
    will default to the value: {}
Variable nonlifting_body_interactions has no assigned value in the settings file.
    will default to the value: False
Generating an instance of NonLinearStatic
Variable abs_threshold has no assigned value in the settings file.
    will default to the value: 1e-13
Variable newmark_damp has no assigned value in the settings file.
    will default to the value: 0.0001
Variable gravity_dir has no assigned value in the settings file.
    will default to the value: [0.0, 0.0, 1.0]
Variable relaxation_factor has no assigned value in the settings file.
    will default to the value: 0.3
Variable dt has no assigned value in the settings file.
    will default to the value: 0.01
Variable num_steps has no assigned value in the settings file.
    will default to the value: 500
Variable initial_position has no assigned value in the settings file.
    will default to the value: [0. 0. 0.]
Variable initial_velocity has no assigned value in the settings file.
    will default to the value: [0. 0. 0. 0. 0. 0.]
Generating an instance of StaticUvlm
Variable nonlifting_body_interactions has no assigned value in the settings file.
    will default to the value: False
Variable only_nonlifting has no assigned value in the settings file.
    will default to the value: False
Variable phantom_wing_test has no assigned value in the settings file.
    will default to the value: False
Variable iterative_solver has no assigned value in the settings file.
    will default to the value: False
Variable iterative_tol has no assigned value in the settings file.
    will default to the value: 0.0001
Variable iterative_precond has no assigned value in the settings file.
    will default to the value: False
Variable cfl1 has no assigned value in the settings file.
    will default to the value: True
Variable vortex_radius has no assigned value in the settings file.
    will default to the value: 1e-06
Variable vortex_radius_wake_ind has no assigned value in the settings file.
    will default to the value: 1e-06
Variable rbm_vel_g has no assigned value in the settings file.
    will default to the value: [0.0, 0.0, 0.0, 0.0, 0.0, 0.0]
Variable centre_rot_g has no assigned value in the settings file.
    will default to the value: [0.0, 0.0, 0.0]
Variable map_forces_on_struct has no assigned value in the settings file.
    will default to the value: False
Variable ignore_first_x_nodes_in_force_calculation has no assigned value in the settings file.
    will default to the value: 0



|=====|=====|============|==========|==========|==========|==========|==========|==========|
|iter |step | log10(res) |    Fx    |    Fy    |    Fz    |    Mx    |    My    |    Mz    |
|=====|=====|============|==========|==========|==========|==========|==========|==========|
|  0  |  0  |  0.00000   |  7.4425  |  0.0000  |-152.6600 |  0.0000  | 116.7842 |  0.0000  |
|  1  |  0  | -11.45080  |  7.4131  |  0.0000  |-152.1125 |  0.0002  | 116.8798 |  0.0000  |
|  0  |  1  |  0.00000   | 14.8536  |  0.0000  |-303.6324 |  0.0005  | 233.8604 |  0.0000  |
|  1  |  1  | -11.05630  | 14.7948  |  0.0000  |-302.5353 |  0.0008  | 234.0522 |  0.0001  |
|  0  |  2  |  0.00000   | 22.2335  |  0.0000  |-452.9099 |  0.0015  | 351.2301 |  0.0001  |
|  1  |  2  | -10.80363  | 22.1450  |  0.0000  |-451.2613 |  0.0020  | 351.5183 |  0.0001  |
|  0  |  3  |  0.00000   | 29.5820  |  0.0000  |-600.4854 |  0.0029  | 468.8945 |  0.0002  |
|  1  |  3  | -10.61394  | 29.4639  |  0.0000  |-598.2831 |  0.0036  | 469.2796 |  0.0003  |
|  0  |  4  |  0.00000   | 36.8993  |  0.0000  |-746.3515 |  0.0048  | 586.8551 |  0.0004  |
|  1  |  4  | -10.46096  | 36.7513  |  0.0000  |-743.5933 |  0.0056  | 587.3375 |  0.0004  |
|  0  |  5  |  0.00000   | 44.1854  |  0.0000  |-890.5008 |  0.0072  | 705.1133 |  0.0006  |
|  1  |  5  | -10.33460  | 44.0078  | -0.0000  |-887.1945 | -0.0038  | 705.7037 | -0.0003  |
|  0  |  6  |  0.00000   | 51.4411  | -0.0000  |-1032.9538| -0.0105  | 823.6972 | -0.0008  |
|  1  |  6  | -10.22395  | 51.2333  | -0.0000  |-1029.0993| -0.0113  | 824.3934 | -0.0009  |
|  0  |  7  |  0.00000   | 58.6655  | -0.0000  |-1173.6896| -0.0133  | 942.5902 | -0.0011  |
|  1  |  7  | -10.12439  | 58.4273  | -0.0000  |-1169.2585| -0.0146  | 943.3752 | -0.0012  |
|  0  |  8  |  0.00000   | 65.8586  | -0.0000  |-1312.6666| -0.0170  |1061.7714 | -0.0014  |
|  1  |  8  | -10.03675  | 65.5900  | -0.0000  |-1307.6692| -0.0184  |1062.6545 | -0.0015  |
|  0  |  9  |  0.00000   | 73.0206  | -0.0000  |-1449.8952| -0.0211  |1181.2557 | -0.0018  |
|  1  |  9  |  -9.95757  | 72.7215  | -0.0000  |-1444.3297| -0.0226  |1182.2386 | -0.0019  |
|  2  |  9  | -10.21938  | 72.5577  | -0.0000  |-1441.2800| -0.0233  |1182.7773 | -0.0020  |
Generating an instance of AeroForcesCalculator
Variable text_file_name has no assigned value in the settings file.
    will default to the value: aeroforces.txt
Variable screen_output has no assigned value in the settings file.
    will default to the value: True
Variable coefficients has no assigned value in the settings file.
    will default to the value: False
Variable lifting_surfaces has no assigned value in the settings file.
    will default to the value: True
Variable nonlifting_body has no assigned value in the settings file.
    will default to the value: False



|==============|==============|==============|==============|==============|==============|==============|
|    tstep     |     fx_g     |     fy_g     |     fz_g     |     mx_g     |     my_g     |     mz_g     |
|==============|==============|==============|==============|==============|==============|==============|
|      0       | 2.221295e+01 |-2.612571e-05 | 2.828136e+03 |-2.331541e-02 | 4.778711e+02 |-1.166324e-03 |
...Finished
FINISHED - Elapsed time = 5.5771866 seconds
FINISHED - CPU process time = 5.5797556 seconds
