--------------------------------------------------------------------------------
            ######  ##     ##    ###    ########  ########  ##    ##
           ##    ## ##     ##   ## ##   ##     ## ##     ##  ##  ##
           ##       ##     ##  ##   ##  ##     ## ##     ##   ####
            ######  ######### ##     ## ########  ########     ##
                 ## ##     ## ######### ##   ##   ##           ##
           ##    ## ##     ## ##     ## ##    ##  ##           ##
            ######  ##     ## ##     ## ##     ## ##           ##
--------------------------------------------------------------------------------
Aeroelastics Lab, Aeronautics Department.
    Copyright (c), Imperial College London.
    All rights reserved.
    License available at https://github.com/imperialcollegelondon/sharpy
Running SHARPy from /Users/benpreston/sharpy_cases/goland_swept_loads
SHARPy being run is in /Users/benpreston/sharpy_installs/dev_profiler
The branch being run is develop
The version and commit hash are: 2.1-284-g23da1e0b-23da1e0b
SHARPy output folder set
	/Users/benpreston/sharpy_cases/goland_swept_loads/output//goland_ang_10_00_pos_0_65/
Generating an instance of BeamLoader
Variable for_pos has no assigned value in the settings file.
    will default to the value: [0.0, 0, 0]
Generating an instance of AerogridLoader
Variable control_surface_deflection has no assigned value in the settings file.
    will default to the value: []
Variable control_surface_deflection_generator_settings has no assigned value in the settings file.
    will default to the value: {}
Variable dx1 has no assigned value in the settings file.
    will default to the value: -1.0
Variable ndx1 has no assigned value in the settings file.
    will default to the value: 1
Variable r has no assigned value in the settings file.
    will default to the value: 1.0
Variable dxmax has no assigned value in the settings file.
    will default to the value: -1.0
The aerodynamic grid contains 2 surfaces
  Surface 0, M=16, N=20
     Wake 0, M=160, N=20
  Surface 1, M=16, N=20
     Wake 1, M=160, N=20
  In total: 640 bound panels
  In total: 6400 wake panels
  Total number of panels = 7040
Generating an instance of StaticCoupled
Variable correct_forces_method has no assigned value in the settings file.
    will default to the value: 
Variable correct_forces_settings has no assigned value in the settings file.
    will default to the value: {}
Variable runtime_generators has no assigned value in the settings file.
    will default to the value: {}
Variable nonlifting_body_interactions has no assigned value in the settings file.
    will default to the value: False
Generating an instance of NonLinearStatic
Variable abs_threshold has no assigned value in the settings file.
    will default to the value: 1e-13
Variable newmark_damp has no assigned value in the settings file.
    will default to the value: 0.0001
Variable gravity_dir has no assigned value in the settings file.
    will default to the value: [0.0, 0.0, 1.0]
Variable relaxation_factor has no assigned value in the settings file.
    will default to the value: 0.3
Variable dt has no assigned value in the settings file.
    will default to the value: 0.01
Variable num_steps has no assigned value in the settings file.
    will default to the value: 500
Variable initial_position has no assigned value in the settings file.
    will default to the value: [0. 0. 0.]
Variable initial_velocity has no assigned value in the settings file.
    will default to the value: [0. 0. 0. 0. 0. 0.]
Generating an instance of StaticUvlm
Variable nonlifting_body_interactions has no assigned value in the settings file.
    will default to the value: False
Variable only_nonlifting has no assigned value in the settings file.
    will default to the value: False
Variable phantom_wing_test has no assigned value in the settings file.
    will default to the value: False
Variable iterative_solver has no assigned value in the settings file.
    will default to the value: False
Variable iterative_tol has no assigned value in the settings file.
    will default to the value: 0.0001
Variable iterative_precond has no assigned value in the settings file.
    will default to the value: False
Variable cfl1 has no assigned value in the settings file.
    will default to the value: True
Variable vortex_radius has no assigned value in the settings file.
    will default to the value: 1e-06
Variable vortex_radius_wake_ind has no assigned value in the settings file.
    will default to the value: 1e-06
Variable rbm_vel_g has no assigned value in the settings file.
    will default to the value: [0.0, 0.0, 0.0, 0.0, 0.0, 0.0]
Variable centre_rot_g has no assigned value in the settings file.
    will default to the value: [0.0, 0.0, 0.0]
Variable map_forces_on_struct has no assigned value in the settings file.
    will default to the value: False
Variable ignore_first_x_nodes_in_force_calculation has no assigned value in the settings file.
    will default to the value: 0



|=====|=====|============|==========|==========|==========|==========|==========|==========|
|iter |step | log10(res) |    Fx    |    Fy    |    Fz    |    Mx    |    My    |    Mz    |
|=====|=====|============|==========|==========|==========|==========|==========|==========|
|  0  |  0  |  0.00000   |  7.3387  | -0.0001  |-149.7691 |  0.6639  | 138.5606 |  0.0194  |
|  1  |  0  | -11.06106  |  7.3009  |  0.0002  |-149.0682 |  0.7227  | 138.6366 |  0.0229  |
|  0  |  1  |  0.00000   | 14.6370  |  0.0005  |-297.3786 |  1.5083  | 277.3524 |  0.0416  |
|  1  |  1  | -10.70393  | 14.5611  |  0.0011  |-295.9754 |  1.6249  | 277.5046 |  0.0486  |
|  0  |  2  |  0.00000   | 21.8948  |  0.0019  |-442.8235 |  2.5303  | 416.3759 |  0.0665  |
|  1  |  2  | -10.47857  | 21.7808  |  0.0028  |-440.7165 |  2.7042  | 416.6046 |  0.0770  |
|  0  |  3  |  0.00000   | 29.1124  |  0.0040  |-586.0985 |  3.7274  | 555.6319 |  0.0940  |
|  1  |  3  | -10.30971  | 28.9602  |  0.0052  |-583.2863 |  3.9576  | 555.9371 |  0.1080  |
|  0  |  4  |  0.00000   | 36.2901  |  0.0068  |-727.1986 |  5.0969  | 695.1208 |  0.1240  |
|  1  |  4  | -10.17325  | 36.0994  |  0.0083  |-723.6809 |  5.3791  | 695.5035 |  0.1413  |
|  0  |  5  |  0.00000   | 43.4279  |  0.0103  |-866.1209 |  6.6293  | 834.8447 |  0.1562  |
|  1  |  5  | -10.05777  | 43.1986  |  0.0122  |-861.8964 |  6.9686  | 835.3062 |  0.1771  |
|  0  |  6  |  0.00000   | 50.5261  |  0.0145  |-1002.8621|  8.3323  | 974.8071 |  0.1909  |
|  1  |  6  |  -9.95794  | 50.2580  |  0.0167  |-997.9256 |  8.7274  | 975.3445 |  0.2153  |
|  2  |  6  | -10.22435  | 50.1127  |  0.0178  |-995.2489 |  8.9309  | 975.6359 |  0.2278  |
|  0  |  7  |  0.00000   | 57.5837  |  0.0193  |-1137.3908| 10.1918  |1115.0044 |  0.2272  |
|  1  |  7  |  -9.87040  | 57.2774  |  0.0219  |-1131.7524| 10.6458  |1115.6174 |  0.2554  |
|  2  |  7  | -10.13645  | 57.1111  |  0.0232  |-1128.6924| 10.8784  |1115.9501 |  0.2699  |
|  0  |  8  |  0.00000   | 64.6026  |  0.0249  |-1269.7337| 12.2206  |1255.4347 |  0.2661  |
|  1  |  8  |  -9.79118  | 64.2574  |  0.0278  |-1263.3833| 12.7281  |1256.1244 |  0.2979  |
|  2  |  8  | -10.05685  | 64.0698  |  0.0292  |-1259.9336| 12.9861  |1256.4991 |  0.3141  |
|  0  |  9  |  0.00000   | 71.5823  |  0.0311  |-1399.8709| 14.4069  |1396.1004 |  0.3070  |
|  1  |  9  |  -9.71940  | 71.1981  |  0.0343  |-1392.8089| 14.9709  |1396.8669 |  0.3425  |
|  2  |  9  |  -9.98465  | 70.9891  |  0.0360  |-1388.9687| 15.2546  |1397.2837 |  0.3605  |
|  3  |  9  | -11.95595  | 70.9869  |  0.0358  |-1388.9281| 15.2329  |1397.2882 |  0.3592  |
Generating an instance of AeroForcesCalculator
Variable text_file_name has no assigned value in the settings file.
    will default to the value: aeroforces.txt
Variable screen_output has no assigned value in the settings file.
    will default to the value: True
Variable coefficients has no assigned value in the settings file.
    will default to the value: False
Variable lifting_surfaces has no assigned value in the settings file.
    will default to the value: True
Variable nonlifting_body has no assigned value in the settings file.
    will default to the value: False



|==============|==============|==============|==============|==============|==============|==============|
|    tstep     |     fx_g     |     fy_g     |     fz_g     |     mx_g     |     my_g     |     mz_g     |
|==============|==============|==============|==============|==============|==============|==============|
|      0       | 2.247057e+01 | 3.579975e-02 | 2.881029e+03 | 8.588028e+00 | 3.464239e+02 |-1.744798e-01 |
...Finished
FINISHED - Elapsed time = 6.5757606 seconds
FINISHED - CPU process time = 6.5946636 seconds
