--------------------------------------------------------------------------------
            ######  ##     ##    ###    ########  ########  ##    ##
           ##    ## ##     ##   ## ##   ##     ## ##     ##  ##  ##
           ##       ##     ##  ##   ##  ##     ## ##     ##   ####
            ######  ######### ##     ## ########  ########     ##
                 ## ##     ## ######### ##   ##   ##           ##
           ##    ## ##     ## ##     ## ##    ##  ##           ##
            ######  ##     ## ##     ## ##     ## ##           ##
--------------------------------------------------------------------------------
Aeroelastics Lab, Aeronautics Department.
    Copyright (c), Imperial College London.
    All rights reserved.
    License available at https://github.com/imperialcollegelondon/sharpy
Running SHARPy from /Users/benpreston/sharpy_cases/goland_swept_loads
SHARPy being run is in /Users/benpreston/sharpy_installs/dev_profiler
The branch being run is develop
The version and commit hash are: 2.1-284-g23da1e0b-23da1e0b
SHARPy output folder set
	/Users/benpreston/sharpy_cases/goland_swept_loads/output//goland_ang_n20_00_pos_0_55/
Generating an instance of BeamLoader
Variable for_pos has no assigned value in the settings file.
    will default to the value: [0.0, 0, 0]
Generating an instance of AerogridLoader
Variable control_surface_deflection has no assigned value in the settings file.
    will default to the value: []
Variable control_surface_deflection_generator_settings has no assigned value in the settings file.
    will default to the value: {}
Variable dx1 has no assigned value in the settings file.
    will default to the value: -1.0
Variable ndx1 has no assigned value in the settings file.
    will default to the value: 1
Variable r has no assigned value in the settings file.
    will default to the value: 1.0
Variable dxmax has no assigned value in the settings file.
    will default to the value: -1.0
The aerodynamic grid contains 2 surfaces
  Surface 0, M=16, N=20
     Wake 0, M=160, N=20
  Surface 1, M=16, N=20
     Wake 1, M=160, N=20
  In total: 640 bound panels
  In total: 6400 wake panels
  Total number of panels = 7040
Generating an instance of StaticCoupled
Variable correct_forces_method has no assigned value in the settings file.
    will default to the value: 
Variable correct_forces_settings has no assigned value in the settings file.
    will default to the value: {}
Variable runtime_generators has no assigned value in the settings file.
    will default to the value: {}
Variable nonlifting_body_interactions has no assigned value in the settings file.
    will default to the value: False
Generating an instance of NonLinearStatic
Variable abs_threshold has no assigned value in the settings file.
    will default to the value: 1e-13
Variable newmark_damp has no assigned value in the settings file.
    will default to the value: 0.0001
Variable gravity_dir has no assigned value in the settings file.
    will default to the value: [0.0, 0.0, 1.0]
Variable relaxation_factor has no assigned value in the settings file.
    will default to the value: 0.3
Variable dt has no assigned value in the settings file.
    will default to the value: 0.01
Variable num_steps has no assigned value in the settings file.
    will default to the value: 500
Variable initial_position has no assigned value in the settings file.
    will default to the value: [0. 0. 0.]
Variable initial_velocity has no assigned value in the settings file.
    will default to the value: [0. 0. 0. 0. 0. 0.]
Generating an instance of StaticUvlm
Variable nonlifting_body_interactions has no assigned value in the settings file.
    will default to the value: False
Variable only_nonlifting has no assigned value in the settings file.
    will default to the value: False
Variable phantom_wing_test has no assigned value in the settings file.
    will default to the value: False
Variable iterative_solver has no assigned value in the settings file.
    will default to the value: False
Variable iterative_tol has no assigned value in the settings file.
    will default to the value: 0.0001
Variable iterative_precond has no assigned value in the settings file.
    will default to the value: False
Variable cfl1 has no assigned value in the settings file.
    will default to the value: True
Variable vortex_radius has no assigned value in the settings file.
    will default to the value: 1e-06
Variable vortex_radius_wake_ind has no assigned value in the settings file.
    will default to the value: 1e-06
Variable rbm_vel_g has no assigned value in the settings file.
    will default to the value: [0.0, 0.0, 0.0, 0.0, 0.0, 0.0]
Variable centre_rot_g has no assigned value in the settings file.
    will default to the value: [0.0, 0.0, 0.0]
Variable map_forces_on_struct has no assigned value in the settings file.
    will default to the value: False
Variable ignore_first_x_nodes_in_force_calculation has no assigned value in the settings file.
    will default to the value: 0



|=====|=====|============|==========|==========|==========|==========|==========|==========|
|iter |step | log10(res) |    Fx    |    Fy    |    Fz    |    Mx    |    My    |    Mz    |
|=====|=====|============|==========|==========|==========|==========|==========|==========|
|  0  |  0  |  0.00000   |  7.6348  |  0.0001  |-160.4597 | -1.2855  | 66.2698  | -0.0359  |
|  1  |  0  | -12.39371  |  7.6219  |  0.0000  |-160.2184 | -1.4097  | 66.3563  | -0.0427  |
|  0  |  1  |  0.00000   | 15.2555  |  0.0003  |-320.1748 | -2.9538  | 132.8042 | -0.0762  |
|  1  |  1  | -11.77440  | 15.2296  |  0.0001  |-319.6903 | -3.2025  | 132.9780 | -0.0899  |
|  0  |  2  |  0.00000   | 22.8621  |  0.0004  |-479.1389 | -5.0060  | 199.6056 | -0.1209  |
|  1  |  2  | -11.41618  | 22.8231  |  0.0002  |-478.4093 | -5.3794  | 199.8673 | -0.1413  |
|  0  |  3  |  0.00000   | 30.4544  |  0.0007  |-637.3455 | -7.4431  | 266.6763 | -0.1698  |
|  1  |  3  | -11.16285  | 30.4023  |  0.0004  |-636.3688 | -7.9417  | 267.0266 | -0.1971  |
|  0  |  4  |  0.00000   | 38.0324  |  0.0009  |-794.7878 | -10.2663 | 334.0188 | -0.2229  |
|  1  |  4  | -10.96665  | 37.9672  |  0.0006  |-793.5621 | -10.8904 | 334.4585 | -0.2571  |
|  0  |  5  |  0.00000   | 45.5960  |  0.0012  |-951.4592 | -13.4767 | 401.6354 | -0.2802  |
|  1  |  5  | -10.80640  | 45.5175  |  0.0008  |-949.9824 | -14.2265 | 402.1652 | -0.3213  |
|  0  |  6  |  0.00000   | 53.1451  |  0.0015  |-1107.3527| -17.0753 | 469.5287 | -0.3417  |
|  1  |  6  | -10.67096  | 53.0532  |  0.0011  |-1105.6229| -17.9512 | 470.1493 | -0.3897  |
|  0  |  7  |  0.00000   | 60.6796  |  0.0019  |-1262.4616| -21.0633 | 537.7011 | -0.4073  |
|  1  |  7  | -10.55359  | 60.5743  |  0.0014  |-1260.4767| -22.0655 | 538.4132 | -0.4622  |
|  0  |  8  |  0.00000   | 68.1993  |  0.0023  |-1416.7788| -25.4417 | 606.1552 | -0.4770  |
|  1  |  8  | -10.45004  | 68.0806  |  0.0017  |-1414.5367| -26.5705 | 606.9596 | -0.5389  |
|  0  |  9  |  0.00000   | 75.7043  |  0.0028  |-1570.2973| -30.2114 | 674.8934 | -0.5507  |
|  1  |  9  | -10.35734  | 75.5721  |  0.0021  |-1567.7960| -31.4673 | 675.7908 | -0.6195  |
Generating an instance of AeroForcesCalculator
Variable text_file_name has no assigned value in the settings file.
    will default to the value: aeroforces.txt
Variable screen_output has no assigned value in the settings file.
    will default to the value: True
Variable coefficients has no assigned value in the settings file.
    will default to the value: False
Variable lifting_surfaces has no assigned value in the settings file.
    will default to the value: True
Variable nonlifting_body has no assigned value in the settings file.
    will default to the value: False



|==============|==============|==============|==============|==============|==============|==============|
|    tstep     |     fx_g     |     fy_g     |     fz_g     |     mx_g     |     my_g     |     mz_g     |
|==============|==============|==============|==============|==============|==============|==============|
|      0       | 2.078518e+01 | 1.658404e-03 | 2.704985e+03 |-1.928619e+01 | 8.154995e+02 | 4.584485e-01 |
...Finished
FINISHED - Elapsed time = 5.3495956 seconds
FINISHED - CPU process time = 5.3651996 seconds
