--------------------------------------------------------------------------------
            ######  ##     ##    ###    ########  ########  ##    ##
           ##    ## ##     ##   ## ##   ##     ## ##     ##  ##  ##
           ##       ##     ##  ##   ##  ##     ## ##     ##   ####
            ######  ######### ##     ## ########  ########     ##
                 ## ##     ## ######### ##   ##   ##           ##
           ##    ## ##     ## ##     ## ##    ##  ##           ##
            ######  ##     ## ##     ## ##     ## ##           ##
--------------------------------------------------------------------------------
Aeroelastics Lab, Aeronautics Department.
    Copyright (c), Imperial College London.
    All rights reserved.
    License available at https://github.com/imperialcollegelondon/sharpy
Running SHARPy from /Users/benpreston/sharpy_cases/goland_swept_loads
SHARPy being run is in /Users/benpreston/sharpy_installs/dev_profiler
The branch being run is develop
The version and commit hash are: 2.1-284-g23da1e0b-23da1e0b
SHARPy output folder set
	/Users/benpreston/sharpy_cases/goland_swept_loads/output//goland_ang_50_00_pos_0_90/
Generating an instance of BeamLoader
Variable for_pos has no assigned value in the settings file.
    will default to the value: [0.0, 0, 0]
Generating an instance of AerogridLoader
Variable control_surface_deflection has no assigned value in the settings file.
    will default to the value: []
Variable control_surface_deflection_generator_settings has no assigned value in the settings file.
    will default to the value: {}
Variable dx1 has no assigned value in the settings file.
    will default to the value: -1.0
Variable ndx1 has no assigned value in the settings file.
    will default to the value: 1
Variable r has no assigned value in the settings file.
    will default to the value: 1.0
Variable dxmax has no assigned value in the settings file.
    will default to the value: -1.0
The aerodynamic grid contains 2 surfaces
  Surface 0, M=16, N=20
     Wake 0, M=160, N=20
  Surface 1, M=16, N=20
     Wake 1, M=160, N=20
  In total: 640 bound panels
  In total: 6400 wake panels
  Total number of panels = 7040
Generating an instance of StaticCoupled
Variable correct_forces_method has no assigned value in the settings file.
    will default to the value: 
Variable correct_forces_settings has no assigned value in the settings file.
    will default to the value: {}
Variable runtime_generators has no assigned value in the settings file.
    will default to the value: {}
Variable nonlifting_body_interactions has no assigned value in the settings file.
    will default to the value: False
Generating an instance of NonLinearStatic
Variable abs_threshold has no assigned value in the settings file.
    will default to the value: 1e-13
Variable newmark_damp has no assigned value in the settings file.
    will default to the value: 0.0001
Variable gravity_dir has no assigned value in the settings file.
    will default to the value: [0.0, 0.0, 1.0]
Variable relaxation_factor has no assigned value in the settings file.
    will default to the value: 0.3
Variable dt has no assigned value in the settings file.
    will default to the value: 0.01
Variable num_steps has no assigned value in the settings file.
    will default to the value: 500
Variable initial_position has no assigned value in the settings file.
    will default to the value: [0. 0. 0.]
Variable initial_velocity has no assigned value in the settings file.
    will default to the value: [0. 0. 0. 0. 0. 0.]
Generating an instance of StaticUvlm
Variable nonlifting_body_interactions has no assigned value in the settings file.
    will default to the value: False
Variable only_nonlifting has no assigned value in the settings file.
    will default to the value: False
Variable phantom_wing_test has no assigned value in the settings file.
    will default to the value: False
Variable iterative_solver has no assigned value in the settings file.
    will default to the value: False
Variable iterative_tol has no assigned value in the settings file.
    will default to the value: 0.0001
Variable iterative_precond has no assigned value in the settings file.
    will default to the value: False
Variable cfl1 has no assigned value in the settings file.
    will default to the value: True
Variable vortex_radius has no assigned value in the settings file.
    will default to the value: 1e-06
Variable vortex_radius_wake_ind has no assigned value in the settings file.
    will default to the value: 1e-06
Variable rbm_vel_g has no assigned value in the settings file.
    will default to the value: [0.0, 0.0, 0.0, 0.0, 0.0, 0.0]
Variable centre_rot_g has no assigned value in the settings file.
    will default to the value: [0.0, 0.0, 0.0]
Variable map_forces_on_struct has no assigned value in the settings file.
    will default to the value: False
Variable ignore_first_x_nodes_in_force_calculation has no assigned value in the settings file.
    will default to the value: 0



|=====|=====|============|==========|==========|==========|==========|==========|==========|
|iter |step | log10(res) |    Fx    |    Fy    |    Fz    |    Mx    |    My    |    Mz    |
|=====|=====|============|==========|==========|==========|==========|==========|==========|
|  0  |  0  |  0.00000   |  7.6517  |  0.0000  |-160.7746 |  0.0000  | 127.2386 |  0.0000  |
|  1  |  0  | -11.10966  |  7.6197  |  0.0000  |-160.1807 |  0.0015  | 127.3330 |  0.0000  |
|  0  |  1  |  0.00000   | 15.2690  |  0.0001  |-319.7188 |  0.0047  | 254.7651 |  0.0000  |
|  1  |  1  | -10.75588  | 15.2049  |  0.0001  |-318.5291 |  0.0078  | 254.9543 |  0.0001  |
|  0  |  2  |  0.00000   | 22.8520  |  0.0002  |-476.8261 |  0.0141  | 382.5809 |  0.0001  |
|  1  |  2  | -10.53294  | 22.7557  |  0.0002  |-475.0388 |  0.0188  | 382.8652 |  0.0001  |
|  0  |  3  |  0.00000   | 30.4009  |  0.0003  |-632.0900 |  0.0284  | 510.6869 |  0.0002  |
|  1  |  3  | -10.36591  | 30.2722  |  0.0004  |-629.7031 |  0.0346  | 511.0666 |  0.0002  |
|  0  |  4  |  0.00000   | 37.9156  |  0.0006  |-785.5037 |  0.0475  | 639.0843 |  0.0003  |
|  1  |  4  | -10.23658  | 37.7551  | -0.0003  |-782.5512 | -0.0225  | 639.5777 | -0.0002  |
|  0  |  5  |  0.00000   | 45.3975  | -0.0009  |-937.1260 | -0.0717  | 767.8074 | -0.0004  |
|  1  |  5  | -10.11767  | 45.2039  | -0.0010  |-933.5509 | -0.0810  | 768.3906 | -0.0005  |
|  0  |  6  |  0.00000   | 52.8448  | -0.0012  |-1086.8606| -0.1003  | 896.8172 | -0.0006  |
|  1  |  6  | -10.01839  | 52.6184  | -0.0013  |-1082.6748| -0.1114  | 897.4934 | -0.0006  |
|  0  |  7  |  0.00000   | 60.2582  | -0.0016  |-1234.7196| -0.1342  |1026.1182 | -0.0007  |
|  1  |  7  |  -9.93060  | 59.9989  | -0.0018  |-1229.9261| -0.1470  |1026.8909 | -0.0008  |
|  2  |  7  | -10.19477  | 59.8575  | -0.0019  |-1227.3141| -0.1539  |1027.3120 | -0.0008  |
|  0  |  8  |  0.00000   | 67.6363  | -0.0021  |-1380.6739| -0.1731  |1155.7210 | -0.0009  |
|  1  |  8  |  -9.85309  | 67.3449  | -0.0023  |-1375.2893| -0.1877  |1156.5884 | -0.0010  |
|  2  |  8  | -10.11667  | 67.1858  | -0.0024  |-1372.3509| -0.1955  |1157.0618 | -0.0010  |
|  0  |  9  |  0.00000   | 74.9818  | -0.0026  |-1524.7675| -0.2172  |1285.6197 | -0.0011  |
|  1  |  9  |  -9.78161  | 74.6575  | -0.0028  |-1518.7784| -0.2335  |1286.5844 | -0.0012  |
|  2  |  9  | -10.04450  | 74.4803  | -0.0029  |-1515.5049| -0.2423  |1287.1117 | -0.0012  |
Generating an instance of AeroForcesCalculator
Variable text_file_name has no assigned value in the settings file.
    will default to the value: aeroforces.txt
Variable screen_output has no assigned value in the settings file.
    will default to the value: True
Variable coefficients has no assigned value in the settings file.
    will default to the value: False
Variable lifting_surfaces has no assigned value in the settings file.
    will default to the value: True
Variable nonlifting_body has no assigned value in the settings file.
    will default to the value: False



|==============|==============|==============|==============|==============|==============|==============|
|    tstep     |     fx_g     |     fy_g     |     fz_g     |     mx_g     |     my_g     |     mz_g     |
|==============|==============|==============|==============|==============|==============|==============|
|      0       | 2.154404e+01 |-2.944271e-03 | 2.753887e+03 |-2.421655e-01 | 4.349342e+02 | 7.220489e-03 |
...Finished
FINISHED - Elapsed time = 6.1000976 seconds
FINISHED - CPU process time = 6.1179546 seconds
