--------------------------------------------------------------------------------
            ######  ##     ##    ###    ########  ########  ##    ##
           ##    ## ##     ##   ## ##   ##     ## ##     ##  ##  ##
           ##       ##     ##  ##   ##  ##     ## ##     ##   ####
            ######  ######### ##     ## ########  ########     ##
                 ## ##     ## ######### ##   ##   ##           ##
           ##    ## ##     ## ##     ## ##    ##  ##           ##
            ######  ##     ## ##     ## ##     ## ##           ##
--------------------------------------------------------------------------------
Aeroelastics Lab, Aeronautics Department.
    Copyright (c), Imperial College London.
    All rights reserved.
    License available at https://github.com/imperialcollegelondon/sharpy
Running SHARPy from /Users/benpreston/sharpy_cases/goland_swept_loads
SHARPy being run is in /Users/benpreston/sharpy_installs/dev_profiler
The branch being run is develop
The version and commit hash are: 2.1-284-g23da1e0b-23da1e0b
SHARPy output folder set
	/Users/benpreston/sharpy_cases/goland_swept_loads/output//goland_ang_n10_00_pos_0_60/
Generating an instance of BeamLoader
Variable for_pos has no assigned value in the settings file.
    will default to the value: [0.0, 0, 0]
Generating an instance of AerogridLoader
Variable control_surface_deflection has no assigned value in the settings file.
    will default to the value: []
Variable control_surface_deflection_generator_settings has no assigned value in the settings file.
    will default to the value: {}
Variable dx1 has no assigned value in the settings file.
    will default to the value: -1.0
Variable ndx1 has no assigned value in the settings file.
    will default to the value: 1
Variable r has no assigned value in the settings file.
    will default to the value: 1.0
Variable dxmax has no assigned value in the settings file.
    will default to the value: -1.0
The aerodynamic grid contains 2 surfaces
  Surface 0, M=16, N=20
     Wake 0, M=160, N=20
  Surface 1, M=16, N=20
     Wake 1, M=160, N=20
  In total: 640 bound panels
  In total: 6400 wake panels
  Total number of panels = 7040
Generating an instance of StaticCoupled
Variable correct_forces_method has no assigned value in the settings file.
    will default to the value: 
Variable correct_forces_settings has no assigned value in the settings file.
    will default to the value: {}
Variable runtime_generators has no assigned value in the settings file.
    will default to the value: {}
Variable nonlifting_body_interactions has no assigned value in the settings file.
    will default to the value: False
Generating an instance of NonLinearStatic
Variable abs_threshold has no assigned value in the settings file.
    will default to the value: 1e-13
Variable newmark_damp has no assigned value in the settings file.
    will default to the value: 0.0001
Variable gravity_dir has no assigned value in the settings file.
    will default to the value: [0.0, 0.0, 1.0]
Variable relaxation_factor has no assigned value in the settings file.
    will default to the value: 0.3
Variable dt has no assigned value in the settings file.
    will default to the value: 0.01
Variable num_steps has no assigned value in the settings file.
    will default to the value: 500
Variable initial_position has no assigned value in the settings file.
    will default to the value: [0. 0. 0.]
Variable initial_velocity has no assigned value in the settings file.
    will default to the value: [0. 0. 0. 0. 0. 0.]
Generating an instance of StaticUvlm
Variable nonlifting_body_interactions has no assigned value in the settings file.
    will default to the value: False
Variable only_nonlifting has no assigned value in the settings file.
    will default to the value: False
Variable phantom_wing_test has no assigned value in the settings file.
    will default to the value: False
Variable iterative_solver has no assigned value in the settings file.
    will default to the value: False
Variable iterative_tol has no assigned value in the settings file.
    will default to the value: 0.0001
Variable iterative_precond has no assigned value in the settings file.
    will default to the value: False
Variable cfl1 has no assigned value in the settings file.
    will default to the value: True
Variable vortex_radius has no assigned value in the settings file.
    will default to the value: 1e-06
Variable vortex_radius_wake_ind has no assigned value in the settings file.
    will default to the value: 1e-06
Variable rbm_vel_g has no assigned value in the settings file.
    will default to the value: [0.0, 0.0, 0.0, 0.0, 0.0, 0.0]
Variable centre_rot_g has no assigned value in the settings file.
    will default to the value: [0.0, 0.0, 0.0]
Variable map_forces_on_struct has no assigned value in the settings file.
    will default to the value: False
Variable ignore_first_x_nodes_in_force_calculation has no assigned value in the settings file.
    will default to the value: 0



|=====|=====|============|==========|==========|==========|==========|==========|==========|
|iter |step | log10(res) |    Fx    |    Fy    |    Fz    |    Mx    |    My    |    Mz    |
|=====|=====|============|==========|==========|==========|==========|==========|==========|
|  0  |  0  |  0.00000   |  7.3523  |  0.0000  |-150.3364 | -0.0000  | 102.3850 |  0.0000  |
|  1  |  0  | -11.62879  |  7.3271  |  0.0000  |-149.8682 |  0.0001  | 102.5004 |  0.0000  |
|  0  |  1  |  0.00000   | 14.6775  |  0.0000  |-299.2289 |  0.0003  | 205.1235 |  0.0000  |
|  1  |  1  | -11.21143  | 14.6270  |  0.0000  |-298.2897 |  0.0006  | 205.3551 |  0.0000  |
|  0  |  2  |  0.00000   | 21.9754  |  0.0000  |-446.6681 |  0.0010  | 308.2180 |  0.0000  |
|  1  |  2  | -10.94391  | 21.8995  |  0.0000  |-445.2553 |  0.0014  | 308.5664 |  0.0000  |
|  0  |  3  |  0.00000   | 29.2461  |  0.0000  |-592.6446 |  0.0021  | 411.6707 |  0.0000  |
|  1  |  3  | -10.74365  | 29.1446  |  0.0000  |-590.7555 |  0.0025  | 412.1367 |  0.0000  |
|  0  |  4  |  0.00000   | 36.4894  |  0.0000  |-737.1491 |  0.0035  | 515.4841 |  0.0001  |
|  1  |  4  | -10.58274  | 36.3623  |  0.0000  |-734.7808 |  0.0040  | 516.0684 |  0.0001  |
|  0  |  5  |  0.00000   | 43.7053  |  0.0000  |-880.1720 |  0.0052  | 619.6607 |  0.0001  |
|  1  |  5  | -10.44792  | 43.5525  |  0.0000  |-877.3217 |  0.0059  | 620.3640 |  0.0001  |
|  0  |  6  |  0.00000   | 50.8938  |  0.0000  |-1021.7036|  0.0073  | 724.2030 |  0.0001  |
|  1  |  6  | -10.33180  | 50.7151  |  0.0000  |-1018.3685|  0.0081  | 725.0260 |  0.0001  |
|  0  |  7  |  0.00000   | 58.0548  |  0.0000  |-1161.7341|  0.0098  | 829.1134 |  0.0002  |
|  1  |  7  | -10.23033  | 57.8502  | -0.0000  |-1157.9165| -0.0031  | 830.0559 | -0.0000  |
|  0  |  8  |  0.00000   | 65.1885  | -0.0000  |-1300.2631| -0.0121  | 934.3927 | -0.0002  |
|  1  |  8  | -10.13999  | 64.9574  | -0.0000  |-1295.9527| -0.0134  | 935.4612 | -0.0002  |
|  0  |  9  |  0.00000   | 72.2942  | -0.0000  |-1437.2692| -0.0158  |1040.0527 | -0.0002  |
|  1  |  9  | -10.05733  | 72.0370  | -0.0000  |-1432.4640| -0.0169  |1041.2408 | -0.0003  |
Generating an instance of AeroForcesCalculator
Variable text_file_name has no assigned value in the settings file.
    will default to the value: aeroforces.txt
Variable screen_output has no assigned value in the settings file.
    will default to the value: True
Variable coefficients has no assigned value in the settings file.
    will default to the value: False
Variable lifting_surfaces has no assigned value in the settings file.
    will default to the value: True
Variable nonlifting_body has no assigned value in the settings file.
    will default to the value: False



|==============|==============|==============|==============|==============|==============|==============|
|    tstep     |     fx_g     |     fy_g     |     fz_g     |     mx_g     |     my_g     |     mz_g     |
|==============|==============|==============|==============|==============|==============|==============|
|      0       | 2.195066e+01 |-1.902831e-05 | 2.839527e+03 |-1.745196e-02 | 6.276569e+02 | 3.308989e-04 |
...Finished
FINISHED - Elapsed time = 5.3880536 seconds
FINISHED - CPU process time = 5.3927476 seconds
