--------------------------------------------------------------------------------
            ######  ##     ##    ###    ########  ########  ##    ##
           ##    ## ##     ##   ## ##   ##     ## ##     ##  ##  ##
           ##       ##     ##  ##   ##  ##     ## ##     ##   ####
            ######  ######### ##     ## ########  ########     ##
                 ## ##     ## ######### ##   ##   ##           ##
           ##    ## ##     ## ##     ## ##    ##  ##           ##
            ######  ##     ## ##     ## ##     ## ##           ##
--------------------------------------------------------------------------------
Aeroelastics Lab, Aeronautics Department.
    Copyright (c), Imperial College London.
    All rights reserved.
    License available at https://github.com/imperialcollegelondon/sharpy
Running SHARPy from /Users/benpreston/sharpy_cases/goland_swept_loads
SHARPy being run is in /Users/benpreston/sharpy_installs/dev_profiler
The branch being run is develop
The version and commit hash are: 2.1-284-g23da1e0b-23da1e0b
SHARPy output folder set
	/Users/benpreston/sharpy_cases/goland_swept_loads/output//goland_ang_10_00_pos_0_80/
Generating an instance of BeamLoader
Variable for_pos has no assigned value in the settings file.
    will default to the value: [0.0, 0, 0]
Generating an instance of AerogridLoader
Variable control_surface_deflection has no assigned value in the settings file.
    will default to the value: []
Variable control_surface_deflection_generator_settings has no assigned value in the settings file.
    will default to the value: {}
Variable dx1 has no assigned value in the settings file.
    will default to the value: -1.0
Variable ndx1 has no assigned value in the settings file.
    will default to the value: 1
Variable r has no assigned value in the settings file.
    will default to the value: 1.0
Variable dxmax has no assigned value in the settings file.
    will default to the value: -1.0
The aerodynamic grid contains 2 surfaces
  Surface 0, M=16, N=20
     Wake 0, M=160, N=20
  Surface 1, M=16, N=20
     Wake 1, M=160, N=20
  In total: 640 bound panels
  In total: 6400 wake panels
  Total number of panels = 7040
Generating an instance of StaticCoupled
Variable correct_forces_method has no assigned value in the settings file.
    will default to the value: 
Variable correct_forces_settings has no assigned value in the settings file.
    will default to the value: {}
Variable runtime_generators has no assigned value in the settings file.
    will default to the value: {}
Variable nonlifting_body_interactions has no assigned value in the settings file.
    will default to the value: False
Generating an instance of NonLinearStatic
Variable abs_threshold has no assigned value in the settings file.
    will default to the value: 1e-13
Variable newmark_damp has no assigned value in the settings file.
    will default to the value: 0.0001
Variable gravity_dir has no assigned value in the settings file.
    will default to the value: [0.0, 0.0, 1.0]
Variable relaxation_factor has no assigned value in the settings file.
    will default to the value: 0.3
Variable dt has no assigned value in the settings file.
    will default to the value: 0.01
Variable num_steps has no assigned value in the settings file.
    will default to the value: 500
Variable initial_position has no assigned value in the settings file.
    will default to the value: [0. 0. 0.]
Variable initial_velocity has no assigned value in the settings file.
    will default to the value: [0. 0. 0. 0. 0. 0.]
Generating an instance of StaticUvlm
Variable nonlifting_body_interactions has no assigned value in the settings file.
    will default to the value: False
Variable only_nonlifting has no assigned value in the settings file.
    will default to the value: False
Variable phantom_wing_test has no assigned value in the settings file.
    will default to the value: False
Variable iterative_solver has no assigned value in the settings file.
    will default to the value: False
Variable iterative_tol has no assigned value in the settings file.
    will default to the value: 0.0001
Variable iterative_precond has no assigned value in the settings file.
    will default to the value: False
Variable cfl1 has no assigned value in the settings file.
    will default to the value: True
Variable vortex_radius has no assigned value in the settings file.
    will default to the value: 1e-06
Variable vortex_radius_wake_ind has no assigned value in the settings file.
    will default to the value: 1e-06
Variable rbm_vel_g has no assigned value in the settings file.
    will default to the value: [0.0, 0.0, 0.0, 0.0, 0.0, 0.0]
Variable centre_rot_g has no assigned value in the settings file.
    will default to the value: [0.0, 0.0, 0.0]
Variable map_forces_on_struct has no assigned value in the settings file.
    will default to the value: False
Variable ignore_first_x_nodes_in_force_calculation has no assigned value in the settings file.
    will default to the value: 0



|=====|=====|============|==========|==========|==========|==========|==========|==========|
|iter |step | log10(res) |    Fx    |    Fy    |    Fz    |    Mx    |    My    |    Mz    |
|=====|=====|============|==========|==========|==========|==========|==========|==========|
|  0  |  0  |  0.00000   |  7.3020  |  0.0000  |-148.6186 |  0.0000  | 129.2512 |  0.0000  |
|  1  |  0  | -11.16690  |  7.2671  |  0.0000  |-147.9719 |  0.0001  | 129.3495 |  0.0000  |
|  0  |  1  |  0.00000   | 14.5665  |  0.0000  |-295.2439 |  0.0004  | 258.8024 |  0.0000  |
|  1  |  1  | -10.80395  | 14.4966  |  0.0000  |-293.9484 |  0.0007  | 258.9994 |  0.0000  |
|  0  |  2  |  0.00000   | 21.7936  |  0.0000  |-439.8687 |  0.0012  | 388.6550 |  0.0000  |
|  1  |  2  | -10.57401  | 21.6885  |  0.0000  |-437.9222 |  0.0016  | 388.9510 |  0.0000  |
|  0  |  3  |  0.00000   | 28.9834  |  0.0000  |-582.4855 |  0.0023  | 518.8101 |  0.0000  |
|  1  |  3  | -10.40150  | 28.8430  |  0.0000  |-579.8860 |  0.0028  | 519.2054 |  0.0000  |
|  0  |  4  |  0.00000   | 36.1360  |  0.0000  |-723.0869 |  0.0038  | 649.2688 |  0.0000  |
|  1  |  4  | -10.26199  | 35.9601  |  0.0000  |-719.8321 |  0.0044  | 649.7639 |  0.0000  |
|  0  |  5  |  0.00000   | 43.2515  |  0.0000  |-861.6654 |  0.0056  | 780.0325 |  0.0001  |
|  1  |  5  | -10.14513  | 43.0403  | -0.0000  |-857.7707 | -0.0027  | 780.6412 | -0.0000  |
|  0  |  6  |  0.00000   | 50.3304  | -0.0000  |-998.2446 | -0.0080  | 911.1268 | -0.0001  |
|  1  |  6  | -10.04206  | 50.0832  | -0.0000  |-993.6786 | -0.0086  | 911.8288 | -0.0001  |
|  0  |  7  |  0.00000   | 57.3720  | -0.0000  |-1132.7703| -0.0102  |1042.5185 | -0.0001  |
|  1  |  7  |  -9.95187  | 57.0888  | -0.0000  |-1127.5392| -0.0110  |1043.3188 | -0.0001  |
|  2  |  7  | -10.21613  | 56.9345  | -0.0000  |-1124.6881| -0.0114  |1043.7550 | -0.0001  |
|  0  |  8  |  0.00000   | 64.3750  | -0.0000  |-1265.2133| -0.0128  |1174.2207 | -0.0001  |
|  1  |  8  |  -9.87235  | 64.0568  | -0.0000  |-1259.3371| -0.0137  |1175.1189 | -0.0001  |
|  2  |  8  | -10.13601  | 63.8831  | -0.0000  |-1256.1298| -0.0141  |1175.6092 | -0.0001  |
|  0  |  9  |  0.00000   | 71.3425  | -0.0000  |-1395.6251| -0.0156  |1306.2294 | -0.0002  |
|  1  |  9  |  -9.79903  | 70.9883  | -0.0001  |-1389.0857| -0.0166  |1307.2281 | -0.0002  |
|  2  |  9  | -10.06210  | 70.7947  | -0.0001  |-1385.5112| -0.0170  |1307.7741 | -0.0002  |
Generating an instance of AeroForcesCalculator
Variable text_file_name has no assigned value in the settings file.
    will default to the value: aeroforces.txt
Variable screen_output has no assigned value in the settings file.
    will default to the value: True
Variable coefficients has no assigned value in the settings file.
    will default to the value: False
Variable lifting_surfaces has no assigned value in the settings file.
    will default to the value: True
Variable nonlifting_body has no assigned value in the settings file.
    will default to the value: False



|==============|==============|==============|==============|==============|==============|==============|
|    tstep     |     fx_g     |     fy_g     |     fz_g     |     mx_g     |     my_g     |     mz_g     |
|==============|==============|==============|==============|==============|==============|==============|
|      0       | 2.239732e+01 |-5.406855e-05 | 2.883933e+03 |-1.698411e-02 | 4.393659e+02 | 4.213725e-04 |
...Finished
FINISHED - Elapsed time = 6.2065926 seconds
FINISHED - CPU process time = 6.1573276 seconds
