--------------------------------------------------------------------------------
            ######  ##     ##    ###    ########  ########  ##    ##
           ##    ## ##     ##   ## ##   ##     ## ##     ##  ##  ##
           ##       ##     ##  ##   ##  ##     ## ##     ##   ####
            ######  ######### ##     ## ########  ########     ##
                 ## ##     ## ######### ##   ##   ##           ##
           ##    ## ##     ## ##     ## ##    ##  ##           ##
            ######  ##     ## ##     ## ##     ## ##           ##
--------------------------------------------------------------------------------
Aeroelastics Lab, Aeronautics Department.
    Copyright (c), Imperial College London.
    All rights reserved.
    License available at https://github.com/imperialcollegelondon/sharpy
Running SHARPy from /Users/benpreston/sharpy_cases/goland_swept_loads
SHARPy being run is in /Users/benpreston/sharpy_installs/dev_profiler
The branch being run is develop
The version and commit hash are: 2.1-284-g23da1e0b-23da1e0b
SHARPy output folder set
	/Users/benpreston/sharpy_cases/goland_swept_loads/output//goland_ang_40_00_pos_0_50/
Generating an instance of BeamLoader
Variable for_pos has no assigned value in the settings file.
    will default to the value: [0.0, 0, 0]
Generating an instance of AerogridLoader
Variable control_surface_deflection has no assigned value in the settings file.
    will default to the value: []
Variable control_surface_deflection_generator_settings has no assigned value in the settings file.
    will default to the value: {}
Variable dx1 has no assigned value in the settings file.
    will default to the value: -1.0
Variable ndx1 has no assigned value in the settings file.
    will default to the value: 1
Variable r has no assigned value in the settings file.
    will default to the value: 1.0
Variable dxmax has no assigned value in the settings file.
    will default to the value: -1.0
The aerodynamic grid contains 2 surfaces
  Surface 0, M=16, N=20
     Wake 0, M=160, N=20
  Surface 1, M=16, N=20
     Wake 1, M=160, N=20
  In total: 640 bound panels
  In total: 6400 wake panels
  Total number of panels = 7040
Generating an instance of StaticCoupled
Variable correct_forces_method has no assigned value in the settings file.
    will default to the value: 
Variable correct_forces_settings has no assigned value in the settings file.
    will default to the value: {}
Variable runtime_generators has no assigned value in the settings file.
    will default to the value: {}
Variable nonlifting_body_interactions has no assigned value in the settings file.
    will default to the value: False
Generating an instance of NonLinearStatic
Variable abs_threshold has no assigned value in the settings file.
    will default to the value: 1e-13
Variable newmark_damp has no assigned value in the settings file.
    will default to the value: 0.0001
Variable gravity_dir has no assigned value in the settings file.
    will default to the value: [0.0, 0.0, 1.0]
Variable relaxation_factor has no assigned value in the settings file.
    will default to the value: 0.3
Variable dt has no assigned value in the settings file.
    will default to the value: 0.01
Variable num_steps has no assigned value in the settings file.
    will default to the value: 500
Variable initial_position has no assigned value in the settings file.
    will default to the value: [0. 0. 0.]
Variable initial_velocity has no assigned value in the settings file.
    will default to the value: [0. 0. 0. 0. 0. 0.]
Generating an instance of StaticUvlm
Variable nonlifting_body_interactions has no assigned value in the settings file.
    will default to the value: False
Variable only_nonlifting has no assigned value in the settings file.
    will default to the value: False
Variable phantom_wing_test has no assigned value in the settings file.
    will default to the value: False
Variable iterative_solver has no assigned value in the settings file.
    will default to the value: False
Variable iterative_tol has no assigned value in the settings file.
    will default to the value: 0.0001
Variable iterative_precond has no assigned value in the settings file.
    will default to the value: False
Variable cfl1 has no assigned value in the settings file.
    will default to the value: True
Variable vortex_radius has no assigned value in the settings file.
    will default to the value: 1e-06
Variable vortex_radius_wake_ind has no assigned value in the settings file.
    will default to the value: 1e-06
Variable rbm_vel_g has no assigned value in the settings file.
    will default to the value: [0.0, 0.0, 0.0, 0.0, 0.0, 0.0]
Variable centre_rot_g has no assigned value in the settings file.
    will default to the value: [0.0, 0.0, 0.0]
Variable map_forces_on_struct has no assigned value in the settings file.
    will default to the value: False
Variable ignore_first_x_nodes_in_force_calculation has no assigned value in the settings file.
    will default to the value: 0



|=====|=====|============|==========|==========|==========|==========|==========|==========|
|iter |step | log10(res) |    Fx    |    Fy    |    Fz    |    Mx    |    My    |    Mz    |
|=====|=====|============|==========|==========|==========|==========|==========|==========|
|  0  |  0  |  0.00000   |  8.7557  |  0.0000  |-199.8539 |  0.0000  | 244.1750 |  0.0000  |
|  1  |  0  | -10.39847  |  8.7028  |  0.0000  |-198.8881 | -0.0003  | 243.9220 | -0.0000  |
|  0  |  1  |  0.00000   | 17.4560  |  0.0000  |-396.7372 | -0.0009  | 487.5644 | -0.0000  |
|  1  |  1  | -10.05933  | 17.3501  | -0.0000  |-394.8098 |  0.0009  | 487.0594 |  0.0000  |
|  0  |  2  |  0.00000   | 26.1017  | -0.0001  |-590.6648 |  0.0028  | 730.1720 |  0.0001  |
|  1  |  2  |  -9.84837  | 25.9430  | -0.0001  |-587.7867 |  0.0038  | 729.4191 |  0.0001  |
|  2  |  2  | -10.12029  | 25.8580  | -0.0001  |-586.2474 |  0.0043  | 729.0164 |  0.0001  |
|  0  |  3  |  0.00000   | 34.6949  | -0.0001  |-781.6770 |  0.0058  | 972.0105 |  0.0002  |
|  1  |  3  |  -9.69085  | 34.4824  | -0.0001  |-777.8367 |  0.0073  | 971.0054 |  0.0002  |
|  2  |  3  |  -9.96380  | 34.3690  | -0.0002  |-775.7875 |  0.0081  | 970.4689 |  0.0002  |
|  3  |  3  | -11.98470  | 34.3701  | -0.0002  |-775.8074 |  0.0080  | 970.4740 |  0.0002  |
|  0  |  4  |  0.00000   | 43.2351  | -0.0002  |-969.7594 |  0.0100  |1213.0739 |  0.0003  |
|  1  |  4  |  -9.56464  | 42.9690  | -0.0002  |-964.9664 |  0.0121  |1211.8189 |  0.0004  |
|  2  |  4  |  -9.83860  | 42.8273  | -0.0002  |-962.4146 |  0.0132  |1211.1505 |  0.0004  |
|  3  |  4  | -11.76203  | 42.8290  | -0.0002  |-962.4457 |  0.0131  |1211.1585 |  0.0004  |
|  0  |  5  |  0.00000   | 51.7235  | -0.0003  |-1154.9367|  0.0157  |1453.3681 |  0.0005  |
|  1  |  5  |  -9.45835  | 51.4037  | -0.0003  |-1149.1962|  0.0184  |1451.8646 |  0.0005  |
|  2  |  5  |  -9.73309  | 51.2337  | -0.0003  |-1146.1446|  0.0197  |1451.0653 |  0.0006  |
|  3  |  5  | -11.58426  | 51.2361  | -0.0004  |-1146.1881|  0.0196  |1451.0764 |  0.0006  |
|  0  |  6  |  0.00000   | 60.1611  | -0.0004  |-1337.2240|  0.0229  |1692.8972 |  0.0007  |
|  1  |  6  |  -9.36607  | 59.7873  | -0.0005  |-1330.5376|  0.0262  |1691.1458 |  0.0008  |
|  2  |  6  |  -9.64203  | 59.5891  | -0.0005  |-1326.9937|  0.0279  |1690.2171 |  0.0008  |
|  3  |  6  | -11.41870  | 59.5925  | -0.0005  |-1327.0541|  0.0278  |1690.2325 |  0.0008  |
|  0  |  7  |  0.00000   | 68.5488  | -0.0005  |-1516.6405|  0.0317  |1931.6657 |  0.0009  |
|  1  |  7  |  -9.28445  | 68.1208  | -0.0006  |-1509.0121|  0.0358  |1929.6674 |  0.0010  |
|  2  |  7  |  -9.56141  | 67.8944  | -0.0006  |-1504.9783|  0.0378  |1928.6102 |  0.0011  |
|  3  |  7  | -11.27912  | 67.8989  | -0.0006  |-1505.0570|  0.0376  |1928.6303 |  0.0011  |
|  0  |  8  |  0.00000   | 76.8874  | -0.0007  |-1693.1998|  0.0423  |2169.6773 |  0.0012  |
|  1  |  8  |  -9.21102  | 76.4049  | -0.0008  |-1684.6270|  0.0471  |2167.4314 |  0.0013  |
|  2  |  8  |  -9.48903  | 76.1503  | -0.0008  |-1680.1045|  0.0495  |2166.2459 |  0.0014  |
|  3  |  8  | -11.15299  | 76.1559  | -0.0008  |-1680.2044|  0.0493  |2166.2714 |  0.0014  |
|  0  |  9  |  0.00000   | 85.1775  | -0.0009  |-1866.9087|  0.0547  |2406.9335 |  0.0015  |
|  1  |  9  |  -9.14454  | 84.6406  | -0.0010  |-1857.4046|  0.0603  |2404.4432 |  0.0017  |
|  2  |  9  |  -9.42352  | 84.3579  | -0.0010  |-1852.4021|  0.0631  |2403.1316 |  0.0018  |
|  3  |  9  | -11.04245  | 84.3648  | -0.0010  |-1852.5246|  0.0629  |2403.1629 |  0.0018  |
Generating an instance of AeroForcesCalculator
Variable text_file_name has no assigned value in the settings file.
    will default to the value: aeroforces.txt
Variable screen_output has no assigned value in the settings file.
    will default to the value: True
Variable coefficients has no assigned value in the settings file.
    will default to the value: False
Variable lifting_surfaces has no assigned value in the settings file.
    will default to the value: True
Variable nonlifting_body has no assigned value in the settings file.
    will default to the value: False



|==============|==============|==============|==============|==============|==============|==============|
|    tstep     |     fx_g     |     fy_g     |     fz_g     |     mx_g     |     my_g     |     mz_g     |
|==============|==============|==============|==============|==============|==============|==============|
|      0       | 1.966195e+01 |-9.946111e-04 | 2.416669e+03 | 6.283365e-02 |-3.763568e+02 |-4.425473e-04 |
...Finished
FINISHED - Elapsed time = 9.0007646 seconds
FINISHED - CPU process time = 8.9920806 seconds
