--------------------------------------------------------------------------------
            ######  ##     ##    ###    ########  ########  ##    ##
           ##    ## ##     ##   ## ##   ##     ## ##     ##  ##  ##
           ##       ##     ##  ##   ##  ##     ## ##     ##   ####
            ######  ######### ##     ## ########  ########     ##
                 ## ##     ## ######### ##   ##   ##           ##
           ##    ## ##     ## ##     ## ##    ##  ##           ##
            ######  ##     ## ##     ## ##     ## ##           ##
--------------------------------------------------------------------------------
Aeroelastics Lab, Aeronautics Department.
    Copyright (c), Imperial College London.
    All rights reserved.
    License available at https://github.com/imperialcollegelondon/sharpy
Running SHARPy from /Users/benpreston/sharpy_cases/goland_swept_loads
SHARPy being run is in /Users/benpreston/sharpy_installs/dev_profiler
The branch being run is develop
The version and commit hash are: 2.1-284-g23da1e0b-23da1e0b
SHARPy output folder set
	/Users/benpreston/sharpy_cases/goland_swept_loads/output//goland_ang_50_00_pos_0_60/
Generating an instance of BeamLoader
Variable for_pos has no assigned value in the settings file.
    will default to the value: [0.0, 0, 0]
Generating an instance of AerogridLoader
Variable control_surface_deflection has no assigned value in the settings file.
    will default to the value: []
Variable control_surface_deflection_generator_settings has no assigned value in the settings file.
    will default to the value: {}
Variable dx1 has no assigned value in the settings file.
    will default to the value: -1.0
Variable ndx1 has no assigned value in the settings file.
    will default to the value: 1
Variable r has no assigned value in the settings file.
    will default to the value: 1.0
Variable dxmax has no assigned value in the settings file.
    will default to the value: -1.0
The aerodynamic grid contains 2 surfaces
  Surface 0, M=16, N=20
     Wake 0, M=160, N=20
  Surface 1, M=16, N=20
     Wake 1, M=160, N=20
  In total: 640 bound panels
  In total: 6400 wake panels
  Total number of panels = 7040
Generating an instance of StaticCoupled
Variable correct_forces_method has no assigned value in the settings file.
    will default to the value: 
Variable correct_forces_settings has no assigned value in the settings file.
    will default to the value: {}
Variable runtime_generators has no assigned value in the settings file.
    will default to the value: {}
Variable nonlifting_body_interactions has no assigned value in the settings file.
    will default to the value: False
Generating an instance of NonLinearStatic
Variable abs_threshold has no assigned value in the settings file.
    will default to the value: 1e-13
Variable newmark_damp has no assigned value in the settings file.
    will default to the value: 0.0001
Variable gravity_dir has no assigned value in the settings file.
    will default to the value: [0.0, 0.0, 1.0]
Variable relaxation_factor has no assigned value in the settings file.
    will default to the value: 0.3
Variable dt has no assigned value in the settings file.
    will default to the value: 0.01
Variable num_steps has no assigned value in the settings file.
    will default to the value: 500
Variable initial_position has no assigned value in the settings file.
    will default to the value: [0. 0. 0.]
Variable initial_velocity has no assigned value in the settings file.
    will default to the value: [0. 0. 0. 0. 0. 0.]
Generating an instance of StaticUvlm
Variable nonlifting_body_interactions has no assigned value in the settings file.
    will default to the value: False
Variable only_nonlifting has no assigned value in the settings file.
    will default to the value: False
Variable phantom_wing_test has no assigned value in the settings file.
    will default to the value: False
Variable iterative_solver has no assigned value in the settings file.
    will default to the value: False
Variable iterative_tol has no assigned value in the settings file.
    will default to the value: 0.0001
Variable iterative_precond has no assigned value in the settings file.
    will default to the value: False
Variable cfl1 has no assigned value in the settings file.
    will default to the value: True
Variable vortex_radius has no assigned value in the settings file.
    will default to the value: 1e-06
Variable vortex_radius_wake_ind has no assigned value in the settings file.
    will default to the value: 1e-06
Variable rbm_vel_g has no assigned value in the settings file.
    will default to the value: [0.0, 0.0, 0.0, 0.0, 0.0, 0.0]
Variable centre_rot_g has no assigned value in the settings file.
    will default to the value: [0.0, 0.0, 0.0]
Variable map_forces_on_struct has no assigned value in the settings file.
    will default to the value: False
Variable ignore_first_x_nodes_in_force_calculation has no assigned value in the settings file.
    will default to the value: 0



|=====|=====|============|==========|==========|==========|==========|==========|==========|
|iter |step | log10(res) |    Fx    |    Fy    |    Fz    |    Mx    |    My    |    Mz    |
|=====|=====|============|==========|==========|==========|==========|==========|==========|
|  0  |  0  |  0.00000   |  8.9709  |  0.0000  |-207.3757 |  0.0000  | 222.6487 |  0.0000  |
|  1  |  0  | -10.43896  |  8.9238  |  0.0000  |-206.5114 |  0.0002  | 222.5657 | -0.0000  |
|  0  |  1  |  0.00000   | 17.8921  |  0.0000  |-412.0914 |  0.0005  | 445.0353 | -0.0000  |
|  1  |  1  | -10.10310  | 17.7977  | -0.0000  |-410.3656 | -0.0004  | 444.8694 |  0.0000  |
|  0  |  2  |  0.00000   | 26.7643  | -0.0001  |-614.1556 | -0.0014  | 667.1602 |  0.0000  |
|  1  |  2  |  -9.89420  | 26.6228  | -0.0002  |-611.5772 | -0.0018  | 666.9161 |  0.0000  |
|  2  |  2  | -10.16462  | 26.5468  | -0.0002  |-610.1931 | -0.0020  | 666.7852 |  0.0000  |
|  0  |  3  |  0.00000   | 35.5889  | -0.0003  |-813.5948 | -0.0027  | 889.0345 |  0.0000  |
|  1  |  3  |  -9.73909  | 35.3995  | -0.0004  |-810.1508 | -0.0031  | 888.7058 |  0.0001  |
|  2  |  3  | -10.01001  | 35.2979  | -0.0004  |-808.3040 | -0.0033  | 888.5296 |  0.0001  |
|  0  |  4  |  0.00000   | 44.3656  | -0.0005  |-1010.3876| -0.0042  |1110.6458 |  0.0001  |
|  1  |  4  |  -9.61429  | 44.1283  | -0.0006  |-1006.0850| -0.0045  |1110.2349 |  0.0001  |
|  2  |  4  |  -9.88572  | 44.0012  | -0.0006  |-1003.7802| -0.0048  |1110.0150 |  0.0001  |
|  3  |  4  | -12.11206  | 44.0019  | -0.0006  |-1003.7931| -0.0048  |1110.0165 |  0.0001  |
|  0  |  5  |  0.00000   | 53.0951  | -0.0007  |-1204.5492| -0.0058  |1331.9989 |  0.0002  |
|  1  |  5  |  -9.50910  | 52.8098  | -0.0008  |-1199.3888| -0.0061  |1331.5058 |  0.0002  |
|  2  |  5  |  -9.78105  | 52.6572  | -0.0009  |-1196.6274| -0.0063  |1331.2422 |  0.0002  |
|  3  |  5  | -11.92697  | 52.6582  | -0.0009  |-1196.6459| -0.0063  |1331.2443 |  0.0002  |
|  0  |  6  |  0.00000   | 61.7783  | -0.0011  |-1396.0849| -0.0074  |1553.0940 |  0.0002  |
|  1  |  6  |  -9.41782  | 61.4448  | -0.0012  |-1390.0675| -0.0076  |1552.5185 |  0.0003  |
|  2  |  6  |  -9.69028  | 61.2665  | -0.0012  |-1386.8509| -0.0078  |1552.2113 |  0.0003  |
|  3  |  6  | -11.76847  | 61.2679  | -0.0012  |-1386.8762| -0.0078  |1552.2142 |  0.0003  |
|  0  |  7  |  0.00000   | 70.4155  | -0.0014  |-1585.0001| -0.0090  |1773.9312 |  0.0003  |
|  1  |  7  |  -9.33705  | 70.0337  | -0.0016  |-1578.1304| -0.0091  |1773.2742 |  0.0004  |
|  2  |  7  |  -9.60998  | 69.8298  | -0.0016  |-1574.4618| -0.0092  |1772.9239 |  0.0004  |
|  3  |  7  | -11.63314  | 69.8316  | -0.0016  |-1574.4944| -0.0092  |1772.9277 |  0.0004  |
|  0  |  8  |  0.00000   | 79.0077  | -0.0018  |-1771.3059| -0.0104  |1994.5121 |  0.0005  |
|  1  |  8  |  -9.26432  | 78.5773  | -0.0020  |-1763.5830| -0.0103  |1993.7734 |  0.0005  |
|  2  |  8  |  -9.53775  | 78.3477  | -0.0021  |-1759.4631| -0.0104  |1993.3800 |  0.0006  |
|  3  |  8  | -11.50929  | 78.3500  | -0.0021  |-1759.5044| -0.0105  |1993.3847 |  0.0006  |
|  0  |  9  |  0.00000   | 87.5552  | -0.0023  |-1955.0058| -0.0117  |2214.8368 |  0.0006  |
|  1  |  9  |  -9.19804  | 87.0760  | -0.0025  |-1946.4244| -0.0114  |2214.0150 |  0.0007  |
|  2  |  9  |  -9.47201  | 86.8206  | -0.0026  |-1941.8518| -0.0113  |2213.5779 |  0.0008  |
|  3  |  9  | -11.39358  | 86.8235  | -0.0026  |-1941.9033| -0.0114  |2213.5838 |  0.0007  |
Generating an instance of AeroForcesCalculator
Variable text_file_name has no assigned value in the settings file.
    will default to the value: aeroforces.txt
Variable screen_output has no assigned value in the settings file.
    will default to the value: True
Variable coefficients has no assigned value in the settings file.
    will default to the value: False
Variable lifting_surfaces has no assigned value in the settings file.
    will default to the value: True
Variable nonlifting_body has no assigned value in the settings file.
    will default to the value: False



|==============|==============|==============|==============|==============|==============|==============|
|    tstep     |     fx_g     |     fy_g     |     fz_g     |     mx_g     |     my_g     |     mz_g     |
|==============|==============|==============|==============|==============|==============|==============|
|      0       | 1.899940e+01 |-2.617579e-03 | 2.327277e+03 |-1.140185e-02 |-4.968543e+01 | 1.142507e-03 |
...Finished
FINISHED - Elapsed time = 8.7761026 seconds
FINISHED - CPU process time = 8.8164746 seconds
