--------------------------------------------------------------------------------
            ######  ##     ##    ###    ########  ########  ##    ##
           ##    ## ##     ##   ## ##   ##     ## ##     ##  ##  ##
           ##       ##     ##  ##   ##  ##     ## ##     ##   ####
            ######  ######### ##     ## ########  ########     ##
                 ## ##     ## ######### ##   ##   ##           ##
           ##    ## ##     ## ##     ## ##    ##  ##           ##
            ######  ##     ## ##     ## ##     ## ##           ##
--------------------------------------------------------------------------------
Aeroelastics Lab, Aeronautics Department.
    Copyright (c), Imperial College London.
    All rights reserved.
    License available at https://github.com/imperialcollegelondon/sharpy
Running SHARPy from /Users/benpreston/sharpy_cases/goland_swept_loads
SHARPy being run is in /Users/benpreston/sharpy_installs/dev_profiler
The branch being run is develop
The version and commit hash are: 2.1-284-g23da1e0b-23da1e0b
SHARPy output folder set
	/Users/benpreston/sharpy_cases/goland_swept_loads/output//goland_ang_10_00_pos_0_60/
Generating an instance of BeamLoader
Variable for_pos has no assigned value in the settings file.
    will default to the value: [0.0, 0, 0]
Generating an instance of AerogridLoader
Variable control_surface_deflection has no assigned value in the settings file.
    will default to the value: []
Variable control_surface_deflection_generator_settings has no assigned value in the settings file.
    will default to the value: {}
Variable dx1 has no assigned value in the settings file.
    will default to the value: -1.0
Variable ndx1 has no assigned value in the settings file.
    will default to the value: 1
Variable r has no assigned value in the settings file.
    will default to the value: 1.0
Variable dxmax has no assigned value in the settings file.
    will default to the value: -1.0
The aerodynamic grid contains 2 surfaces
  Surface 0, M=16, N=20
     Wake 0, M=160, N=20
  Surface 1, M=16, N=20
     Wake 1, M=160, N=20
  In total: 640 bound panels
  In total: 6400 wake panels
  Total number of panels = 7040
Generating an instance of StaticCoupled
Variable correct_forces_method has no assigned value in the settings file.
    will default to the value: 
Variable correct_forces_settings has no assigned value in the settings file.
    will default to the value: {}
Variable runtime_generators has no assigned value in the settings file.
    will default to the value: {}
Variable nonlifting_body_interactions has no assigned value in the settings file.
    will default to the value: False
Generating an instance of NonLinearStatic
Variable abs_threshold has no assigned value in the settings file.
    will default to the value: 1e-13
Variable newmark_damp has no assigned value in the settings file.
    will default to the value: 0.0001
Variable gravity_dir has no assigned value in the settings file.
    will default to the value: [0.0, 0.0, 1.0]
Variable relaxation_factor has no assigned value in the settings file.
    will default to the value: 0.3
Variable dt has no assigned value in the settings file.
    will default to the value: 0.01
Variable num_steps has no assigned value in the settings file.
    will default to the value: 500
Variable initial_position has no assigned value in the settings file.
    will default to the value: [0. 0. 0.]
Variable initial_velocity has no assigned value in the settings file.
    will default to the value: [0. 0. 0. 0. 0. 0.]
Generating an instance of StaticUvlm
Variable nonlifting_body_interactions has no assigned value in the settings file.
    will default to the value: False
Variable only_nonlifting has no assigned value in the settings file.
    will default to the value: False
Variable phantom_wing_test has no assigned value in the settings file.
    will default to the value: False
Variable iterative_solver has no assigned value in the settings file.
    will default to the value: False
Variable iterative_tol has no assigned value in the settings file.
    will default to the value: 0.0001
Variable iterative_precond has no assigned value in the settings file.
    will default to the value: False
Variable cfl1 has no assigned value in the settings file.
    will default to the value: True
Variable vortex_radius has no assigned value in the settings file.
    will default to the value: 1e-06
Variable vortex_radius_wake_ind has no assigned value in the settings file.
    will default to the value: 1e-06
Variable rbm_vel_g has no assigned value in the settings file.
    will default to the value: [0.0, 0.0, 0.0, 0.0, 0.0, 0.0]
Variable centre_rot_g has no assigned value in the settings file.
    will default to the value: [0.0, 0.0, 0.0]
Variable map_forces_on_struct has no assigned value in the settings file.
    will default to the value: False
Variable ignore_first_x_nodes_in_force_calculation has no assigned value in the settings file.
    will default to the value: 0



|=====|=====|============|==========|==========|==========|==========|==========|==========|
|iter |step | log10(res) |    Fx    |    Fy    |    Fz    |    Mx    |    My    |    Mz    |
|=====|=====|============|==========|==========|==========|==========|==========|==========|
|  0  |  0  |  0.00000   |  7.3501  |  0.0000  |-150.1176 |  0.0000  | 142.7527 |  0.0000  |
|  1  |  0  | -11.02732  |  7.3110  |  0.0000  |-149.3956 | -0.0001  | 142.8157 | -0.0000  |
|  0  |  1  |  0.00000   | 14.6584  |  0.0000  |-298.0107 | -0.0002  | 285.6963 | -0.0000  |
|  1  |  1  | -10.67149  | 14.5802  |  0.0000  |-296.5655 | -0.0003  | 285.8224 | -0.0000  |
|  0  |  2  |  0.00000   | 21.9252  |  0.0000  |-443.6754 | -0.0006  | 428.8311 | -0.0000  |
|  1  |  2  | -10.44716  | 21.8077  |  0.0000  |-441.5059 | -0.0008  | 429.0204 | -0.0000  |
|  0  |  3  |  0.00000   | 29.1507  |  0.0000  |-587.1074 | -0.0013  | 572.1575 | -0.0000  |
|  1  |  3  | -10.27918  | 28.9938  |  0.0000  |-584.2124 | -0.0016  | 572.4101 | -0.0000  |
|  0  |  4  |  0.00000   | 36.3351  |  0.0000  |-728.3027 | -0.0023  | 715.6759 | -0.0000  |
|  1  |  4  | -10.14331  | 36.1386  | -0.0000  |-724.6798 |  0.0013  | 715.9933 |  0.0000  |
|  0  |  5  |  0.00000   | 43.4786  | -0.0000  |-867.2547 |  0.0037  | 859.3890 |  0.0001  |
|  1  |  5  | -10.02837  | 43.2424  | -0.0000  |-862.9094 |  0.0043  | 859.7724 |  0.0001  |
|  0  |  6  |  0.00000   | 50.5816  | -0.0000  |-1003.9719|  0.0053  |1003.2996 |  0.0001  |
|  1  |  6  |  -9.92924  | 50.3055  | -0.0000  |-998.8929 |  0.0062  |1003.7444 |  0.0001  |
|  2  |  6  | -10.19625  | 50.1560  | -0.0000  |-996.1432 |  0.0066  |1003.9851 |  0.0001  |
|  0  |  7  |  0.00000   | 57.6432  | -0.0000  |-1138.4184|  0.0075  |1147.4013 |  0.0001  |
|  1  |  7  |  -9.84200  | 57.3275  | -0.0000  |-1132.6164|  0.0086  |1147.9088 |  0.0002  |
|  2  |  7  | -10.10873  | 57.1564  | -0.0000  |-1129.4730|  0.0091  |1148.1838 |  0.0002  |
|  0  |  8  |  0.00000   | 64.6649  | -0.0000  |-1270.6187|  0.0102  |1291.6955 |  0.0002  |
|  1  |  8  |  -9.76321  | 64.3092  | -0.0000  |-1264.0854|  0.0114  |1292.2662 |  0.0002  |
|  2  |  8  | -10.02965  | 64.1163  | -0.0000  |-1260.5432|  0.0121  |1292.5756 |  0.0002  |
|  0  |  9  |  0.00000   | 71.6466  | -0.0000  |-1400.5570|  0.0134  |1436.1828 |  0.0002  |
|  1  |  9  |  -9.69173  | 71.2505  | -0.0000  |-1393.2909|  0.0149  |1436.8166 |  0.0003  |
|  2  |  9  |  -9.95788  | 71.0357  | -0.0000  |-1389.3485|  0.0156  |1437.1605 |  0.0003  |
|  3  |  9  | -12.03196  | 71.0339  | -0.0000  |-1389.3163|  0.0156  |1437.1633 |  0.0003  |
Generating an instance of AeroForcesCalculator
Variable text_file_name has no assigned value in the settings file.
    will default to the value: aeroforces.txt
Variable screen_output has no assigned value in the settings file.
    will default to the value: True
Variable coefficients has no assigned value in the settings file.
    will default to the value: False
Variable lifting_surfaces has no assigned value in the settings file.
    will default to the value: True
Variable nonlifting_body has no assigned value in the settings file.
    will default to the value: False



|==============|==============|==============|==============|==============|==============|==============|
|    tstep     |     fx_g     |     fy_g     |     fz_g     |     mx_g     |     my_g     |     mz_g     |
|==============|==============|==============|==============|==============|==============|==============|
|      0       | 2.250404e+01 |-1.403256e-05 | 2.880101e+03 | 1.560459e-02 | 3.000405e+02 |-2.753517e-04 |
...Finished
FINISHED - Elapsed time = 6.5766646 seconds
FINISHED - CPU process time = 6.5908736 seconds
