--------------------------------------------------------------------------------
            ######  ##     ##    ###    ########  ########  ##    ##
           ##    ## ##     ##   ## ##   ##     ## ##     ##  ##  ##
           ##       ##     ##  ##   ##  ##     ## ##     ##   ####
            ######  ######### ##     ## ########  ########     ##
                 ## ##     ## ######### ##   ##   ##           ##
           ##    ## ##     ## ##     ## ##    ##  ##           ##
            ######  ##     ## ##     ## ##     ## ##           ##
--------------------------------------------------------------------------------
Aeroelastics Lab, Aeronautics Department.
    Copyright (c), Imperial College London.
    All rights reserved.
    License available at https://github.com/imperialcollegelondon/sharpy
Running SHARPy from /Users/benpreston/sharpy_cases/goland_swept_loads
SHARPy being run is in /Users/benpreston/sharpy_installs/dev_profiler
The branch being run is develop
The version and commit hash are: 2.1-284-g23da1e0b-23da1e0b
SHARPy output folder set
	/Users/benpreston/sharpy_cases/goland_swept_loads/output//goland_ang_n40_00_pos_0_65/
Generating an instance of BeamLoader
Variable for_pos has no assigned value in the settings file.
    will default to the value: [0.0, 0, 0]
Generating an instance of AerogridLoader
Variable control_surface_deflection has no assigned value in the settings file.
    will default to the value: []
Variable control_surface_deflection_generator_settings has no assigned value in the settings file.
    will default to the value: {}
Variable dx1 has no assigned value in the settings file.
    will default to the value: -1.0
Variable ndx1 has no assigned value in the settings file.
    will default to the value: 1
Variable r has no assigned value in the settings file.
    will default to the value: 1.0
Variable dxmax has no assigned value in the settings file.
    will default to the value: -1.0
The aerodynamic grid contains 2 surfaces
  Surface 0, M=16, N=20
     Wake 0, M=160, N=20
  Surface 1, M=16, N=20
     Wake 1, M=160, N=20
  In total: 640 bound panels
  In total: 6400 wake panels
  Total number of panels = 7040
Generating an instance of StaticCoupled
Variable correct_forces_method has no assigned value in the settings file.
    will default to the value: 
Variable correct_forces_settings has no assigned value in the settings file.
    will default to the value: {}
Variable runtime_generators has no assigned value in the settings file.
    will default to the value: {}
Variable nonlifting_body_interactions has no assigned value in the settings file.
    will default to the value: False
Generating an instance of NonLinearStatic
Variable abs_threshold has no assigned value in the settings file.
    will default to the value: 1e-13
Variable newmark_damp has no assigned value in the settings file.
    will default to the value: 0.0001
Variable gravity_dir has no assigned value in the settings file.
    will default to the value: [0.0, 0.0, 1.0]
Variable relaxation_factor has no assigned value in the settings file.
    will default to the value: 0.3
Variable dt has no assigned value in the settings file.
    will default to the value: 0.01
Variable num_steps has no assigned value in the settings file.
    will default to the value: 500
Variable initial_position has no assigned value in the settings file.
    will default to the value: [0. 0. 0.]
Variable initial_velocity has no assigned value in the settings file.
    will default to the value: [0. 0. 0. 0. 0. 0.]
Generating an instance of StaticUvlm
Variable nonlifting_body_interactions has no assigned value in the settings file.
    will default to the value: False
Variable only_nonlifting has no assigned value in the settings file.
    will default to the value: False
Variable phantom_wing_test has no assigned value in the settings file.
    will default to the value: False
Variable iterative_solver has no assigned value in the settings file.
    will default to the value: False
Variable iterative_tol has no assigned value in the settings file.
    will default to the value: 0.0001
Variable iterative_precond has no assigned value in the settings file.
    will default to the value: False
Variable cfl1 has no assigned value in the settings file.
    will default to the value: True
Variable vortex_radius has no assigned value in the settings file.
    will default to the value: 1e-06
Variable vortex_radius_wake_ind has no assigned value in the settings file.
    will default to the value: 1e-06
Variable rbm_vel_g has no assigned value in the settings file.
    will default to the value: [0.0, 0.0, 0.0, 0.0, 0.0, 0.0]
Variable centre_rot_g has no assigned value in the settings file.
    will default to the value: [0.0, 0.0, 0.0]
Variable map_forces_on_struct has no assigned value in the settings file.
    will default to the value: False
Variable ignore_first_x_nodes_in_force_calculation has no assigned value in the settings file.
    will default to the value: 0



|=====|=====|============|==========|==========|==========|==========|==========|==========|
|iter |step | log10(res) |    Fx    |    Fy    |    Fz    |    Mx    |    My    |    Mz    |
|=====|=====|============|==========|==========|==========|==========|==========|==========|
|  0  |  0  |  0.00000   |  8.3187  | -0.0002  |-183.3530 | -2.1460  | 35.5746  | -0.0565  |
|  1  |  0  | -13.14932  |  8.3167  | -0.0001  |-183.3177 | -2.3782  | 35.5812  | -0.0692  |
|  0  |  1  |  0.00000   | 16.6352  | -0.0005  |-366.5972 | -5.0081  | 71.1666  | -0.1203  |
|  1  |  1  | -12.69174  | 16.6312  | -0.0001  |-366.5266 | -5.4738  | 71.1798  | -0.1458  |
|  0  |  2  |  0.00000   | 24.9495  | -0.0006  |-549.7327 | -8.5911  | 106.7760 | -0.1916  |
|  1  |  2  | -12.40395  | 24.9436  | -0.0001  |-549.6269 | -9.2916  | 106.7958 | -0.2298  |
|  0  |  3  |  0.00000   | 33.2616  | -0.0008  |-732.7595 | -12.8994 | 142.4029 | -0.2703  |
|  1  |  3  | -12.18960  | 33.2537  | -0.0001  |-732.6184 | -13.8362 | 142.4293 | -0.3214  |
|  0  |  4  |  0.00000   | 41.5715  | -0.0009  |-915.6775 | -17.9380 | 178.0473 | -0.3566  |
|  1  |  4  | -12.01902  | 41.5617  | -0.0000  |-915.5011 | -19.1124 | 178.0802 | -0.4204  |
|  0  |  5  |  0.00000   | 49.8793  | -0.0010  |-1098.4867| -23.7114 | 213.7091 | -0.4503  |
|  1  |  5  | -11.87742  | 49.8675  |  0.0000  |-1098.2749| -25.1249 | 213.7487 | -0.5270  |
|  0  |  6  |  0.00000   | 58.1849  | -0.0011  |-1281.1870| -30.2246 | 249.3885 | -0.5516  |
|  1  |  6  | -11.75615  | 58.1711  |  0.0001  |-1280.9399| -31.8785 | 249.4346 | -0.6412  |
|  0  |  7  |  0.00000   | 66.4883  | -0.0011  |-1463.7785| -37.4822 | 285.0853 | -0.6605  |
|  1  |  7  | -11.65047  | 66.4726  |  0.0002  |-1463.4960| -39.3781 | 285.1380 | -0.7630  |
|  0  |  8  |  0.00000   | 74.7896  | -0.0012  |-1646.2610| -45.4893 | 320.7996 | -0.7770  |
|  1  |  8  | -11.55634  | 74.7719  |  0.0003  |-1645.9433| -47.6285 | 320.8590 | -0.8925  |
|  0  |  9  |  0.00000   | 83.0888  | -0.0013  |-1828.6346| -54.2507 | 356.5314 | -0.9012  |
|  1  |  9  | -11.47188  | 83.0691  |  0.0004  |-1828.2816| -56.6347 | 356.5974 | -1.0297  |
Generating an instance of AeroForcesCalculator
Variable text_file_name has no assigned value in the settings file.
    will default to the value: aeroforces.txt
Variable screen_output has no assigned value in the settings file.
    will default to the value: True
Variable coefficients has no assigned value in the settings file.
    will default to the value: False
Variable lifting_surfaces has no assigned value in the settings file.
    will default to the value: True
Variable nonlifting_body has no assigned value in the settings file.
    will default to the value: False



|==============|==============|==============|==============|==============|==============|==============|
|    tstep     |     fx_g     |     fy_g     |     fz_g     |     mx_g     |     my_g     |     mz_g     |
|==============|==============|==============|==============|==============|==============|==============|
|      0       | 1.920833e+01 | 1.107672e-03 | 2.448411e+03 |-3.645355e+01 | 6.609642e+02 | 8.959129e-01 |
...Finished
FINISHED - Elapsed time = 5.3221616 seconds
FINISHED - CPU process time = 5.3213466 seconds
