--------------------------------------------------------------------------------
            ######  ##     ##    ###    ########  ########  ##    ##
           ##    ## ##     ##   ## ##   ##     ## ##     ##  ##  ##
           ##       ##     ##  ##   ##  ##     ## ##     ##   ####
            ######  ######### ##     ## ########  ########     ##
                 ## ##     ## ######### ##   ##   ##           ##
           ##    ## ##     ## ##     ## ##    ##  ##           ##
            ######  ##     ## ##     ## ##     ## ##           ##
--------------------------------------------------------------------------------
Aeroelastics Lab, Aeronautics Department.
    Copyright (c), Imperial College London.
    All rights reserved.
    License available at https://github.com/imperialcollegelondon/sharpy
Running SHARPy from /Users/benpreston/sharpy_cases/goland_swept_loads
SHARPy being run is in /Users/benpreston/sharpy_installs/dev_profiler
The branch being run is develop
The version and commit hash are: 2.1-284-g23da1e0b-23da1e0b
SHARPy output folder set
	/Users/benpreston/sharpy_cases/goland_swept_loads/output//goland_ang_30_00_pos_0_85/
Generating an instance of BeamLoader
Variable for_pos has no assigned value in the settings file.
    will default to the value: [0.0, 0, 0]
Generating an instance of AerogridLoader
Variable control_surface_deflection has no assigned value in the settings file.
    will default to the value: []
Variable control_surface_deflection_generator_settings has no assigned value in the settings file.
    will default to the value: {}
Variable dx1 has no assigned value in the settings file.
    will default to the value: -1.0
Variable ndx1 has no assigned value in the settings file.
    will default to the value: 1
Variable r has no assigned value in the settings file.
    will default to the value: 1.0
Variable dxmax has no assigned value in the settings file.
    will default to the value: -1.0
The aerodynamic grid contains 2 surfaces
  Surface 0, M=16, N=20
     Wake 0, M=160, N=20
  Surface 1, M=16, N=20
     Wake 1, M=160, N=20
  In total: 640 bound panels
  In total: 6400 wake panels
  Total number of panels = 7040
Generating an instance of StaticCoupled
Variable correct_forces_method has no assigned value in the settings file.
    will default to the value: 
Variable correct_forces_settings has no assigned value in the settings file.
    will default to the value: {}
Variable runtime_generators has no assigned value in the settings file.
    will default to the value: {}
Variable nonlifting_body_interactions has no assigned value in the settings file.
    will default to the value: False
Generating an instance of NonLinearStatic
Variable abs_threshold has no assigned value in the settings file.
    will default to the value: 1e-13
Variable newmark_damp has no assigned value in the settings file.
    will default to the value: 0.0001
Variable gravity_dir has no assigned value in the settings file.
    will default to the value: [0.0, 0.0, 1.0]
Variable relaxation_factor has no assigned value in the settings file.
    will default to the value: 0.3
Variable dt has no assigned value in the settings file.
    will default to the value: 0.01
Variable num_steps has no assigned value in the settings file.
    will default to the value: 500
Variable initial_position has no assigned value in the settings file.
    will default to the value: [0. 0. 0.]
Variable initial_velocity has no assigned value in the settings file.
    will default to the value: [0. 0. 0. 0. 0. 0.]
Generating an instance of StaticUvlm
Variable nonlifting_body_interactions has no assigned value in the settings file.
    will default to the value: False
Variable only_nonlifting has no assigned value in the settings file.
    will default to the value: False
Variable phantom_wing_test has no assigned value in the settings file.
    will default to the value: False
Variable iterative_solver has no assigned value in the settings file.
    will default to the value: False
Variable iterative_tol has no assigned value in the settings file.
    will default to the value: 0.0001
Variable iterative_precond has no assigned value in the settings file.
    will default to the value: False
Variable cfl1 has no assigned value in the settings file.
    will default to the value: True
Variable vortex_radius has no assigned value in the settings file.
    will default to the value: 1e-06
Variable vortex_radius_wake_ind has no assigned value in the settings file.
    will default to the value: 1e-06
Variable rbm_vel_g has no assigned value in the settings file.
    will default to the value: [0.0, 0.0, 0.0, 0.0, 0.0, 0.0]
Variable centre_rot_g has no assigned value in the settings file.
    will default to the value: [0.0, 0.0, 0.0]
Variable map_forces_on_struct has no assigned value in the settings file.
    will default to the value: False
Variable ignore_first_x_nodes_in_force_calculation has no assigned value in the settings file.
    will default to the value: 0



|=====|=====|============|==========|==========|==========|==========|==========|==========|
|iter |step | log10(res) |    Fx    |    Fy    |    Fz    |    Mx    |    My    |    Mz    |
|=====|=====|============|==========|==========|==========|==========|==========|==========|
|  0  |  0  |  0.00000   |  7.5023  | -0.0002  |-155.6268 |  1.7037  | 130.9245 |  0.0533  |
|  1  |  0  | -11.08037  |  7.4678  |  0.0007  |-154.9873 |  1.8143  | 131.0183 |  0.0601  |
|  0  |  1  |  0.00000   | 14.9675  |  0.0019  |-309.2829 |  3.7479  | 262.1351 |  0.1124  |
|  1  |  1  | -10.72627  | 14.8984  |  0.0036  |-308.0021 |  3.9687  | 262.3230 |  0.1260  |
|  0  |  2  |  0.00000   | 22.3958  |  0.0063  |-460.9619 |  6.1309  | 393.6328 |  0.1771  |
|  1  |  2  | -10.50317  | 22.2918  |  0.0088  |-459.0380 |  6.4612  | 393.9152 |  0.1975  |
|  0  |  3  |  0.00000   | 29.7871  |  0.0129  |-610.6574 |  8.8510  | 525.4188 |  0.2474  |
|  1  |  3  | -10.33605  | 29.6482  |  0.0163  |-608.0885 |  9.2904  | 525.7959 |  0.2746  |
|  0  |  4  |  0.00000   | 37.1417  |  0.0219  |-758.3630 | 11.9064  | 657.4940 |  0.3230  |
|  1  |  4  | -10.20125  | 36.9680  |  0.0261  |-755.1563 | 12.4265  | 657.9724 |  0.3565  |
|  0  |  5  |  0.00000   | 44.4600  |  0.0331  |-904.0885 | 15.2443  | 789.8709 |  0.4028  |
|  1  |  5  | -10.08685  | 44.2510  |  0.0382  |-900.2359 | 15.9163  | 790.4479 |  0.4440  |
|  0  |  6  |  0.00000   | 51.7418  |  0.0467  |-1047.8188| 18.9847  | 922.5464 |  0.4890  |
|  1  |  6  |  -9.98758  | 51.4973  |  0.0527  |-1043.3079| 19.7474  | 923.2142 |  0.5368  |
|  2  |  6  | -10.25293  | 51.3644  |  0.0559  |-1040.8559| 20.1527  | 923.5772 |  0.5622  |
|  0  |  7  |  0.00000   | 58.9857  |  0.0626  |-1189.5069| 23.0249  |1055.5110 |  0.5794  |
|  1  |  7  |  -9.90101  | 58.7064  |  0.0695  |-1184.3561| 23.8976  |1056.2722 |  0.6344  |
|  2  |  7  | -10.16581  | 58.5544  |  0.0732  |-1181.5526| 24.3601  |1056.6866 |  0.6636  |
|  0  |  8  |  0.00000   | 66.1941  |  0.0808  |-1329.1928| 27.3956  |1188.7667 |  0.6750  |
|  1  |  8  |  -9.82232  | 65.8794  |  0.0887  |-1323.3900| 28.3757  |1189.6237 |  0.7371  |
|  2  |  8  | -10.08660  | 65.7079  |  0.0929  |-1320.2275| 28.8941  |1190.0907 |  0.7699  |
|  0  |  9  |  0.00000   | 73.3662  |  0.1014  |-1466.8532| 32.0923  |1322.3176 |  0.7754  |
|  1  |  9  |  -9.75085  | 73.0159  |  0.1103  |-1460.3964| 33.1794  |1323.2703 |  0.8445  |
|  2  |  9  | -10.01461  | 72.8248  |  0.1149  |-1456.8729| 33.7532  |1323.7902 |  0.8810  |
Generating an instance of AeroForcesCalculator
Variable text_file_name has no assigned value in the settings file.
    will default to the value: aeroforces.txt
Variable screen_output has no assigned value in the settings file.
    will default to the value: True
Variable coefficients has no assigned value in the settings file.
    will default to the value: False
Variable lifting_surfaces has no assigned value in the settings file.
    will default to the value: True
Variable nonlifting_body has no assigned value in the settings file.
    will default to the value: False



|==============|==============|==============|==============|==============|==============|==============|
|    tstep     |     fx_g     |     fy_g     |     fz_g     |     mx_g     |     my_g     |     mz_g     |
|==============|==============|==============|==============|==============|==============|==============|
|      0       | 2.193575e+01 | 1.148944e-01 | 2.816949e+03 | 1.671136e+01 | 4.193944e+02 |-3.107479e-01 |
...Finished
FINISHED - Elapsed time = 6.6128266 seconds
FINISHED - CPU process time = 6.5826566 seconds
