--------------------------------------------------------------------------------
            ######  ##     ##    ###    ########  ########  ##    ##
           ##    ## ##     ##   ## ##   ##     ## ##     ##  ##  ##
           ##       ##     ##  ##   ##  ##     ## ##     ##   ####
            ######  ######### ##     ## ########  ########     ##
                 ## ##     ## ######### ##   ##   ##           ##
           ##    ## ##     ## ##     ## ##    ##  ##           ##
            ######  ##     ## ##     ## ##     ## ##           ##
--------------------------------------------------------------------------------
Aeroelastics Lab, Aeronautics Department.
    Copyright (c), Imperial College London.
    All rights reserved.
    License available at https://github.com/imperialcollegelondon/sharpy
Running SHARPy from /Users/benpreston/sharpy_cases/goland_swept_loads
SHARPy being run is in /Users/benpreston/sharpy_installs/dev_profiler
The branch being run is develop
The version and commit hash are: 2.1-284-g23da1e0b-23da1e0b
SHARPy output folder set
	/Users/benpreston/sharpy_cases/goland_swept_loads/output//goland_ang_20_00_pos_0_70/
Generating an instance of BeamLoader
Variable for_pos has no assigned value in the settings file.
    will default to the value: [0.0, 0, 0]
Generating an instance of AerogridLoader
Variable control_surface_deflection has no assigned value in the settings file.
    will default to the value: []
Variable control_surface_deflection_generator_settings has no assigned value in the settings file.
    will default to the value: {}
Variable dx1 has no assigned value in the settings file.
    will default to the value: -1.0
Variable ndx1 has no assigned value in the settings file.
    will default to the value: 1
Variable r has no assigned value in the settings file.
    will default to the value: 1.0
Variable dxmax has no assigned value in the settings file.
    will default to the value: -1.0
The aerodynamic grid contains 2 surfaces
  Surface 0, M=16, N=20
     Wake 0, M=160, N=20
  Surface 1, M=16, N=20
     Wake 1, M=160, N=20
  In total: 640 bound panels
  In total: 6400 wake panels
  Total number of panels = 7040
Generating an instance of StaticCoupled
Variable correct_forces_method has no assigned value in the settings file.
    will default to the value: 
Variable correct_forces_settings has no assigned value in the settings file.
    will default to the value: {}
Variable runtime_generators has no assigned value in the settings file.
    will default to the value: {}
Variable nonlifting_body_interactions has no assigned value in the settings file.
    will default to the value: False
Generating an instance of NonLinearStatic
Variable abs_threshold has no assigned value in the settings file.
    will default to the value: 1e-13
Variable newmark_damp has no assigned value in the settings file.
    will default to the value: 0.0001
Variable gravity_dir has no assigned value in the settings file.
    will default to the value: [0.0, 0.0, 1.0]
Variable relaxation_factor has no assigned value in the settings file.
    will default to the value: 0.3
Variable dt has no assigned value in the settings file.
    will default to the value: 0.01
Variable num_steps has no assigned value in the settings file.
    will default to the value: 500
Variable initial_position has no assigned value in the settings file.
    will default to the value: [0. 0. 0.]
Variable initial_velocity has no assigned value in the settings file.
    will default to the value: [0. 0. 0. 0. 0. 0.]
Generating an instance of StaticUvlm
Variable nonlifting_body_interactions has no assigned value in the settings file.
    will default to the value: False
Variable only_nonlifting has no assigned value in the settings file.
    will default to the value: False
Variable phantom_wing_test has no assigned value in the settings file.
    will default to the value: False
Variable iterative_solver has no assigned value in the settings file.
    will default to the value: False
Variable iterative_tol has no assigned value in the settings file.
    will default to the value: 0.0001
Variable iterative_precond has no assigned value in the settings file.
    will default to the value: False
Variable cfl1 has no assigned value in the settings file.
    will default to the value: True
Variable vortex_radius has no assigned value in the settings file.
    will default to the value: 1e-06
Variable vortex_radius_wake_ind has no assigned value in the settings file.
    will default to the value: 1e-06
Variable rbm_vel_g has no assigned value in the settings file.
    will default to the value: [0.0, 0.0, 0.0, 0.0, 0.0, 0.0]
Variable centre_rot_g has no assigned value in the settings file.
    will default to the value: [0.0, 0.0, 0.0]
Variable map_forces_on_struct has no assigned value in the settings file.
    will default to the value: False
Variable ignore_first_x_nodes_in_force_calculation has no assigned value in the settings file.
    will default to the value: 0



|=====|=====|============|==========|==========|==========|==========|==========|==========|
|iter |step | log10(res) |    Fx    |    Fy    |    Fz    |    Mx    |    My    |    Mz    |
|=====|=====|============|==========|==========|==========|==========|==========|==========|
|  0  |  0  |  0.00000   |  7.4866  |  0.0000  |-155.0553 |  0.0000  | 145.6334 |  0.0000  |
|  1  |  0  | -10.94675  |  7.4471  |  0.0000  |-154.3260 | -0.0001  | 145.6968 | -0.0000  |
|  0  |  1  |  0.00000   | 14.9310  |  0.0000  |-307.8640 | -0.0002  | 291.4587 | -0.0000  |
|  1  |  1  | -10.59602  | 14.8520  |  0.0000  |-306.4045 | -0.0003  | 291.5856 | -0.0000  |
|  0  |  2  |  0.00000   | 22.3334  |  0.0000  |-458.4225 | -0.0006  | 437.4764 | -0.0000  |
|  1  |  2  | -10.37569  | 22.2147  |  0.0000  |-456.2318 | -0.0008  | 437.6669 | -0.0000  |
|  0  |  3  |  0.00000   | 29.6941  |  0.0000  |-606.7274 | -0.0012  | 583.6867 | -0.0000  |
|  1  |  3  | -10.21091  | 29.5356  |  0.0000  |-603.8046 | -0.0016  | 583.9410 | -0.0000  |
|  0  |  4  |  0.00000   | 37.0134  |  0.0000  |-752.7751 | -0.0022  | 730.0902 | -0.0001  |
|  1  |  4  | -10.07752  | 36.8150  | -0.0000  |-749.1260 |  0.0011  | 730.4149 |  0.0000  |
|  0  |  5  |  0.00000   | 44.2917  | -0.0000  |-896.5748 |  0.0035  | 876.6992 |  0.0001  |
|  1  |  5  |  -9.96495  | 44.0530  | -0.0000  |-892.1871 |  0.0041  | 877.0848 |  0.0001  |
|  2  |  5  | -10.23256  | 43.9240  | -0.0000  |-889.8147 |  0.0045  | 877.2934 |  0.0001  |
|  0  |  6  |  0.00000   | 51.5282  | -0.0000  |-1038.0950|  0.0053  |1023.4991 |  0.0001  |
|  1  |  6  |  -9.86782  | 51.2496  | -0.0000  |-1032.9751|  0.0061  |1023.9477 |  0.0001  |
|  2  |  6  | -10.13524  | 51.0988  | -0.0000  |-1030.2053|  0.0066  |1024.1904 |  0.0001  |
|  0  |  7  |  0.00000   | 58.7243  | -0.0001  |-1177.3496|  0.0075  |1170.4923 |  0.0002  |
|  1  |  7  |  -9.78173  | 58.4052  | -0.0001  |-1171.4936|  0.0085  |1171.0040 |  0.0002  |
|  2  |  7  | -10.04887  | 58.2325  | -0.0001  |-1168.3231|  0.0091  |1171.2812 |  0.0002  |
|  0  |  8  |  0.00000   | 65.8796  | -0.0001  |-1314.3285|  0.0102  |1317.6792 |  0.0002  |
|  1  |  8  |  -9.70426  | 65.5201  | -0.0001  |-1307.7349|  0.0115  |1318.2547 |  0.0002  |
|  2  |  8  |  -9.97116  | 65.3253  | -0.0001  |-1304.1628|  0.0122  |1318.5666 |  0.0003  |
|  3  |  8  | -12.17483  | 65.3241  | -0.0001  |-1304.1394|  0.0122  |1318.5687 |  0.0003  |
|  0  |  9  |  0.00000   | 72.9945  | -0.0001  |-1449.0272|  0.0136  |1465.0608 |  0.0003  |
|  1  |  9  |  -9.63405  | 72.5945  | -0.0001  |-1441.6992|  0.0151  |1465.7006 |  0.0003  |
|  2  |  9  |  -9.90063  | 72.3776  | -0.0001  |-1437.7259|  0.0159  |1466.0476 |  0.0003  |
|  3  |  9  | -12.04791  | 72.3760  | -0.0001  |-1437.6963|  0.0159  |1466.0503 |  0.0003  |
Generating an instance of AeroForcesCalculator
Variable text_file_name has no assigned value in the settings file.
    will default to the value: aeroforces.txt
Variable screen_output has no assigned value in the settings file.
    will default to the value: True
Variable coefficients has no assigned value in the settings file.
    will default to the value: False
Variable lifting_surfaces has no assigned value in the settings file.
    will default to the value: True
Variable nonlifting_body has no assigned value in the settings file.
    will default to the value: False



|==============|==============|==============|==============|==============|==============|==============|
|    tstep     |     fx_g     |     fy_g     |     fz_g     |     mx_g     |     my_g     |     mz_g     |
|==============|==============|==============|==============|==============|==============|==============|
|      0       | 2.215685e+01 |-1.004885e-04 | 2.831703e+03 | 1.593978e-02 | 2.993118e+02 |-2.296595e-04 |
...Finished
FINISHED - Elapsed time = 7.0948646 seconds
FINISHED - CPU process time = 7.1248286 seconds
