--------------------------------------------------------------------------------
            ######  ##     ##    ###    ########  ########  ##    ##
           ##    ## ##     ##   ## ##   ##     ## ##     ##  ##  ##
           ##       ##     ##  ##   ##  ##     ## ##     ##   ####
            ######  ######### ##     ## ########  ########     ##
                 ## ##     ## ######### ##   ##   ##           ##
           ##    ## ##     ## ##     ## ##    ##  ##           ##
            ######  ##     ## ##     ## ##     ## ##           ##
--------------------------------------------------------------------------------
Aeroelastics Lab, Aeronautics Department.
    Copyright (c), Imperial College London.
    All rights reserved.
    License available at https://github.com/imperialcollegelondon/sharpy
Running SHARPy from /Users/benpreston/sharpy_cases/goland_swept_loads
SHARPy being run is in /Users/benpreston/sharpy_installs/dev_profiler
The branch being run is develop
The version and commit hash are: 2.1-284-g23da1e0b-23da1e0b
SHARPy output folder set
	/Users/benpreston/sharpy_cases/goland_swept_loads/output//goland_ang_20_00_pos_0_65/
Generating an instance of BeamLoader
Variable for_pos has no assigned value in the settings file.
    will default to the value: [0.0, 0, 0]
Generating an instance of AerogridLoader
Variable control_surface_deflection has no assigned value in the settings file.
    will default to the value: []
Variable control_surface_deflection_generator_settings has no assigned value in the settings file.
    will default to the value: {}
Variable dx1 has no assigned value in the settings file.
    will default to the value: -1.0
Variable ndx1 has no assigned value in the settings file.
    will default to the value: 1
Variable r has no assigned value in the settings file.
    will default to the value: 1.0
Variable dxmax has no assigned value in the settings file.
    will default to the value: -1.0
The aerodynamic grid contains 2 surfaces
  Surface 0, M=16, N=20
     Wake 0, M=160, N=20
  Surface 1, M=16, N=20
     Wake 1, M=160, N=20
  In total: 640 bound panels
  In total: 6400 wake panels
  Total number of panels = 7040
Generating an instance of StaticCoupled
Variable correct_forces_method has no assigned value in the settings file.
    will default to the value: 
Variable correct_forces_settings has no assigned value in the settings file.
    will default to the value: {}
Variable runtime_generators has no assigned value in the settings file.
    will default to the value: {}
Variable nonlifting_body_interactions has no assigned value in the settings file.
    will default to the value: False
Generating an instance of NonLinearStatic
Variable abs_threshold has no assigned value in the settings file.
    will default to the value: 1e-13
Variable newmark_damp has no assigned value in the settings file.
    will default to the value: 0.0001
Variable gravity_dir has no assigned value in the settings file.
    will default to the value: [0.0, 0.0, 1.0]
Variable relaxation_factor has no assigned value in the settings file.
    will default to the value: 0.3
Variable dt has no assigned value in the settings file.
    will default to the value: 0.01
Variable num_steps has no assigned value in the settings file.
    will default to the value: 500
Variable initial_position has no assigned value in the settings file.
    will default to the value: [0. 0. 0.]
Variable initial_velocity has no assigned value in the settings file.
    will default to the value: [0. 0. 0. 0. 0. 0.]
Generating an instance of StaticUvlm
Variable nonlifting_body_interactions has no assigned value in the settings file.
    will default to the value: False
Variable only_nonlifting has no assigned value in the settings file.
    will default to the value: False
Variable phantom_wing_test has no assigned value in the settings file.
    will default to the value: False
Variable iterative_solver has no assigned value in the settings file.
    will default to the value: False
Variable iterative_tol has no assigned value in the settings file.
    will default to the value: 0.0001
Variable iterative_precond has no assigned value in the settings file.
    will default to the value: False
Variable cfl1 has no assigned value in the settings file.
    will default to the value: True
Variable vortex_radius has no assigned value in the settings file.
    will default to the value: 1e-06
Variable vortex_radius_wake_ind has no assigned value in the settings file.
    will default to the value: 1e-06
Variable rbm_vel_g has no assigned value in the settings file.
    will default to the value: [0.0, 0.0, 0.0, 0.0, 0.0, 0.0]
Variable centre_rot_g has no assigned value in the settings file.
    will default to the value: [0.0, 0.0, 0.0]
Variable map_forces_on_struct has no assigned value in the settings file.
    will default to the value: False
Variable ignore_first_x_nodes_in_force_calculation has no assigned value in the settings file.
    will default to the value: 0



|=====|=====|============|==========|==========|==========|==========|==========|==========|
|iter |step | log10(res) |    Fx    |    Fy    |    Fz    |    Mx    |    My    |    Mz    |
|=====|=====|============|==========|==========|==========|==========|==========|==========|
|  0  |  0  |  0.00000   |  7.5390  | -0.0002  |-156.7901 |  1.2481  | 152.4139 |  0.0364  |
|  1  |  0  | -10.88973  |  7.4979  |  0.0006  |-156.0300 |  1.3639  | 152.4538 |  0.0436  |
|  0  |  1  |  0.00000   | 15.0341  |  0.0017  |-311.2390 |  2.8517  | 304.9471 |  0.0792  |
|  1  |  1  | -10.54118  | 14.9517  |  0.0033  |-309.7185 |  3.0816  | 305.0269 |  0.0937  |
|  0  |  2  |  0.00000   | 22.4856  |  0.0056  |-463.3455 |  4.8052  | 457.5996 |  0.1284  |
|  1  |  2  | -10.32263  | 22.3618  |  0.0081  |-461.0643 |  5.1475  | 457.7194 |  0.1500  |
|  0  |  3  |  0.00000   | 29.8938  |  0.0117  |-613.1083 |  7.1030  | 610.3717 |  0.1835  |
|  1  |  3  | -10.15939  | 29.7285  |  0.0150  |-610.0674 |  7.5521  | 610.5320 |  0.2122  |
|  0  |  4  |  0.00000   | 37.2590  |  0.0198  |-760.5287 |  9.7318  | 763.2645 |  0.2442  |
|  1  |  4  | -10.02716  | 37.0521  |  0.0240  |-756.7279 | 10.2921  | 763.4667 |  0.2803  |
|  0  |  5  |  0.00000   | 44.5816  |  0.0299  |-905.6061 | 12.6957  | 916.2805 |  0.3107  |
|  1  |  5  |  -9.91578  | 44.3327  |  0.0350  |-901.0416 | 13.3674  | 916.5226 |  0.3541  |
|  2  |  5  | -10.18440  | 44.1985  |  0.0376  |-898.5797 | 13.7150  | 916.6532 |  0.3766  |
|  0  |  6  |  0.00000   | 51.8614  |  0.0420  |-1048.3295| 15.9800  |1069.4169 |  0.3818  |
|  1  |  6  |  -9.81948  | 51.5707  |  0.0480  |-1043.0030| 16.7641  |1069.6981 |  0.4329  |
|  2  |  6  | -10.08803  | 51.4138  |  0.0511  |-1040.1293| 17.1676  |1069.8499 |  0.4593  |
|  0  |  7  |  0.00000   | 59.0991  |  0.0563  |-1188.7026| 19.5930  |1222.6722 |  0.4587  |
|  1  |  7  |  -9.73415  | 58.7664  |  0.0631  |-1182.6122| 20.4850  |1222.9928 |  0.5173  |
|  2  |  7  | -10.00262  | 58.5868  |  0.0666  |-1179.3254| 20.9405  |1223.1659 |  0.5473  |
|  0  |  8  |  0.00000   | 66.2950  |  0.0725  |-1326.7210| 23.5220  |1376.0465 |  0.5406  |
|  1  |  8  |  -9.65752  | 65.9200  |  0.0802  |-1319.8677| 24.5175  |1376.4070 |  0.6066  |
|  2  |  8  |  -9.92588  | 65.7176  |  0.0841  |-1316.1681| 25.0231  |1376.6017 |  0.6402  |
|  3  |  8  | -12.51071  | 65.7170  |  0.0839  |-1316.1579| 24.9901  |1376.6023 |  0.6382  |
|  0  |  9  |  0.00000   | 73.4492  |  0.0906  |-1462.3847| 27.7592  |1529.5407 |  0.6273  |
|  1  |  9  |  -9.58785  | 73.0319  |  0.0993  |-1454.7665| 28.8653  |1529.9408 |  0.7011  |
|  2  |  9  |  -9.85614  | 72.8066  |  0.1036  |-1450.6529| 29.4210  |1530.1570 |  0.7383  |
|  3  |  9  | -12.39811  | 72.8059  |  0.1033  |-1450.6405| 29.3779  |1530.1578 |  0.7356  |
Generating an instance of AeroForcesCalculator
Variable text_file_name has no assigned value in the settings file.
    will default to the value: aeroforces.txt
Variable screen_output has no assigned value in the settings file.
    will default to the value: True
Variable coefficients has no assigned value in the settings file.
    will default to the value: False
Variable lifting_surfaces has no assigned value in the settings file.
    will default to the value: True
Variable nonlifting_body has no assigned value in the settings file.
    will default to the value: False



|==============|==============|==============|==============|==============|==============|==============|
|    tstep     |     fx_g     |     fy_g     |     fz_g     |     mx_g     |     my_g     |     mz_g     |
|==============|==============|==============|==============|==============|==============|==============|
|      0       | 2.213481e+01 | 1.032154e-01 | 2.820820e+03 | 1.688744e+01 | 2.256891e+02 |-2.967665e-01 |
...Finished
FINISHED - Elapsed time = 7.0798656 seconds
FINISHED - CPU process time = 7.0763786 seconds
