--------------------------------------------------------------------------------
            ######  ##     ##    ###    ########  ########  ##    ##
           ##    ## ##     ##   ## ##   ##     ## ##     ##  ##  ##
           ##       ##     ##  ##   ##  ##     ## ##     ##   ####
            ######  ######### ##     ## ########  ########     ##
                 ## ##     ## ######### ##   ##   ##           ##
           ##    ## ##     ## ##     ## ##    ##  ##           ##
            ######  ##     ## ##     ## ##     ## ##           ##
--------------------------------------------------------------------------------
Aeroelastics Lab, Aeronautics Department.
    Copyright (c), Imperial College London.
    All rights reserved.
    License available at https://github.com/imperialcollegelondon/sharpy
Running SHARPy from /Users/benpreston/sharpy_cases/goland_swept_loads
SHARPy being run is in /Users/benpreston/sharpy_installs/dev_profiler
The branch being run is develop
The version and commit hash are: 2.1-284-g23da1e0b-23da1e0b
SHARPy output folder set
	/Users/benpreston/sharpy_cases/goland_swept_loads/output//goland_ang_n50_00_pos_0_50/
Generating an instance of BeamLoader
Variable for_pos has no assigned value in the settings file.
    will default to the value: [0.0, 0, 0]
Generating an instance of AerogridLoader
Variable control_surface_deflection has no assigned value in the settings file.
    will default to the value: []
Variable control_surface_deflection_generator_settings has no assigned value in the settings file.
    will default to the value: {}
Variable dx1 has no assigned value in the settings file.
    will default to the value: -1.0
Variable ndx1 has no assigned value in the settings file.
    will default to the value: 1
Variable r has no assigned value in the settings file.
    will default to the value: 1.0
Variable dxmax has no assigned value in the settings file.
    will default to the value: -1.0
The aerodynamic grid contains 2 surfaces
  Surface 0, M=16, N=20
     Wake 0, M=160, N=20
  Surface 1, M=16, N=20
     Wake 1, M=160, N=20
  In total: 640 bound panels
  In total: 6400 wake panels
  Total number of panels = 7040
Generating an instance of StaticCoupled
Variable correct_forces_method has no assigned value in the settings file.
    will default to the value: 
Variable correct_forces_settings has no assigned value in the settings file.
    will default to the value: {}
Variable runtime_generators has no assigned value in the settings file.
    will default to the value: {}
Variable nonlifting_body_interactions has no assigned value in the settings file.
    will default to the value: False
Generating an instance of NonLinearStatic
Variable abs_threshold has no assigned value in the settings file.
    will default to the value: 1e-13
Variable newmark_damp has no assigned value in the settings file.
    will default to the value: 0.0001
Variable gravity_dir has no assigned value in the settings file.
    will default to the value: [0.0, 0.0, 1.0]
Variable relaxation_factor has no assigned value in the settings file.
    will default to the value: 0.3
Variable dt has no assigned value in the settings file.
    will default to the value: 0.01
Variable num_steps has no assigned value in the settings file.
    will default to the value: 500
Variable initial_position has no assigned value in the settings file.
    will default to the value: [0. 0. 0.]
Variable initial_velocity has no assigned value in the settings file.
    will default to the value: [0. 0. 0. 0. 0. 0.]
Generating an instance of StaticUvlm
Variable nonlifting_body_interactions has no assigned value in the settings file.
    will default to the value: False
Variable only_nonlifting has no assigned value in the settings file.
    will default to the value: False
Variable phantom_wing_test has no assigned value in the settings file.
    will default to the value: False
Variable iterative_solver has no assigned value in the settings file.
    will default to the value: False
Variable iterative_tol has no assigned value in the settings file.
    will default to the value: 0.0001
Variable iterative_precond has no assigned value in the settings file.
    will default to the value: False
Variable cfl1 has no assigned value in the settings file.
    will default to the value: True
Variable vortex_radius has no assigned value in the settings file.
    will default to the value: 1e-06
Variable vortex_radius_wake_ind has no assigned value in the settings file.
    will default to the value: 1e-06
Variable rbm_vel_g has no assigned value in the settings file.
    will default to the value: [0.0, 0.0, 0.0, 0.0, 0.0, 0.0]
Variable centre_rot_g has no assigned value in the settings file.
    will default to the value: [0.0, 0.0, 0.0]
Variable map_forces_on_struct has no assigned value in the settings file.
    will default to the value: False
Variable ignore_first_x_nodes_in_force_calculation has no assigned value in the settings file.
    will default to the value: 0



|=====|=====|============|==========|==========|==========|==========|==========|==========|
|iter |step | log10(res) |    Fx    |    Fy    |    Fz    |    Mx    |    My    |    Mz    |
|=====|=====|============|==========|==========|==========|==========|==========|==========|
|  0  |  0  |  0.00000   |  9.4966  |  0.0000  |-225.6071 | -0.0000  |-102.3505 | -0.0000  |
|  1  |  0  | -11.59224  |  9.5211  | -0.0000  |-226.0753 |  0.0005  |-102.5975 |  0.0000  |
|  0  |  1  |  0.00000   | 19.0198  | -0.0000  |-452.6586 |  0.0015  |-205.4687 |  0.0001  |
|  1  |  1  | -11.92210  | 19.0689  | -0.0001  |-453.5986 |  0.0024  |-205.9647 |  0.0001  |
|  0  |  2  |  0.00000   | 28.5700  | -0.0001  |-681.1670 |  0.0044  |-309.3611 |  0.0002  |
|  1  |  2  | -11.38187  | 28.6438  | -0.0002  |-682.5824 |  0.0058  |-310.1082 |  0.0003  |
|  0  |  3  |  0.00000   | 38.1477  | -0.0002  |-911.1446 |  0.0089  |-414.0345 |  0.0004  |
|  1  |  3  | -10.86786  | 38.2462  | -0.0003  |-913.0390 |  0.0108  |-415.0346 |  0.0005  |
|  0  |  4  |  0.00000   | 47.7532  | -0.0004  |-1142.6038|  0.0148  |-519.4957 |  0.0007  |
|  1  |  4  | -10.56718  | 47.8765  | -0.0004  |-1144.9809|  0.0173  |-520.7508 |  0.0008  |
|  0  |  5  |  0.00000   | 57.3871  | -0.0006  |-1375.5574|  0.0224  |-625.7514 |  0.0011  |
|  1  |  5  | -10.34844  | 57.5351  | -0.0007  |-1378.4209|  0.0253  |-627.2636 |  0.0012  |
|  0  |  6  |  0.00000   | 67.0496  | -0.0008  |-1610.0182|  0.0315  |-732.8086 |  0.0015  |
|  1  |  6  | -10.17493  | 67.2224  | -0.0009  |-1613.3719|  0.0350  |-734.5800 |  0.0016  |
|  0  |  7  |  0.00000   | 76.7413  | -0.0011  |-1845.9991|  0.0423  |-840.6742 |  0.0020  |
|  1  |  7  | -10.03052  | 76.9390  | -0.0012  |-1849.8469|  0.0462  |-842.7070 |  0.0022  |
|  0  |  8  |  0.00000   | 86.4625  | -0.0014  |-2083.5132|  0.0546  |-949.3555 |  0.0025  |
|  1  |  8  |  -9.90652  | 86.6852  | -0.0015  |-2087.8590|  0.0591  |-951.6517 |  0.0027  |
|  2  |  8  | -10.16158  | 86.8088  | -0.0015  |-2090.2719|  0.0617  |-952.9262 |  0.0028  |
|  0  |  9  |  0.00000   | 96.2173  | -0.0017  |-2322.6430|  0.0688  |-1058.8956|  0.0032  |
|  1  |  9  |  -9.80157  | 96.4627  | -0.0018  |-2327.4470|  0.0737  |-1061.4346|  0.0034  |
|  2  |  9  | -10.05523  | 96.5994  | -0.0019  |-2330.1233|  0.0766  |-1062.8486|  0.0035  |
Generating an instance of AeroForcesCalculator
Variable text_file_name has no assigned value in the settings file.
    will default to the value: aeroforces.txt
Variable screen_output has no assigned value in the settings file.
    will default to the value: True
Variable coefficients has no assigned value in the settings file.
    will default to the value: False
Variable lifting_surfaces has no assigned value in the settings file.
    will default to the value: True
Variable nonlifting_body has no assigned value in the settings file.
    will default to the value: False



|==============|==============|==============|==============|==============|==============|==============|
|    tstep     |     fx_g     |     fy_g     |     fz_g     |     mx_g     |     my_g     |     mz_g     |
|==============|==============|==============|==============|==============|==============|==============|
|      0       | 1.522124e+01 |-1.867980e-03 | 1.938918e+03 | 7.675913e-02 | 7.878931e+02 | 8.267835e-04 |
...Finished
FINISHED - Elapsed time = 5.7021296 seconds
FINISHED - CPU process time = 5.7079496 seconds
