--------------------------------------------------------------------------------
            ######  ##     ##    ###    ########  ########  ##    ##
           ##    ## ##     ##   ## ##   ##     ## ##     ##  ##  ##
           ##       ##     ##  ##   ##  ##     ## ##     ##   ####
            ######  ######### ##     ## ########  ########     ##
                 ## ##     ## ######### ##   ##   ##           ##
           ##    ## ##     ## ##     ## ##    ##  ##           ##
            ######  ##     ## ##     ## ##     ## ##           ##
--------------------------------------------------------------------------------
Aeroelastics Lab, Aeronautics Department.
    Copyright (c), Imperial College London.
    All rights reserved.
    License available at https://github.com/imperialcollegelondon/sharpy
Running SHARPy from /Users/benpreston/sharpy_cases/goland_swept_loads
SHARPy being run is in /Users/benpreston/sharpy_installs/dev_profiler
The branch being run is develop
The version and commit hash are: 2.1-284-g23da1e0b-23da1e0b
SHARPy output folder set
	/Users/benpreston/sharpy_cases/goland_swept_loads/output//goland_ang_50_00_pos_0_75/
Generating an instance of BeamLoader
Variable for_pos has no assigned value in the settings file.
    will default to the value: [0.0, 0, 0]
Generating an instance of AerogridLoader
Variable control_surface_deflection has no assigned value in the settings file.
    will default to the value: []
Variable control_surface_deflection_generator_settings has no assigned value in the settings file.
    will default to the value: {}
Variable dx1 has no assigned value in the settings file.
    will default to the value: -1.0
Variable ndx1 has no assigned value in the settings file.
    will default to the value: 1
Variable r has no assigned value in the settings file.
    will default to the value: 1.0
Variable dxmax has no assigned value in the settings file.
    will default to the value: -1.0
The aerodynamic grid contains 2 surfaces
  Surface 0, M=16, N=20
     Wake 0, M=160, N=20
  Surface 1, M=16, N=20
     Wake 1, M=160, N=20
  In total: 640 bound panels
  In total: 6400 wake panels
  Total number of panels = 7040
Generating an instance of StaticCoupled
Variable correct_forces_method has no assigned value in the settings file.
    will default to the value: 
Variable correct_forces_settings has no assigned value in the settings file.
    will default to the value: {}
Variable runtime_generators has no assigned value in the settings file.
    will default to the value: {}
Variable nonlifting_body_interactions has no assigned value in the settings file.
    will default to the value: False
Generating an instance of NonLinearStatic
Variable abs_threshold has no assigned value in the settings file.
    will default to the value: 1e-13
Variable newmark_damp has no assigned value in the settings file.
    will default to the value: 0.0001
Variable gravity_dir has no assigned value in the settings file.
    will default to the value: [0.0, 0.0, 1.0]
Variable relaxation_factor has no assigned value in the settings file.
    will default to the value: 0.3
Variable dt has no assigned value in the settings file.
    will default to the value: 0.01
Variable num_steps has no assigned value in the settings file.
    will default to the value: 500
Variable initial_position has no assigned value in the settings file.
    will default to the value: [0. 0. 0.]
Variable initial_velocity has no assigned value in the settings file.
    will default to the value: [0. 0. 0. 0. 0. 0.]
Generating an instance of StaticUvlm
Variable nonlifting_body_interactions has no assigned value in the settings file.
    will default to the value: False
Variable only_nonlifting has no assigned value in the settings file.
    will default to the value: False
Variable phantom_wing_test has no assigned value in the settings file.
    will default to the value: False
Variable iterative_solver has no assigned value in the settings file.
    will default to the value: False
Variable iterative_tol has no assigned value in the settings file.
    will default to the value: 0.0001
Variable iterative_precond has no assigned value in the settings file.
    will default to the value: False
Variable cfl1 has no assigned value in the settings file.
    will default to the value: True
Variable vortex_radius has no assigned value in the settings file.
    will default to the value: 1e-06
Variable vortex_radius_wake_ind has no assigned value in the settings file.
    will default to the value: 1e-06
Variable rbm_vel_g has no assigned value in the settings file.
    will default to the value: [0.0, 0.0, 0.0, 0.0, 0.0, 0.0]
Variable centre_rot_g has no assigned value in the settings file.
    will default to the value: [0.0, 0.0, 0.0]
Variable map_forces_on_struct has no assigned value in the settings file.
    will default to the value: False
Variable ignore_first_x_nodes_in_force_calculation has no assigned value in the settings file.
    will default to the value: 0



|=====|=====|============|==========|==========|==========|==========|==========|==========|
|iter |step | log10(res) |    Fx    |    Fy    |    Fz    |    Mx    |    My    |    Mz    |
|=====|=====|============|==========|==========|==========|==========|==========|==========|
|  0  |  0  |  0.00000   |  8.3138  | -0.0004  |-183.7098 |  2.1733  | 158.7571 |  0.0630  |
|  1  |  0  | -10.77120  |  8.2763  |  0.0027  |-183.0141 |  2.4036  | 158.8159 |  0.0795  |
|  0  |  1  |  0.00000   | 16.5877  |  0.0078  |-365.2768 |  5.0554  | 317.6911 |  0.1447  |
|  1  |  1  | -10.43334  | 16.5124  |  0.0139  |-363.8849 |  5.5146  | 317.8087 |  0.1780  |
|  0  |  2  |  0.00000   | 24.8217  |  0.0247  |-544.6990 |  8.6421  | 476.8022 |  0.2451  |
|  1  |  2  | -10.22342  | 24.7087  |  0.0340  |-542.6139 |  9.3194  | 476.9808 |  0.2949  |
|  0  |  3  |  0.00000   | 33.0166  |  0.0504  |-721.9815 | 12.9096  | 636.0948 |  0.3631  |
|  1  |  3  | -10.06705  | 32.8655  |  0.0629  |-719.2001 | 13.8206  | 636.3338 |  0.4302  |
|  0  |  4  |  0.00000   | 41.1722  |  0.0850  |-897.1185 | 17.8834  | 795.5684 |  0.4997  |
|  1  |  4  |  -9.94088  | 40.9830  |  0.1007  |-893.6408 | 19.0270  | 795.8685 |  0.5839  |
|  2  |  4  | -10.20925  | 40.8809  |  0.1091  |-891.7640 | 19.6361  | 796.0305 |  0.6287  |
|  0  |  5  |  0.00000   | 49.2887  |  0.1286  |-1070.1047| 23.5560  | 955.2251 |  0.6538  |
|  1  |  5  |  -9.83508  | 49.0614  |  0.1477  |-1065.9279| 24.9228  | 955.5821 |  0.7554  |
|  2  |  5  | -10.10318  | 48.9386  |  0.1579  |-1063.6727| 25.6487  | 955.7753 |  0.8094  |
|  0  |  6  |  0.00000   | 57.3665  |  0.1813  |-1240.9359| 29.9123  |1115.0580 |  0.8259  |
|  1  |  6  |  -9.74283  | 57.1009  |  0.2039  |-1236.0595| 31.5040  |1115.4743 |  0.9449  |
|  2  |  6  | -10.01094  | 56.9574  |  0.2158  |-1233.4256| 32.3480  |1115.6993 |  1.0081  |
|  0  |  7  |  0.00000   | 65.4060  |  0.2433  |-1409.6096| 36.9535  |1275.0698 |  1.0154  |
|  1  |  7  |  -9.66106  | 65.1018  |  0.2693  |-1404.0328| 38.7694  |1275.5452 |  1.1521  |
|  2  |  7  |  -9.92905  | 64.9374  |  0.2831  |-1401.0194| 39.7301  |1275.8024 |  1.2244  |
|  3  |  7  | -12.48484  | 64.9368  |  0.2829  |-1401.0080| 39.7117  |1275.8037 |  1.2231  |
|  0  |  8  |  0.00000   | 73.4071  |  0.3147  |-1576.1227| 44.6754  |1435.2608 |  1.2222  |
|  1  |  8  |  -9.58756  | 73.0644  |  0.3443  |-1569.8481| 46.7146  |1435.7959 |  1.3767  |
|  2  |  8  |  -9.85538  | 72.8792  |  0.3599  |-1566.4557| 47.7912  |1436.0855 |  1.4583  |
|  3  |  8  | -12.33845  | 72.8783  |  0.3596  |-1566.4408| 47.7679  |1436.0871 |  1.4566  |
|  0  |  9  |  0.00000   | 81.3705  |  0.3956  |-1740.4765| 53.0744  |1595.6320 |  1.4462  |
|  1  |  9  |  -9.52051  | 80.9889  |  0.4287  |-1733.4970| 55.3366  |1596.2259 |  1.6185  |
|  2  |  9  |  -9.78826  | 80.7826  |  0.4462  |-1729.7225| 56.5282  |1596.5475 |  1.7094  |
|  3  |  9  | -12.24421  | 80.7816  |  0.4458  |-1729.7048| 56.4994  |1596.5495 |  1.7073  |
Generating an instance of AeroForcesCalculator
Variable text_file_name has no assigned value in the settings file.
    will default to the value: aeroforces.txt
Variable screen_output has no assigned value in the settings file.
    will default to the value: True
Variable coefficients has no assigned value in the settings file.
    will default to the value: False
Variable lifting_surfaces has no assigned value in the settings file.
    will default to the value: True
Variable nonlifting_body has no assigned value in the settings file.
    will default to the value: False



|==============|==============|==============|==============|==============|==============|==============|
|    tstep     |     fx_g     |     fy_g     |     fz_g     |     mx_g     |     my_g     |     mz_g     |
|==============|==============|==============|==============|==============|==============|==============|
|      0       | 2.036645e+01 | 4.456938e-01 | 2.549803e+03 | 3.477465e+01 | 2.717515e+02 |-2.965148e-01 |
...Finished
FINISHED - Elapsed time = 7.5470066 seconds
FINISHED - CPU process time = 7.5823426 seconds
