--------------------------------------------------------------------------------
            ######  ##     ##    ###    ########  ########  ##    ##
           ##    ## ##     ##   ## ##   ##     ## ##     ##  ##  ##
           ##       ##     ##  ##   ##  ##     ## ##     ##   ####
            ######  ######### ##     ## ########  ########     ##
                 ## ##     ## ######### ##   ##   ##           ##
           ##    ## ##     ## ##     ## ##    ##  ##           ##
            ######  ##     ## ##     ## ##     ## ##           ##
--------------------------------------------------------------------------------
Aeroelastics Lab, Aeronautics Department.
    Copyright (c), Imperial College London.
    All rights reserved.
    License available at https://github.com/imperialcollegelondon/sharpy
Running SHARPy from /Users/benpreston/sharpy_cases/goland_swept_loads
SHARPy being run is in /Users/benpreston/sharpy_installs/dev_profiler
The branch being run is develop
The version and commit hash are: 2.1-284-g23da1e0b-23da1e0b
SHARPy output folder set
	/Users/benpreston/sharpy_cases/goland_swept_loads/output//goland_ang_n40_00_pos_0_95/
Generating an instance of BeamLoader
Variable for_pos has no assigned value in the settings file.
    will default to the value: [0.0, 0, 0]
Generating an instance of AerogridLoader
Variable control_surface_deflection has no assigned value in the settings file.
    will default to the value: []
Variable control_surface_deflection_generator_settings has no assigned value in the settings file.
    will default to the value: {}
Variable dx1 has no assigned value in the settings file.
    will default to the value: -1.0
Variable ndx1 has no assigned value in the settings file.
    will default to the value: 1
Variable r has no assigned value in the settings file.
    will default to the value: 1.0
Variable dxmax has no assigned value in the settings file.
    will default to the value: -1.0
The aerodynamic grid contains 2 surfaces
  Surface 0, M=16, N=20
     Wake 0, M=160, N=20
  Surface 1, M=16, N=20
     Wake 1, M=160, N=20
  In total: 640 bound panels
  In total: 6400 wake panels
  Total number of panels = 7040
Generating an instance of StaticCoupled
Variable correct_forces_method has no assigned value in the settings file.
    will default to the value: 
Variable correct_forces_settings has no assigned value in the settings file.
    will default to the value: {}
Variable runtime_generators has no assigned value in the settings file.
    will default to the value: {}
Variable nonlifting_body_interactions has no assigned value in the settings file.
    will default to the value: False
Generating an instance of NonLinearStatic
Variable abs_threshold has no assigned value in the settings file.
    will default to the value: 1e-13
Variable newmark_damp has no assigned value in the settings file.
    will default to the value: 0.0001
Variable gravity_dir has no assigned value in the settings file.
    will default to the value: [0.0, 0.0, 1.0]
Variable relaxation_factor has no assigned value in the settings file.
    will default to the value: 0.3
Variable dt has no assigned value in the settings file.
    will default to the value: 0.01
Variable num_steps has no assigned value in the settings file.
    will default to the value: 500
Variable initial_position has no assigned value in the settings file.
    will default to the value: [0. 0. 0.]
Variable initial_velocity has no assigned value in the settings file.
    will default to the value: [0. 0. 0. 0. 0. 0.]
Generating an instance of StaticUvlm
Variable nonlifting_body_interactions has no assigned value in the settings file.
    will default to the value: False
Variable only_nonlifting has no assigned value in the settings file.
    will default to the value: False
Variable phantom_wing_test has no assigned value in the settings file.
    will default to the value: False
Variable iterative_solver has no assigned value in the settings file.
    will default to the value: False
Variable iterative_tol has no assigned value in the settings file.
    will default to the value: 0.0001
Variable iterative_precond has no assigned value in the settings file.
    will default to the value: False
Variable cfl1 has no assigned value in the settings file.
    will default to the value: True
Variable vortex_radius has no assigned value in the settings file.
    will default to the value: 1e-06
Variable vortex_radius_wake_ind has no assigned value in the settings file.
    will default to the value: 1e-06
Variable rbm_vel_g has no assigned value in the settings file.
    will default to the value: [0.0, 0.0, 0.0, 0.0, 0.0, 0.0]
Variable centre_rot_g has no assigned value in the settings file.
    will default to the value: [0.0, 0.0, 0.0]
Variable map_forces_on_struct has no assigned value in the settings file.
    will default to the value: False
Variable ignore_first_x_nodes_in_force_calculation has no assigned value in the settings file.
    will default to the value: 0



|=====|=====|============|==========|==========|==========|==========|==========|==========|
|iter |step | log10(res) |    Fx    |    Fy    |    Fz    |    Mx    |    My    |    Mz    |
|=====|=====|============|==========|==========|==========|==========|==========|==========|
|  0  |  0  |  0.00000   |  7.4425  |  0.0000  |-152.5915 | -2.1457  | 120.7675 | -0.0667  |
|  1  |  0  | -11.38582  |  7.4120  | -0.0004  |-152.0241 | -2.2292  | 120.8635 | -0.0714  |
|  0  |  1  |  0.00000   | 14.8524  | -0.0013  |-303.4341 | -4.5487  | 241.8281 | -0.1365  |
|  1  |  1  | -10.99953  | 14.7914  | -0.0022  |-302.2972 | -4.7158  | 242.0206 | -0.1459  |
|  0  |  2  |  0.00000   | 22.2299  | -0.0039  |-452.5204 | -7.2093  | 363.1833 | -0.2093  |
|  1  |  2  | -10.75253  | 22.1381  | -0.0052  |-450.8120 | -7.4599  | 363.4726 | -0.2235  |
|  0  |  3  |  0.00000   | 29.5749  | -0.0079  |-599.8433 | -10.1275 | 484.8344 | -0.2851  |
|  1  |  3  | -10.56695  | 29.4523  | -0.0097  |-597.5612 | -10.4619 | 485.2209 | -0.3041  |
|  0  |  4  |  0.00000   | 36.8875  | -0.0132  |-745.3953 | -13.3038 | 606.7826 | -0.3637  |
|  1  |  4  | -10.41710  | 36.7340  | -0.0154  |-742.5373 | -13.7219 | 607.2668 | -0.3875  |
|  0  |  5  |  0.00000   | 44.1678  | -0.0199  |-889.1689 | -16.7383 | 729.0294 | -0.4452  |
|  1  |  5  | -10.29292  | 43.9834  | -0.0224  |-885.7460 | -17.1965 | 729.6217 | -0.4729  |
|  0  |  6  |  0.00000   | 51.4161  | -0.0276  |-1031.1797| -20.3537 | 851.5941 | -0.5279  |
|  1  |  6  | -10.18633  | 51.2009  | -0.0313  |-1027.1930| -21.0119 | 852.2978 | -0.5636  |
|  0  |  7  |  0.00000   | 58.6329  | -0.0379  |-1171.4285| -24.4178 | 974.4851 | -0.6182  |
|  1  |  7  | -10.08658  | 58.3859  | -0.0417  |-1166.8379| -25.0949 | 975.2730 | -0.6568  |
|  0  |  8  |  0.00000   | 65.8168  | -0.0489  |-1309.8462| -28.6446 |1097.6577 | -0.7082  |
|  1  |  8  | -10.00041  | 65.5382  | -0.0532  |-1304.6694| -29.4043 |1098.5443 | -0.7517  |
|  0  |  9  |  0.00000   | 72.9685  | -0.0614  |-1446.4543| -33.1309 |1221.1346 | -0.8008  |
|  1  |  9  |  -9.92244  | 72.6583  | -0.0662  |-1440.6892| -33.9763 |1222.1205 | -0.8493  |
|  2  |  9  | -10.18446  | 72.4884  | -0.0688  |-1437.5315| -34.4332 |1222.6606 | -0.8755  |
Generating an instance of AeroForcesCalculator
Variable text_file_name has no assigned value in the settings file.
    will default to the value: aeroforces.txt
Variable screen_output has no assigned value in the settings file.
    will default to the value: True
Variable coefficients has no assigned value in the settings file.
    will default to the value: False
Variable lifting_surfaces has no assigned value in the settings file.
    will default to the value: True
Variable nonlifting_body has no assigned value in the settings file.
    will default to the value: False



|==============|==============|==============|==============|==============|==============|==============|
|    tstep     |     fx_g     |     fy_g     |     fz_g     |     mx_g     |     my_g     |     mz_g     |
|==============|==============|==============|==============|==============|==============|==============|
|      0       | 2.227458e+01 |-6.880270e-02 | 2.839130e+03 |-1.297578e+01 | 4.686642e+02 | 3.003868e-01 |
...Finished
FINISHED - Elapsed time = 5.5687986 seconds
FINISHED - CPU process time = 5.5480196 seconds
