--------------------------------------------------------------------------------
            ######  ##     ##    ###    ########  ########  ##    ##
           ##    ## ##     ##   ## ##   ##     ## ##     ##  ##  ##
           ##       ##     ##  ##   ##  ##     ## ##     ##   ####
            ######  ######### ##     ## ########  ########     ##
                 ## ##     ## ######### ##   ##   ##           ##
           ##    ## ##     ## ##     ## ##    ##  ##           ##
            ######  ##     ## ##     ## ##     ## ##           ##
--------------------------------------------------------------------------------
Aeroelastics Lab, Aeronautics Department.
    Copyright (c), Imperial College London.
    All rights reserved.
    License available at https://github.com/imperialcollegelondon/sharpy
Running SHARPy from /Users/benpreston/sharpy_cases/goland_swept_loads
SHARPy being run is in /Users/benpreston/sharpy_installs/dev_profiler
The branch being run is develop
The version and commit hash are: 2.1-284-g23da1e0b-23da1e0b
SHARPy output folder set
	/Users/benpreston/sharpy_cases/goland_swept_loads/output//goland_ang_n10_00_pos_0_90/
Generating an instance of BeamLoader
Variable for_pos has no assigned value in the settings file.
    will default to the value: [0.0, 0, 0]
Generating an instance of AerogridLoader
Variable control_surface_deflection has no assigned value in the settings file.
    will default to the value: []
Variable control_surface_deflection_generator_settings has no assigned value in the settings file.
    will default to the value: {}
Variable dx1 has no assigned value in the settings file.
    will default to the value: -1.0
Variable ndx1 has no assigned value in the settings file.
    will default to the value: 1
Variable r has no assigned value in the settings file.
    will default to the value: 1.0
Variable dxmax has no assigned value in the settings file.
    will default to the value: -1.0
The aerodynamic grid contains 2 surfaces
  Surface 0, M=16, N=20
     Wake 0, M=160, N=20
  Surface 1, M=16, N=20
     Wake 1, M=160, N=20
  In total: 640 bound panels
  In total: 6400 wake panels
  Total number of panels = 7040
Generating an instance of StaticCoupled
Variable correct_forces_method has no assigned value in the settings file.
    will default to the value: 
Variable correct_forces_settings has no assigned value in the settings file.
    will default to the value: {}
Variable runtime_generators has no assigned value in the settings file.
    will default to the value: {}
Variable nonlifting_body_interactions has no assigned value in the settings file.
    will default to the value: False
Generating an instance of NonLinearStatic
Variable abs_threshold has no assigned value in the settings file.
    will default to the value: 1e-13
Variable newmark_damp has no assigned value in the settings file.
    will default to the value: 0.0001
Variable gravity_dir has no assigned value in the settings file.
    will default to the value: [0.0, 0.0, 1.0]
Variable relaxation_factor has no assigned value in the settings file.
    will default to the value: 0.3
Variable dt has no assigned value in the settings file.
    will default to the value: 0.01
Variable num_steps has no assigned value in the settings file.
    will default to the value: 500
Variable initial_position has no assigned value in the settings file.
    will default to the value: [0. 0. 0.]
Variable initial_velocity has no assigned value in the settings file.
    will default to the value: [0. 0. 0. 0. 0. 0.]
Generating an instance of StaticUvlm
Variable nonlifting_body_interactions has no assigned value in the settings file.
    will default to the value: False
Variable only_nonlifting has no assigned value in the settings file.
    will default to the value: False
Variable phantom_wing_test has no assigned value in the settings file.
    will default to the value: False
Variable iterative_solver has no assigned value in the settings file.
    will default to the value: False
Variable iterative_tol has no assigned value in the settings file.
    will default to the value: 0.0001
Variable iterative_precond has no assigned value in the settings file.
    will default to the value: False
Variable cfl1 has no assigned value in the settings file.
    will default to the value: True
Variable vortex_radius has no assigned value in the settings file.
    will default to the value: 1e-06
Variable vortex_radius_wake_ind has no assigned value in the settings file.
    will default to the value: 1e-06
Variable rbm_vel_g has no assigned value in the settings file.
    will default to the value: [0.0, 0.0, 0.0, 0.0, 0.0, 0.0]
Variable centre_rot_g has no assigned value in the settings file.
    will default to the value: [0.0, 0.0, 0.0]
Variable map_forces_on_struct has no assigned value in the settings file.
    will default to the value: False
Variable ignore_first_x_nodes_in_force_calculation has no assigned value in the settings file.
    will default to the value: 0



|=====|=====|============|==========|==========|==========|==========|==========|==========|
|iter |step | log10(res) |    Fx    |    Fy    |    Fz    |    Mx    |    My    |    Mz    |
|=====|=====|============|==========|==========|==========|==========|==========|==========|
|  0  |  0  |  0.00000   |  7.2957  |  0.0000  |-148.0678 |  0.0000  | 121.9757 |  0.0000  |
|  1  |  0  | -11.33334  |  7.2635  |  0.0000  |-147.4702 |  0.0002  | 122.0780 |  0.0000  |
|  0  |  1  |  0.00000   | 14.5569  |  0.0000  |-294.2936 |  0.0007  | 244.2640 |  0.0000  |
|  1  |  1  | -10.95360  | 14.4924  |  0.0000  |-293.0962 |  0.0011  | 244.4690 |  0.0001  |
|  0  |  2  |  0.00000   | 21.7836  |  0.0000  |-438.6696 |  0.0020  | 366.8662 |  0.0001  |
|  1  |  2  | -10.71129  | 21.6867  |  0.0000  |-436.8701 |  0.0026  | 367.1744 |  0.0001  |
|  0  |  3  |  0.00000   | 28.9759  |  0.0000  |-581.1877 |  0.0040  | 489.7840 |  0.0002  |
|  1  |  3  | -10.52926  | 28.8465  |  0.0000  |-578.7838 |  0.0048  | 490.1957 |  0.0003  |
|  0  |  4  |  0.00000   | 36.1339  |  0.0000  |-721.8400 |  0.0066  | 613.0187 |  0.0004  |
|  1  |  4  | -10.38219  | 35.9718  |  0.0000  |-718.8294 |  0.0077  | 613.5345 |  0.0004  |
|  0  |  5  |  0.00000   | 43.2576  |  0.0001  |-860.6183 |  0.0098  | 736.5719 |  0.0005  |
|  1  |  5  | -10.26188  | 43.0631  | -0.0000  |-857.0245 | -0.0048  | 737.2127 | -0.0003  |
|  0  |  6  |  0.00000   | 50.3479  | -0.0001  |-997.5599 | -0.0141  | 860.4820 | -0.0008  |
|  1  |  6  | -10.15211  | 50.1201  | -0.0001  |-993.3412 | -0.0153  | 861.2180 | -0.0009  |
|  0  |  7  |  0.00000   | 57.4035  | -0.0001  |-1132.5944| -0.0181  | 984.7008 | -0.0010  |
|  1  |  7  | -10.05715  | 57.1425  | -0.0001  |-1127.7571| -0.0198  | 985.5396 | -0.0011  |
|  0  |  8  |  0.00000   | 64.4249  | -0.0001  |-1265.7252| -0.0232  |1109.2400 | -0.0013  |
|  1  |  8  |  -9.97238  | 64.1306  | -0.0002  |-1260.2699| -0.0250  |1110.1837 | -0.0015  |
|  2  |  8  | -10.23499  | 63.9696  | -0.0002  |-1257.2852| -0.0260  |1110.7000 | -0.0015  |
|  0  |  9  |  0.00000   | 71.4098  | -0.0002  |-1396.9034| -0.0287  |1234.1111 | -0.0017  |
|  1  |  9  |  -9.89769  | 71.0836  | -0.0002  |-1390.8560| -0.0308  |1235.1565 | -0.0018  |
|  2  |  9  | -10.15957  | 70.9048  | -0.0002  |-1387.5420| -0.0319  |1235.7295 | -0.0019  |
Generating an instance of AeroForcesCalculator
Variable text_file_name has no assigned value in the settings file.
    will default to the value: aeroforces.txt
Variable screen_output has no assigned value in the settings file.
    will default to the value: True
Variable coefficients has no assigned value in the settings file.
    will default to the value: False
Variable lifting_surfaces has no assigned value in the settings file.
    will default to the value: True
Variable nonlifting_body has no assigned value in the settings file.
    will default to the value: False



|==============|==============|==============|==============|==============|==============|==============|
|    tstep     |     fx_g     |     fy_g     |     fz_g     |     mx_g     |     my_g     |     mz_g     |
|==============|==============|==============|==============|==============|==============|==============|
|      0       | 2.243650e+01 |-2.026444e-04 | 2.881902e+03 |-3.187485e-02 | 4.790885e+02 |-7.581472e-04 |
...Finished
FINISHED - Elapsed time = 5.8192326 seconds
FINISHED - CPU process time = 5.8269636 seconds
