--------------------------------------------------------------------------------
            ######  ##     ##    ###    ########  ########  ##    ##
           ##    ## ##     ##   ## ##   ##     ## ##     ##  ##  ##
           ##       ##     ##  ##   ##  ##     ## ##     ##   ####
            ######  ######### ##     ## ########  ########     ##
                 ## ##     ## ######### ##   ##   ##           ##
           ##    ## ##     ## ##     ## ##    ##  ##           ##
            ######  ##     ## ##     ## ##     ## ##           ##
--------------------------------------------------------------------------------
Aeroelastics Lab, Aeronautics Department.
    Copyright (c), Imperial College London.
    All rights reserved.
    License available at https://github.com/imperialcollegelondon/sharpy
Running SHARPy from /Users/benpreston/sharpy_cases/goland_swept_loads
SHARPy being run is in /Users/benpreston/sharpy_installs/dev_profiler
The branch being run is develop
The version and commit hash are: 2.1-284-g23da1e0b-23da1e0b
SHARPy output folder set
	/Users/benpreston/sharpy_cases/goland_swept_loads/output//goland_ang_0_00_pos_0_80/
Generating an instance of BeamLoader
Variable for_pos has no assigned value in the settings file.
    will default to the value: [0.0, 0, 0]
Generating an instance of AerogridLoader
Variable control_surface_deflection has no assigned value in the settings file.
    will default to the value: []
Variable control_surface_deflection_generator_settings has no assigned value in the settings file.
    will default to the value: {}
Variable dx1 has no assigned value in the settings file.
    will default to the value: -1.0
Variable ndx1 has no assigned value in the settings file.
    will default to the value: 1
Variable r has no assigned value in the settings file.
    will default to the value: 1.0
Variable dxmax has no assigned value in the settings file.
    will default to the value: -1.0
The aerodynamic grid contains 2 surfaces
  Surface 0, M=16, N=20
     Wake 0, M=160, N=20
  Surface 1, M=16, N=20
     Wake 1, M=160, N=20
  In total: 640 bound panels
  In total: 6400 wake panels
  Total number of panels = 7040
Generating an instance of StaticCoupled
Variable correct_forces_method has no assigned value in the settings file.
    will default to the value: 
Variable correct_forces_settings has no assigned value in the settings file.
    will default to the value: {}
Variable runtime_generators has no assigned value in the settings file.
    will default to the value: {}
Variable nonlifting_body_interactions has no assigned value in the settings file.
    will default to the value: False
Generating an instance of NonLinearStatic
Variable abs_threshold has no assigned value in the settings file.
    will default to the value: 1e-13
Variable newmark_damp has no assigned value in the settings file.
    will default to the value: 0.0001
Variable gravity_dir has no assigned value in the settings file.
    will default to the value: [0.0, 0.0, 1.0]
Variable relaxation_factor has no assigned value in the settings file.
    will default to the value: 0.3
Variable dt has no assigned value in the settings file.
    will default to the value: 0.01
Variable num_steps has no assigned value in the settings file.
    will default to the value: 500
Variable initial_position has no assigned value in the settings file.
    will default to the value: [0. 0. 0.]
Variable initial_velocity has no assigned value in the settings file.
    will default to the value: [0. 0. 0. 0. 0. 0.]
Generating an instance of StaticUvlm
Variable nonlifting_body_interactions has no assigned value in the settings file.
    will default to the value: False
Variable only_nonlifting has no assigned value in the settings file.
    will default to the value: False
Variable phantom_wing_test has no assigned value in the settings file.
    will default to the value: False
Variable iterative_solver has no assigned value in the settings file.
    will default to the value: False
Variable iterative_tol has no assigned value in the settings file.
    will default to the value: 0.0001
Variable iterative_precond has no assigned value in the settings file.
    will default to the value: False
Variable cfl1 has no assigned value in the settings file.
    will default to the value: True
Variable vortex_radius has no assigned value in the settings file.
    will default to the value: 1e-06
Variable vortex_radius_wake_ind has no assigned value in the settings file.
    will default to the value: 1e-06
Variable rbm_vel_g has no assigned value in the settings file.
    will default to the value: [0.0, 0.0, 0.0, 0.0, 0.0, 0.0]
Variable centre_rot_g has no assigned value in the settings file.
    will default to the value: [0.0, 0.0, 0.0]
Variable map_forces_on_struct has no assigned value in the settings file.
    will default to the value: False
Variable ignore_first_x_nodes_in_force_calculation has no assigned value in the settings file.
    will default to the value: 0



|=====|=====|============|==========|==========|==========|==========|==========|==========|
|iter |step | log10(res) |    Fx    |    Fy    |    Fz    |    Mx    |    My    |    Mz    |
|=====|=====|============|==========|==========|==========|==========|==========|==========|
|  0  |  0  |  0.00000   |  7.2723  |  0.0000  |-147.4441 |  0.0000  | 123.8614 |  0.0000  |
|  1  |  0  | -11.27566  |  7.2390  |  0.0000  |-146.8234 |  0.0000  | 123.9614 |  0.0000  |
|  0  |  1  |  0.00000   | 14.5083  |  0.0000  |-292.9751 |  0.0000  | 248.0284 |  0.0000  |
|  1  |  1  | -10.90122  | 14.4416  |  0.0000  |-291.7313 |  0.0000  | 248.2289 |  0.0000  |
|  0  |  2  |  0.00000   | 21.7081  |  0.0000  |-436.5848 |  0.0000  | 372.5024 |  0.0000  |
|  1  |  2  | -10.66270  | 21.6078  |  0.0000  |-434.7157 |  0.0000  | 372.8036 |  0.0000  |
|  0  |  3  |  0.00000   | 28.8717  |  0.0000  |-578.2652 |  0.0000  | 497.2844 |  0.0000  |
|  1  |  3  | -10.48352  | 28.7377  |  0.0000  |-575.7682 |  0.0000  | 497.6867 |  0.0000  |
|  0  |  4  |  0.00000   | 35.9992  |  0.0000  |-718.0080 |  0.0000  | 622.3758 |  0.0000  |
|  1  |  4  | -10.33871  | 35.8314  |  0.0000  |-714.8808 |  0.0000  | 622.8796 |  0.0000  |
|  0  |  5  |  0.00000   | 43.0907  |  0.0000  |-855.8050 |  0.0000  | 747.7778 |  0.0000  |
|  1  |  5  | -10.32378  | 42.9084  |  0.0000  |-852.6442 |  0.0000  | 748.6310 |  0.0000  |
|  0  |  6  |  0.00000   | 50.1802  |  0.0000  |-992.7059 |  0.0000  | 873.9399 |  0.0000  |
|  1  |  6  | -10.12696  | 49.9478  |  0.0000  |-988.4268 |  0.0000  | 874.7041 |  0.0000  |
|  0  |  7  |  0.00000   | 57.2106  |  0.0000  |-1126.9392|  0.0000  |1000.1314 |  0.0000  |
|  1  |  7  | -10.03464  | 56.9447  |  0.0000  |-1122.0403|  0.0000  |1001.0017 |  0.0000  |
|  0  |  8  |  0.00000   | 64.2071  |  0.0000  |-1259.2530|  0.0000  |1126.6559 |  0.0000  |
|  1  |  8  |  -9.95148  | 63.9073  |  0.0000  |-1253.7292|  0.0000  |1127.6365 |  0.0000  |
|  2  |  8  | -10.21389  | 63.7432  |  0.0000  |-1250.7063|  0.0000  |1128.1732 |  0.0000  |
|  0  |  9  |  0.00000   | 71.1669  |  0.0000  |-1389.5909|  0.0000  |1253.5266 |  0.0000  |
|  1  |  9  |  -9.87815  | 70.8346  |  0.0000  |-1383.4682|  0.0000  |1254.6132 |  0.0000  |
|  2  |  9  | -10.13982  | 70.6524  |  0.0000  |-1380.1116|  0.0000  |1255.2090 |  0.0000  |
Generating an instance of AeroForcesCalculator
Variable text_file_name has no assigned value in the settings file.
    will default to the value: aeroforces.txt
Variable screen_output has no assigned value in the settings file.
    will default to the value: True
Variable coefficients has no assigned value in the settings file.
    will default to the value: False
Variable lifting_surfaces has no assigned value in the settings file.
    will default to the value: True
Variable nonlifting_body has no assigned value in the settings file.
    will default to the value: False



|==============|==============|==============|==============|==============|==============|==============|
|    tstep     |     fx_g     |     fy_g     |     fz_g     |     mx_g     |     my_g     |     mz_g     |
|==============|==============|==============|==============|==============|==============|==============|
|      0       | 2.244348e+01 | 1.203590e-09 | 2.889337e+03 | 2.353839e-07 | 4.747910e+02 |-5.119523e-09 |
...Finished
FINISHED - Elapsed time = 5.8384036 seconds
FINISHED - CPU process time = 5.8246716 seconds
