--------------------------------------------------------------------------------
            ######  ##     ##    ###    ########  ########  ##    ##
           ##    ## ##     ##   ## ##   ##     ## ##     ##  ##  ##
           ##       ##     ##  ##   ##  ##     ## ##     ##   ####
            ######  ######### ##     ## ########  ########     ##
                 ## ##     ## ######### ##   ##   ##           ##
           ##    ## ##     ## ##     ## ##    ##  ##           ##
            ######  ##     ## ##     ## ##     ## ##           ##
--------------------------------------------------------------------------------
Aeroelastics Lab, Aeronautics Department.
    Copyright (c), Imperial College London.
    All rights reserved.
    License available at https://github.com/imperialcollegelondon/sharpy
Running SHARPy from /Users/benpreston/sharpy_cases/goland_swept_loads
SHARPy being run is in /Users/benpreston/sharpy_installs/dev_profiler
The branch being run is develop
The version and commit hash are: 2.1-284-g23da1e0b-23da1e0b
SHARPy output folder set
	/Users/benpreston/sharpy_cases/goland_swept_loads/output//goland_ang_n20_00_pos_0_95/
Generating an instance of BeamLoader
Variable for_pos has no assigned value in the settings file.
    will default to the value: [0.0, 0, 0]
Generating an instance of AerogridLoader
Variable control_surface_deflection has no assigned value in the settings file.
    will default to the value: []
Variable control_surface_deflection_generator_settings has no assigned value in the settings file.
    will default to the value: {}
Variable dx1 has no assigned value in the settings file.
    will default to the value: -1.0
Variable ndx1 has no assigned value in the settings file.
    will default to the value: 1
Variable r has no assigned value in the settings file.
    will default to the value: 1.0
Variable dxmax has no assigned value in the settings file.
    will default to the value: -1.0
The aerodynamic grid contains 2 surfaces
  Surface 0, M=16, N=20
     Wake 0, M=160, N=20
  Surface 1, M=16, N=20
     Wake 1, M=160, N=20
  In total: 640 bound panels
  In total: 6400 wake panels
  Total number of panels = 7040
Generating an instance of StaticCoupled
Variable correct_forces_method has no assigned value in the settings file.
    will default to the value: 
Variable correct_forces_settings has no assigned value in the settings file.
    will default to the value: {}
Variable runtime_generators has no assigned value in the settings file.
    will default to the value: {}
Variable nonlifting_body_interactions has no assigned value in the settings file.
    will default to the value: False
Generating an instance of NonLinearStatic
Variable abs_threshold has no assigned value in the settings file.
    will default to the value: 1e-13
Variable newmark_damp has no assigned value in the settings file.
    will default to the value: 0.0001
Variable gravity_dir has no assigned value in the settings file.
    will default to the value: [0.0, 0.0, 1.0]
Variable relaxation_factor has no assigned value in the settings file.
    will default to the value: 0.3
Variable dt has no assigned value in the settings file.
    will default to the value: 0.01
Variable num_steps has no assigned value in the settings file.
    will default to the value: 500
Variable initial_position has no assigned value in the settings file.
    will default to the value: [0. 0. 0.]
Variable initial_velocity has no assigned value in the settings file.
    will default to the value: [0. 0. 0. 0. 0. 0.]
Generating an instance of StaticUvlm
Variable nonlifting_body_interactions has no assigned value in the settings file.
    will default to the value: False
Variable only_nonlifting has no assigned value in the settings file.
    will default to the value: False
Variable phantom_wing_test has no assigned value in the settings file.
    will default to the value: False
Variable iterative_solver has no assigned value in the settings file.
    will default to the value: False
Variable iterative_tol has no assigned value in the settings file.
    will default to the value: 0.0001
Variable iterative_precond has no assigned value in the settings file.
    will default to the value: False
Variable cfl1 has no assigned value in the settings file.
    will default to the value: True
Variable vortex_radius has no assigned value in the settings file.
    will default to the value: 1e-06
Variable vortex_radius_wake_ind has no assigned value in the settings file.
    will default to the value: 1e-06
Variable rbm_vel_g has no assigned value in the settings file.
    will default to the value: [0.0, 0.0, 0.0, 0.0, 0.0, 0.0]
Variable centre_rot_g has no assigned value in the settings file.
    will default to the value: [0.0, 0.0, 0.0]
Variable map_forces_on_struct has no assigned value in the settings file.
    will default to the value: False
Variable ignore_first_x_nodes_in_force_calculation has no assigned value in the settings file.
    will default to the value: 0



|=====|=====|============|==========|==========|==========|==========|==========|==========|
|iter |step | log10(res) |    Fx    |    Fy    |    Fz    |    Mx    |    My    |    Mz    |
|=====|=====|============|==========|==========|==========|==========|==========|==========|
|  0  |  0  |  0.00000   |  7.3211  |  0.0000  |-148.8253 | -1.2854  | 122.7877 | -0.0415  |
|  1  |  0  | -11.33061  |  7.2890  | -0.0002  |-148.2284 | -1.3248  | 122.8887 | -0.0438  |
|  0  |  1  |  0.00000   | 14.6079  | -0.0005  |-295.8107 | -2.6921  | 245.8839 | -0.0846  |
|  1  |  1  | -10.95089  | 14.5435  | -0.0009  |-294.6147 | -2.7708  | 246.0862 | -0.0891  |
|  0  |  2  |  0.00000   | 21.8603  | -0.0015  |-440.9484 | -4.2201  | 369.2899 | -0.1291  |
|  1  |  2  | -10.70863  | 21.7635  | -0.0022  |-439.1509 | -4.3382  | 369.5941 | -0.1359  |
|  0  |  3  |  0.00000   | 29.0783  | -0.0032  |-584.2304 | -5.8692  | 493.0073 | -0.1751  |
|  1  |  3  | -10.52660  | 28.9491  | -0.0040  |-581.8293 | -6.0267  | 493.4137 | -0.1841  |
|  0  |  4  |  0.00000   | 36.2621  | -0.0054  |-725.6489 | -7.6395  | 617.0374 | -0.2225  |
|  1  |  4  | -10.37954  | 36.1002  | -0.0064  |-722.6419 | -7.8362  | 617.5465 | -0.2338  |
|  0  |  5  |  0.00000   | 43.4117  | -0.0081  |-865.1960 | -9.5308  | 741.3818 | -0.2713  |
|  1  |  5  | -10.25952  | 43.2176  | -0.0095  |-861.6073 | -9.7760  | 742.0142 | -0.2856  |
|  0  |  6  |  0.00000   | 50.5280  | -0.0117  |-1002.9102| -11.5585 | 866.0782 | -0.3226  |
|  1  |  6  | -10.14953  | 50.3006  | -0.0132  |-998.6979 | -11.8471 | 866.8057 | -0.3387  |
|  0  |  7  |  0.00000   | 57.6098  | -0.0157  |-1138.7212| -13.7167 | 991.0811 | -0.3746  |
|  1  |  7  | -10.05447  | 57.3492  | -0.0174  |-1133.8894| -14.0373 | 991.9086 | -0.3930  |
|  0  |  8  |  0.00000   | 64.6574  | -0.0203  |-1272.6285| -15.9856 |1116.3978 | -0.4278  |
|  1  |  8  |  -9.96971  | 64.3636  | -0.0222  |-1267.1799| -16.3452 |1117.3290 | -0.4486  |
|  2  |  8  | -10.23239  | 64.2029  | -0.0233  |-1264.1996| -16.5380 |1117.8384 | -0.4597  |
|  0  |  9  |  0.00000   | 71.6687  | -0.0255  |-1404.5871| -18.3751 |1242.0422 | -0.4823  |
|  1  |  9  |  -9.89497  | 71.3430  | -0.0276  |-1398.5470| -18.7749 |1243.0738 | -0.5054  |
|  2  |  9  | -10.15694  | 71.1645  | -0.0288  |-1395.2376| -18.9892 |1243.6390 | -0.5178  |
Generating an instance of AeroForcesCalculator
Variable text_file_name has no assigned value in the settings file.
    will default to the value: aeroforces.txt
Variable screen_output has no assigned value in the settings file.
    will default to the value: True
Variable coefficients has no assigned value in the settings file.
    will default to the value: False
Variable lifting_surfaces has no assigned value in the settings file.
    will default to the value: True
Variable nonlifting_body has no assigned value in the settings file.
    will default to the value: False



|==============|==============|==============|==============|==============|==============|==============|
|    tstep     |     fx_g     |     fy_g     |     fz_g     |     mx_g     |     my_g     |     mz_g     |
|==============|==============|==============|==============|==============|==============|==============|
|      0       | 2.242746e+01 |-2.882498e-02 | 2.876274e+03 |-6.134595e+00 | 4.741058e+02 | 1.382198e-01 |
...Finished
FINISHED - Elapsed time = 5.8596036 seconds
FINISHED - CPU process time = 5.8733816 seconds
