--------------------------------------------------------------------------------
            ######  ##     ##    ###    ########  ########  ##    ##
           ##    ## ##     ##   ## ##   ##     ## ##     ##  ##  ##
           ##       ##     ##  ##   ##  ##     ## ##     ##   ####
            ######  ######### ##     ## ########  ########     ##
                 ## ##     ## ######### ##   ##   ##           ##
           ##    ## ##     ## ##     ## ##    ##  ##           ##
            ######  ##     ## ##     ## ##     ## ##           ##
--------------------------------------------------------------------------------
Aeroelastics Lab, Aeronautics Department.
    Copyright (c), Imperial College London.
    All rights reserved.
    License available at https://github.com/imperialcollegelondon/sharpy
Running SHARPy from /Users/benpreston/sharpy_cases/goland_swept_loads
SHARPy being run is in /Users/benpreston/sharpy_installs/dev_profiler
The branch being run is develop
The version and commit hash are: 2.1-284-g23da1e0b-23da1e0b
SHARPy output folder set
	/Users/benpreston/sharpy_cases/goland_swept_loads/output//goland_ang_20_00_pos_0_60/
Generating an instance of BeamLoader
Variable for_pos has no assigned value in the settings file.
    will default to the value: [0.0, 0, 0]
Generating an instance of AerogridLoader
Variable control_surface_deflection has no assigned value in the settings file.
    will default to the value: []
Variable control_surface_deflection_generator_settings has no assigned value in the settings file.
    will default to the value: {}
Variable dx1 has no assigned value in the settings file.
    will default to the value: -1.0
Variable ndx1 has no assigned value in the settings file.
    will default to the value: 1
Variable r has no assigned value in the settings file.
    will default to the value: 1.0
Variable dxmax has no assigned value in the settings file.
    will default to the value: -1.0
The aerodynamic grid contains 2 surfaces
  Surface 0, M=16, N=20
     Wake 0, M=160, N=20
  Surface 1, M=16, N=20
     Wake 1, M=160, N=20
  In total: 640 bound panels
  In total: 6400 wake panels
  Total number of panels = 7040
Generating an instance of StaticCoupled
Variable correct_forces_method has no assigned value in the settings file.
    will default to the value: 
Variable correct_forces_settings has no assigned value in the settings file.
    will default to the value: {}
Variable runtime_generators has no assigned value in the settings file.
    will default to the value: {}
Variable nonlifting_body_interactions has no assigned value in the settings file.
    will default to the value: False
Generating an instance of NonLinearStatic
Variable abs_threshold has no assigned value in the settings file.
    will default to the value: 1e-13
Variable newmark_damp has no assigned value in the settings file.
    will default to the value: 0.0001
Variable gravity_dir has no assigned value in the settings file.
    will default to the value: [0.0, 0.0, 1.0]
Variable relaxation_factor has no assigned value in the settings file.
    will default to the value: 0.3
Variable dt has no assigned value in the settings file.
    will default to the value: 0.01
Variable num_steps has no assigned value in the settings file.
    will default to the value: 500
Variable initial_position has no assigned value in the settings file.
    will default to the value: [0. 0. 0.]
Variable initial_velocity has no assigned value in the settings file.
    will default to the value: [0. 0. 0. 0. 0. 0.]
Generating an instance of StaticUvlm
Variable nonlifting_body_interactions has no assigned value in the settings file.
    will default to the value: False
Variable only_nonlifting has no assigned value in the settings file.
    will default to the value: False
Variable phantom_wing_test has no assigned value in the settings file.
    will default to the value: False
Variable iterative_solver has no assigned value in the settings file.
    will default to the value: False
Variable iterative_tol has no assigned value in the settings file.
    will default to the value: 0.0001
Variable iterative_precond has no assigned value in the settings file.
    will default to the value: False
Variable cfl1 has no assigned value in the settings file.
    will default to the value: True
Variable vortex_radius has no assigned value in the settings file.
    will default to the value: 1e-06
Variable vortex_radius_wake_ind has no assigned value in the settings file.
    will default to the value: 1e-06
Variable rbm_vel_g has no assigned value in the settings file.
    will default to the value: [0.0, 0.0, 0.0, 0.0, 0.0, 0.0]
Variable centre_rot_g has no assigned value in the settings file.
    will default to the value: [0.0, 0.0, 0.0]
Variable map_forces_on_struct has no assigned value in the settings file.
    will default to the value: False
Variable ignore_first_x_nodes_in_force_calculation has no assigned value in the settings file.
    will default to the value: 0



|=====|=====|============|==========|==========|==========|==========|==========|==========|
|iter |step | log10(res) |    Fx    |    Fy    |    Fz    |    Mx    |    My    |    Mz    |
|=====|=====|============|==========|==========|==========|==========|==========|==========|
|  0  |  0  |  0.00000   |  7.5793  |  0.0000  |-158.1703 |  0.0000  | 160.9465 |  0.0000  |
|  1  |  0  | -10.83109  |  7.5360  |  0.0000  |-157.3706 | -0.0002  | 160.9554 | -0.0000  |
|  0  |  1  |  0.00000   | 15.1125  |  0.0000  |-313.8780 | -0.0005  | 321.9167 | -0.0000  |
|  1  |  1  | -10.48320  | 15.0257  |  0.0000  |-312.2790 | -0.0009  | 321.9346 | -0.0000  |
|  0  |  2  |  0.00000   | 22.5999  |  0.0000  |-467.1243 | -0.0016  | 482.9108 | -0.0000  |
|  1  |  2  | -10.26524  | 22.4695  |  0.0000  |-464.7264 | -0.0022  | 482.9377 | -0.0000  |
|  0  |  3  |  0.00000   | 30.0419  |  0.0000  |-617.9102 | -0.0034  | 643.9286 | -0.0001  |
|  1  |  3  | -10.10233  | 29.8678  | -0.0000  |-614.7116 |  0.0019  | 643.9654 |  0.0000  |
|  0  |  4  |  0.00000   | 37.4388  | -0.0000  |-766.2325 |  0.0060  | 804.9719 |  0.0001  |
|  1  |  4  |  -9.97051  | 37.2211  | -0.0000  |-762.2428 |  0.0070  | 805.0204 |  0.0001  |
|  2  |  4  | -10.24000  | 37.1039  | -0.0000  |-760.0958 |  0.0076  | 805.0466 |  0.0001  |
|  0  |  5  |  0.00000   | 44.7916  | -0.0000  |-912.1107 |  0.0091  | 966.0444 |  0.0002  |
|  1  |  5  |  -9.85959  | 44.5296  | -0.0000  |-907.3164 |  0.0106  | 966.1003 |  0.0002  |
|  2  |  5  | -10.12919  | 44.3887  | -0.0000  |-904.7368 |  0.0113  | 966.1304 |  0.0002  |
|  0  |  6  |  0.00000   | 52.0998  | -0.0000  |-1055.5221|  0.0132  |1127.1386 |  0.0002  |
|  1  |  6  |  -9.76360  | 51.7937  | -0.0000  |-1049.9277|  0.0150  |1127.2027 |  0.0003  |
|  2  |  6  | -10.03327  | 51.6290  | -0.0000  |-1046.9179|  0.0160  |1127.2372 |  0.0003  |
|  0  |  7  |  0.00000   | 59.3641  | -0.0001  |-1196.4732|  0.0183  |1288.2555 |  0.0003  |
|  1  |  7  |  -9.67849  | 59.0136  | -0.0001  |-1190.0785|  0.0204  |1288.3282 |  0.0003  |
|  2  |  7  |  -9.94826  | 58.8251  | -0.0001  |-1186.6387|  0.0216  |1288.3673 |  0.0004  |
|  3  |  7  | -12.97134  | 58.8253  | -0.0001  |-1186.6423|  0.0216  |1288.3672 |  0.0004  |
|  0  |  8  |  0.00000   | 66.5847  | -0.0001  |-1334.9643|  0.0242  |1449.3957 |  0.0004  |
|  1  |  8  |  -9.60225  | 66.1899  | -0.0001  |-1327.7730|  0.0268  |1449.4774 |  0.0004  |
|  2  |  8  |  -9.87205  | 65.9775  | -0.0001  |-1323.9046|  0.0282  |1449.5213 |  0.0005  |
|  3  |  8  | -12.89831  | 65.9777  | -0.0001  |-1323.9086|  0.0282  |1449.5212 |  0.0005  |
|  0  |  9  |  0.00000   | 73.7622  | -0.0001  |-1471.0003|  0.0313  |1610.5597 |  0.0005  |
|  1  |  9  |  -9.53267  | 73.3227  | -0.0001  |-1463.0049|  0.0343  |1610.6494 |  0.0006  |
|  2  |  9  |  -9.80263  | 73.0863  | -0.0001  |-1458.7053|  0.0359  |1610.6975 |  0.0006  |
|  3  |  9  | -12.70172  | 73.0866  | -0.0001  |-1458.7113|  0.0358  |1610.6974 |  0.0006  |
Generating an instance of AeroForcesCalculator
Variable text_file_name has no assigned value in the settings file.
    will default to the value: aeroforces.txt
Variable screen_output has no assigned value in the settings file.
    will default to the value: True
Variable coefficients has no assigned value in the settings file.
    will default to the value: False
Variable lifting_surfaces has no assigned value in the settings file.
    will default to the value: True
Variable nonlifting_body has no assigned value in the settings file.
    will default to the value: False



|==============|==============|==============|==============|==============|==============|==============|
|    tstep     |     fx_g     |     fy_g     |     fz_g     |     mx_g     |     my_g     |     mz_g     |
|==============|==============|==============|==============|==============|==============|==============|
|      0       | 2.213386e+01 |-9.141368e-05 | 2.810667e+03 | 3.581142e-02 | 1.372125e+02 |-6.673419e-04 |
...Finished
FINISHED - Elapsed time = 7.5823836 seconds
FINISHED - CPU process time = 7.6008486 seconds
