--------------------------------------------------------------------------------
            ######  ##     ##    ###    ########  ########  ##    ##
           ##    ## ##     ##   ## ##   ##     ## ##     ##  ##  ##
           ##       ##     ##  ##   ##  ##     ## ##     ##   ####
            ######  ######### ##     ## ########  ########     ##
                 ## ##     ## ######### ##   ##   ##           ##
           ##    ## ##     ## ##     ## ##    ##  ##           ##
            ######  ##     ## ##     ## ##     ## ##           ##
--------------------------------------------------------------------------------
Aeroelastics Lab, Aeronautics Department.
    Copyright (c), Imperial College London.
    All rights reserved.
    License available at https://github.com/imperialcollegelondon/sharpy
Running SHARPy from /Users/benpreston/sharpy_cases/goland_swept_loads
SHARPy being run is in /Users/benpreston/sharpy_installs/dev_profiler
The branch being run is develop
The version and commit hash are: 2.1-284-g23da1e0b-23da1e0b
SHARPy output folder set
	/Users/benpreston/sharpy_cases/goland_swept_loads/output//goland_ang_10_00_pos_0_55/
Generating an instance of BeamLoader
Variable for_pos has no assigned value in the settings file.
    will default to the value: [0.0, 0, 0]
Generating an instance of AerogridLoader
Variable control_surface_deflection has no assigned value in the settings file.
    will default to the value: []
Variable control_surface_deflection_generator_settings has no assigned value in the settings file.
    will default to the value: {}
Variable dx1 has no assigned value in the settings file.
    will default to the value: -1.0
Variable ndx1 has no assigned value in the settings file.
    will default to the value: 1
Variable r has no assigned value in the settings file.
    will default to the value: 1.0
Variable dxmax has no assigned value in the settings file.
    will default to the value: -1.0
The aerodynamic grid contains 2 surfaces
  Surface 0, M=16, N=20
     Wake 0, M=160, N=20
  Surface 1, M=16, N=20
     Wake 1, M=160, N=20
  In total: 640 bound panels
  In total: 6400 wake panels
  Total number of panels = 7040
Generating an instance of StaticCoupled
Variable correct_forces_method has no assigned value in the settings file.
    will default to the value: 
Variable correct_forces_settings has no assigned value in the settings file.
    will default to the value: {}
Variable runtime_generators has no assigned value in the settings file.
    will default to the value: {}
Variable nonlifting_body_interactions has no assigned value in the settings file.
    will default to the value: False
Generating an instance of NonLinearStatic
Variable abs_threshold has no assigned value in the settings file.
    will default to the value: 1e-13
Variable newmark_damp has no assigned value in the settings file.
    will default to the value: 0.0001
Variable gravity_dir has no assigned value in the settings file.
    will default to the value: [0.0, 0.0, 1.0]
Variable relaxation_factor has no assigned value in the settings file.
    will default to the value: 0.3
Variable dt has no assigned value in the settings file.
    will default to the value: 0.01
Variable num_steps has no assigned value in the settings file.
    will default to the value: 500
Variable initial_position has no assigned value in the settings file.
    will default to the value: [0. 0. 0.]
Variable initial_velocity has no assigned value in the settings file.
    will default to the value: [0. 0. 0. 0. 0. 0.]
Generating an instance of StaticUvlm
Variable nonlifting_body_interactions has no assigned value in the settings file.
    will default to the value: False
Variable only_nonlifting has no assigned value in the settings file.
    will default to the value: False
Variable phantom_wing_test has no assigned value in the settings file.
    will default to the value: False
Variable iterative_solver has no assigned value in the settings file.
    will default to the value: False
Variable iterative_tol has no assigned value in the settings file.
    will default to the value: 0.0001
Variable iterative_precond has no assigned value in the settings file.
    will default to the value: False
Variable cfl1 has no assigned value in the settings file.
    will default to the value: True
Variable vortex_radius has no assigned value in the settings file.
    will default to the value: 1e-06
Variable vortex_radius_wake_ind has no assigned value in the settings file.
    will default to the value: 1e-06
Variable rbm_vel_g has no assigned value in the settings file.
    will default to the value: [0.0, 0.0, 0.0, 0.0, 0.0, 0.0]
Variable centre_rot_g has no assigned value in the settings file.
    will default to the value: [0.0, 0.0, 0.0]
Variable map_forces_on_struct has no assigned value in the settings file.
    will default to the value: False
Variable ignore_first_x_nodes_in_force_calculation has no assigned value in the settings file.
    will default to the value: 0



|=====|=====|============|==========|==========|==========|==========|==========|==========|
|iter |step | log10(res) |    Fx    |    Fy    |    Fz    |    Mx    |    My    |    Mz    |
|=====|=====|============|==========|==========|==========|==========|==========|==========|
|  0  |  0  |  0.00000   |  7.3654  | -0.0002  |-150.5874 |  0.6639  | 146.8803 |  0.0199  |
|  1  |  0  | -10.99839  |  7.3254  |  0.0001  |-149.8478 |  0.7158  | 146.9268 |  0.0230  |
|  0  |  1  |  0.00000   | 14.6881  |  0.0002  |-298.8964 |  1.4871  | 293.9006 |  0.0423  |
|  1  |  1  | -10.64413  | 14.6080  |  0.0007  |-297.4164 |  1.5900  | 293.9938 |  0.0485  |
|  0  |  2  |  0.00000   | 21.9683  |  0.0010  |-444.9243 |  2.4664  | 441.0612 |  0.0673  |
|  1  |  2  | -10.42106  | 21.8479  |  0.0018  |-442.7031 |  2.6194  | 441.2010 |  0.0766  |
|  0  |  3  |  0.00000   | 29.2063  |  0.0023  |-588.6682 |  3.5987  | 588.3623 |  0.0946  |
|  1  |  3  | -10.25410  | 29.0455  |  0.0034  |-585.7050 |  3.8008  | 588.5488 |  0.1070  |
|  0  |  4  |  0.00000   | 36.4024  |  0.0040  |-730.1251 |  4.8808  | 735.8039 |  0.1241  |
|  1  |  4  | -10.11923  | 36.2010  |  0.0054  |-726.4192 |  5.1311  | 736.0373 |  0.1396  |
|  0  |  5  |  0.00000   | 43.5566  |  0.0062  |-869.2923 |  6.3096  | 883.3864 |  0.1559  |
|  1  |  5  | -10.00520  | 43.3146  |  0.0078  |-864.8446 |  6.6047  | 883.6680 |  0.1743  |
|  0  |  6  |  0.00000   | 50.6695  |  0.0088  |-1006.1705|  7.8771  |1031.1125 |  0.1895  |
|  1  |  6  |  -9.90636  | 50.3866  |  0.0107  |-1000.9757|  8.2224  |1031.4404 |  0.2112  |
|  2  |  6  | -10.17403  | 50.2337  |  0.0117  |-998.1681 |  8.3971  |1031.6176 |  0.2222  |
|  0  |  7  |  0.00000   | 57.7405  |  0.0118  |-1140.7394|  9.5798  |1178.9796 |  0.2247  |
|  1  |  7  |  -9.81967  | 57.4169  |  0.0140  |-1134.8041|  9.9766  |1179.3535 |  0.2498  |
|  2  |  7  | -10.08712  | 57.2420  |  0.0151  |-1131.5945| 10.1762  |1179.5555 |  0.2625  |
|  0  |  8  |  0.00000   | 64.7708  |  0.0152  |-1273.0140| 11.4274  |1326.9867 |  0.2623  |
|  1  |  8  |  -9.74139  | 64.4062  |  0.0177  |-1266.3320| 11.8704  |1327.4068 |  0.2905  |
|  2  |  8  | -10.00865  | 64.2089  |  0.0189  |-1262.7169| 12.0912  |1327.6340 |  0.3047  |
|  0  |  9  |  0.00000   | 71.7602  |  0.0190  |-1402.9829| 13.4085  |1475.1342 |  0.3016  |
|  1  |  9  |  -9.67046  | 71.3545  |  0.0218  |-1395.5555| 13.8942  |1475.6009 |  0.3329  |
|  2  |  9  |  -9.93747  | 71.1348  |  0.0231  |-1391.5348| 14.1349  |1475.8534 |  0.3485  |
|  3  |  9  | -12.13755  | 71.1336  |  0.0230  |-1391.5117| 14.1124  |1475.8547 |  0.3472  |
Generating an instance of AeroForcesCalculator
Variable text_file_name has no assigned value in the settings file.
    will default to the value: aeroforces.txt
Variable screen_output has no assigned value in the settings file.
    will default to the value: True
Variable coefficients has no assigned value in the settings file.
    will default to the value: False
Variable lifting_surfaces has no assigned value in the settings file.
    will default to the value: True
Variable nonlifting_body has no assigned value in the settings file.
    will default to the value: False



|==============|==============|==============|==============|==============|==============|==============|
|    tstep     |     fx_g     |     fy_g     |     fz_g     |     mx_g     |     my_g     |     mz_g     |
|==============|==============|==============|==============|==============|==============|==============|
|      0       | 2.252706e+01 | 2.295122e-02 | 2.878437e+03 | 7.467669e+00 | 2.454523e+02 |-1.473529e-01 |
...Finished
FINISHED - Elapsed time = 6.5584736 seconds
FINISHED - CPU process time = 6.5551416 seconds
