--------------------------------------------------------------------------------
            ######  ##     ##    ###    ########  ########  ##    ##
           ##    ## ##     ##   ## ##   ##     ## ##     ##  ##  ##
           ##       ##     ##  ##   ##  ##     ## ##     ##   ####
            ######  ######### ##     ## ########  ########     ##
                 ## ##     ## ######### ##   ##   ##           ##
           ##    ## ##     ## ##     ## ##    ##  ##           ##
            ######  ##     ## ##     ## ##     ## ##           ##
--------------------------------------------------------------------------------
Aeroelastics Lab, Aeronautics Department.
    Copyright (c), Imperial College London.
    All rights reserved.
    License available at https://github.com/imperialcollegelondon/sharpy
Running SHARPy from /Users/benpreston/sharpy_cases/goland_swept_loads
SHARPy being run is in /Users/benpreston/sharpy_installs/dev_profiler
The branch being run is develop
The version and commit hash are: 2.1-284-g23da1e0b-23da1e0b
SHARPy output folder set
	/Users/benpreston/sharpy_cases/goland_swept_loads/output//goland_ang_40_00_pos_0_95/
Generating an instance of BeamLoader
Variable for_pos has no assigned value in the settings file.
    will default to the value: [0.0, 0, 0]
Generating an instance of AerogridLoader
Variable control_surface_deflection has no assigned value in the settings file.
    will default to the value: []
Variable control_surface_deflection_generator_settings has no assigned value in the settings file.
    will default to the value: {}
Variable dx1 has no assigned value in the settings file.
    will default to the value: -1.0
Variable ndx1 has no assigned value in the settings file.
    will default to the value: 1
Variable r has no assigned value in the settings file.
    will default to the value: 1.0
Variable dxmax has no assigned value in the settings file.
    will default to the value: -1.0
The aerodynamic grid contains 2 surfaces
  Surface 0, M=16, N=20
     Wake 0, M=160, N=20
  Surface 1, M=16, N=20
     Wake 1, M=160, N=20
  In total: 640 bound panels
  In total: 6400 wake panels
  Total number of panels = 7040
Generating an instance of StaticCoupled
Variable correct_forces_method has no assigned value in the settings file.
    will default to the value: 
Variable correct_forces_settings has no assigned value in the settings file.
    will default to the value: {}
Variable runtime_generators has no assigned value in the settings file.
    will default to the value: {}
Variable nonlifting_body_interactions has no assigned value in the settings file.
    will default to the value: False
Generating an instance of NonLinearStatic
Variable abs_threshold has no assigned value in the settings file.
    will default to the value: 1e-13
Variable newmark_damp has no assigned value in the settings file.
    will default to the value: 0.0001
Variable gravity_dir has no assigned value in the settings file.
    will default to the value: [0.0, 0.0, 1.0]
Variable relaxation_factor has no assigned value in the settings file.
    will default to the value: 0.3
Variable dt has no assigned value in the settings file.
    will default to the value: 0.01
Variable num_steps has no assigned value in the settings file.
    will default to the value: 500
Variable initial_position has no assigned value in the settings file.
    will default to the value: [0. 0. 0.]
Variable initial_velocity has no assigned value in the settings file.
    will default to the value: [0. 0. 0. 0. 0. 0.]
Generating an instance of StaticUvlm
Variable nonlifting_body_interactions has no assigned value in the settings file.
    will default to the value: False
Variable only_nonlifting has no assigned value in the settings file.
    will default to the value: False
Variable phantom_wing_test has no assigned value in the settings file.
    will default to the value: False
Variable iterative_solver has no assigned value in the settings file.
    will default to the value: False
Variable iterative_tol has no assigned value in the settings file.
    will default to the value: 0.0001
Variable iterative_precond has no assigned value in the settings file.
    will default to the value: False
Variable cfl1 has no assigned value in the settings file.
    will default to the value: True
Variable vortex_radius has no assigned value in the settings file.
    will default to the value: 1e-06
Variable vortex_radius_wake_ind has no assigned value in the settings file.
    will default to the value: 1e-06
Variable rbm_vel_g has no assigned value in the settings file.
    will default to the value: [0.0, 0.0, 0.0, 0.0, 0.0, 0.0]
Variable centre_rot_g has no assigned value in the settings file.
    will default to the value: [0.0, 0.0, 0.0]
Variable map_forces_on_struct has no assigned value in the settings file.
    will default to the value: False
Variable ignore_first_x_nodes_in_force_calculation has no assigned value in the settings file.
    will default to the value: 0



|=====|=====|============|==========|==========|==========|==========|==========|==========|
|iter |step | log10(res) |    Fx    |    Fy    |    Fz    |    Mx    |    My    |    Mz    |
|=====|=====|============|==========|==========|==========|==========|==========|==========|
|  0  |  0  |  0.00000   |  7.4176  | -0.0001  |-152.5046 |  2.0108  | 123.1768 |  0.0692  |
|  1  |  0  | -11.21048  |  7.3851  |  0.0002  |-151.9025 |  2.0574  | 123.2769 |  0.0720  |
|  0  |  1  |  0.00000   | 14.8003  |  0.0006  |-303.1533 |  4.1652  | 246.6594 |  0.1408  |
|  1  |  1  | -10.84617  | 14.7352  |  0.0013  |-301.9469 |  4.2584  | 246.8601 |  0.1464  |
|  0  |  2  |  0.00000   | 22.1481  |  0.0022  |-451.9387 |  6.4629  | 370.4492 |  0.2147  |
|  1  |  2  | -10.61515  | 22.0503  |  0.0032  |-450.1259 |  6.6026  | 370.7509 |  0.2232  |
|  0  |  3  |  0.00000   | 29.4611  |  0.0046  |-598.8533 |  8.9038  | 494.5475 |  0.2909  |
|  1  |  3  | -10.44172  | 29.3304  |  0.0060  |-596.4320 |  9.0900  | 494.9505 |  0.3022  |
|  0  |  4  |  0.00000   | 36.7393  |  0.0079  |-743.8897 | 11.4876  | 618.9557 |  0.3693  |
|  1  |  4  | -10.30164  | 36.5759  |  0.0098  |-740.8642 | 11.6948  | 619.4655 |  0.3825  |
|  0  |  5  |  0.00000   | 43.9833  |  0.0122  |-887.0520 | 14.1682  | 743.6844 |  0.4482  |
|  1  |  5  | -10.18471  | 43.7870  |  0.0144  |-883.4325 | 14.4507  | 744.3108 |  0.4654  |
|  0  |  6  |  0.00000   | 51.1931  |  0.0173  |-1028.3563| 17.0351  | 868.7530 |  0.5309  |
|  1  |  6  | -10.08057  | 50.9632  |  0.0199  |-1024.1055| 17.3603  | 869.4710 |  0.5507  |
|  0  |  7  |  0.00000   | 58.3679  |  0.0233  |-1167.7376| 20.0397  | 994.1205 |  0.6152  |
|  1  |  7  |  -9.98964  | 58.1045  |  0.0263  |-1162.8668| 20.4063  | 994.9401 |  0.6378  |
|  2  |  7  | -10.25340  | 57.9608  |  0.0279  |-1160.2095| 20.6030  | 995.3873 |  0.6500  |
|  0  |  8  |  0.00000   | 65.5065  |  0.0302  |-1305.1751| 23.1782  |1119.8080 |  0.7015  |
|  1  |  8  |  -9.90977  | 65.2106  |  0.0336  |-1299.7044| 23.5912  |1120.7273 |  0.7271  |
|  2  |  8  | -10.17285  | 65.0489  |  0.0355  |-1296.7150| 23.8122  |1121.2297 |  0.7408  |
|  0  |  9  |  0.00000   | 72.6118  |  0.0380  |-1440.7196| 26.4566  |1245.8090 |  0.7897  |
|  1  |  9  |  -9.83598  | 72.2825  |  0.0419  |-1434.6309| 26.9154  |1246.8315 |  0.8183  |
|  2  |  9  | -10.09839  | 72.1023  |  0.0439  |-1431.2984| 27.1606  |1247.3911 |  0.8335  |
Generating an instance of AeroForcesCalculator
Variable text_file_name has no assigned value in the settings file.
    will default to the value: aeroforces.txt
Variable screen_output has no assigned value in the settings file.
    will default to the value: True
Variable coefficients has no assigned value in the settings file.
    will default to the value: False
Variable lifting_surfaces has no assigned value in the settings file.
    will default to the value: True
Variable nonlifting_body has no assigned value in the settings file.
    will default to the value: False



|==============|==============|==============|==============|==============|==============|==============|
|    tstep     |     fx_g     |     fy_g     |     fz_g     |     mx_g     |     my_g     |     mz_g     |
|==============|==============|==============|==============|==============|==============|==============|
|      0       | 2.210616e+01 | 4.390492e-02 | 2.845373e+03 | 7.052387e+00 | 4.633828e+02 |-1.363252e-01 |
...Finished
FINISHED - Elapsed time = 6.0776376 seconds
FINISHED - CPU process time = 6.0967856 seconds
