--------------------------------------------------------------------------------
            ######  ##     ##    ###    ########  ########  ##    ##
           ##    ## ##     ##   ## ##   ##     ## ##     ##  ##  ##
           ##       ##     ##  ##   ##  ##     ## ##     ##   ####
            ######  ######### ##     ## ########  ########     ##
                 ## ##     ## ######### ##   ##   ##           ##
           ##    ## ##     ## ##     ## ##    ##  ##           ##
            ######  ##     ## ##     ## ##     ## ##           ##
--------------------------------------------------------------------------------
Aeroelastics Lab, Aeronautics Department.
    Copyright (c), Imperial College London.
    All rights reserved.
    License available at https://github.com/imperialcollegelondon/sharpy
Running SHARPy from /Users/benpreston/sharpy_cases/goland_swept_loads
SHARPy being run is in /Users/benpreston/sharpy_installs/dev_profiler
The branch being run is develop
The version and commit hash are: 2.1-284-g23da1e0b-23da1e0b
SHARPy output folder set
	/Users/benpreston/sharpy_cases/goland_swept_loads/output//goland_ang_n30_00_pos_0_50/
Generating an instance of BeamLoader
Variable for_pos has no assigned value in the settings file.
    will default to the value: [0.0, 0, 0]
Generating an instance of AerogridLoader
Variable control_surface_deflection has no assigned value in the settings file.
    will default to the value: []
Variable control_surface_deflection_generator_settings has no assigned value in the settings file.
    will default to the value: {}
Variable dx1 has no assigned value in the settings file.
    will default to the value: -1.0
Variable ndx1 has no assigned value in the settings file.
    will default to the value: 1
Variable r has no assigned value in the settings file.
    will default to the value: 1.0
Variable dxmax has no assigned value in the settings file.
    will default to the value: -1.0
The aerodynamic grid contains 2 surfaces
  Surface 0, M=16, N=20
     Wake 0, M=160, N=20
  Surface 1, M=16, N=20
     Wake 1, M=160, N=20
  In total: 640 bound panels
  In total: 6400 wake panels
  Total number of panels = 7040
Generating an instance of StaticCoupled
Variable correct_forces_method has no assigned value in the settings file.
    will default to the value: 
Variable correct_forces_settings has no assigned value in the settings file.
    will default to the value: {}
Variable runtime_generators has no assigned value in the settings file.
    will default to the value: {}
Variable nonlifting_body_interactions has no assigned value in the settings file.
    will default to the value: False
Generating an instance of NonLinearStatic
Variable abs_threshold has no assigned value in the settings file.
    will default to the value: 1e-13
Variable newmark_damp has no assigned value in the settings file.
    will default to the value: 0.0001
Variable gravity_dir has no assigned value in the settings file.
    will default to the value: [0.0, 0.0, 1.0]
Variable relaxation_factor has no assigned value in the settings file.
    will default to the value: 0.3
Variable dt has no assigned value in the settings file.
    will default to the value: 0.01
Variable num_steps has no assigned value in the settings file.
    will default to the value: 500
Variable initial_position has no assigned value in the settings file.
    will default to the value: [0. 0. 0.]
Variable initial_velocity has no assigned value in the settings file.
    will default to the value: [0. 0. 0. 0. 0. 0.]
Generating an instance of StaticUvlm
Variable nonlifting_body_interactions has no assigned value in the settings file.
    will default to the value: False
Variable only_nonlifting has no assigned value in the settings file.
    will default to the value: False
Variable phantom_wing_test has no assigned value in the settings file.
    will default to the value: False
Variable iterative_solver has no assigned value in the settings file.
    will default to the value: False
Variable iterative_tol has no assigned value in the settings file.
    will default to the value: 0.0001
Variable iterative_precond has no assigned value in the settings file.
    will default to the value: False
Variable cfl1 has no assigned value in the settings file.
    will default to the value: True
Variable vortex_radius has no assigned value in the settings file.
    will default to the value: 1e-06
Variable vortex_radius_wake_ind has no assigned value in the settings file.
    will default to the value: 1e-06
Variable rbm_vel_g has no assigned value in the settings file.
    will default to the value: [0.0, 0.0, 0.0, 0.0, 0.0, 0.0]
Variable centre_rot_g has no assigned value in the settings file.
    will default to the value: [0.0, 0.0, 0.0]
Variable map_forces_on_struct has no assigned value in the settings file.
    will default to the value: False
Variable ignore_first_x_nodes_in_force_calculation has no assigned value in the settings file.
    will default to the value: 0



|=====|=====|============|==========|==========|==========|==========|==========|==========|
|iter |step | log10(res) |    Fx    |    Fy    |    Fz    |    Mx    |    My    |    Mz    |
|=====|=====|============|==========|==========|==========|==========|==========|==========|
|  0  |  0  |  0.00000   |  8.1470  |  0.0000  |-178.8641 | -0.0000  |  8.4130  |  0.0000  |
|  1  |  0  | -12.68089  |  8.1504  | -0.0000  |-178.9271 |  0.0001  |  8.3858  |  0.0000  |
|  0  |  1  |  0.00000   | 16.2977  | -0.0000  |-357.9227 |  0.0002  | 16.7393  |  0.0000  |
|  1  |  1  | -12.94233  | 16.3045  | -0.0000  |-358.0494 |  0.0004  | 16.6847  |  0.0000  |
|  0  |  2  |  0.00000   | 24.4520  | -0.0000  |-537.1778 |  0.0007  | 24.9780  |  0.0000  |
|  1  |  2  | -12.54259  | 24.4623  | -0.0000  |-537.3687 |  0.0009  | 24.8957  |  0.0000  |
|  0  |  3  |  0.00000   | 32.6101  | -0.0000  |-716.6314 |  0.0013  | 33.1281  |  0.0000  |
|  1  |  3  | -12.00013  | 32.6238  | -0.0000  |-716.8870 |  0.0016  | 33.0178  |  0.0000  |
|  0  |  4  |  0.00000   | 40.7720  | -0.0000  |-896.2853 |  0.0023  | 41.1888  |  0.0001  |
|  1  |  4  | -11.69253  | 40.7891  | -0.0000  |-896.6062 |  0.0026  | 41.0502  |  0.0001  |
|  0  |  5  |  0.00000   | 48.9376  | -0.0000  |-1076.1415|  0.0034  | 49.1590  |  0.0001  |
|  1  |  5  | -11.47093  | 48.9582  | -0.0000  |-1076.5283|  0.0039  | 48.9919  |  0.0001  |
|  0  |  6  |  0.00000   | 57.1071  | -0.0000  |-1256.2020|  0.0048  | 57.0379  |  0.0001  |
|  1  |  6  | -11.29585  | 57.1312  | -0.0000  |-1256.6554|  0.0054  | 56.8419  |  0.0001  |
|  0  |  7  |  0.00000   | 65.2805  | -0.0000  |-1436.4688|  0.0065  | 64.8243  |  0.0002  |
|  1  |  7  | -11.15057  | 65.3080  | -0.0000  |-1436.9893|  0.0071  | 64.5991  |  0.0002  |
|  0  |  8  |  0.00000   | 73.4578  | -0.0000  |-1616.9441|  0.0085  | 72.5174  |  0.0002  |
|  1  |  8  | -11.02602  | 73.4889  | -0.0000  |-1617.5324|  0.0092  | 72.2627  |  0.0002  |
|  0  |  9  |  0.00000   | 81.6390  | -0.0000  |-1797.6298|  0.0107  | 80.1160  |  0.0003  |
|  1  |  9  | -10.91688  | 81.6737  | -0.0000  |-1798.2865|  0.0115  | 79.8316  |  0.0003  |
Generating an instance of AeroForcesCalculator
Variable text_file_name has no assigned value in the settings file.
    will default to the value: aeroforces.txt
Variable screen_output has no assigned value in the settings file.
    will default to the value: True
Variable coefficients has no assigned value in the settings file.
    will default to the value: False
Variable lifting_surfaces has no assigned value in the settings file.
    will default to the value: True
Variable nonlifting_body has no assigned value in the settings file.
    will default to the value: False



|==============|==============|==============|==============|==============|==============|==============|
|    tstep     |     fx_g     |     fy_g     |     fz_g     |     mx_g     |     my_g     |     mz_g     |
|==============|==============|==============|==============|==============|==============|==============|
|      0       | 1.887129e+01 |-4.002337e-05 | 2.470646e+03 | 1.191950e-02 | 9.778432e+02 |-1.091265e-04 |
...Finished
FINISHED - Elapsed time = 5.3448276 seconds
FINISHED - CPU process time = 5.3321256 seconds
