--------------------------------------------------------------------------------
            ######  ##     ##    ###    ########  ########  ##    ##
           ##    ## ##     ##   ## ##   ##     ## ##     ##  ##  ##
           ##       ##     ##  ##   ##  ##     ## ##     ##   ####
            ######  ######### ##     ## ########  ########     ##
                 ## ##     ## ######### ##   ##   ##           ##
           ##    ## ##     ## ##     ## ##    ##  ##           ##
            ######  ##     ## ##     ## ##     ## ##           ##
--------------------------------------------------------------------------------
Aeroelastics Lab, Aeronautics Department.
    Copyright (c), Imperial College London.
    All rights reserved.
    License available at https://github.com/imperialcollegelondon/sharpy
Running SHARPy from /Users/benpreston/sharpy_cases/goland_swept_loads
SHARPy being run is in /Users/benpreston/sharpy_installs/dev_profiler
The branch being run is develop
The version and commit hash are: 2.1-284-g23da1e0b-23da1e0b
SHARPy output folder set
	/Users/benpreston/sharpy_cases/goland_swept_loads/output//goland_ang_n10_00_pos_0_55/
Generating an instance of BeamLoader
Variable for_pos has no assigned value in the settings file.
    will default to the value: [0.0, 0, 0]
Generating an instance of AerogridLoader
Variable control_surface_deflection has no assigned value in the settings file.
    will default to the value: []
Variable control_surface_deflection_generator_settings has no assigned value in the settings file.
    will default to the value: {}
Variable dx1 has no assigned value in the settings file.
    will default to the value: -1.0
Variable ndx1 has no assigned value in the settings file.
    will default to the value: 1
Variable r has no assigned value in the settings file.
    will default to the value: 1.0
Variable dxmax has no assigned value in the settings file.
    will default to the value: -1.0
The aerodynamic grid contains 2 surfaces
  Surface 0, M=16, N=20
     Wake 0, M=160, N=20
  Surface 1, M=16, N=20
     Wake 1, M=160, N=20
  In total: 640 bound panels
  In total: 6400 wake panels
  Total number of panels = 7040
Generating an instance of StaticCoupled
Variable correct_forces_method has no assigned value in the settings file.
    will default to the value: 
Variable correct_forces_settings has no assigned value in the settings file.
    will default to the value: {}
Variable runtime_generators has no assigned value in the settings file.
    will default to the value: {}
Variable nonlifting_body_interactions has no assigned value in the settings file.
    will default to the value: False
Generating an instance of NonLinearStatic
Variable abs_threshold has no assigned value in the settings file.
    will default to the value: 1e-13
Variable newmark_damp has no assigned value in the settings file.
    will default to the value: 0.0001
Variable gravity_dir has no assigned value in the settings file.
    will default to the value: [0.0, 0.0, 1.0]
Variable relaxation_factor has no assigned value in the settings file.
    will default to the value: 0.3
Variable dt has no assigned value in the settings file.
    will default to the value: 0.01
Variable num_steps has no assigned value in the settings file.
    will default to the value: 500
Variable initial_position has no assigned value in the settings file.
    will default to the value: [0. 0. 0.]
Variable initial_velocity has no assigned value in the settings file.
    will default to the value: [0. 0. 0. 0. 0. 0.]
Generating an instance of StaticUvlm
Variable nonlifting_body_interactions has no assigned value in the settings file.
    will default to the value: False
Variable only_nonlifting has no assigned value in the settings file.
    will default to the value: False
Variable phantom_wing_test has no assigned value in the settings file.
    will default to the value: False
Variable iterative_solver has no assigned value in the settings file.
    will default to the value: False
Variable iterative_tol has no assigned value in the settings file.
    will default to the value: 0.0001
Variable iterative_precond has no assigned value in the settings file.
    will default to the value: False
Variable cfl1 has no assigned value in the settings file.
    will default to the value: True
Variable vortex_radius has no assigned value in the settings file.
    will default to the value: 1e-06
Variable vortex_radius_wake_ind has no assigned value in the settings file.
    will default to the value: 1e-06
Variable rbm_vel_g has no assigned value in the settings file.
    will default to the value: [0.0, 0.0, 0.0, 0.0, 0.0, 0.0]
Variable centre_rot_g has no assigned value in the settings file.
    will default to the value: [0.0, 0.0, 0.0]
Variable map_forces_on_struct has no assigned value in the settings file.
    will default to the value: False
Variable ignore_first_x_nodes_in_force_calculation has no assigned value in the settings file.
    will default to the value: 0



|=====|=====|============|==========|==========|==========|==========|==========|==========|
|iter |step | log10(res) |    Fx    |    Fy    |    Fz    |    Mx    |    My    |    Mz    |
|=====|=====|============|==========|==========|==========|==========|==========|==========|
|  0  |  0  |  0.00000   |  7.3637  |  0.0001  |-150.8196 | -0.6736  | 97.7252  | -0.0194  |
|  1  |  0  | -11.68697  |  7.3398  | -0.0000  |-150.3757 | -0.7329  | 97.8456  | -0.0227  |
|  0  |  1  |  0.00000   | 14.7016  |  0.0001  |-300.2701 | -1.5298  | 195.8192 | -0.0411  |
|  1  |  1  | -11.25960  | 14.6538  | -0.0001  |-299.3795 | -1.6482  | 196.0607 | -0.0477  |
|  0  |  2  |  0.00000   | 22.0136  | -0.0000  |-448.3419 | -2.5678  | 294.2847 | -0.0650  |
|  1  |  2  | -10.98588  | 21.9417  | -0.0004  |-447.0018 | -2.7450  | 294.6481 | -0.0749  |
|  0  |  3  |  0.00000   | 29.2997  | -0.0003  |-595.0253 | -3.7865  | 393.1242 | -0.0910  |
|  1  |  3  | -10.78143  | 29.2036  | -0.0008  |-593.2329 | -4.0223  | 393.6104 | -0.1042  |
|  0  |  4  |  0.00000   | 36.5599  | -0.0007  |-740.3106 | -5.1851  | 492.3406 | -0.1191  |
|  1  |  4  | -10.61746  | 36.4394  | -0.0013  |-738.0629 | -5.4791  | 492.9502 | -0.1357  |
|  0  |  5  |  0.00000   | 43.7939  | -0.0012  |-884.1878 | -6.7625  | 591.9365 | -0.1493  |
|  1  |  5  | -10.48029  | 43.6491  | -0.0020  |-881.4821 | -7.1144  | 592.6705 | -0.1692  |
|  0  |  6  |  0.00000   | 51.0019  | -0.0019  |-1026.6471| -8.5177  | 691.9147 | -0.1815  |
|  1  |  6  | -10.36229  | 50.8324  | -0.0027  |-1023.4803| -8.9272  | 692.7739 | -0.2047  |
|  0  |  7  |  0.00000   | 58.1836  | -0.0026  |-1167.6784| -10.4496 | 792.2781 | -0.2156  |
|  1  |  7  | -10.25871  | 57.9894  | -0.0036  |-1164.0476| -10.9164 | 793.2632 | -0.2421  |
|  0  |  8  |  0.00000   | 65.3390  | -0.0035  |-1307.2716| -12.5572 | 893.0293 | -0.2516  |
|  1  |  8  | -10.16639  | 65.1201  | -0.0045  |-1303.1737| -13.0808 | 894.1413 | -0.2815  |
|  0  |  9  |  0.00000   | 72.4681  | -0.0044  |-1445.4163| -14.8392 | 994.1713 | -0.2895  |
|  1  |  9  | -10.08390  | 72.2241  | -0.0056  |-1440.8481| -15.4201 | 995.4130 | -0.3226  |
Generating an instance of AeroForcesCalculator
Variable text_file_name has no assigned value in the settings file.
    will default to the value: aeroforces.txt
Variable screen_output has no assigned value in the settings file.
    will default to the value: True
Variable coefficients has no assigned value in the settings file.
    will default to the value: False
Variable lifting_surfaces has no assigned value in the settings file.
    will default to the value: True
Variable nonlifting_body has no assigned value in the settings file.
    will default to the value: False



|==============|==============|==============|==============|==============|==============|==============|
|    tstep     |     fx_g     |     fy_g     |     fz_g     |     mx_g     |     my_g     |     mz_g     |
|==============|==============|==============|==============|==============|==============|==============|
|      0       | 2.184766e+01 |-6.344088e-03 | 2.831550e+03 |-8.996614e+00 | 6.768754e+02 | 2.074108e-01 |
...Finished
FINISHED - Elapsed time = 5.3324296 seconds
FINISHED - CPU process time = 5.3068816 seconds
