--------------------------------------------------------------------------------
            ######  ##     ##    ###    ########  ########  ##    ##
           ##    ## ##     ##   ## ##   ##     ## ##     ##  ##  ##
           ##       ##     ##  ##   ##  ##     ## ##     ##   ####
            ######  ######### ##     ## ########  ########     ##
                 ## ##     ## ######### ##   ##   ##           ##
           ##    ## ##     ## ##     ## ##    ##  ##           ##
            ######  ##     ## ##     ## ##     ## ##           ##
--------------------------------------------------------------------------------
Aeroelastics Lab, Aeronautics Department.
    Copyright (c), Imperial College London.
    All rights reserved.
    License available at https://github.com/imperialcollegelondon/sharpy
Running SHARPy from /Users/benpreston/sharpy_cases/goland_swept_loads
SHARPy being run is in /Users/benpreston/sharpy_installs/dev_profiler
The branch being run is develop
The version and commit hash are: 2.1-284-g23da1e0b-23da1e0b
SHARPy output folder set
	/Users/benpreston/sharpy_cases/goland_swept_loads/output//goland_ang_n20_00_pos_0_65/
Generating an instance of BeamLoader
Variable for_pos has no assigned value in the settings file.
    will default to the value: [0.0, 0, 0]
Generating an instance of AerogridLoader
Variable control_surface_deflection has no assigned value in the settings file.
    will default to the value: []
Variable control_surface_deflection_generator_settings has no assigned value in the settings file.
    will default to the value: {}
Variable dx1 has no assigned value in the settings file.
    will default to the value: -1.0
Variable ndx1 has no assigned value in the settings file.
    will default to the value: 1
Variable r has no assigned value in the settings file.
    will default to the value: 1.0
Variable dxmax has no assigned value in the settings file.
    will default to the value: -1.0
The aerodynamic grid contains 2 surfaces
  Surface 0, M=16, N=20
     Wake 0, M=160, N=20
  Surface 1, M=16, N=20
     Wake 1, M=160, N=20
  In total: 640 bound panels
  In total: 6400 wake panels
  Total number of panels = 7040
Generating an instance of StaticCoupled
Variable correct_forces_method has no assigned value in the settings file.
    will default to the value: 
Variable correct_forces_settings has no assigned value in the settings file.
    will default to the value: {}
Variable runtime_generators has no assigned value in the settings file.
    will default to the value: {}
Variable nonlifting_body_interactions has no assigned value in the settings file.
    will default to the value: False
Generating an instance of NonLinearStatic
Variable abs_threshold has no assigned value in the settings file.
    will default to the value: 1e-13
Variable newmark_damp has no assigned value in the settings file.
    will default to the value: 0.0001
Variable gravity_dir has no assigned value in the settings file.
    will default to the value: [0.0, 0.0, 1.0]
Variable relaxation_factor has no assigned value in the settings file.
    will default to the value: 0.3
Variable dt has no assigned value in the settings file.
    will default to the value: 0.01
Variable num_steps has no assigned value in the settings file.
    will default to the value: 500
Variable initial_position has no assigned value in the settings file.
    will default to the value: [0. 0. 0.]
Variable initial_velocity has no assigned value in the settings file.
    will default to the value: [0. 0. 0. 0. 0. 0.]
Generating an instance of StaticUvlm
Variable nonlifting_body_interactions has no assigned value in the settings file.
    will default to the value: False
Variable only_nonlifting has no assigned value in the settings file.
    will default to the value: False
Variable phantom_wing_test has no assigned value in the settings file.
    will default to the value: False
Variable iterative_solver has no assigned value in the settings file.
    will default to the value: False
Variable iterative_tol has no assigned value in the settings file.
    will default to the value: 0.0001
Variable iterative_precond has no assigned value in the settings file.
    will default to the value: False
Variable cfl1 has no assigned value in the settings file.
    will default to the value: True
Variable vortex_radius has no assigned value in the settings file.
    will default to the value: 1e-06
Variable vortex_radius_wake_ind has no assigned value in the settings file.
    will default to the value: 1e-06
Variable rbm_vel_g has no assigned value in the settings file.
    will default to the value: [0.0, 0.0, 0.0, 0.0, 0.0, 0.0]
Variable centre_rot_g has no assigned value in the settings file.
    will default to the value: [0.0, 0.0, 0.0]
Variable map_forces_on_struct has no assigned value in the settings file.
    will default to the value: False
Variable ignore_first_x_nodes_in_force_calculation has no assigned value in the settings file.
    will default to the value: 0



|=====|=====|============|==========|==========|==========|==========|==========|==========|
|iter |step | log10(res) |    Fx    |    Fy    |    Fz    |    Mx    |    My    |    Mz    |
|=====|=====|============|==========|==========|==========|==========|==========|==========|
|  0  |  0  |  0.00000   |  7.5531  |  0.0001  |-157.1758 | -1.2855  | 86.7705  | -0.0351  |
|  1  |  0  | -11.98687  |  7.5344  | -0.0001  |-156.8270 | -1.4213  | 86.8651  | -0.0426  |
|  0  |  1  |  0.00000   | 15.0860  | -0.0004  |-313.2758 | -2.9894  | 173.8302 | -0.0749  |
|  1  |  1  | -11.49641  | 15.0484  | -0.0008  |-312.5761 | -3.2610  | 174.0199 | -0.0898  |
|  0  |  2  |  0.00000   | 22.5985  | -0.0014  |-468.2928 | -5.1116  | 261.1811 | -0.1192  |
|  1  |  2  | -11.18887  | 22.5421  | -0.0020  |-467.2400 | -5.5190  | 261.4665 | -0.1416  |
|  0  |  3  |  0.00000   | 30.0907  | -0.0028  |-622.2193 | -7.6524  | 348.8252 | -0.1681  |
|  1  |  3  | -10.96309  | 30.0153  | -0.0036  |-620.8112 | -8.1957  | 349.2070 | -0.1979  |
|  0  |  4  |  0.00000   | 37.5625  | -0.0048  |-775.0478 | -10.6118 | 436.7648 | -0.2213  |
|  1  |  4  | -10.78438  | 37.4680  | -0.0058  |-773.2822 | -11.2909 | 437.2436 | -0.2587  |
|  0  |  5  |  0.00000   | 45.0137  | -0.0072  |-926.7707 | -13.9900 | 525.0019 | -0.2789  |
|  1  |  5  | -10.63636  | 44.9000  | -0.0084  |-924.6455 | -14.8050 | 525.5784 | -0.3238  |
|  0  |  6  |  0.00000   | 52.4444  | -0.0102  |-1077.3805| -17.7869 | 613.5387 | -0.3408  |
|  1  |  6  | -10.50998  | 52.3114  | -0.0116  |-1074.8933| -18.7377 | 614.2135 | -0.3933  |
|  0  |  7  |  0.00000   | 59.8544  | -0.0137  |-1226.8694| -22.0025 | 702.3774 | -0.4068  |
|  1  |  7  | -10.39972  | 59.7021  | -0.0153  |-1224.0180| -23.0892 | 703.1511 | -0.4668  |
|  0  |  8  |  0.00000   | 67.2436  | -0.0176  |-1375.2296| -26.6370 | 791.5202 | -0.4769  |
|  1  |  8  | -10.30261  | 67.0719  | -0.0194  |-1372.0127| -27.8577 | 792.3947 | -0.5446  |
|  0  |  9  |  0.00000   | 74.6121  | -0.0220  |-1522.4553| -31.6864 | 880.9711 | -0.5511  |
|  1  |  9  | -10.21533  | 74.4209  | -0.0241  |-1518.8699| -33.0429 | 881.9465 | -0.6265  |
Generating an instance of AeroForcesCalculator
Variable text_file_name has no assigned value in the settings file.
    will default to the value: aeroforces.txt
Variable screen_output has no assigned value in the settings file.
    will default to the value: True
Variable coefficients has no assigned value in the settings file.
    will default to the value: False
Variable lifting_surfaces has no assigned value in the settings file.
    will default to the value: True
Variable nonlifting_body has no assigned value in the settings file.
    will default to the value: False



|==============|==============|==============|==============|==============|==============|==============|
|    tstep     |     fx_g     |     fy_g     |     fz_g     |     mx_g     |     my_g     |     mz_g     |
|==============|==============|==============|==============|==============|==============|==============|
|      0       | 2.133065e+01 |-2.530371e-02 | 2.754506e+03 |-2.091543e+01 | 6.610111e+02 | 5.051221e-01 |
...Finished
FINISHED - Elapsed time = 5.3511686 seconds
FINISHED - CPU process time = 5.3604666 seconds
