--------------------------------------------------------------------------------
            ######  ##     ##    ###    ########  ########  ##    ##
           ##    ## ##     ##   ## ##   ##     ## ##     ##  ##  ##
           ##       ##     ##  ##   ##  ##     ## ##     ##   ####
            ######  ######### ##     ## ########  ########     ##
                 ## ##     ## ######### ##   ##   ##           ##
           ##    ## ##     ## ##     ## ##    ##  ##           ##
            ######  ##     ## ##     ## ##     ## ##           ##
--------------------------------------------------------------------------------
Aeroelastics Lab, Aeronautics Department.
    Copyright (c), Imperial College London.
    All rights reserved.
    License available at https://github.com/imperialcollegelondon/sharpy
Running SHARPy from /Users/benpreston/sharpy_cases/goland_swept_loads
SHARPy being run is in /Users/benpreston/sharpy_installs/dev_profiler
The branch being run is develop
The version and commit hash are: 2.1-284-g23da1e0b-23da1e0b
SHARPy output folder set
	/Users/benpreston/sharpy_cases/goland_swept_loads/output//goland_ang_n20_00_pos_0_80/
Generating an instance of BeamLoader
Variable for_pos has no assigned value in the settings file.
    will default to the value: [0.0, 0, 0]
Generating an instance of AerogridLoader
Variable control_surface_deflection has no assigned value in the settings file.
    will default to the value: []
Variable control_surface_deflection_generator_settings has no assigned value in the settings file.
    will default to the value: {}
Variable dx1 has no assigned value in the settings file.
    will default to the value: -1.0
Variable ndx1 has no assigned value in the settings file.
    will default to the value: 1
Variable r has no assigned value in the settings file.
    will default to the value: 1.0
Variable dxmax has no assigned value in the settings file.
    will default to the value: -1.0
The aerodynamic grid contains 2 surfaces
  Surface 0, M=16, N=20
     Wake 0, M=160, N=20
  Surface 1, M=16, N=20
     Wake 1, M=160, N=20
  In total: 640 bound panels
  In total: 6400 wake panels
  Total number of panels = 7040
Generating an instance of StaticCoupled
Variable correct_forces_method has no assigned value in the settings file.
    will default to the value: 
Variable correct_forces_settings has no assigned value in the settings file.
    will default to the value: {}
Variable runtime_generators has no assigned value in the settings file.
    will default to the value: {}
Variable nonlifting_body_interactions has no assigned value in the settings file.
    will default to the value: False
Generating an instance of NonLinearStatic
Variable abs_threshold has no assigned value in the settings file.
    will default to the value: 1e-13
Variable newmark_damp has no assigned value in the settings file.
    will default to the value: 0.0001
Variable gravity_dir has no assigned value in the settings file.
    will default to the value: [0.0, 0.0, 1.0]
Variable relaxation_factor has no assigned value in the settings file.
    will default to the value: 0.3
Variable dt has no assigned value in the settings file.
    will default to the value: 0.01
Variable num_steps has no assigned value in the settings file.
    will default to the value: 500
Variable initial_position has no assigned value in the settings file.
    will default to the value: [0. 0. 0.]
Variable initial_velocity has no assigned value in the settings file.
    will default to the value: [0. 0. 0. 0. 0. 0.]
Generating an instance of StaticUvlm
Variable nonlifting_body_interactions has no assigned value in the settings file.
    will default to the value: False
Variable only_nonlifting has no assigned value in the settings file.
    will default to the value: False
Variable phantom_wing_test has no assigned value in the settings file.
    will default to the value: False
Variable iterative_solver has no assigned value in the settings file.
    will default to the value: False
Variable iterative_tol has no assigned value in the settings file.
    will default to the value: 0.0001
Variable iterative_precond has no assigned value in the settings file.
    will default to the value: False
Variable cfl1 has no assigned value in the settings file.
    will default to the value: True
Variable vortex_radius has no assigned value in the settings file.
    will default to the value: 1e-06
Variable vortex_radius_wake_ind has no assigned value in the settings file.
    will default to the value: 1e-06
Variable rbm_vel_g has no assigned value in the settings file.
    will default to the value: [0.0, 0.0, 0.0, 0.0, 0.0, 0.0]
Variable centre_rot_g has no assigned value in the settings file.
    will default to the value: [0.0, 0.0, 0.0]
Variable map_forces_on_struct has no assigned value in the settings file.
    will default to the value: False
Variable ignore_first_x_nodes_in_force_calculation has no assigned value in the settings file.
    will default to the value: 0



|=====|=====|============|==========|==========|==========|==========|==========|==========|
|iter |step | log10(res) |    Fx    |    Fy    |    Fz    |    Mx    |    My    |    Mz    |
|=====|=====|============|==========|==========|==========|==========|==========|==========|
|  0  |  0  |  0.00000   |  7.4295  |  0.0000  |-152.4700 | -0.0000  | 109.7664 |  0.0000  |
|  1  |  0  | -11.56925  |  7.4026  |  0.0000  |-151.9694 |  0.0002  | 109.8644 |  0.0000  |
|  0  |  1  |  0.00000   | 14.8301  |  0.0000  |-303.3968 |  0.0006  | 219.8324 |  0.0000  |
|  1  |  1  | -11.15969  | 14.7763  |  0.0000  |-302.3936 |  0.0010  | 220.0289 |  0.0000  |
|  0  |  2  |  0.00000   | 22.2020  |  0.0000  |-452.7729 |  0.0018  | 330.1996 |  0.0001  |
|  1  |  2  | -10.89708  | 22.1210  |  0.0000  |-451.2647 |  0.0024  | 330.4952 |  0.0001  |
|  0  |  3  |  0.00000   | 29.5450  |  0.0000  |-600.5906 |  0.0037  | 440.8697 |  0.0001  |
|  1  |  3  | -10.70029  | 29.4368  |  0.0000  |-598.5752 |  0.0045  | 441.2648 |  0.0001  |
|  0  |  4  |  0.00000   | 36.8592  |  0.0000  |-746.8420 |  0.0061  | 551.8442 |  0.0002  |
|  1  |  4  | -10.54198  | 36.7237  |  0.0000  |-744.3171 |  0.0071  | 552.3393 |  0.0002  |
|  0  |  5  |  0.00000   | 44.1446  |  0.0000  |-891.5193 |  0.0092  | 663.1249 |  0.0003  |
|  1  |  5  | -10.40923  | 43.9816  |  0.0000  |-888.4827 |  0.0104  | 663.7204 |  0.0003  |
|  0  |  6  |  0.00000   | 51.4011  |  0.0000  |-1034.6147|  0.0129  | 774.7133 |  0.0004  |
|  1  |  6  | -10.29778  | 51.2108  | -0.0000  |-1031.0821| -0.0053  | 775.4208 | -0.0002  |
|  0  |  7  |  0.00000   | 58.6293  | -0.0000  |-1176.1517| -0.0173  | 886.6306 | -0.0005  |
|  1  |  7  | -10.19576  | 58.4111  | -0.0000  |-1172.0941| -0.0190  | 887.4362 | -0.0006  |
|  0  |  8  |  0.00000   | 65.8284  | -0.0000  |-1316.0805| -0.0224  | 998.8551 | -0.0007  |
|  1  |  8  | -10.10513  | 65.5824  | -0.0000  |-1311.4992| -0.0242  | 999.7588 | -0.0007  |
|  0  |  9  |  0.00000   | 72.9986  | -0.0000  |-1454.3964| -0.0280  |1111.3871 | -0.0008  |
|  1  |  9  | -10.02394  | 72.7246  | -0.0000  |-1449.2928| -0.0301  |1112.3933 | -0.0009  |
Generating an instance of AeroForcesCalculator
Variable text_file_name has no assigned value in the settings file.
    will default to the value: aeroforces.txt
Variable screen_output has no assigned value in the settings file.
    will default to the value: True
Variable coefficients has no assigned value in the settings file.
    will default to the value: False
Variable lifting_surfaces has no assigned value in the settings file.
    will default to the value: True
Variable nonlifting_body has no assigned value in the settings file.
    will default to the value: False



|==============|==============|==============|==============|==============|==============|==============|
|    tstep     |     fx_g     |     fy_g     |     fz_g     |     mx_g     |     my_g     |     mz_g     |
|==============|==============|==============|==============|==============|==============|==============|
|      0       | 2.204753e+01 |-4.404442e-05 | 2.822845e+03 |-3.121266e-02 | 5.199123e+02 | 1.550342e-04 |
...Finished
FINISHED - Elapsed time = 5.4233236 seconds
FINISHED - CPU process time = 5.3655636 seconds
