--------------------------------------------------------------------------------
            ######  ##     ##    ###    ########  ########  ##    ##
           ##    ## ##     ##   ## ##   ##     ## ##     ##  ##  ##
           ##       ##     ##  ##   ##  ##     ## ##     ##   ####
            ######  ######### ##     ## ########  ########     ##
                 ## ##     ## ######### ##   ##   ##           ##
           ##    ## ##     ## ##     ## ##    ##  ##           ##
            ######  ##     ## ##     ## ##     ## ##           ##
--------------------------------------------------------------------------------
Aeroelastics Lab, Aeronautics Department.
    Copyright (c), Imperial College London.
    All rights reserved.
    License available at https://github.com/imperialcollegelondon/sharpy
Running SHARPy from /Users/benpreston/sharpy_cases/goland_swept_loads
SHARPy being run is in /Users/benpreston/sharpy_installs/dev_profiler
The branch being run is develop
The version and commit hash are: 2.1-284-g23da1e0b-23da1e0b
SHARPy output folder set
	/Users/benpreston/sharpy_cases/goland_swept_loads/output//goland_ang_n30_00_pos_0_80/
Generating an instance of BeamLoader
Variable for_pos has no assigned value in the settings file.
    will default to the value: [0.0, 0, 0]
Generating an instance of AerogridLoader
Variable control_surface_deflection has no assigned value in the settings file.
    will default to the value: []
Variable control_surface_deflection_generator_settings has no assigned value in the settings file.
    will default to the value: {}
Variable dx1 has no assigned value in the settings file.
    will default to the value: -1.0
Variable ndx1 has no assigned value in the settings file.
    will default to the value: 1
Variable r has no assigned value in the settings file.
    will default to the value: 1.0
Variable dxmax has no assigned value in the settings file.
    will default to the value: -1.0
The aerodynamic grid contains 2 surfaces
  Surface 0, M=16, N=20
     Wake 0, M=160, N=20
  Surface 1, M=16, N=20
     Wake 1, M=160, N=20
  In total: 640 bound panels
  In total: 6400 wake panels
  Total number of panels = 7040
Generating an instance of StaticCoupled
Variable correct_forces_method has no assigned value in the settings file.
    will default to the value: 
Variable correct_forces_settings has no assigned value in the settings file.
    will default to the value: {}
Variable runtime_generators has no assigned value in the settings file.
    will default to the value: {}
Variable nonlifting_body_interactions has no assigned value in the settings file.
    will default to the value: False
Generating an instance of NonLinearStatic
Variable abs_threshold has no assigned value in the settings file.
    will default to the value: 1e-13
Variable newmark_damp has no assigned value in the settings file.
    will default to the value: 0.0001
Variable gravity_dir has no assigned value in the settings file.
    will default to the value: [0.0, 0.0, 1.0]
Variable relaxation_factor has no assigned value in the settings file.
    will default to the value: 0.3
Variable dt has no assigned value in the settings file.
    will default to the value: 0.01
Variable num_steps has no assigned value in the settings file.
    will default to the value: 500
Variable initial_position has no assigned value in the settings file.
    will default to the value: [0. 0. 0.]
Variable initial_velocity has no assigned value in the settings file.
    will default to the value: [0. 0. 0. 0. 0. 0.]
Generating an instance of StaticUvlm
Variable nonlifting_body_interactions has no assigned value in the settings file.
    will default to the value: False
Variable only_nonlifting has no assigned value in the settings file.
    will default to the value: False
Variable phantom_wing_test has no assigned value in the settings file.
    will default to the value: False
Variable iterative_solver has no assigned value in the settings file.
    will default to the value: False
Variable iterative_tol has no assigned value in the settings file.
    will default to the value: 0.0001
Variable iterative_precond has no assigned value in the settings file.
    will default to the value: False
Variable cfl1 has no assigned value in the settings file.
    will default to the value: True
Variable vortex_radius has no assigned value in the settings file.
    will default to the value: 1e-06
Variable vortex_radius_wake_ind has no assigned value in the settings file.
    will default to the value: 1e-06
Variable rbm_vel_g has no assigned value in the settings file.
    will default to the value: [0.0, 0.0, 0.0, 0.0, 0.0, 0.0]
Variable centre_rot_g has no assigned value in the settings file.
    will default to the value: [0.0, 0.0, 0.0]
Variable map_forces_on_struct has no assigned value in the settings file.
    will default to the value: False
Variable ignore_first_x_nodes_in_force_calculation has no assigned value in the settings file.
    will default to the value: 0



|=====|=====|============|==========|==========|==========|==========|==========|==========|
|iter |step | log10(res) |    Fx    |    Fy    |    Fz    |    Mx    |    My    |    Mz    |
|=====|=====|============|==========|==========|==========|==========|==========|==========|
|  0  |  0  |  0.00000   |  7.6086  |  0.0000  |-158.3812 | -0.0000  | 100.8102 |  0.0000  |
|  1  |  0  | -11.74567  |  7.5858  | -0.0000  |-157.9549 |  0.0002  | 100.8966 |  0.0000  |
|  0  |  1  |  0.00000   | 15.1928  | -0.0000  |-315.4483 |  0.0006  | 201.8841 |  0.0000  |
|  1  |  1  | -11.30773  | 15.1471  | -0.0000  |-314.5939 |  0.0009  | 202.0573 |  0.0000  |
|  0  |  2  |  0.00000   | 22.7526  | -0.0000  |-471.1948 |  0.0017  | 303.2230 |  0.0001  |
|  1  |  2  | -11.02798  | 22.6838  | -0.0000  |-469.9104 |  0.0023  | 303.4834 |  0.0001  |
|  0  |  3  |  0.00000   | 30.2879  | -0.0000  |-625.6141 |  0.0035  | 404.8284 |  0.0001  |
|  1  |  3  | -10.81951  | 30.1960  | -0.0000  |-623.8978 |  0.0042  | 405.1765 |  0.0002  |
|  0  |  4  |  0.00000   | 37.7988  | -0.0000  |-778.6997 |  0.0058  | 506.7017 |  0.0002  |
|  1  |  4  | -10.65272  | 37.6837  | -0.0000  |-776.5495 |  0.0068  | 507.1378 |  0.0003  |
|  0  |  5  |  0.00000   | 45.2851  | -0.0000  |-930.4447 |  0.0087  | 608.8443 |  0.0003  |
|  1  |  5  | -10.51348  | 45.1467  | -0.0000  |-927.8586 |  0.0099  | 609.3689 |  0.0004  |
|  0  |  6  |  0.00000   | 52.7470  | -0.0000  |-1080.8424|  0.0123  | 711.2577 |  0.0005  |
|  1  |  6  | -10.39389  | 52.5852  | -0.0000  |-1077.8186|  0.0136  | 711.8713 |  0.0005  |
|  0  |  7  |  0.00000   | 60.1843  | -0.0000  |-1229.8861|  0.0165  | 813.9434 |  0.0006  |
|  1  |  7  | -10.29432  | 59.9994  |  0.0000  |-1226.4479| -0.0064  | 814.6615 | -0.0002  |
|  0  |  8  |  0.00000   | 67.5977  |  0.0000  |-1377.6129| -0.0213  | 916.9289 | -0.0008  |
|  1  |  8  | -10.19767  | 67.3889  |  0.0001  |-1373.7154| -0.0232  | 917.7279 | -0.0009  |
|  0  |  9  |  0.00000   | 74.9861  |  0.0001  |-1523.9474| -0.0269  |1020.1768 | -0.0010  |
|  1  |  9  | -10.11326  | 74.7536  |  0.0001  |-1519.6035| -0.0289  |1021.0650 | -0.0011  |
Generating an instance of AeroForcesCalculator
Variable text_file_name has no assigned value in the settings file.
    will default to the value: aeroforces.txt
Variable screen_output has no assigned value in the settings file.
    will default to the value: True
Variable coefficients has no assigned value in the settings file.
    will default to the value: False
Variable lifting_surfaces has no assigned value in the settings file.
    will default to the value: True
Variable nonlifting_body has no assigned value in the settings file.
    will default to the value: False



|==============|==============|==============|==============|==============|==============|==============|
|    tstep     |     fx_g     |     fy_g     |     fz_g     |     mx_g     |     my_g     |     mz_g     |
|==============|==============|==============|==============|==============|==============|==============|
|      0       | 2.162974e+01 | 6.820922e-05 | 2.752097e+03 |-3.004897e-02 | 5.222388e+02 |-1.166195e-04 |
...Finished
FINISHED - Elapsed time = 5.2933496 seconds
FINISHED - CPU process time = 5.2721756 seconds
