--------------------------------------------------------------------------------
            ######  ##     ##    ###    ########  ########  ##    ##
           ##    ## ##     ##   ## ##   ##     ## ##     ##  ##  ##
           ##       ##     ##  ##   ##  ##     ## ##     ##   ####
            ######  ######### ##     ## ########  ########     ##
                 ## ##     ## ######### ##   ##   ##           ##
           ##    ## ##     ## ##     ## ##    ##  ##           ##
            ######  ##     ## ##     ## ##     ## ##           ##
--------------------------------------------------------------------------------
Aeroelastics Lab, Aeronautics Department.
    Copyright (c), Imperial College London.
    All rights reserved.
    License available at https://github.com/imperialcollegelondon/sharpy
Running SHARPy from /Users/benpreston/sharpy_cases/goland_swept_loads
SHARPy being run is in /Users/benpreston/sharpy_installs/dev_profiler
The branch being run is develop
The version and commit hash are: 2.1-284-g23da1e0b-23da1e0b
SHARPy output folder set
	/Users/benpreston/sharpy_cases/goland_swept_loads/output//goland_ang_20_00_pos_0_95/
Generating an instance of BeamLoader
Variable for_pos has no assigned value in the settings file.
    will default to the value: [0.0, 0, 0]
Generating an instance of AerogridLoader
Variable control_surface_deflection has no assigned value in the settings file.
    will default to the value: []
Variable control_surface_deflection_generator_settings has no assigned value in the settings file.
    will default to the value: {}
Variable dx1 has no assigned value in the settings file.
    will default to the value: -1.0
Variable ndx1 has no assigned value in the settings file.
    will default to the value: 1
Variable r has no assigned value in the settings file.
    will default to the value: 1.0
Variable dxmax has no assigned value in the settings file.
    will default to the value: -1.0
The aerodynamic grid contains 2 surfaces
  Surface 0, M=16, N=20
     Wake 0, M=160, N=20
  Surface 1, M=16, N=20
     Wake 1, M=160, N=20
  In total: 640 bound panels
  In total: 6400 wake panels
  Total number of panels = 7040
Generating an instance of StaticCoupled
Variable correct_forces_method has no assigned value in the settings file.
    will default to the value: 
Variable correct_forces_settings has no assigned value in the settings file.
    will default to the value: {}
Variable runtime_generators has no assigned value in the settings file.
    will default to the value: {}
Variable nonlifting_body_interactions has no assigned value in the settings file.
    will default to the value: False
Generating an instance of NonLinearStatic
Variable abs_threshold has no assigned value in the settings file.
    will default to the value: 1e-13
Variable newmark_damp has no assigned value in the settings file.
    will default to the value: 0.0001
Variable gravity_dir has no assigned value in the settings file.
    will default to the value: [0.0, 0.0, 1.0]
Variable relaxation_factor has no assigned value in the settings file.
    will default to the value: 0.3
Variable dt has no assigned value in the settings file.
    will default to the value: 0.01
Variable num_steps has no assigned value in the settings file.
    will default to the value: 500
Variable initial_position has no assigned value in the settings file.
    will default to the value: [0. 0. 0.]
Variable initial_velocity has no assigned value in the settings file.
    will default to the value: [0. 0. 0. 0. 0. 0.]
Generating an instance of StaticUvlm
Variable nonlifting_body_interactions has no assigned value in the settings file.
    will default to the value: False
Variable only_nonlifting has no assigned value in the settings file.
    will default to the value: False
Variable phantom_wing_test has no assigned value in the settings file.
    will default to the value: False
Variable iterative_solver has no assigned value in the settings file.
    will default to the value: False
Variable iterative_tol has no assigned value in the settings file.
    will default to the value: 0.0001
Variable iterative_precond has no assigned value in the settings file.
    will default to the value: False
Variable cfl1 has no assigned value in the settings file.
    will default to the value: True
Variable vortex_radius has no assigned value in the settings file.
    will default to the value: 1e-06
Variable vortex_radius_wake_ind has no assigned value in the settings file.
    will default to the value: 1e-06
Variable rbm_vel_g has no assigned value in the settings file.
    will default to the value: [0.0, 0.0, 0.0, 0.0, 0.0, 0.0]
Variable centre_rot_g has no assigned value in the settings file.
    will default to the value: [0.0, 0.0, 0.0]
Variable map_forces_on_struct has no assigned value in the settings file.
    will default to the value: False
Variable ignore_first_x_nodes_in_force_calculation has no assigned value in the settings file.
    will default to the value: 0



|=====|=====|============|==========|==========|==========|==========|==========|==========|
|iter |step | log10(res) |    Fx    |    Fy    |    Fz    |    Mx    |    My    |    Mz    |
|=====|=====|============|==========|==========|==========|==========|==========|==========|
|  0  |  0  |  0.00000   |  7.3070  | -0.0001  |-148.7610 |  1.2479  | 123.8711 |  0.0423  |
|  1  |  0  | -11.23959  |  7.2739  |  0.0001  |-148.1478 |  1.2759  | 123.9735 |  0.0440  |
|  0  |  1  |  0.00000   | 14.5784  |  0.0002  |-295.6319 |  2.5819  | 248.0550 |  0.0860  |
|  1  |  1  | -10.87143  | 14.5121  |  0.0006  |-294.4032 |  2.6377  | 248.2602 |  0.0892  |
|  0  |  2  |  0.00000   | 21.8142  |  0.0009  |-440.6048 |  4.0017  | 372.5531 |  0.1308  |
|  1  |  2  | -10.63754  | 21.7146  |  0.0014  |-438.7584 |  4.0854  | 372.8614 |  0.1357  |
|  0  |  3  |  0.00000   | 29.0146  |  0.0020  |-583.6719 |  5.5071  | 497.3667 |  0.1769  |
|  1  |  3  | -10.46193  | 28.8815  |  0.0027  |-581.2056 |  5.6186  | 497.7786 |  0.1835  |
|  0  |  4  |  0.00000   | 36.1796  |  0.0035  |-724.8253 |  7.0980  | 622.4972 |  0.2242  |
|  1  |  4  | -10.31992  | 36.0129  |  0.0043  |-721.7367 |  7.2372  | 623.0132 |  0.2325  |
|  0  |  5  |  0.00000   | 43.3092  |  0.0053  |-864.0571 |  8.7740  | 747.9462 |  0.2727  |
|  1  |  5  | -10.20288  | 43.1094  |  0.0063  |-860.3754 |  8.9171  | 748.5906 |  0.2817  |
|  0  |  6  |  0.00000   | 50.4047  |  0.0075  |-1001.4147| 10.4928  | 873.7582 |  0.3207  |
|  1  |  6  | -10.09671  | 50.1704  |  0.0087  |-997.0839 | 10.6864  | 874.4922 |  0.3321  |
|  0  |  7  |  0.00000   | 57.4642  |  0.0101  |-1136.8038| 12.3315  | 999.8695 |  0.3710  |
|  1  |  7  | -10.00483  | 57.1958  |  0.0115  |-1131.8408| 12.5505  |1000.7073 |  0.3841  |
|  0  |  8  |  0.00000   | 64.4884  |  0.0131  |-1270.2439| 14.2476  |1126.3031 |  0.4221  |
|  1  |  8  |  -9.92254  | 64.1858  |  0.0147  |-1264.6480| 14.4932  |1127.2462 |  0.4369  |
|  2  |  8  | -10.18543  | 64.0204  |  0.0155  |-1261.5886| 14.6240  |1127.7619 |  0.4448  |
|  0  |  9  |  0.00000   | 71.4753  |  0.0165  |-1401.6862| 16.2472  |1253.0681 |  0.4744  |
|  1  |  9  |  -9.84980  | 71.1397  |  0.0182  |-1395.4819| 16.5200  |1254.1130 |  0.4908  |
|  2  |  9  | -10.11200  | 70.9560  |  0.0191  |-1392.0844| 16.6651  |1254.6852 |  0.4995  |
Generating an instance of AeroForcesCalculator
Variable text_file_name has no assigned value in the settings file.
    will default to the value: aeroforces.txt
Variable screen_output has no assigned value in the settings file.
    will default to the value: True
Variable coefficients has no assigned value in the settings file.
    will default to the value: False
Variable lifting_surfaces has no assigned value in the settings file.
    will default to the value: True
Variable nonlifting_body has no assigned value in the settings file.
    will default to the value: False



|==============|==============|==============|==============|==============|==============|==============|
|    tstep     |     fx_g     |     fy_g     |     fz_g     |     mx_g     |     my_g     |     mz_g     |
|==============|==============|==============|==============|==============|==============|==============|
|      0       | 2.232913e+01 | 1.912712e-02 | 2.879432e+03 | 4.184815e+00 | 4.700188e+02 |-8.865809e-02 |
...Finished
FINISHED - Elapsed time = 5.8337966 seconds
FINISHED - CPU process time = 5.8143986 seconds
