--------------------------------------------------------------------------------
            ######  ##     ##    ###    ########  ########  ##    ##
           ##    ## ##     ##   ## ##   ##     ## ##     ##  ##  ##
           ##       ##     ##  ##   ##  ##     ## ##     ##   ####
            ######  ######### ##     ## ########  ########     ##
                 ## ##     ## ######### ##   ##   ##           ##
           ##    ## ##     ## ##     ## ##    ##  ##           ##
            ######  ##     ## ##     ## ##     ## ##           ##
--------------------------------------------------------------------------------
Aeroelastics Lab, Aeronautics Department.
    Copyright (c), Imperial College London.
    All rights reserved.
    License available at https://github.com/imperialcollegelondon/sharpy
Running SHARPy from /Users/benpreston/sharpy_cases/goland_swept_loads
SHARPy being run is in /Users/benpreston/sharpy_installs/dev_profiler
The branch being run is develop
The version and commit hash are: 2.1-284-g23da1e0b-23da1e0b
SHARPy output folder set
	/Users/benpreston/sharpy_cases/goland_swept_loads/output//goland_ang_40_00_pos_0_55/
Generating an instance of BeamLoader
Variable for_pos has no assigned value in the settings file.
    will default to the value: [0.0, 0, 0]
Generating an instance of AerogridLoader
Variable control_surface_deflection has no assigned value in the settings file.
    will default to the value: []
Variable control_surface_deflection_generator_settings has no assigned value in the settings file.
    will default to the value: {}
Variable dx1 has no assigned value in the settings file.
    will default to the value: -1.0
Variable ndx1 has no assigned value in the settings file.
    will default to the value: 1
Variable r has no assigned value in the settings file.
    will default to the value: 1.0
Variable dxmax has no assigned value in the settings file.
    will default to the value: -1.0
The aerodynamic grid contains 2 surfaces
  Surface 0, M=16, N=20
     Wake 0, M=160, N=20
  Surface 1, M=16, N=20
     Wake 1, M=160, N=20
  In total: 640 bound panels
  In total: 6400 wake panels
  Total number of panels = 7040
Generating an instance of StaticCoupled
Variable correct_forces_method has no assigned value in the settings file.
    will default to the value: 
Variable correct_forces_settings has no assigned value in the settings file.
    will default to the value: {}
Variable runtime_generators has no assigned value in the settings file.
    will default to the value: {}
Variable nonlifting_body_interactions has no assigned value in the settings file.
    will default to the value: False
Generating an instance of NonLinearStatic
Variable abs_threshold has no assigned value in the settings file.
    will default to the value: 1e-13
Variable newmark_damp has no assigned value in the settings file.
    will default to the value: 0.0001
Variable gravity_dir has no assigned value in the settings file.
    will default to the value: [0.0, 0.0, 1.0]
Variable relaxation_factor has no assigned value in the settings file.
    will default to the value: 0.3
Variable dt has no assigned value in the settings file.
    will default to the value: 0.01
Variable num_steps has no assigned value in the settings file.
    will default to the value: 500
Variable initial_position has no assigned value in the settings file.
    will default to the value: [0. 0. 0.]
Variable initial_velocity has no assigned value in the settings file.
    will default to the value: [0. 0. 0. 0. 0. 0.]
Generating an instance of StaticUvlm
Variable nonlifting_body_interactions has no assigned value in the settings file.
    will default to the value: False
Variable only_nonlifting has no assigned value in the settings file.
    will default to the value: False
Variable phantom_wing_test has no assigned value in the settings file.
    will default to the value: False
Variable iterative_solver has no assigned value in the settings file.
    will default to the value: False
Variable iterative_tol has no assigned value in the settings file.
    will default to the value: 0.0001
Variable iterative_precond has no assigned value in the settings file.
    will default to the value: False
Variable cfl1 has no assigned value in the settings file.
    will default to the value: True
Variable vortex_radius has no assigned value in the settings file.
    will default to the value: 1e-06
Variable vortex_radius_wake_ind has no assigned value in the settings file.
    will default to the value: 1e-06
Variable rbm_vel_g has no assigned value in the settings file.
    will default to the value: [0.0, 0.0, 0.0, 0.0, 0.0, 0.0]
Variable centre_rot_g has no assigned value in the settings file.
    will default to the value: [0.0, 0.0, 0.0]
Variable map_forces_on_struct has no assigned value in the settings file.
    will default to the value: False
Variable ignore_first_x_nodes_in_force_calculation has no assigned value in the settings file.
    will default to the value: 0



|=====|=====|============|==========|==========|==========|==========|==========|==========|
|iter |step | log10(res) |    Fx    |    Fy    |    Fz    |    Mx    |    My    |    Mz    |
|=====|=====|============|==========|==========|==========|==========|==========|==========|
|  0  |  0  |  0.00000   |  8.6097  | -0.0005  |-194.5075 |  2.0113  | 220.4649 |  0.0570  |
|  1  |  0  | -10.47779  |  8.5605  |  0.0027  |-193.6067 |  2.2306  | 220.3135 |  0.0743  |
|  0  |  1  |  0.00000   | 17.1675  |  0.0077  |-386.2434 |  4.6961  | 440.4578 |  0.1362  |
|  1  |  1  | -10.14185  | 17.0691  |  0.0141  |-384.4463 |  5.1294  | 440.1561 |  0.1708  |
|  0  |  2  |  0.00000   | 25.6745  |  0.0246  |-575.2216 |  8.0386  | 659.9817 |  0.2369  |
|  1  |  2  |  -9.93357  | 25.5267  |  0.0343  |-572.5317 |  8.6841  | 659.5307 |  0.2891  |
|  2  |  2  | -10.20474  | 25.4475  |  0.0394  |-571.0904 |  9.0244  | 659.2891 |  0.3166  |
|  0  |  3  |  0.00000   | 34.1315  |  0.0502  |-761.4620 | 12.0218  | 879.0408 |  0.3584  |
|  1  |  3  |  -9.77829  | 33.9340  |  0.0633  |-757.8770 | 12.8854  | 878.4402 |  0.4286  |
|  2  |  3  | -10.05026  | 33.8283  |  0.0701  |-755.9594 | 13.3378  | 878.1190 |  0.4654  |
|  0  |  4  |  0.00000   | 42.5389  |  0.0846  |-944.9649 | 16.6537  |1097.6356 |  0.5010  |
|  1  |  4  |  -9.65403  | 42.2915  |  0.1012  |-940.4874 | 17.7251  |1096.8845 |  0.5892  |
|  2  |  4  |  -9.92674  | 42.1593  |  0.1098  |-938.0963 | 18.2822  |1096.4835 |  0.6350  |
|  3  |  4  | -11.97477  | 42.1605  |  0.1094  |-938.1175 | 18.2610  |1096.4871 |  0.6333  |
|  0  |  5  |  0.00000   | 50.8975  |  0.1280  |-1125.7405| 21.9103  |1315.7652 |  0.6641  |
|  1  |  5  |  -9.54928  | 50.6000  |  0.1479  |-1120.3744| 23.1875  |1314.8649 |  0.7703  |
|  2  |  5  |  -9.82275  | 50.4415  |  0.1583  |-1117.5135| 23.8470  |1314.3849 |  0.8252  |
|  3  |  5  | -11.79165  | 50.4432  |  0.1578  |-1117.5440| 23.8168  |1314.3901 |  0.8228  |
|  0  |  6  |  0.00000   | 59.2079  |  0.1801  |-1303.8022| 27.7817  |1533.4328 |  0.8471  |
|  1  |  6  |  -9.45837  | 58.8602  |  0.2037  |-1297.5474| 29.2649  |1532.3831 |  0.9717  |
|  2  |  6  |  -9.73262  | 58.6752  |  0.2157  |-1294.2184| 30.0249  |1531.8245 |  1.0357  |
|  3  |  6  | -11.63258  | 58.6775  |  0.2151  |-1294.2601| 29.9836  |1531.8316 |  1.0323  |
|  0  |  7  |  0.00000   | 67.4708  |  0.2412  |-1479.1570| 34.2601  |1750.6392 |  1.0498  |
|  1  |  7  |  -9.37803  | 67.0729  |  0.2683  |-1472.0202| 35.9461  |1749.4414 |  1.1929  |
|  2  |  7  |  -9.65301  | 66.8615  |  0.2821  |-1468.2278| 36.8035  |1748.8049 |  1.2658  |
|  3  |  7  | -11.49701  | 66.8645  |  0.2813  |-1468.2817| 36.7498  |1748.8141 |  1.2614  |
|  0  |  8  |  0.00000   | 75.6871  |  0.3112  |-1651.8216| 41.3342  |1967.3874 |  1.2718  |
|  1  |  8  |  -9.30572  | 75.2386  |  0.3419  |-1643.8006| 43.2182  |1966.0409 |  1.4335  |
|  2  |  8  |  -9.58147  | 75.0007  |  0.3574  |-1639.5456| 44.1697  |1965.3267 |  1.5153  |
|  3  |  8  | -11.37239  | 75.0045  |  0.3564  |-1639.6141| 44.1026  |1965.3383 |  1.5098  |
|  0  |  9  |  0.00000   | 83.8573  |  0.3900  |-1821.8006| 48.9909  |2183.6778 |  1.5126  |
|  1  |  9  |  -9.24005  | 83.3580  |  0.4244  |-1812.8978| 51.0776  |2182.1829 |  1.6933  |
|  2  |  9  |  -9.51656  | 83.0937  |  0.4417  |-1808.1831| 52.1222  |2181.3913 |  1.7841  |
|  3  |  9  | -11.26106  | 83.0984  |  0.4404  |-1808.2675| 52.0381  |2181.4057 |  1.7771  |
Generating an instance of AeroForcesCalculator
Variable text_file_name has no assigned value in the settings file.
    will default to the value: aeroforces.txt
Variable screen_output has no assigned value in the settings file.
    will default to the value: True
Variable coefficients has no assigned value in the settings file.
    will default to the value: False
Variable lifting_surfaces has no assigned value in the settings file.
    will default to the value: True
Variable nonlifting_body has no assigned value in the settings file.
    will default to the value: False



|==============|==============|==============|==============|==============|==============|==============|
|    tstep     |     fx_g     |     fy_g     |     fz_g     |     mx_g     |     my_g     |     mz_g     |
|==============|==============|==============|==============|==============|==============|==============|
|      0       | 1.994063e+01 | 4.400027e-01 | 2.468199e+03 | 3.192632e+01 |-2.019056e+02 |-6.274892e-02 |
...Finished
FINISHED - Elapsed time = 8.8583086 seconds
FINISHED - CPU process time = 8.8564916 seconds
