--------------------------------------------------------------------------------
            ######  ##     ##    ###    ########  ########  ##    ##
           ##    ## ##     ##   ## ##   ##     ## ##     ##  ##  ##
           ##       ##     ##  ##   ##  ##     ## ##     ##   ####
            ######  ######### ##     ## ########  ########     ##
                 ## ##     ## ######### ##   ##   ##           ##
           ##    ## ##     ## ##     ## ##    ##  ##           ##
            ######  ##     ## ##     ## ##     ## ##           ##
--------------------------------------------------------------------------------
Aeroelastics Lab, Aeronautics Department.
    Copyright (c), Imperial College London.
    All rights reserved.
    License available at https://github.com/imperialcollegelondon/sharpy
Running SHARPy from /Users/benpreston/sharpy_cases/goland_swept_loads
SHARPy being run is in /Users/benpreston/sharpy_installs/dev_profiler
The branch being run is develop
The version and commit hash are: 2.1-284-g23da1e0b-23da1e0b
SHARPy output folder set
	/Users/benpreston/sharpy_cases/goland_swept_loads/output//goland_ang_n40_00_pos_0_85/
Generating an instance of BeamLoader
Variable for_pos has no assigned value in the settings file.
    will default to the value: [0.0, 0, 0]
Generating an instance of AerogridLoader
Variable control_surface_deflection has no assigned value in the settings file.
    will default to the value: []
Variable control_surface_deflection_generator_settings has no assigned value in the settings file.
    will default to the value: {}
Variable dx1 has no assigned value in the settings file.
    will default to the value: -1.0
Variable ndx1 has no assigned value in the settings file.
    will default to the value: 1
Variable r has no assigned value in the settings file.
    will default to the value: 1.0
Variable dxmax has no assigned value in the settings file.
    will default to the value: -1.0
The aerodynamic grid contains 2 surfaces
  Surface 0, M=16, N=20
     Wake 0, M=160, N=20
  Surface 1, M=16, N=20
     Wake 1, M=160, N=20
  In total: 640 bound panels
  In total: 6400 wake panels
  Total number of panels = 7040
Generating an instance of StaticCoupled
Variable correct_forces_method has no assigned value in the settings file.
    will default to the value: 
Variable correct_forces_settings has no assigned value in the settings file.
    will default to the value: {}
Variable runtime_generators has no assigned value in the settings file.
    will default to the value: {}
Variable nonlifting_body_interactions has no assigned value in the settings file.
    will default to the value: False
Generating an instance of NonLinearStatic
Variable abs_threshold has no assigned value in the settings file.
    will default to the value: 1e-13
Variable newmark_damp has no assigned value in the settings file.
    will default to the value: 0.0001
Variable gravity_dir has no assigned value in the settings file.
    will default to the value: [0.0, 0.0, 1.0]
Variable relaxation_factor has no assigned value in the settings file.
    will default to the value: 0.3
Variable dt has no assigned value in the settings file.
    will default to the value: 0.01
Variable num_steps has no assigned value in the settings file.
    will default to the value: 500
Variable initial_position has no assigned value in the settings file.
    will default to the value: [0. 0. 0.]
Variable initial_velocity has no assigned value in the settings file.
    will default to the value: [0. 0. 0. 0. 0. 0.]
Generating an instance of StaticUvlm
Variable nonlifting_body_interactions has no assigned value in the settings file.
    will default to the value: False
Variable only_nonlifting has no assigned value in the settings file.
    will default to the value: False
Variable phantom_wing_test has no assigned value in the settings file.
    will default to the value: False
Variable iterative_solver has no assigned value in the settings file.
    will default to the value: False
Variable iterative_tol has no assigned value in the settings file.
    will default to the value: 0.0001
Variable iterative_precond has no assigned value in the settings file.
    will default to the value: False
Variable cfl1 has no assigned value in the settings file.
    will default to the value: True
Variable vortex_radius has no assigned value in the settings file.
    will default to the value: 1e-06
Variable vortex_radius_wake_ind has no assigned value in the settings file.
    will default to the value: 1e-06
Variable rbm_vel_g has no assigned value in the settings file.
    will default to the value: [0.0, 0.0, 0.0, 0.0, 0.0, 0.0]
Variable centre_rot_g has no assigned value in the settings file.
    will default to the value: [0.0, 0.0, 0.0]
Variable map_forces_on_struct has no assigned value in the settings file.
    will default to the value: False
Variable ignore_first_x_nodes_in_force_calculation has no assigned value in the settings file.
    will default to the value: 0



|=====|=====|============|==========|==========|==========|==========|==========|==========|
|iter |step | log10(res) |    Fx    |    Fy    |    Fz    |    Mx    |    My    |    Mz    |
|=====|=====|============|==========|==========|==========|==========|==========|==========|
|  0  |  0  |  0.00000   |  7.7257  | -0.0001  |-161.8872 | -2.1459  | 104.0129 | -0.0602  |
|  1  |  0  | -11.69760  |  7.7025  | -0.0006  |-161.4522 | -2.3249  | 104.0938 | -0.0700  |
|  0  |  1  |  0.00000   | 15.4267  | -0.0020  |-322.4335 | -4.8434  | 208.2724 | -0.1261  |
|  1  |  1  | -11.26964  | 15.3801  | -0.0031  |-321.5618 | -5.2016  | 208.4346 | -0.1457  |
|  0  |  2  |  0.00000   | 23.1030  | -0.0057  |-481.6330 | -8.0931  | 312.7797 | -0.1976  |
|  1  |  2  | -10.99563  | 23.0329  | -0.0073  |-480.3230 | -8.6307  | 313.0235 | -0.2271  |
|  0  |  3  |  0.00000   | 30.7545  | -0.0113  |-639.4800 | -11.8957 | 417.5359 | -0.2746  |
|  1  |  3  | -10.79100  | 30.6610  | -0.0135  |-637.7299 | -12.6127 | 417.8617 | -0.3140  |
|  0  |  4  |  0.00000   | 38.3814  | -0.0187  |-795.9685 | -16.2517 | 522.5422 | -0.3569  |
|  1  |  4  | -10.62696  | 38.2642  | -0.0214  |-793.7766 | -17.1484 | 522.9503 | -0.4062  |
|  0  |  5  |  0.00000   | 45.9835  | -0.0280  |-951.0926 | -21.1617 | 627.7998 | -0.4444  |
|  1  |  5  | -10.48976  | 45.8426  | -0.0313  |-948.4572 | -22.2381 | 628.2906 | -0.5037  |
|  0  |  6  |  0.00000   | 53.5609  | -0.0392  |-1104.8463| -26.6262 | 733.3099 | -0.5369  |
|  1  |  6  | -10.37390  | 53.3963  | -0.0429  |-1101.7748| -27.8560 | 733.8909 | -0.6060  |
|  0  |  7  |  0.00000   | 61.1138  | -0.0521  |-1257.2397| -32.5991 | 839.0862 | -0.6338  |
|  1  |  7  | -10.26916  | 60.9253  | -0.0564  |-1253.7157| -34.0282 | 839.7471 | -0.7133  |
|  0  |  8  |  0.00000   | 68.6420  | -0.0671  |-1408.2506| -39.1787 | 945.1183 | -0.7360  |
|  1  |  8  | -10.17862  | 68.4296  | -0.0722  |-1404.2881| -40.8286 | 945.8705 | -0.8259  |
|  0  |  9  |  0.00000   | 76.1456  | -0.0841  |-1557.8846| -46.3605 |1051.4151 | -0.8434  |
|  1  |  9  | -10.09403  | 75.9091  | -0.0897  |-1553.4633| -48.1676 |1052.2462 | -0.9430  |
Generating an instance of AeroForcesCalculator
Variable text_file_name has no assigned value in the settings file.
    will default to the value: aeroforces.txt
Variable screen_output has no assigned value in the settings file.
    will default to the value: True
Variable coefficients has no assigned value in the settings file.
    will default to the value: False
Variable lifting_surfaces has no assigned value in the settings file.
    will default to the value: True
Variable nonlifting_body has no assigned value in the settings file.
    will default to the value: False



|==============|==============|==============|==============|==============|==============|==============|
|    tstep     |     fx_g     |     fy_g     |     fz_g     |     mx_g     |     my_g     |     mz_g     |
|==============|==============|==============|==============|==============|==============|==============|
|      0       | 2.160226e+01 |-9.293421e-02 | 2.725505e+03 |-2.767754e+01 | 4.842120e+02 | 6.924691e-01 |
...Finished
FINISHED - Elapsed time = 5.3789876 seconds
FINISHED - CPU process time = 5.3927916 seconds
