--------------------------------------------------------------------------------
            ######  ##     ##    ###    ########  ########  ##    ##
           ##    ## ##     ##   ## ##   ##     ## ##     ##  ##  ##
           ##       ##     ##  ##   ##  ##     ## ##     ##   ####
            ######  ######### ##     ## ########  ########     ##
                 ## ##     ## ######### ##   ##   ##           ##
           ##    ## ##     ## ##     ## ##    ##  ##           ##
            ######  ##     ## ##     ## ##     ## ##           ##
--------------------------------------------------------------------------------
Aeroelastics Lab, Aeronautics Department.
    Copyright (c), Imperial College London.
    All rights reserved.
    License available at https://github.com/imperialcollegelondon/sharpy
Running SHARPy from /Users/benpreston/sharpy_cases/goland_swept_loads
SHARPy being run is in /Users/benpreston/sharpy_installs/dev_profiler
The branch being run is develop
The version and commit hash are: 2.1-284-g23da1e0b-23da1e0b
SHARPy output folder set
	/Users/benpreston/sharpy_cases/goland_swept_loads/output//goland_ang_n30_00_pos_0_55/
Generating an instance of BeamLoader
Variable for_pos has no assigned value in the settings file.
    will default to the value: [0.0, 0, 0]
Generating an instance of AerogridLoader
Variable control_surface_deflection has no assigned value in the settings file.
    will default to the value: []
Variable control_surface_deflection_generator_settings has no assigned value in the settings file.
    will default to the value: {}
Variable dx1 has no assigned value in the settings file.
    will default to the value: -1.0
Variable ndx1 has no assigned value in the settings file.
    will default to the value: 1
Variable r has no assigned value in the settings file.
    will default to the value: 1.0
Variable dxmax has no assigned value in the settings file.
    will default to the value: -1.0
The aerodynamic grid contains 2 surfaces
  Surface 0, M=16, N=20
     Wake 0, M=160, N=20
  Surface 1, M=16, N=20
     Wake 1, M=160, N=20
  In total: 640 bound panels
  In total: 6400 wake panels
  Total number of panels = 7040
Generating an instance of StaticCoupled
Variable correct_forces_method has no assigned value in the settings file.
    will default to the value: 
Variable correct_forces_settings has no assigned value in the settings file.
    will default to the value: {}
Variable runtime_generators has no assigned value in the settings file.
    will default to the value: {}
Variable nonlifting_body_interactions has no assigned value in the settings file.
    will default to the value: False
Generating an instance of NonLinearStatic
Variable abs_threshold has no assigned value in the settings file.
    will default to the value: 1e-13
Variable newmark_damp has no assigned value in the settings file.
    will default to the value: 0.0001
Variable gravity_dir has no assigned value in the settings file.
    will default to the value: [0.0, 0.0, 1.0]
Variable relaxation_factor has no assigned value in the settings file.
    will default to the value: 0.3
Variable dt has no assigned value in the settings file.
    will default to the value: 0.01
Variable num_steps has no assigned value in the settings file.
    will default to the value: 500
Variable initial_position has no assigned value in the settings file.
    will default to the value: [0. 0. 0.]
Variable initial_velocity has no assigned value in the settings file.
    will default to the value: [0. 0. 0. 0. 0. 0.]
Generating an instance of StaticUvlm
Variable nonlifting_body_interactions has no assigned value in the settings file.
    will default to the value: False
Variable only_nonlifting has no assigned value in the settings file.
    will default to the value: False
Variable phantom_wing_test has no assigned value in the settings file.
    will default to the value: False
Variable iterative_solver has no assigned value in the settings file.
    will default to the value: False
Variable iterative_tol has no assigned value in the settings file.
    will default to the value: 0.0001
Variable iterative_precond has no assigned value in the settings file.
    will default to the value: False
Variable cfl1 has no assigned value in the settings file.
    will default to the value: True
Variable vortex_radius has no assigned value in the settings file.
    will default to the value: 1e-06
Variable vortex_radius_wake_ind has no assigned value in the settings file.
    will default to the value: 1e-06
Variable rbm_vel_g has no assigned value in the settings file.
    will default to the value: [0.0, 0.0, 0.0, 0.0, 0.0, 0.0]
Variable centre_rot_g has no assigned value in the settings file.
    will default to the value: [0.0, 0.0, 0.0]
Variable map_forces_on_struct has no assigned value in the settings file.
    will default to the value: False
Variable ignore_first_x_nodes_in_force_calculation has no assigned value in the settings file.
    will default to the value: 0



|=====|=====|============|==========|==========|==========|==========|==========|==========|
|iter |step | log10(res) |    Fx    |    Fy    |    Fz    |    Mx    |    My    |    Mz    |
|=====|=====|============|==========|==========|==========|==========|==========|==========|
|  0  |  0  |  0.00000   |  8.0682  | -0.0000  |-175.6434 | -1.7842  | 28.4508  | -0.0489  |
|  1  |  0  | -13.18459  |  8.0668  |  0.0002  |-175.6183 | -1.9612  | 28.4610  | -0.0586  |
|  0  |  1  |  0.00000   | 16.1348  |  0.0004  |-351.2094 | -4.1145  | 56.9303  | -0.1038  |
|  1  |  1  | -12.64913  | 16.1321  |  0.0008  |-351.1591 | -4.4696  | 56.9506  | -0.1232  |
|  0  |  2  |  0.00000   | 24.1999  |  0.0014  |-526.6975 | -6.9952  | 85.4385  | -0.1647  |
|  1  |  2  | -12.32105  | 24.1959  |  0.0020  |-526.6219 | -7.5299  | 85.4691  | -0.1940  |
|  0  |  3  |  0.00000   | 32.2635  |  0.0029  |-702.1075 | -10.4308 | 113.9758 | -0.2318  |
|  1  |  3  | -12.08347  | 32.2581  |  0.0036  |-702.0064 | -11.1464 | 114.0167 | -0.2708  |
|  0  |  4  |  0.00000   | 40.3255  |  0.0048  |-877.4388 | -14.4259 | 142.5422 | -0.3050  |
|  1  |  4  | -11.89695  | 40.3187  |  0.0058  |-877.3121 | -15.3238 | 142.5935 | -0.3539  |
|  0  |  5  |  0.00000   | 48.3860  |  0.0073  |-1052.6909| -18.9851 | 171.1381 | -0.3844  |
|  1  |  5  | -11.74326  | 48.3778  |  0.0084  |-1052.5385| -20.0666 | 171.1998 | -0.4431  |
|  0  |  6  |  0.00000   | 56.4449  |  0.0103  |-1227.8635| -24.1131 | 199.7635 | -0.4700  |
|  1  |  6  | -11.61250  | 56.4353  |  0.0116  |-1227.6853| -25.3795 | 199.8357 | -0.5386  |
|  0  |  7  |  0.00000   | 64.5023  |  0.0137  |-1402.9562| -29.8145 | 228.4187 | -0.5619  |
|  1  |  7  | -11.49888  | 64.4913  |  0.0152  |-1402.7519| -31.2672 | 228.5014 | -0.6404  |
|  0  |  8  |  0.00000   | 72.5581  |  0.0177  |-1577.9684| -36.0940 | 257.1038 | -0.6600  |
|  1  |  8  | -11.39818  | 72.5457  |  0.0194  |-1577.7381| -37.7346 | 257.1971 | -0.7485  |
|  0  |  9  |  0.00000   | 80.6123  |  0.0222  |-1752.8997| -42.9566 | 285.8191 | -0.7645  |
|  1  |  9  | -11.30779  | 80.5986  |  0.0240  |-1752.6432| -44.7864 | 285.9230 | -0.8630  |
Generating an instance of AeroForcesCalculator
Variable text_file_name has no assigned value in the settings file.
    will default to the value: aeroforces.txt
Variable screen_output has no assigned value in the settings file.
    will default to the value: True
Variable coefficients has no assigned value in the settings file.
    will default to the value: False
Variable lifting_surfaces has no assigned value in the settings file.
    will default to the value: True
Variable nonlifting_body has no assigned value in the settings file.
    will default to the value: False



|==============|==============|==============|==============|==============|==============|==============|
|    tstep     |     fx_g     |     fy_g     |     fz_g     |     mx_g     |     my_g     |     mz_g     |
|==============|==============|==============|==============|==============|==============|==============|
|      0       | 1.938044e+01 | 2.483214e-02 | 2.521201e+03 |-2.792636e+01 | 8.667146e+02 | 6.657030e-01 |
...Finished
FINISHED - Elapsed time = 5.3634296 seconds
FINISHED - CPU process time = 5.3890876 seconds
