--------------------------------------------------------------------------------
            ######  ##     ##    ###    ########  ########  ##    ##
           ##    ## ##     ##   ## ##   ##     ## ##     ##  ##  ##
           ##       ##     ##  ##   ##  ##     ## ##     ##   ####
            ######  ######### ##     ## ########  ########     ##
                 ## ##     ## ######### ##   ##   ##           ##
           ##    ## ##     ## ##     ## ##    ##  ##           ##
            ######  ##     ## ##     ## ##     ## ##           ##
--------------------------------------------------------------------------------
Aeroelastics Lab, Aeronautics Department.
    Copyright (c), Imperial College London.
    All rights reserved.
    License available at https://github.com/imperialcollegelondon/sharpy
Running SHARPy from /Users/benpreston/sharpy_cases/goland_swept_loads
SHARPy being run is in /Users/benpreston/sharpy_installs/dev_profiler
The branch being run is develop
The version and commit hash are: 2.1-284-g23da1e0b-23da1e0b
SHARPy output folder set
	/Users/benpreston/sharpy_cases/goland_swept_loads/output//goland_ang_20_00_pos_0_55/
Generating an instance of BeamLoader
Variable for_pos has no assigned value in the settings file.
    will default to the value: [0.0, 0, 0]
Generating an instance of AerogridLoader
Variable control_surface_deflection has no assigned value in the settings file.
    will default to the value: []
Variable control_surface_deflection_generator_settings has no assigned value in the settings file.
    will default to the value: {}
Variable dx1 has no assigned value in the settings file.
    will default to the value: -1.0
Variable ndx1 has no assigned value in the settings file.
    will default to the value: 1
Variable r has no assigned value in the settings file.
    will default to the value: 1.0
Variable dxmax has no assigned value in the settings file.
    will default to the value: -1.0
The aerodynamic grid contains 2 surfaces
  Surface 0, M=16, N=20
     Wake 0, M=160, N=20
  Surface 1, M=16, N=20
     Wake 1, M=160, N=20
  In total: 640 bound panels
  In total: 6400 wake panels
  Total number of panels = 7040
Generating an instance of StaticCoupled
Variable correct_forces_method has no assigned value in the settings file.
    will default to the value: 
Variable correct_forces_settings has no assigned value in the settings file.
    will default to the value: {}
Variable runtime_generators has no assigned value in the settings file.
    will default to the value: {}
Variable nonlifting_body_interactions has no assigned value in the settings file.
    will default to the value: False
Generating an instance of NonLinearStatic
Variable abs_threshold has no assigned value in the settings file.
    will default to the value: 1e-13
Variable newmark_damp has no assigned value in the settings file.
    will default to the value: 0.0001
Variable gravity_dir has no assigned value in the settings file.
    will default to the value: [0.0, 0.0, 1.0]
Variable relaxation_factor has no assigned value in the settings file.
    will default to the value: 0.3
Variable dt has no assigned value in the settings file.
    will default to the value: 0.01
Variable num_steps has no assigned value in the settings file.
    will default to the value: 500
Variable initial_position has no assigned value in the settings file.
    will default to the value: [0. 0. 0.]
Variable initial_velocity has no assigned value in the settings file.
    will default to the value: [0. 0. 0. 0. 0. 0.]
Generating an instance of StaticUvlm
Variable nonlifting_body_interactions has no assigned value in the settings file.
    will default to the value: False
Variable only_nonlifting has no assigned value in the settings file.
    will default to the value: False
Variable phantom_wing_test has no assigned value in the settings file.
    will default to the value: False
Variable iterative_solver has no assigned value in the settings file.
    will default to the value: False
Variable iterative_tol has no assigned value in the settings file.
    will default to the value: 0.0001
Variable iterative_precond has no assigned value in the settings file.
    will default to the value: False
Variable cfl1 has no assigned value in the settings file.
    will default to the value: True
Variable vortex_radius has no assigned value in the settings file.
    will default to the value: 1e-06
Variable vortex_radius_wake_ind has no assigned value in the settings file.
    will default to the value: 1e-06
Variable rbm_vel_g has no assigned value in the settings file.
    will default to the value: [0.0, 0.0, 0.0, 0.0, 0.0, 0.0]
Variable centre_rot_g has no assigned value in the settings file.
    will default to the value: [0.0, 0.0, 0.0]
Variable map_forces_on_struct has no assigned value in the settings file.
    will default to the value: False
Variable ignore_first_x_nodes_in_force_calculation has no assigned value in the settings file.
    will default to the value: 0



|=====|=====|============|==========|==========|==========|==========|==========|==========|
|iter |step | log10(res) |    Fx    |    Fy    |    Fz    |    Mx    |    My    |    Mz    |
|=====|=====|============|==========|==========|==========|==========|==========|==========|
|  0  |  0  |  0.00000   |  7.6349  | -0.0003  |-160.0154 |  1.2481  | 169.3907 |  0.0371  |
|  1  |  0  | -10.78531  |  7.5900  |  0.0005  |-159.1879 |  1.3531  | 169.3611 |  0.0438  |
|  0  |  1  |  0.00000   | 15.2221  |  0.0011  |-317.4834 |  2.8183  | 338.6863 |  0.0805  |
|  1  |  1  | -10.43934  | 15.1322  |  0.0027  |-315.8297 |  3.0263  | 338.6271 |  0.0939  |
|  0  |  2  |  0.00000   | 22.7621  |  0.0043  |-472.4079 |  4.7038  | 507.8867 |  0.1300  |
|  1  |  2  | -10.22295  | 22.6270  |  0.0067  |-469.9292 |  5.0128  | 507.7980 |  0.1501  |
|  0  |  3  |  0.00000   | 30.2553  |  0.0092  |-624.7926 |  6.8977  | 676.9921 |  0.1853  |
|  1  |  3  | -10.06154  | 30.0751  |  0.0124  |-621.4913 |  7.3027  | 676.8744 |  0.2120  |
|  0  |  4  |  0.00000   | 37.7022  |  0.0158  |-774.6439 |  9.3874  | 846.0036 |  0.2460  |
|  1  |  4  |  -9.93100  | 37.4766  |  0.0198  |-770.5200 |  9.8921  | 845.8572 |  0.2795  |
|  2  |  4  | -10.20131  | 37.3555  |  0.0218  |-768.3054 | 10.1518  | 845.7785 |  0.2967  |
|  0  |  5  |  0.00000   | 45.1036  |  0.0240  |-921.9696 | 12.1651  |1014.9222 |  0.3115  |
|  1  |  5  |  -9.82085  | 44.8323  |  0.0288  |-917.0181 | 12.7726  |1014.7460 |  0.3521  |
|  2  |  5  | -10.09145  | 44.6867  |  0.0313  |-914.3608 | 13.0828  |1014.6513 |  0.3729  |
|  0  |  6  |  0.00000   | 52.4594  |  0.0338  |-1066.7607| 15.2382  |1183.7455 |  0.3826  |
|  1  |  6  |  -9.72566  | 52.1423  |  0.0395  |-1060.9849| 15.9425  |1183.5392 |  0.4302  |
|  2  |  6  |  -9.99651  | 51.9722  |  0.0423  |-1057.8869| 16.2985  |1183.4283 |  0.4543  |
|  3  |  6  | -12.42435  | 51.9729  |  0.0421  |-1057.8998| 16.2735  |1183.4285 |  0.4526  |
|  0  |  7  |  0.00000   | 59.7700  |  0.0453  |-1209.0235| 18.5927  |1352.4730 |  0.4587  |
|  1  |  7  |  -9.64145  | 59.4071  |  0.0517  |-1202.4256| 19.3895  |1352.2369 |  0.5131  |
|  2  |  7  |  -9.91254  | 59.2126  |  0.0549  |-1198.8885| 19.7889  |1352.1101 |  0.5404  |
|  3  |  7  | -12.28538  | 59.2135  |  0.0547  |-1198.9052| 19.7571  |1352.1104 |  0.5383  |
|  0  |  8  |  0.00000   | 67.0361  |  0.0582  |-1348.7635| 22.2194  |1521.1054 |  0.5395  |
|  1  |  8  |  -9.56577  | 66.6272  |  0.0655  |-1341.3427| 23.1145  |1520.8393 |  0.6010  |
|  2  |  8  |  -9.83713  | 66.4081  |  0.0691  |-1337.3667| 23.5573  |1520.6964 |  0.6315  |
|  3  |  8  | -12.15552  | 66.4093  |  0.0688  |-1337.3880| 23.5152  |1520.6968 |  0.6287  |
|  0  |  9  |  0.00000   | 74.2581  |  0.0727  |-1485.9819| 26.1181  |1689.6421 |  0.6248  |
|  1  |  9  |  -9.49704  | 73.8030  |  0.0808  |-1477.7395| 27.0996  |1689.3463 |  0.6930  |
|  2  |  9  |  -9.76866  | 73.5593  |  0.0848  |-1473.3258| 27.5818  |1689.1875 |  0.7267  |
|  3  |  9  | -12.03956  | 73.5608  |  0.0844  |-1473.3521| 27.5323  |1689.1880 |  0.7235  |
Generating an instance of AeroForcesCalculator
Variable text_file_name has no assigned value in the settings file.
    will default to the value: aeroforces.txt
Variable screen_output has no assigned value in the settings file.
    will default to the value: True
Variable coefficients has no assigned value in the settings file.
    will default to the value: False
Variable lifting_surfaces has no assigned value in the settings file.
    will default to the value: True
Variable nonlifting_body has no assigned value in the settings file.
    will default to the value: False



|==============|==============|==============|==============|==============|==============|==============|
|    tstep     |     fx_g     |     fy_g     |     fz_g     |     mx_g     |     my_g     |     mz_g     |
|==============|==============|==============|==============|==============|==============|==============|
|      0       | 2.209687e+01 | 8.425158e-02 | 2.798086e+03 | 1.504091e+01 | 3.347838e+01 |-2.445238e-01 |
...Finished
FINISHED - Elapsed time = 7.8176436 seconds
FINISHED - CPU process time = 7.8662946 seconds
