--------------------------------------------------------------------------------
            ######  ##     ##    ###    ########  ########  ##    ##
           ##    ## ##     ##   ## ##   ##     ## ##     ##  ##  ##
           ##       ##     ##  ##   ##  ##     ## ##     ##   ####
            ######  ######### ##     ## ########  ########     ##
                 ## ##     ## ######### ##   ##   ##           ##
           ##    ## ##     ## ##     ## ##    ##  ##           ##
            ######  ##     ## ##     ## ##     ## ##           ##
--------------------------------------------------------------------------------
Aeroelastics Lab, Aeronautics Department.
    Copyright (c), Imperial College London.
    All rights reserved.
    License available at https://github.com/imperialcollegelondon/sharpy
Running SHARPy from /Users/benpreston/sharpy_cases/goland_swept_loads
SHARPy being run is in /Users/benpreston/sharpy_installs/dev_profiler
The branch being run is develop
The version and commit hash are: 2.1-284-g23da1e0b-23da1e0b
SHARPy output folder set
	/Users/benpreston/sharpy_cases/goland_swept_loads/output//goland_ang_n20_00_pos_0_60/
Generating an instance of BeamLoader
Variable for_pos has no assigned value in the settings file.
    will default to the value: [0.0, 0, 0]
Generating an instance of AerogridLoader
Variable control_surface_deflection has no assigned value in the settings file.
    will default to the value: []
Variable control_surface_deflection_generator_settings has no assigned value in the settings file.
    will default to the value: {}
Variable dx1 has no assigned value in the settings file.
    will default to the value: -1.0
Variable ndx1 has no assigned value in the settings file.
    will default to the value: 1
Variable r has no assigned value in the settings file.
    will default to the value: 1.0
Variable dxmax has no assigned value in the settings file.
    will default to the value: -1.0
The aerodynamic grid contains 2 surfaces
  Surface 0, M=16, N=20
     Wake 0, M=160, N=20
  Surface 1, M=16, N=20
     Wake 1, M=160, N=20
  In total: 640 bound panels
  In total: 6400 wake panels
  Total number of panels = 7040
Generating an instance of StaticCoupled
Variable correct_forces_method has no assigned value in the settings file.
    will default to the value: 
Variable correct_forces_settings has no assigned value in the settings file.
    will default to the value: {}
Variable runtime_generators has no assigned value in the settings file.
    will default to the value: {}
Variable nonlifting_body_interactions has no assigned value in the settings file.
    will default to the value: False
Generating an instance of NonLinearStatic
Variable abs_threshold has no assigned value in the settings file.
    will default to the value: 1e-13
Variable newmark_damp has no assigned value in the settings file.
    will default to the value: 0.0001
Variable gravity_dir has no assigned value in the settings file.
    will default to the value: [0.0, 0.0, 1.0]
Variable relaxation_factor has no assigned value in the settings file.
    will default to the value: 0.3
Variable dt has no assigned value in the settings file.
    will default to the value: 0.01
Variable num_steps has no assigned value in the settings file.
    will default to the value: 500
Variable initial_position has no assigned value in the settings file.
    will default to the value: [0. 0. 0.]
Variable initial_velocity has no assigned value in the settings file.
    will default to the value: [0. 0. 0. 0. 0. 0.]
Generating an instance of StaticUvlm
Variable nonlifting_body_interactions has no assigned value in the settings file.
    will default to the value: False
Variable only_nonlifting has no assigned value in the settings file.
    will default to the value: False
Variable phantom_wing_test has no assigned value in the settings file.
    will default to the value: False
Variable iterative_solver has no assigned value in the settings file.
    will default to the value: False
Variable iterative_tol has no assigned value in the settings file.
    will default to the value: 0.0001
Variable iterative_precond has no assigned value in the settings file.
    will default to the value: False
Variable cfl1 has no assigned value in the settings file.
    will default to the value: True
Variable vortex_radius has no assigned value in the settings file.
    will default to the value: 1e-06
Variable vortex_radius_wake_ind has no assigned value in the settings file.
    will default to the value: 1e-06
Variable rbm_vel_g has no assigned value in the settings file.
    will default to the value: [0.0, 0.0, 0.0, 0.0, 0.0, 0.0]
Variable centre_rot_g has no assigned value in the settings file.
    will default to the value: [0.0, 0.0, 0.0]
Variable map_forces_on_struct has no assigned value in the settings file.
    will default to the value: False
Variable ignore_first_x_nodes_in_force_calculation has no assigned value in the settings file.
    will default to the value: 0



|=====|=====|============|==========|==========|==========|==========|==========|==========|
|iter |step | log10(res) |    Fx    |    Fy    |    Fz    |    Mx    |    My    |    Mz    |
|=====|=====|============|==========|==========|==========|==========|==========|==========|
|  0  |  0  |  0.00000   |  7.5861  |  0.0000  |-158.5879 | -0.0000  | 76.7339  |  0.0000  |
|  1  |  0  | -12.16875  |  7.5704  | -0.0000  |-158.2953 |  0.0001  | 76.8246  |  0.0000  |
|  0  |  1  |  0.00000   | 15.1552  | -0.0000  |-316.2733 |  0.0003  | 153.7451 |  0.0000  |
|  1  |  1  | -11.62660  | 15.1238  | -0.0000  |-315.6861 |  0.0006  | 153.9271 |  0.0000  |
|  0  |  2  |  0.00000   | 22.7072  | -0.0000  |-473.0492 |  0.0010  | 231.0359 |  0.0000  |
|  1  |  2  | -11.29615  | 22.6599  | -0.0000  |-472.1654 |  0.0014  | 231.3100 |  0.0000  |
|  0  |  3  |  0.00000   | 30.2420  | -0.0000  |-628.9084 |  0.0021  | 308.6086 |  0.0000  |
|  1  |  3  | -11.05731  | 30.1788  | -0.0000  |-627.7258 |  0.0026  | 308.9754 |  0.0001  |
|  0  |  4  |  0.00000   | 37.7596  | -0.0000  |-783.8436 |  0.0035  | 386.4655 |  0.0001  |
|  1  |  4  | -10.87003  | 37.6803  | -0.0000  |-782.3600 |  0.0041  | 386.9256 |  0.0001  |
|  0  |  5  |  0.00000   | 45.2597  | -0.0000  |-937.8475 |  0.0054  | 464.6090 |  0.0001  |
|  1  |  5  | -10.71594  | 45.1644  | -0.0000  |-936.0608 |  0.0061  | 465.1631 |  0.0001  |
|  0  |  6  |  0.00000   | 52.7424  | -0.0000  |-1090.9126|  0.0076  | 543.0413 |  0.0002  |
|  1  |  6  | -10.58500  | 52.6310  | -0.0000  |-1088.8205|  0.0084  | 543.6903 |  0.0002  |
|  0  |  7  |  0.00000   | 60.2076  | -0.0000  |-1243.0314|  0.0102  | 621.7650 |  0.0002  |
|  1  |  7  | -10.47111  | 60.0799  | -0.0000  |-1240.6318|  0.0111  | 622.5095 |  0.0002  |
|  0  |  8  |  0.00000   | 67.6551  | -0.0000  |-1394.1964|  0.0132  | 700.7824 |  0.0003  |
|  1  |  8  | -10.37033  | 67.5111  | -0.0000  |-1391.4869|  0.0143  | 701.6231 |  0.0003  |
|  0  |  9  |  0.00000   | 75.0850  | -0.0000  |-1544.3997|  0.0167  | 780.0960 |  0.0003  |
|  1  |  9  | -10.27994  | 74.9245  | -0.0000  |-1541.3781|  0.0179  | 781.0337 |  0.0004  |
Generating an instance of AeroForcesCalculator
Variable text_file_name has no assigned value in the settings file.
    will default to the value: aeroforces.txt
Variable screen_output has no assigned value in the settings file.
    will default to the value: True
Variable coefficients has no assigned value in the settings file.
    will default to the value: False
Variable lifting_surfaces has no assigned value in the settings file.
    will default to the value: True
Variable nonlifting_body has no assigned value in the settings file.
    will default to the value: False



|==============|==============|==============|==============|==============|==============|==============|
|    tstep     |     fx_g     |     fy_g     |     fz_g     |     mx_g     |     my_g     |     mz_g     |
|==============|==============|==============|==============|==============|==============|==============|
|      0       | 2.105447e+01 |-3.029161e-06 | 2.729617e+03 | 1.855373e-02 | 7.318905e+02 |-2.619589e-04 |
...Finished
FINISHED - Elapsed time = 5.3238436 seconds
FINISHED - CPU process time = 5.3315236 seconds
