--------------------------------------------------------------------------------
            ######  ##     ##    ###    ########  ########  ##    ##
           ##    ## ##     ##   ## ##   ##     ## ##     ##  ##  ##
           ##       ##     ##  ##   ##  ##     ## ##     ##   ####
            ######  ######### ##     ## ########  ########     ##
                 ## ##     ## ######### ##   ##   ##           ##
           ##    ## ##     ## ##     ## ##    ##  ##           ##
            ######  ##     ## ##     ## ##     ## ##           ##
--------------------------------------------------------------------------------
Aeroelastics Lab, Aeronautics Department.
    Copyright (c), Imperial College London.
    All rights reserved.
    License available at https://github.com/imperialcollegelondon/sharpy
Running SHARPy from /Users/benpreston/sharpy_cases/goland_swept_loads
SHARPy being run is in /Users/benpreston/sharpy_installs/dev_profiler
The branch being run is develop
The version and commit hash are: 2.1-284-g23da1e0b-23da1e0b
SHARPy output folder set
	/Users/benpreston/sharpy_cases/goland_swept_loads/output//goland_ang_50_00_pos_0_55/
Generating an instance of BeamLoader
Variable for_pos has no assigned value in the settings file.
    will default to the value: [0.0, 0, 0]
Generating an instance of AerogridLoader
Variable control_surface_deflection has no assigned value in the settings file.
    will default to the value: []
Variable control_surface_deflection_generator_settings has no assigned value in the settings file.
    will default to the value: {}
Variable dx1 has no assigned value in the settings file.
    will default to the value: -1.0
Variable ndx1 has no assigned value in the settings file.
    will default to the value: 1
Variable r has no assigned value in the settings file.
    will default to the value: 1.0
Variable dxmax has no assigned value in the settings file.
    will default to the value: -1.0
The aerodynamic grid contains 2 surfaces
  Surface 0, M=16, N=20
     Wake 0, M=160, N=20
  Surface 1, M=16, N=20
     Wake 1, M=160, N=20
  In total: 640 bound panels
  In total: 6400 wake panels
  Total number of panels = 7040
Generating an instance of StaticCoupled
Variable correct_forces_method has no assigned value in the settings file.
    will default to the value: 
Variable correct_forces_settings has no assigned value in the settings file.
    will default to the value: {}
Variable runtime_generators has no assigned value in the settings file.
    will default to the value: {}
Variable nonlifting_body_interactions has no assigned value in the settings file.
    will default to the value: False
Generating an instance of NonLinearStatic
Variable abs_threshold has no assigned value in the settings file.
    will default to the value: 1e-13
Variable newmark_damp has no assigned value in the settings file.
    will default to the value: 0.0001
Variable gravity_dir has no assigned value in the settings file.
    will default to the value: [0.0, 0.0, 1.0]
Variable relaxation_factor has no assigned value in the settings file.
    will default to the value: 0.3
Variable dt has no assigned value in the settings file.
    will default to the value: 0.01
Variable num_steps has no assigned value in the settings file.
    will default to the value: 500
Variable initial_position has no assigned value in the settings file.
    will default to the value: [0. 0. 0.]
Variable initial_velocity has no assigned value in the settings file.
    will default to the value: [0. 0. 0. 0. 0. 0.]
Generating an instance of StaticUvlm
Variable nonlifting_body_interactions has no assigned value in the settings file.
    will default to the value: False
Variable only_nonlifting has no assigned value in the settings file.
    will default to the value: False
Variable phantom_wing_test has no assigned value in the settings file.
    will default to the value: False
Variable iterative_solver has no assigned value in the settings file.
    will default to the value: False
Variable iterative_tol has no assigned value in the settings file.
    will default to the value: 0.0001
Variable iterative_precond has no assigned value in the settings file.
    will default to the value: False
Variable cfl1 has no assigned value in the settings file.
    will default to the value: True
Variable vortex_radius has no assigned value in the settings file.
    will default to the value: 1e-06
Variable vortex_radius_wake_ind has no assigned value in the settings file.
    will default to the value: 1e-06
Variable rbm_vel_g has no assigned value in the settings file.
    will default to the value: [0.0, 0.0, 0.0, 0.0, 0.0, 0.0]
Variable centre_rot_g has no assigned value in the settings file.
    will default to the value: [0.0, 0.0, 0.0]
Variable map_forces_on_struct has no assigned value in the settings file.
    will default to the value: False
Variable ignore_first_x_nodes_in_force_calculation has no assigned value in the settings file.
    will default to the value: 0



|=====|=====|============|==========|==========|==========|==========|==========|==========|
|iter |step | log10(res) |    Fx    |    Fy    |    Fz    |    Mx    |    My    |    Mz    |
|=====|=====|============|==========|==========|==========|==========|==========|==========|
|  0  |  0  |  0.00000   |  9.2447  | -0.0006  |-217.0333 |  2.1736  | 249.5257 |  0.0606  |
|  1  |  0  | -10.36791  |  9.1963  |  0.0045  |-216.1476 |  2.4301  | 249.3656 |  0.0841  |
|  0  |  1  |  0.00000   | 18.4386  |  0.0132  |-431.3414 |  5.1357  | 498.5511 |  0.1562  |
|  1  |  1  | -10.03727  | 18.3416  |  0.0235  |-429.5753 |  5.6422  | 498.2326 |  0.2033  |
|  0  |  2  |  0.00000   | 27.5824  |  0.0416  |-642.9396 |  8.8681  | 747.0806 |  0.2862  |
|  1  |  2  |  -9.83349  | 27.4366  |  0.0573  |-640.2952 |  9.6284  | 746.6043 |  0.3574  |
|  2  |  2  | -10.10456  | 27.3585  |  0.0655  |-638.8779 | 10.0311  | 746.3491 |  0.3952  |
|  0  |  3  |  0.00000   | 36.6773  |  0.0847  |-851.8444 | 13.3661  | 995.1178 |  0.4502  |
|  1  |  3  |  -9.68238  | 36.4823  |  0.1059  |-848.3182 | 14.3774  | 994.4823 |  0.5461  |
|  2  |  3  |  -9.95418  | 36.3780  |  0.1170  |-846.4313 | 14.9103  | 994.1423 |  0.5966  |
|  3  |  3  | -12.11180  | 36.3787  |  0.1168  |-846.4440 | 14.8978  | 994.1448 |  0.5955  |
|  0  |  4  |  0.00000   | 45.7233  |  0.1428  |-1058.0532| 18.6224  |1242.6608 |  0.6486  |
|  1  |  4  |  -9.56139  | 45.4792  |  0.1696  |-1053.6495| 19.8810  |1241.8668 |  0.7693  |
|  2  |  4  |  -9.83393  | 45.3487  |  0.1837  |-1051.2967| 20.5404  |1241.4427 |  0.8326  |
|  3  |  4  | -11.89438  | 45.3498  |  0.1833  |-1051.3165| 20.5209  |1241.4465 |  0.8308  |
|  0  |  5  |  0.00000   | 54.7216  |  0.2161  |-1261.5788| 24.6242  |1489.7117 |  0.8808  |
|  1  |  5  |  -9.45958  | 54.4280  |  0.2486  |-1256.3006| 26.1270  |1488.7598 |  1.0266  |
|  2  |  5  |  -9.73284  | 54.2714  |  0.2656  |-1253.4850| 26.9102  |1488.2522 |  1.1027  |
|  3  |  5  | -11.71450  | 54.2730  |  0.2650  |-1253.5134| 26.8823  |1488.2577 |  1.1001  |
|  0  |  6  |  0.00000   | 63.6727  |  0.3046  |-1462.4325| 31.3606  |1736.2726 |  1.1465  |
|  1  |  6  |  -9.37131  | 63.3295  |  0.3430  |-1456.2811| 33.1064  |1735.1631 |  1.3179  |
|  2  |  6  |  -9.64526  | 63.1467  |  0.3630  |-1453.0032| 34.0122  |1734.5721 |  1.4069  |
|  3  |  6  | -11.55985  | 63.1488  |  0.3622  |-1453.0410| 33.9749  |1734.5793 |  1.4033  |
|  0  |  7  |  0.00000   | 72.5773  |  0.4086  |-1660.6202| 38.8243  |1982.3444 |  1.4457  |
|  1  |  7  |  -9.29317  | 72.1843  |  0.4530  |-1653.5987| 40.8128  |1981.0777 |  1.6430  |
|  2  |  7  |  -9.56788  | 71.9753  |  0.4760  |-1649.8649| 41.8371  |1980.4047 |  1.7448  |
|  3  |  7  | -11.42484  | 71.9782  |  0.4749  |-1649.9150| 41.7876  |1980.4143 |  1.7400  |
|  0  |  8  |  0.00000   | 81.4362  |  0.5282  |-1856.1580| 47.0052  |2227.9302 |  1.7779  |
|  1  |  8  |  -9.22293  | 80.9933  |  0.5788  |-1848.2680| 49.2330  |2226.5068 |  2.0014  |
|  2  |  8  |  -9.49836  | 80.7581  |  0.6047  |-1844.0789| 50.3740  |2225.7517 |  2.1161  |
|  3  |  8  | -11.30389  | 80.7617  |  0.6033  |-1844.1423| 50.3115  |2225.7638 |  2.1100  |
|  0  |  9  |  0.00000   | 90.2502  |  0.6636  |-2049.0528| 55.8936  |2473.0311 |  2.1430  |
|  1  |  9  |  -9.15905  | 89.7571  |  0.7203  |-2040.2962| 58.3588  |2471.4513 |  2.3930  |
|  2  |  9  |  -9.43517  | 89.4956  |  0.7493  |-2035.6512| 59.6119  |2470.6139 |  2.5205  |
|  3  |  9  | -11.19475  | 89.5000  |  0.7476  |-2035.7280| 59.5344  |2470.6285 |  2.5130  |
Generating an instance of AeroForcesCalculator
Variable text_file_name has no assigned value in the settings file.
    will default to the value: aeroforces.txt
Variable screen_output has no assigned value in the settings file.
    will default to the value: True
Variable coefficients has no assigned value in the settings file.
    will default to the value: False
Variable lifting_surfaces has no assigned value in the settings file.
    will default to the value: True
Variable nonlifting_body has no assigned value in the settings file.
    will default to the value: False



|==============|==============|==============|==============|==============|==============|==============|
|    tstep     |     fx_g     |     fy_g     |     fz_g     |     mx_g     |     my_g     |     mz_g     |
|==============|==============|==============|==============|==============|==============|==============|
|      0       | 1.840003e+01 | 7.471581e-01 | 2.243637e+03 | 3.782343e+01 |-1.934916e+02 | 4.016324e-01 |
...Finished
FINISHED - Elapsed time = 9.0233106 seconds
FINISHED - CPU process time = 9.0468366 seconds
