--------------------------------------------------------------------------------
            ######  ##     ##    ###    ########  ########  ##    ##
           ##    ## ##     ##   ## ##   ##     ## ##     ##  ##  ##
           ##       ##     ##  ##   ##  ##     ## ##     ##   ####
            ######  ######### ##     ## ########  ########     ##
                 ## ##     ## ######### ##   ##   ##           ##
           ##    ## ##     ## ##     ## ##    ##  ##           ##
            ######  ##     ## ##     ## ##     ## ##           ##
--------------------------------------------------------------------------------
Aeroelastics Lab, Aeronautics Department.
    Copyright (c), Imperial College London.
    All rights reserved.
    License available at https://github.com/imperialcollegelondon/sharpy
Running SHARPy from /Users/benpreston/sharpy_cases/goland_swept_loads
SHARPy being run is in /Users/benpreston/sharpy_installs/dev_profiler
The branch being run is develop
The version and commit hash are: 2.1-284-g23da1e0b-23da1e0b
SHARPy output folder set
	/Users/benpreston/sharpy_cases/goland_swept_loads/output//goland_ang_n40_00_pos_0_70/
Generating an instance of BeamLoader
Variable for_pos has no assigned value in the settings file.
    will default to the value: [0.0, 0, 0]
Generating an instance of AerogridLoader
Variable control_surface_deflection has no assigned value in the settings file.
    will default to the value: []
Variable control_surface_deflection_generator_settings has no assigned value in the settings file.
    will default to the value: {}
Variable dx1 has no assigned value in the settings file.
    will default to the value: -1.0
Variable ndx1 has no assigned value in the settings file.
    will default to the value: 1
Variable r has no assigned value in the settings file.
    will default to the value: 1.0
Variable dxmax has no assigned value in the settings file.
    will default to the value: -1.0
The aerodynamic grid contains 2 surfaces
  Surface 0, M=16, N=20
     Wake 0, M=160, N=20
  Surface 1, M=16, N=20
     Wake 1, M=160, N=20
  In total: 640 bound panels
  In total: 6400 wake panels
  Total number of panels = 7040
Generating an instance of StaticCoupled
Variable correct_forces_method has no assigned value in the settings file.
    will default to the value: 
Variable correct_forces_settings has no assigned value in the settings file.
    will default to the value: {}
Variable runtime_generators has no assigned value in the settings file.
    will default to the value: {}
Variable nonlifting_body_interactions has no assigned value in the settings file.
    will default to the value: False
Generating an instance of NonLinearStatic
Variable abs_threshold has no assigned value in the settings file.
    will default to the value: 1e-13
Variable newmark_damp has no assigned value in the settings file.
    will default to the value: 0.0001
Variable gravity_dir has no assigned value in the settings file.
    will default to the value: [0.0, 0.0, 1.0]
Variable relaxation_factor has no assigned value in the settings file.
    will default to the value: 0.3
Variable dt has no assigned value in the settings file.
    will default to the value: 0.01
Variable num_steps has no assigned value in the settings file.
    will default to the value: 500
Variable initial_position has no assigned value in the settings file.
    will default to the value: [0. 0. 0.]
Variable initial_velocity has no assigned value in the settings file.
    will default to the value: [0. 0. 0. 0. 0. 0.]
Generating an instance of StaticUvlm
Variable nonlifting_body_interactions has no assigned value in the settings file.
    will default to the value: False
Variable only_nonlifting has no assigned value in the settings file.
    will default to the value: False
Variable phantom_wing_test has no assigned value in the settings file.
    will default to the value: False
Variable iterative_solver has no assigned value in the settings file.
    will default to the value: False
Variable iterative_tol has no assigned value in the settings file.
    will default to the value: 0.0001
Variable iterative_precond has no assigned value in the settings file.
    will default to the value: False
Variable cfl1 has no assigned value in the settings file.
    will default to the value: True
Variable vortex_radius has no assigned value in the settings file.
    will default to the value: 1e-06
Variable vortex_radius_wake_ind has no assigned value in the settings file.
    will default to the value: 1e-06
Variable rbm_vel_g has no assigned value in the settings file.
    will default to the value: [0.0, 0.0, 0.0, 0.0, 0.0, 0.0]
Variable centre_rot_g has no assigned value in the settings file.
    will default to the value: [0.0, 0.0, 0.0]
Variable map_forces_on_struct has no assigned value in the settings file.
    will default to the value: False
Variable ignore_first_x_nodes_in_force_calculation has no assigned value in the settings file.
    will default to the value: 0



|=====|=====|============|==========|==========|==========|==========|==========|==========|
|iter |step | log10(res) |    Fx    |    Fy    |    Fz    |    Mx    |    My    |    Mz    |
|=====|=====|============|==========|==========|==========|==========|==========|==========|
|  0  |  0  |  0.00000   |  8.1396  |  0.0000  |-176.9203 | -0.0000  | 56.4991  |  0.0000  |
|  1  |  0  | -12.77899  |  8.1323  | -0.0000  |-176.7853 |  0.0001  | 56.5321  |  0.0000  |
|  0  |  1  |  0.00000   | 16.2713  | -0.0000  |-353.4244 |  0.0002  | 113.0971 |  0.0000  |
|  1  |  1  | -12.10502  | 16.2567  | -0.0000  |-353.1537 |  0.0003  | 113.1632 |  0.0000  |
|  0  |  2  |  0.00000   | 24.3951  | -0.0000  |-529.5099 |  0.0005  | 169.7945 |  0.0000  |
|  1  |  2  | -11.73066  | 24.3732  | -0.0000  |-529.1029 |  0.0007  | 169.8939 |  0.0000  |
|  0  |  3  |  0.00000   | 32.5110  | -0.0000  |-705.1747 |  0.0010  | 226.5919 |  0.0000  |
|  1  |  3  | -11.46960  | 32.4818  | -0.0000  |-704.6308 |  0.0012  | 226.7248 |  0.0001  |
|  0  |  4  |  0.00000   | 40.6189  | -0.0000  |-880.4166 |  0.0017  | 283.4900 |  0.0001  |
|  1  |  4  | -11.26879  | 40.5823  | -0.0000  |-879.7351 |  0.0020  | 283.6566 |  0.0001  |
|  0  |  5  |  0.00000   | 48.7189  | -0.0000  |-1055.2333|  0.0026  | 340.4895 |  0.0001  |
|  1  |  5  | -11.10554  | 48.6749  | -0.0000  |-1054.4135|  0.0029  | 340.6899 |  0.0001  |
|  0  |  6  |  0.00000   | 56.8108  | -0.0000  |-1229.6225|  0.0037  | 397.5908 |  0.0001  |
|  1  |  6  | -10.96791  | 56.7594  | -0.0000  |-1228.6637|  0.0041  | 397.8253 |  0.0002  |
|  0  |  7  |  0.00000   | 64.8946  | -0.0000  |-1403.5819|  0.0049  | 454.7948 |  0.0002  |
|  1  |  7  | -10.84890  | 64.8358  | -0.0001  |-1402.4835|  0.0054  | 455.0635 |  0.0002  |
|  0  |  8  |  0.00000   | 72.9704  | -0.0001  |-1577.1092|  0.0064  | 512.1019 |  0.0003  |
|  1  |  8  | -10.74400  | 72.9041  | -0.0001  |-1575.8704|  0.0069  | 512.4051 |  0.0003  |
|  0  |  9  |  0.00000   | 81.0380  | -0.0001  |-1750.2020|  0.0081  | 569.5130 |  0.0003  |
|  1  |  9  | -10.65025  | 80.9643  | -0.0001  |-1748.8223|  0.0087  | 569.8507 |  0.0003  |
Generating an instance of AeroForcesCalculator
Variable text_file_name has no assigned value in the settings file.
    will default to the value: aeroforces.txt
Variable screen_output has no assigned value in the settings file.
    will default to the value: True
Variable coefficients has no assigned value in the settings file.
    will default to the value: False
Variable lifting_surfaces has no assigned value in the settings file.
    will default to the value: True
Variable nonlifting_body has no assigned value in the settings file.
    will default to the value: False



|==============|==============|==============|==============|==============|==============|==============|
|    tstep     |     fx_g     |     fy_g     |     fz_g     |     mx_g     |     my_g     |     mz_g     |
|==============|==============|==============|==============|==============|==============|==============|
|      0       | 1.986769e+01 |-8.816914e-05 | 2.521203e+03 | 9.011263e-03 | 5.970573e+02 | 4.348377e-05 |
...Finished
FINISHED - Elapsed time = 5.3341976 seconds
FINISHED - CPU process time = 5.3309496 seconds
