--------------------------------------------------------------------------------
            ######  ##     ##    ###    ########  ########  ##    ##
           ##    ## ##     ##   ## ##   ##     ## ##     ##  ##  ##
           ##       ##     ##  ##   ##  ##     ## ##     ##   ####
            ######  ######### ##     ## ########  ########     ##
                 ## ##     ## ######### ##   ##   ##           ##
           ##    ## ##     ## ##     ## ##    ##  ##           ##
            ######  ##     ## ##     ## ##     ## ##           ##
--------------------------------------------------------------------------------
Aeroelastics Lab, Aeronautics Department.
    Copyright (c), Imperial College London.
    All rights reserved.
    License available at https://github.com/imperialcollegelondon/sharpy
Running SHARPy from /Users/benpreston/sharpy_cases/goland_swept_loads
SHARPy being run is in /Users/benpreston/sharpy_installs/dev_profiler
The branch being run is develop
The version and commit hash are: 2.1-284-g23da1e0b-23da1e0b
SHARPy output folder set
	/Users/benpreston/sharpy_cases/goland_swept_loads/output//goland_ang_20_00_pos_0_90/
Generating an instance of BeamLoader
Variable for_pos has no assigned value in the settings file.
    will default to the value: [0.0, 0, 0]
Generating an instance of AerogridLoader
Variable control_surface_deflection has no assigned value in the settings file.
    will default to the value: []
Variable control_surface_deflection_generator_settings has no assigned value in the settings file.
    will default to the value: {}
Variable dx1 has no assigned value in the settings file.
    will default to the value: -1.0
Variable ndx1 has no assigned value in the settings file.
    will default to the value: 1
Variable r has no assigned value in the settings file.
    will default to the value: 1.0
Variable dxmax has no assigned value in the settings file.
    will default to the value: -1.0
The aerodynamic grid contains 2 surfaces
  Surface 0, M=16, N=20
     Wake 0, M=160, N=20
  Surface 1, M=16, N=20
     Wake 1, M=160, N=20
  In total: 640 bound panels
  In total: 6400 wake panels
  Total number of panels = 7040
Generating an instance of StaticCoupled
Variable correct_forces_method has no assigned value in the settings file.
    will default to the value: 
Variable correct_forces_settings has no assigned value in the settings file.
    will default to the value: {}
Variable runtime_generators has no assigned value in the settings file.
    will default to the value: {}
Variable nonlifting_body_interactions has no assigned value in the settings file.
    will default to the value: False
Generating an instance of NonLinearStatic
Variable abs_threshold has no assigned value in the settings file.
    will default to the value: 1e-13
Variable newmark_damp has no assigned value in the settings file.
    will default to the value: 0.0001
Variable gravity_dir has no assigned value in the settings file.
    will default to the value: [0.0, 0.0, 1.0]
Variable relaxation_factor has no assigned value in the settings file.
    will default to the value: 0.3
Variable dt has no assigned value in the settings file.
    will default to the value: 0.01
Variable num_steps has no assigned value in the settings file.
    will default to the value: 500
Variable initial_position has no assigned value in the settings file.
    will default to the value: [0. 0. 0.]
Variable initial_velocity has no assigned value in the settings file.
    will default to the value: [0. 0. 0. 0. 0. 0.]
Generating an instance of StaticUvlm
Variable nonlifting_body_interactions has no assigned value in the settings file.
    will default to the value: False
Variable only_nonlifting has no assigned value in the settings file.
    will default to the value: False
Variable phantom_wing_test has no assigned value in the settings file.
    will default to the value: False
Variable iterative_solver has no assigned value in the settings file.
    will default to the value: False
Variable iterative_tol has no assigned value in the settings file.
    will default to the value: 0.0001
Variable iterative_precond has no assigned value in the settings file.
    will default to the value: False
Variable cfl1 has no assigned value in the settings file.
    will default to the value: True
Variable vortex_radius has no assigned value in the settings file.
    will default to the value: 1e-06
Variable vortex_radius_wake_ind has no assigned value in the settings file.
    will default to the value: 1e-06
Variable rbm_vel_g has no assigned value in the settings file.
    will default to the value: [0.0, 0.0, 0.0, 0.0, 0.0, 0.0]
Variable centre_rot_g has no assigned value in the settings file.
    will default to the value: [0.0, 0.0, 0.0]
Variable map_forces_on_struct has no assigned value in the settings file.
    will default to the value: False
Variable ignore_first_x_nodes_in_force_calculation has no assigned value in the settings file.
    will default to the value: 0



|=====|=====|============|==========|==========|==========|==========|==========|==========|
|iter |step | log10(res) |    Fx    |    Fy    |    Fz    |    Mx    |    My    |    Mz    |
|=====|=====|============|==========|==========|==========|==========|==========|==========|
|  0  |  0  |  0.00000   |  7.3308  |  0.0000  |-149.7035 |  0.0000  | 126.2884 |  0.0000  |
|  1  |  0  | -11.19051  |  7.2972  |  0.0000  |-149.0803 |  0.0005  | 126.3893 |  0.0000  |
|  0  |  1  |  0.00000   | 14.6254  |  0.0000  |-297.4863 |  0.0016  | 252.8851 |  0.0000  |
|  1  |  1  | -10.82718  | 14.5581  |  0.0000  |-296.2379 |  0.0026  | 253.0874 |  0.0000  |
|  0  |  2  |  0.00000   | 21.8839  |  0.0000  |-443.3409 |  0.0048  | 379.7915 |  0.0001  |
|  1  |  2  | -10.59691  | 21.7827  |  0.0000  |-441.4649 |  0.0064  | 380.0955 |  0.0001  |
|  0  |  3  |  0.00000   | 29.1064  |  0.0000  |-587.2595 |  0.0096  | 507.0088 |  0.0002  |
|  1  |  3  | -10.42409  | 28.9711  |  0.0000  |-584.7539 |  0.0117  | 507.4150 |  0.0002  |
|  0  |  4  |  0.00000   | 36.2929  |  0.0001  |-729.2346 |  0.0161  | 634.5385 |  0.0003  |
|  1  |  4  | -10.28434  | 36.1234  |  0.0001  |-726.0969 |  0.0187  | 635.0472 |  0.0003  |
|  0  |  5  |  0.00000   | 43.4435  |  0.0001  |-869.2581 |  0.0241  | 762.3819 |  0.0004  |
|  1  |  5  | -10.16963  | 43.2405  | -0.0000  |-865.5239 | -0.0110  | 763.0189 | -0.0002  |
|  0  |  6  |  0.00000   | 50.5596  | -0.0001  |-1007.3890| -0.0342  | 890.5860 | -0.0006  |
|  1  |  6  | -10.06441  | 50.3214  | -0.0001  |-1002.9901| -0.0376  | 891.3098 | -0.0007  |
|  0  |  7  |  0.00000   | 57.6390  | -0.0002  |-1143.5132| -0.0450  |1019.0826 | -0.0008  |
|  1  |  7  |  -9.97398  | 57.3662  | -0.0002  |-1138.4730| -0.0493  |1019.9080 | -0.0008  |
|  2  |  7  | -10.23776  | 57.2174  | -0.0002  |-1135.7233| -0.0515  |1020.3582 | -0.0009  |
|  0  |  8  |  0.00000   | 64.6809  | -0.0002  |-1277.6260| -0.0579  |1147.9005 | -0.0010  |
|  1  |  8  |  -9.89440  | 64.3745  | -0.0002  |-1271.9652| -0.0627  |1148.8268 | -0.0011  |
|  2  |  8  | -10.15753  | 64.2071  | -0.0002  |-1268.8721| -0.0653  |1149.3330 | -0.0011  |
|  0  |  9  |  0.00000   | 71.6885  | -0.0002  |-1409.7808| -0.0724  |1277.0351 | -0.0012  |
|  1  |  9  |  -9.82091  | 71.3474  | -0.0003  |-1403.4804| -0.0778  |1278.0652 | -0.0013  |
|  2  |  9  | -10.08339  | 71.1608  | -0.0003  |-1400.0324| -0.0806  |1278.6290 | -0.0014  |
Generating an instance of AeroForcesCalculator
Variable text_file_name has no assigned value in the settings file.
    will default to the value: aeroforces.txt
Variable screen_output has no assigned value in the settings file.
    will default to the value: True
Variable coefficients has no assigned value in the settings file.
    will default to the value: False
Variable lifting_surfaces has no assigned value in the settings file.
    will default to the value: True
Variable nonlifting_body has no assigned value in the settings file.
    will default to the value: False



|==============|==============|==============|==============|==============|==============|==============|
|    tstep     |     fx_g     |     fy_g     |     fz_g     |     mx_g     |     my_g     |     mz_g     |
|==============|==============|==============|==============|==============|==============|==============|
|      0       | 2.225641e+01 |-2.670193e-04 | 2.869409e+03 |-8.057295e-02 | 4.584253e+02 | 1.447293e-03 |
...Finished
FINISHED - Elapsed time = 6.0706216 seconds
FINISHED - CPU process time = 6.0419476 seconds
