--------------------------------------------------------------------------------
            ######  ##     ##    ###    ########  ########  ##    ##
           ##    ## ##     ##   ## ##   ##     ## ##     ##  ##  ##
           ##       ##     ##  ##   ##  ##     ## ##     ##   ####
            ######  ######### ##     ## ########  ########     ##
                 ## ##     ## ######### ##   ##   ##           ##
           ##    ## ##     ## ##     ## ##    ##  ##           ##
            ######  ##     ## ##     ## ##     ## ##           ##
--------------------------------------------------------------------------------
Aeroelastics Lab, Aeronautics Department.
    Copyright (c), Imperial College London.
    All rights reserved.
    License available at https://github.com/imperialcollegelondon/sharpy
Running SHARPy from /Users/benpreston/sharpy_cases/goland_swept_loads
SHARPy being run is in /Users/benpreston/sharpy_installs/dev_profiler
The branch being run is develop
The version and commit hash are: 2.1-284-g23da1e0b-23da1e0b
SHARPy output folder set
	/Users/benpreston/sharpy_cases/goland_swept_loads/output//goland_ang_n40_00_pos_0_50/
Generating an instance of BeamLoader
Variable for_pos has no assigned value in the settings file.
    will default to the value: [0.0, 0, 0]
Generating an instance of AerogridLoader
Variable control_surface_deflection has no assigned value in the settings file.
    will default to the value: []
Variable control_surface_deflection_generator_settings has no assigned value in the settings file.
    will default to the value: {}
Variable dx1 has no assigned value in the settings file.
    will default to the value: -1.0
Variable ndx1 has no assigned value in the settings file.
    will default to the value: 1
Variable r has no assigned value in the settings file.
    will default to the value: 1.0
Variable dxmax has no assigned value in the settings file.
    will default to the value: -1.0
The aerodynamic grid contains 2 surfaces
  Surface 0, M=16, N=20
     Wake 0, M=160, N=20
  Surface 1, M=16, N=20
     Wake 1, M=160, N=20
  In total: 640 bound panels
  In total: 6400 wake panels
  Total number of panels = 7040
Generating an instance of StaticCoupled
Variable correct_forces_method has no assigned value in the settings file.
    will default to the value: 
Variable correct_forces_settings has no assigned value in the settings file.
    will default to the value: {}
Variable runtime_generators has no assigned value in the settings file.
    will default to the value: {}
Variable nonlifting_body_interactions has no assigned value in the settings file.
    will default to the value: False
Generating an instance of NonLinearStatic
Variable abs_threshold has no assigned value in the settings file.
    will default to the value: 1e-13
Variable newmark_damp has no assigned value in the settings file.
    will default to the value: 0.0001
Variable gravity_dir has no assigned value in the settings file.
    will default to the value: [0.0, 0.0, 1.0]
Variable relaxation_factor has no assigned value in the settings file.
    will default to the value: 0.3
Variable dt has no assigned value in the settings file.
    will default to the value: 0.01
Variable num_steps has no assigned value in the settings file.
    will default to the value: 500
Variable initial_position has no assigned value in the settings file.
    will default to the value: [0. 0. 0.]
Variable initial_velocity has no assigned value in the settings file.
    will default to the value: [0. 0. 0. 0. 0. 0.]
Generating an instance of StaticUvlm
Variable nonlifting_body_interactions has no assigned value in the settings file.
    will default to the value: False
Variable only_nonlifting has no assigned value in the settings file.
    will default to the value: False
Variable phantom_wing_test has no assigned value in the settings file.
    will default to the value: False
Variable iterative_solver has no assigned value in the settings file.
    will default to the value: False
Variable iterative_tol has no assigned value in the settings file.
    will default to the value: 0.0001
Variable iterative_precond has no assigned value in the settings file.
    will default to the value: False
Variable cfl1 has no assigned value in the settings file.
    will default to the value: True
Variable vortex_radius has no assigned value in the settings file.
    will default to the value: 1e-06
Variable vortex_radius_wake_ind has no assigned value in the settings file.
    will default to the value: 1e-06
Variable rbm_vel_g has no assigned value in the settings file.
    will default to the value: [0.0, 0.0, 0.0, 0.0, 0.0, 0.0]
Variable centre_rot_g has no assigned value in the settings file.
    will default to the value: [0.0, 0.0, 0.0]
Variable map_forces_on_struct has no assigned value in the settings file.
    will default to the value: False
Variable ignore_first_x_nodes_in_force_calculation has no assigned value in the settings file.
    will default to the value: 0



|=====|=====|============|==========|==========|==========|==========|==========|==========|
|iter |step | log10(res) |    Fx    |    Fy    |    Fz    |    Mx    |    My    |    Mz    |
|=====|=====|============|==========|==========|==========|==========|==========|==========|
|  0  |  0  |  0.00000   |  8.7706  |  0.0000  |-200.6351 | -0.0000  | -44.8285 | -0.0000  |
|  1  |  0  | -11.92269  |  8.7862  | -0.0000  |-200.9301 |  0.0003  | -44.9824 |  0.0000  |
|  0  |  1  |  0.00000   | 17.5581  | -0.0000  |-402.1805 |  0.0008  | -90.1359 |  0.0000  |
|  1  |  1  | -12.40708  | 17.5895  | -0.0000  |-402.7731 |  0.0014  | -90.4451 |  0.0000  |
|  0  |  2  |  0.00000   | 26.3630  | -0.0000  |-604.6454 |  0.0025  |-135.9270 |  0.0001  |
|  1  |  2  | -11.61092  | 26.4101  | -0.0000  |-605.5383 |  0.0033  |-136.3931 |  0.0001  |
|  0  |  3  |  0.00000   | 35.1854  | -0.0001  |-808.0391 |  0.0051  |-182.2069 |  0.0002  |
|  1  |  3  | -11.13280  | 35.2482  | -0.0001  |-809.2351 |  0.0062  |-182.8314 |  0.0002  |
|  0  |  4  |  0.00000   | 44.0255  | -0.0001  |-1012.3710|  0.0086  |-228.9807 |  0.0003  |
|  1  |  4  | -10.84177  | 44.1042  | -0.0001  |-1013.8730|  0.0100  |-229.7649 |  0.0003  |
|  0  |  5  |  0.00000   | 52.8836  | -0.0001  |-1217.6509|  0.0129  |-276.2533 |  0.0004  |
|  1  |  5  | -10.62743  | 52.9782  | -0.0001  |-1219.4616|  0.0147  |-277.1990 |  0.0005  |
|  0  |  6  |  0.00000   | 61.7599  | -0.0002  |-1423.8882|  0.0183  |-324.0301 |  0.0006  |
|  1  |  6  | -10.45639  | 61.8706  | -0.0002  |-1426.0107|  0.0203  |-325.1387 |  0.0007  |
|  0  |  7  |  0.00000   | 70.6548  | -0.0002  |-1631.0931|  0.0246  |-372.3162 |  0.0008  |
|  1  |  7  | -10.31351  | 70.7815  | -0.0003  |-1633.5302|  0.0270  |-373.5893 |  0.0009  |
|  0  |  8  |  0.00000   | 79.5684  | -0.0003  |-1839.2753|  0.0319  |-421.1171 |  0.0011  |
|  1  |  8  | -10.19054  | 79.7112  | -0.0003  |-1842.0301|  0.0346  |-422.5563 |  0.0012  |
|  0  |  9  |  0.00000   | 88.5010  | -0.0004  |-2048.4451|  0.0403  |-470.4381 |  0.0014  |
|  1  |  9  | -10.08242  | 88.6600  | -0.0004  |-2051.5205|  0.0433  |-472.0451 |  0.0014  |
Generating an instance of AeroForcesCalculator
Variable text_file_name has no assigned value in the settings file.
    will default to the value: aeroforces.txt
Variable screen_output has no assigned value in the settings file.
    will default to the value: True
Variable coefficients has no assigned value in the settings file.
    will default to the value: False
Variable lifting_surfaces has no assigned value in the settings file.
    will default to the value: True
Variable nonlifting_body has no assigned value in the settings file.
    will default to the value: False



|==============|==============|==============|==============|==============|==============|==============|
|    tstep     |     fx_g     |     fy_g     |     fz_g     |     mx_g     |     my_g     |     mz_g     |
|==============|==============|==============|==============|==============|==============|==============|
|      0       | 1.703851e+01 |-4.360400e-04 | 2.216019e+03 | 4.492962e-02 | 9.287650e+02 |-6.320487e-05 |
...Finished
FINISHED - Elapsed time = 5.3099276 seconds
FINISHED - CPU process time = 5.2969566 seconds
