--------------------------------------------------------------------------------
            ######  ##     ##    ###    ########  ########  ##    ##
           ##    ## ##     ##   ## ##   ##     ## ##     ##  ##  ##
           ##       ##     ##  ##   ##  ##     ## ##     ##   ####
            ######  ######### ##     ## ########  ########     ##
                 ## ##     ## ######### ##   ##   ##           ##
           ##    ## ##     ## ##     ## ##    ##  ##           ##
            ######  ##     ## ##     ## ##     ## ##           ##
--------------------------------------------------------------------------------
Aeroelastics Lab, Aeronautics Department.
    Copyright (c), Imperial College London.
    All rights reserved.
    License available at https://github.com/imperialcollegelondon/sharpy
Running SHARPy from /Users/benpreston/sharpy_cases/goland_swept_loads
SHARPy being run is in /Users/benpreston/sharpy_installs/dev_profiler
The branch being run is develop
The version and commit hash are: 2.1-284-g23da1e0b-23da1e0b
SHARPy output folder set
	/Users/benpreston/sharpy_cases/goland_swept_loads/output//goland_ang_n50_00_pos_0_60/
Generating an instance of BeamLoader
Variable for_pos has no assigned value in the settings file.
    will default to the value: [0.0, 0, 0]
Generating an instance of AerogridLoader
Variable control_surface_deflection has no assigned value in the settings file.
    will default to the value: []
Variable control_surface_deflection_generator_settings has no assigned value in the settings file.
    will default to the value: {}
Variable dx1 has no assigned value in the settings file.
    will default to the value: -1.0
Variable ndx1 has no assigned value in the settings file.
    will default to the value: 1
Variable r has no assigned value in the settings file.
    will default to the value: 1.0
Variable dxmax has no assigned value in the settings file.
    will default to the value: -1.0
The aerodynamic grid contains 2 surfaces
  Surface 0, M=16, N=20
     Wake 0, M=160, N=20
  Surface 1, M=16, N=20
     Wake 1, M=160, N=20
  In total: 640 bound panels
  In total: 6400 wake panels
  Total number of panels = 7040
Generating an instance of StaticCoupled
Variable correct_forces_method has no assigned value in the settings file.
    will default to the value: 
Variable correct_forces_settings has no assigned value in the settings file.
    will default to the value: {}
Variable runtime_generators has no assigned value in the settings file.
    will default to the value: {}
Variable nonlifting_body_interactions has no assigned value in the settings file.
    will default to the value: False
Generating an instance of NonLinearStatic
Variable abs_threshold has no assigned value in the settings file.
    will default to the value: 1e-13
Variable newmark_damp has no assigned value in the settings file.
    will default to the value: 0.0001
Variable gravity_dir has no assigned value in the settings file.
    will default to the value: [0.0, 0.0, 1.0]
Variable relaxation_factor has no assigned value in the settings file.
    will default to the value: 0.3
Variable dt has no assigned value in the settings file.
    will default to the value: 0.01
Variable num_steps has no assigned value in the settings file.
    will default to the value: 500
Variable initial_position has no assigned value in the settings file.
    will default to the value: [0. 0. 0.]
Variable initial_velocity has no assigned value in the settings file.
    will default to the value: [0. 0. 0. 0. 0. 0.]
Generating an instance of StaticUvlm
Variable nonlifting_body_interactions has no assigned value in the settings file.
    will default to the value: False
Variable only_nonlifting has no assigned value in the settings file.
    will default to the value: False
Variable phantom_wing_test has no assigned value in the settings file.
    will default to the value: False
Variable iterative_solver has no assigned value in the settings file.
    will default to the value: False
Variable iterative_tol has no assigned value in the settings file.
    will default to the value: 0.0001
Variable iterative_precond has no assigned value in the settings file.
    will default to the value: False
Variable cfl1 has no assigned value in the settings file.
    will default to the value: True
Variable vortex_radius has no assigned value in the settings file.
    will default to the value: 1e-06
Variable vortex_radius_wake_ind has no assigned value in the settings file.
    will default to the value: 1e-06
Variable rbm_vel_g has no assigned value in the settings file.
    will default to the value: [0.0, 0.0, 0.0, 0.0, 0.0, 0.0]
Variable centre_rot_g has no assigned value in the settings file.
    will default to the value: [0.0, 0.0, 0.0]
Variable map_forces_on_struct has no assigned value in the settings file.
    will default to the value: False
Variable ignore_first_x_nodes_in_force_calculation has no assigned value in the settings file.
    will default to the value: 0



|=====|=====|============|==========|==========|==========|==========|==========|==========|
|iter |step | log10(res) |    Fx    |    Fy    |    Fz    |    Mx    |    My    |    Mz    |
|=====|=====|============|==========|==========|==========|==========|==========|==========|
|  0  |  0  |  0.00000   |  9.0242  |  0.0000  |-208.0983 | -0.0000  | -26.3289 | -0.0000  |
|  1  |  0  | -12.08638  |  9.0370  | -0.0000  |-208.3436 |  0.0003  | -26.4271 |  0.0000  |
|  0  |  1  |  0.00000   | 18.0620  | -0.0000  |-416.9532 |  0.0008  | -52.9646 |  0.0000  |
|  1  |  1  | -13.61794  | 18.0877  | -0.0000  |-417.4455 |  0.0014  | -53.1617 |  0.0001  |
|  0  |  2  |  0.00000   | 27.1136  | -0.0001  |-626.5706 |  0.0025  | -79.9094 |  0.0001  |
|  1  |  2  | -11.59272  | 27.1522  | -0.0001  |-627.3116 |  0.0033  | -80.2061 |  0.0002  |
|  0  |  3  |  0.00000   | 36.1791  | -0.0001  |-836.9562 |  0.0050  |-107.1656 |  0.0003  |
|  1  |  3  | -11.16790  | 36.2306  | -0.0002  |-837.9476 |  0.0061  |-107.5626 |  0.0003  |
|  0  |  4  |  0.00000   | 45.2587  | -0.0002  |-1048.1161|  0.0084  |-134.7355 |  0.0004  |
|  1  |  4  | -10.89398  | 45.3232  | -0.0003  |-1049.3596|  0.0098  |-135.2334 |  0.0005  |
|  0  |  5  |  0.00000   | 54.3526  | -0.0003  |-1260.0561|  0.0128  |-162.6213 |  0.0006  |
|  1  |  5  | -10.68841  | 54.4300  | -0.0004  |-1261.5535|  0.0144  |-163.2209 |  0.0007  |
|  0  |  6  |  0.00000   | 63.4609  | -0.0005  |-1472.7822|  0.0180  |-190.8255 |  0.0009  |
|  1  |  6  | -10.52288  | 63.5513  | -0.0005  |-1474.5354|  0.0199  |-191.5274 |  0.0010  |
|  0  |  7  |  0.00000   | 72.5837  | -0.0006  |-1686.3006|  0.0241  |-219.3504 |  0.0012  |
|  1  |  7  | -10.38392  | 72.6872  | -0.0007  |-1688.3112|  0.0264  |-220.1554 |  0.0013  |
|  0  |  8  |  0.00000   | 81.7213  | -0.0008  |-1900.6173|  0.0312  |-248.1983 |  0.0015  |
|  1  |  8  | -10.26397  | 81.8378  | -0.0008  |-1902.8873|  0.0338  |-249.1071 |  0.0017  |
|  0  |  9  |  0.00000   | 90.8738  | -0.0010  |-2115.7386|  0.0392  |-277.3717 |  0.0019  |
|  1  |  9  | -10.15833  | 91.0035  | -0.0010  |-2118.2697|  0.0421  |-278.3850 |  0.0021  |
Generating an instance of AeroForcesCalculator
Variable text_file_name has no assigned value in the settings file.
    will default to the value: aeroforces.txt
Variable screen_output has no assigned value in the settings file.
    will default to the value: True
Variable coefficients has no assigned value in the settings file.
    will default to the value: False
Variable lifting_surfaces has no assigned value in the settings file.
    will default to the value: True
Variable nonlifting_body has no assigned value in the settings file.
    will default to the value: False



|==============|==============|==============|==============|==============|==============|==============|
|    tstep     |     fx_g     |     fy_g     |     fz_g     |     mx_g     |     my_g     |     mz_g     |
|==============|==============|==============|==============|==============|==============|==============|
|      0       | 1.704487e+01 |-1.065844e-03 | 2.149522e+03 | 4.369751e-02 | 6.468807e+02 | 6.087871e-04 |
...Finished
FINISHED - Elapsed time = 5.2871816 seconds
FINISHED - CPU process time = 5.3084576 seconds
