--------------------------------------------------------------------------------
            ######  ##     ##    ###    ########  ########  ##    ##
           ##    ## ##     ##   ## ##   ##     ## ##     ##  ##  ##
           ##       ##     ##  ##   ##  ##     ## ##     ##   ####
            ######  ######### ##     ## ########  ########     ##
                 ## ##     ## ######### ##   ##   ##           ##
           ##    ## ##     ## ##     ## ##    ##  ##           ##
            ######  ##     ## ##     ## ##     ## ##           ##
--------------------------------------------------------------------------------
Aeroelastics Lab, Aeronautics Department.
    Copyright (c), Imperial College London.
    All rights reserved.
    License available at https://github.com/imperialcollegelondon/sharpy
Running SHARPy from /Users/benpreston/sharpy_cases/goland_swept_loads
SHARPy being run is in /Users/benpreston/sharpy_installs/dev_profiler
The branch being run is develop
The version and commit hash are: 2.1-284-g23da1e0b-23da1e0b
SHARPy output folder set
	/Users/benpreston/sharpy_cases/goland_swept_loads/output//goland_ang_50_00_pos_0_65/
Generating an instance of BeamLoader
Variable for_pos has no assigned value in the settings file.
    will default to the value: [0.0, 0, 0]
Generating an instance of AerogridLoader
Variable control_surface_deflection has no assigned value in the settings file.
    will default to the value: []
Variable control_surface_deflection_generator_settings has no assigned value in the settings file.
    will default to the value: {}
Variable dx1 has no assigned value in the settings file.
    will default to the value: -1.0
Variable ndx1 has no assigned value in the settings file.
    will default to the value: 1
Variable r has no assigned value in the settings file.
    will default to the value: 1.0
Variable dxmax has no assigned value in the settings file.
    will default to the value: -1.0
The aerodynamic grid contains 2 surfaces
  Surface 0, M=16, N=20
     Wake 0, M=160, N=20
  Surface 1, M=16, N=20
     Wake 1, M=160, N=20
  In total: 640 bound panels
  In total: 6400 wake panels
  Total number of panels = 7040
Generating an instance of StaticCoupled
Variable correct_forces_method has no assigned value in the settings file.
    will default to the value: 
Variable correct_forces_settings has no assigned value in the settings file.
    will default to the value: {}
Variable runtime_generators has no assigned value in the settings file.
    will default to the value: {}
Variable nonlifting_body_interactions has no assigned value in the settings file.
    will default to the value: False
Generating an instance of NonLinearStatic
Variable abs_threshold has no assigned value in the settings file.
    will default to the value: 1e-13
Variable newmark_damp has no assigned value in the settings file.
    will default to the value: 0.0001
Variable gravity_dir has no assigned value in the settings file.
    will default to the value: [0.0, 0.0, 1.0]
Variable relaxation_factor has no assigned value in the settings file.
    will default to the value: 0.3
Variable dt has no assigned value in the settings file.
    will default to the value: 0.01
Variable num_steps has no assigned value in the settings file.
    will default to the value: 500
Variable initial_position has no assigned value in the settings file.
    will default to the value: [0. 0. 0.]
Variable initial_velocity has no assigned value in the settings file.
    will default to the value: [0. 0. 0. 0. 0. 0.]
Generating an instance of StaticUvlm
Variable nonlifting_body_interactions has no assigned value in the settings file.
    will default to the value: False
Variable only_nonlifting has no assigned value in the settings file.
    will default to the value: False
Variable phantom_wing_test has no assigned value in the settings file.
    will default to the value: False
Variable iterative_solver has no assigned value in the settings file.
    will default to the value: False
Variable iterative_tol has no assigned value in the settings file.
    will default to the value: 0.0001
Variable iterative_precond has no assigned value in the settings file.
    will default to the value: False
Variable cfl1 has no assigned value in the settings file.
    will default to the value: True
Variable vortex_radius has no assigned value in the settings file.
    will default to the value: 1e-06
Variable vortex_radius_wake_ind has no assigned value in the settings file.
    will default to the value: 1e-06
Variable rbm_vel_g has no assigned value in the settings file.
    will default to the value: [0.0, 0.0, 0.0, 0.0, 0.0, 0.0]
Variable centre_rot_g has no assigned value in the settings file.
    will default to the value: [0.0, 0.0, 0.0]
Variable map_forces_on_struct has no assigned value in the settings file.
    will default to the value: False
Variable ignore_first_x_nodes_in_force_calculation has no assigned value in the settings file.
    will default to the value: 0



|=====|=====|============|==========|==========|==========|==========|==========|==========|
|iter |step | log10(res) |    Fx    |    Fy    |    Fz    |    Mx    |    My    |    Mz    |
|=====|=====|============|==========|==========|==========|==========|==========|==========|
|  0  |  0  |  0.00000   |  8.7694  | -0.0005  |-199.9270 |  2.1735  | 197.4030 |  0.0605  |
|  1  |  0  | -10.55058  |  8.7262  |  0.0038  |-199.1318 |  2.4348  | 197.3857 |  0.0816  |
|  0  |  1  |  0.00000   | 17.4932  |  0.0112  |-397.4057 |  5.1510  | 394.7471 |  0.1488  |
|  1  |  1  | -10.21706  | 17.4067  |  0.0198  |-395.8175 |  5.6687  | 394.7130 |  0.1910  |
|  0  |  2  |  0.00000   | 26.1718  |  0.0351  |-592.4423 |  8.9186  | 592.0335 |  0.2641  |
|  1  |  2  | -10.01064  | 26.0418  |  0.0482  |-590.0631 |  9.6903  | 591.9839 |  0.3279  |
|  0  |  3  |  0.00000   | 34.8057  |  0.0716  |-785.0426 | 13.4676  | 789.2649 |  0.4066  |
|  1  |  3  |  -9.85749  | 34.6321  |  0.0892  |-781.8730 | 14.5022  | 789.1999 |  0.4922  |
|  2  |  3  | -10.12761  | 34.5389  |  0.0985  |-780.1699 | 15.0508  | 789.1651 |  0.5376  |
|  0  |  4  |  0.00000   | 43.3956  |  0.1205  |-975.2134 | 18.8030  | 986.4423 |  0.5755  |
|  1  |  4  |  -9.73436  | 43.1782  |  0.1428  |-971.2477 | 20.0918  | 986.3587 |  0.6833  |
|  2  |  4  | -10.00477  | 43.0614  |  0.1547  |-969.1179 | 20.7725  | 986.3140 |  0.7404  |
|  0  |  5  |  0.00000   | 51.9416  |  0.1823  |-1162.9443| 24.9091  |1183.5602 |  0.7712  |
|  1  |  5  |  -9.63067  | 51.6802  |  0.2094  |-1158.1860| 26.4510  |1183.4595 |  0.9014  |
|  2  |  5  |  -9.90139  | 51.5398  |  0.2237  |-1155.6319| 27.2623  |1183.4057 |  0.9700  |
|  3  |  5  | -12.28497  | 51.5403  |  0.2234  |-1155.6406| 27.2420  |1183.4063 |  0.9683  |
|  0  |  6  |  0.00000   | 60.4444  |  0.2570  |-1348.2429| 31.7816  |1380.6204 |  0.9933  |
|  1  |  6  |  -9.54070  | 60.1388  |  0.2890  |-1342.6931| 33.5760  |1380.5025 |  1.1461  |
|  2  |  6  |  -9.81171  | 59.9748  |  0.3058  |-1339.7156| 34.5162  |1380.4397 |  1.2262  |
|  3  |  6  | -12.13123  | 59.9755  |  0.3054  |-1339.7274| 34.4883  |1380.4404 |  1.2239  |
|  0  |  7  |  0.00000   | 68.9043  |  0.3449  |-1531.1124| 39.4131  |1577.6230 |  1.2415  |
|  1  |  7  |  -9.46093  | 68.5544  |  0.3818  |-1524.7716| 41.4548  |1577.4882 |  1.4170  |
|  2  |  7  |  -9.73224  | 68.3668  |  0.4011  |-1521.3717| 42.5211  |1577.4166 |  1.5088  |
|  3  |  7  | -11.99364  | 68.3676  |  0.4005  |-1521.3871| 42.4856  |1577.4175 |  1.5058  |
|  0  |  8  |  0.00000   | 77.3218  |  0.4459  |-1711.5558| 47.7929  |1774.5684 |  1.5154  |
|  1  |  8  |  -9.38924  | 76.9275  |  0.4879  |-1704.4261| 50.0850  |1774.4169 |  1.7141  |
|  2  |  8  |  -9.66082  | 76.7162  |  0.5098  |-1700.6049| 51.2767  |1774.3364 |  1.8175  |
|  3  |  8  | -11.87489  | 76.7173  |  0.5091  |-1700.6241| 51.2313  |1774.3376 |  1.8137  |
|  0  |  9  |  0.00000   | 85.6975  |  0.5604  |-1889.5777| 56.9185  |1971.4569 |  1.8150  |
|  1  |  9  |  -9.32394  | 85.2585  |  0.6075  |-1881.6558| 59.4554  |1971.2879 |  2.0369  |
|  2  |  9  |  -9.59583  | 85.0234  |  0.6320  |-1877.4127| 60.7698  |1971.1983 |  2.1520  |
|  3  |  9  | -11.76035  | 85.0248  |  0.6310  |-1877.4367| 60.7145  |1971.1998 |  2.1474  |
Generating an instance of AeroForcesCalculator
Variable text_file_name has no assigned value in the settings file.
    will default to the value: aeroforces.txt
Variable screen_output has no assigned value in the settings file.
    will default to the value: True
Variable coefficients has no assigned value in the settings file.
    will default to the value: False
Variable lifting_surfaces has no assigned value in the settings file.
    will default to the value: True
Variable nonlifting_body has no assigned value in the settings file.
    will default to the value: False



|==============|==============|==============|==============|==============|==============|==============|
|    tstep     |     fx_g     |     fy_g     |     fz_g     |     mx_g     |     my_g     |     mz_g     |
|==============|==============|==============|==============|==============|==============|==============|
|      0       | 1.945149e+01 | 6.307889e-01 | 2.402002e+03 | 3.899539e+01 | 7.638369e+01 |-4.305145e-03 |
...Finished
FINISHED - Elapsed time = 8.2930756 seconds
FINISHED - CPU process time = 8.3142196 seconds
