--------------------------------------------------------------------------------
            ######  ##     ##    ###    ########  ########  ##    ##
           ##    ## ##     ##   ## ##   ##     ## ##     ##  ##  ##
           ##       ##     ##  ##   ##  ##     ## ##     ##   ####
            ######  ######### ##     ## ########  ########     ##
                 ## ##     ## ######### ##   ##   ##           ##
           ##    ## ##     ## ##     ## ##    ##  ##           ##
            ######  ##     ## ##     ## ##     ## ##           ##
--------------------------------------------------------------------------------
Aeroelastics Lab, Aeronautics Department.
    Copyright (c), Imperial College London.
    All rights reserved.
    License available at https://github.com/imperialcollegelondon/sharpy
Running SHARPy from /Users/benpreston/sharpy_cases/goland_swept_loads
SHARPy being run is in /Users/benpreston/sharpy_installs/dev_profiler
The branch being run is develop
The version and commit hash are: 2.1-284-g23da1e0b-23da1e0b
SHARPy output folder set
	/Users/benpreston/sharpy_cases/goland_swept_loads/output//goland_ang_n30_00_pos_0_70/
Generating an instance of BeamLoader
Variable for_pos has no assigned value in the settings file.
    will default to the value: [0.0, 0, 0]
Generating an instance of AerogridLoader
Variable control_surface_deflection has no assigned value in the settings file.
    will default to the value: []
Variable control_surface_deflection_generator_settings has no assigned value in the settings file.
    will default to the value: {}
Variable dx1 has no assigned value in the settings file.
    will default to the value: -1.0
Variable ndx1 has no assigned value in the settings file.
    will default to the value: 1
Variable r has no assigned value in the settings file.
    will default to the value: 1.0
Variable dxmax has no assigned value in the settings file.
    will default to the value: -1.0
The aerodynamic grid contains 2 surfaces
  Surface 0, M=16, N=20
     Wake 0, M=160, N=20
  Surface 1, M=16, N=20
     Wake 1, M=160, N=20
  In total: 640 bound panels
  In total: 6400 wake panels
  Total number of panels = 7040
Generating an instance of StaticCoupled
Variable correct_forces_method has no assigned value in the settings file.
    will default to the value: 
Variable correct_forces_settings has no assigned value in the settings file.
    will default to the value: {}
Variable runtime_generators has no assigned value in the settings file.
    will default to the value: {}
Variable nonlifting_body_interactions has no assigned value in the settings file.
    will default to the value: False
Generating an instance of NonLinearStatic
Variable abs_threshold has no assigned value in the settings file.
    will default to the value: 1e-13
Variable newmark_damp has no assigned value in the settings file.
    will default to the value: 0.0001
Variable gravity_dir has no assigned value in the settings file.
    will default to the value: [0.0, 0.0, 1.0]
Variable relaxation_factor has no assigned value in the settings file.
    will default to the value: 0.3
Variable dt has no assigned value in the settings file.
    will default to the value: 0.01
Variable num_steps has no assigned value in the settings file.
    will default to the value: 500
Variable initial_position has no assigned value in the settings file.
    will default to the value: [0. 0. 0.]
Variable initial_velocity has no assigned value in the settings file.
    will default to the value: [0. 0. 0. 0. 0. 0.]
Generating an instance of StaticUvlm
Variable nonlifting_body_interactions has no assigned value in the settings file.
    will default to the value: False
Variable only_nonlifting has no assigned value in the settings file.
    will default to the value: False
Variable phantom_wing_test has no assigned value in the settings file.
    will default to the value: False
Variable iterative_solver has no assigned value in the settings file.
    will default to the value: False
Variable iterative_tol has no assigned value in the settings file.
    will default to the value: 0.0001
Variable iterative_precond has no assigned value in the settings file.
    will default to the value: False
Variable cfl1 has no assigned value in the settings file.
    will default to the value: True
Variable vortex_radius has no assigned value in the settings file.
    will default to the value: 1e-06
Variable vortex_radius_wake_ind has no assigned value in the settings file.
    will default to the value: 1e-06
Variable rbm_vel_g has no assigned value in the settings file.
    will default to the value: [0.0, 0.0, 0.0, 0.0, 0.0, 0.0]
Variable centre_rot_g has no assigned value in the settings file.
    will default to the value: [0.0, 0.0, 0.0]
Variable map_forces_on_struct has no assigned value in the settings file.
    will default to the value: False
Variable ignore_first_x_nodes_in_force_calculation has no assigned value in the settings file.
    will default to the value: 0



|=====|=====|============|==========|==========|==========|==========|==========|==========|
|iter |step | log10(res) |    Fx    |    Fy    |    Fz    |    Mx    |    My    |    Mz    |
|=====|=====|============|==========|==========|==========|==========|==========|==========|
|  0  |  0  |  0.00000   |  7.7801  |  0.0000  |-164.7350 | -0.0000  | 77.0896  |  0.0000  |
|  1  |  0  | -12.23890  |  7.7656  | -0.0000  |-164.4651 |  0.0001  | 77.1587  |  0.0000  |
|  0  |  1  |  0.00000   | 15.5446  | -0.0000  |-328.6376 |  0.0004  | 154.3896 |  0.0000  |
|  1  |  1  | -11.68580  | 15.5155  | -0.0000  |-328.0963 |  0.0007  | 154.5281 |  0.0000  |
|  0  |  2  |  0.00000   | 23.2934  | -0.0000  |-491.7027 |  0.0013  | 231.9014 |  0.0000  |
|  1  |  2  | -11.35111  | 23.2497  | -0.0000  |-490.8884 |  0.0017  | 232.1098 |  0.0001  |
|  0  |  3  |  0.00000   | 31.0265  | -0.0000  |-653.9250 |  0.0026  | 309.6264 |  0.0001  |
|  1  |  3  | -11.10997  | 30.9682  | -0.0000  |-652.8363 |  0.0031  | 309.9051 |  0.0001  |
|  0  |  4  |  0.00000   | 38.7438  | -0.0000  |-815.2994 |  0.0043  | 387.5660 |  0.0001  |
|  1  |  4  | -10.92133  | 38.6708  | -0.0000  |-813.9346 |  0.0050  | 387.9155 |  0.0002  |
|  0  |  5  |  0.00000   | 46.4452  | -0.0000  |-975.8203 |  0.0065  | 465.7218 |  0.0002  |
|  1  |  5  | -10.76632  | 46.3575  | -0.0000  |-974.1780 |  0.0074  | 466.1424 |  0.0002  |
|  0  |  6  |  0.00000   | 54.1308  | -0.0000  |-1135.4825|  0.0092  | 544.0951 |  0.0003  |
|  1  |  6  | -10.63470  | 54.0282  | -0.0000  |-1133.5610|  0.0102  | 544.5874 |  0.0003  |
|  0  |  7  |  0.00000   | 61.8005  | -0.0000  |-1294.2805|  0.0123  | 622.6876 |  0.0004  |
|  1  |  7  | -10.52031  | 61.6829  | -0.0000  |-1292.0782|  0.0135  | 623.2519 |  0.0004  |
|  0  |  8  |  0.00000   | 69.4541  | -0.0000  |-1452.2088|  0.0160  | 701.5006 |  0.0005  |
|  1  |  8  | -10.41915  | 69.3216  | -0.0000  |-1449.7241|  0.0173  | 702.1375 |  0.0005  |
|  0  |  9  |  0.00000   | 77.0916  | -0.0001  |-1609.2620|  0.0201  | 780.5358 |  0.0006  |
|  1  |  9  | -10.32848  | 76.9442  | -0.0001  |-1606.4931|  0.0217  | 781.2456 |  0.0006  |
Generating an instance of AeroForcesCalculator
Variable text_file_name has no assigned value in the settings file.
    will default to the value: aeroforces.txt
Variable screen_output has no assigned value in the settings file.
    will default to the value: True
Variable coefficients has no assigned value in the settings file.
    will default to the value: False
Variable lifting_surfaces has no assigned value in the settings file.
    will default to the value: True
Variable nonlifting_body has no assigned value in the settings file.
    will default to the value: False



|==============|==============|==============|==============|==============|==============|==============|
|    tstep     |     fx_g     |     fy_g     |     fz_g     |     mx_g     |     my_g     |     mz_g     |
|==============|==============|==============|==============|==============|==============|==============|
|      0       | 2.080302e+01 |-6.231762e-05 | 2.664335e+03 | 2.247487e-02 | 6.180328e+02 |-1.161027e-04 |
...Finished
FINISHED - Elapsed time = 5.3287166 seconds
FINISHED - CPU process time = 5.3416586 seconds
