--------------------------------------------------------------------------------
            ######  ##     ##    ###    ########  ########  ##    ##
           ##    ## ##     ##   ## ##   ##     ## ##     ##  ##  ##
           ##       ##     ##  ##   ##  ##     ## ##     ##   ####
            ######  ######### ##     ## ########  ########     ##
                 ## ##     ## ######### ##   ##   ##           ##
           ##    ## ##     ## ##     ## ##    ##  ##           ##
            ######  ##     ## ##     ## ##     ## ##           ##
--------------------------------------------------------------------------------
Aeroelastics Lab, Aeronautics Department.
    Copyright (c), Imperial College London.
    All rights reserved.
    License available at https://github.com/imperialcollegelondon/sharpy
Running SHARPy from /Users/benpreston/sharpy_cases/goland_swept_loads
SHARPy being run is in /Users/benpreston/sharpy_installs/dev_profiler
The branch being run is develop
The version and commit hash are: 2.1-284-g23da1e0b-23da1e0b
SHARPy output folder set
	/Users/benpreston/sharpy_cases/goland_swept_loads/output//goland_ang_50_00_pos_0_95/
Generating an instance of BeamLoader
Variable for_pos has no assigned value in the settings file.
    will default to the value: [0.0, 0, 0]
Generating an instance of AerogridLoader
Variable control_surface_deflection has no assigned value in the settings file.
    will default to the value: []
Variable control_surface_deflection_generator_settings has no assigned value in the settings file.
    will default to the value: {}
Variable dx1 has no assigned value in the settings file.
    will default to the value: -1.0
Variable ndx1 has no assigned value in the settings file.
    will default to the value: 1
Variable r has no assigned value in the settings file.
    will default to the value: 1.0
Variable dxmax has no assigned value in the settings file.
    will default to the value: -1.0
The aerodynamic grid contains 2 surfaces
  Surface 0, M=16, N=20
     Wake 0, M=160, N=20
  Surface 1, M=16, N=20
     Wake 1, M=160, N=20
  In total: 640 bound panels
  In total: 6400 wake panels
  Total number of panels = 7040
Generating an instance of StaticCoupled
Variable correct_forces_method has no assigned value in the settings file.
    will default to the value: 
Variable correct_forces_settings has no assigned value in the settings file.
    will default to the value: {}
Variable runtime_generators has no assigned value in the settings file.
    will default to the value: {}
Variable nonlifting_body_interactions has no assigned value in the settings file.
    will default to the value: False
Generating an instance of NonLinearStatic
Variable abs_threshold has no assigned value in the settings file.
    will default to the value: 1e-13
Variable newmark_damp has no assigned value in the settings file.
    will default to the value: 0.0001
Variable gravity_dir has no assigned value in the settings file.
    will default to the value: [0.0, 0.0, 1.0]
Variable relaxation_factor has no assigned value in the settings file.
    will default to the value: 0.3
Variable dt has no assigned value in the settings file.
    will default to the value: 0.01
Variable num_steps has no assigned value in the settings file.
    will default to the value: 500
Variable initial_position has no assigned value in the settings file.
    will default to the value: [0. 0. 0.]
Variable initial_velocity has no assigned value in the settings file.
    will default to the value: [0. 0. 0. 0. 0. 0.]
Generating an instance of StaticUvlm
Variable nonlifting_body_interactions has no assigned value in the settings file.
    will default to the value: False
Variable only_nonlifting has no assigned value in the settings file.
    will default to the value: False
Variable phantom_wing_test has no assigned value in the settings file.
    will default to the value: False
Variable iterative_solver has no assigned value in the settings file.
    will default to the value: False
Variable iterative_tol has no assigned value in the settings file.
    will default to the value: 0.0001
Variable iterative_precond has no assigned value in the settings file.
    will default to the value: False
Variable cfl1 has no assigned value in the settings file.
    will default to the value: True
Variable vortex_radius has no assigned value in the settings file.
    will default to the value: 1e-06
Variable vortex_radius_wake_ind has no assigned value in the settings file.
    will default to the value: 1e-06
Variable rbm_vel_g has no assigned value in the settings file.
    will default to the value: [0.0, 0.0, 0.0, 0.0, 0.0, 0.0]
Variable centre_rot_g has no assigned value in the settings file.
    will default to the value: [0.0, 0.0, 0.0]
Variable map_forces_on_struct has no assigned value in the settings file.
    will default to the value: False
Variable ignore_first_x_nodes_in_force_calculation has no assigned value in the settings file.
    will default to the value: 0



|=====|=====|============|==========|==========|==========|==========|==========|==========|
|iter |step | log10(res) |    Fx    |    Fy    |    Fz    |    Mx    |    My    |    Mz    |
|=====|=====|============|==========|==========|==========|==========|==========|==========|
|  0  |  0  |  0.00000   |  7.4944  | -0.0002  |-155.0615 |  2.1729  | 122.7033 |  0.0753  |
|  1  |  0  | -11.19950  |  7.4624  |  0.0003  |-154.4672 |  2.2261  | 122.8022 |  0.0786  |
|  0  |  1  |  0.00000   | 14.9544  |  0.0008  |-308.2913 |  4.5097  | 245.7085 |  0.1535  |
|  1  |  1  | -10.83666  | 14.8902  |  0.0017  |-307.1007 |  4.6162  | 245.9067 |  0.1600  |
|  0  |  2  |  0.00000   | 22.3800  |  0.0029  |-459.6823 |  7.0104  | 369.0170 |  0.2345  |
|  1  |  2  | -10.60673  | 22.2835  |  0.0043  |-457.8932 |  7.1700  | 369.3150 |  0.2443  |
|  0  |  3  |  0.00000   | 29.7712  |  0.0061  |-609.2271 |  9.6747  | 492.6301 |  0.3182  |
|  1  |  3  | -10.43414  | 29.6423  |  0.0079  |-606.8377 |  9.8874  | 493.0281 |  0.3314  |
|  0  |  4  |  0.00000   | 37.1283  |  0.0104  |-756.9187 | 12.5025  | 616.5491 |  0.4047  |
|  1  |  4  | -10.29444  | 36.9671  |  0.0129  |-753.9357 | 12.7341  | 617.0545 |  0.4201  |
|  0  |  5  |  0.00000   | 44.4516  |  0.0162  |-902.7660 | 15.4317  | 740.7881 |  0.4918  |
|  1  |  5  | -10.17791  | 44.2579  |  0.0191  |-899.1924 | 15.7638  | 741.4053 |  0.5120  |
|  0  |  6  |  0.00000   | 51.7412  |  0.0230  |-1046.7728| 18.5984  | 865.3571 |  0.5837  |
|  1  |  6  | -10.07450  | 51.5144  |  0.0264  |-1042.5787| 18.9702  | 866.0665 |  0.6068  |
|  0  |  7  |  0.00000   | 58.9963  |  0.0310  |-1188.8863| 21.9090  | 990.2238 |  0.6775  |
|  1  |  7  |  -9.98389  | 58.7365  |  0.0349  |-1184.0801| 22.3303  | 991.0336 |  0.7039  |
|  2  |  7  | -10.24777  | 58.5948  |  0.0370  |-1181.4587| 22.5563  | 991.4754 |  0.7181  |
|  0  |  8  |  0.00000   | 66.2157  |  0.0402  |-1329.0825| 25.3754  |1115.4064 |  0.7737  |
|  1  |  8  |  -9.90435  | 65.9239  |  0.0447  |-1323.6852| 25.8467  |1116.3144 |  0.8034  |
|  2  |  8  | -10.16748  | 65.7645  |  0.0470  |-1320.7363| 26.1003  |1116.8105 |  0.8194  |
|  0  |  9  |  0.00000   | 73.4025  |  0.0506  |-1467.4118| 29.0012  |1240.8982 |  0.8723  |
|  1  |  9  |  -9.83076  | 73.0776  |  0.0556  |-1461.4041| 29.5266  |1241.9082 |  0.9055  |
|  2  |  9  | -10.09327  | 72.8999  |  0.0583  |-1458.1170| 29.8085  |1242.4609 |  0.9234  |
Generating an instance of AeroForcesCalculator
Variable text_file_name has no assigned value in the settings file.
    will default to the value: aeroforces.txt
Variable screen_output has no assigned value in the settings file.
    will default to the value: True
Variable coefficients has no assigned value in the settings file.
    will default to the value: False
Variable lifting_surfaces has no assigned value in the settings file.
    will default to the value: True
Variable nonlifting_body has no assigned value in the settings file.
    will default to the value: False



|==============|==============|==============|==============|==============|==============|==============|
|    tstep     |     fx_g     |     fy_g     |     fz_g     |     mx_g     |     my_g     |     mz_g     |
|==============|==============|==============|==============|==============|==============|==============|
|      0       | 2.196735e+01 | 5.828791e-02 | 2.821524e+03 | 8.079832e+00 | 4.598051e+02 |-1.480537e-01 |
...Finished
FINISHED - Elapsed time = 6.0923076 seconds
FINISHED - CPU process time = 6.0956846 seconds
