--------------------------------------------------------------------------------
            ######  ##     ##    ###    ########  ########  ##    ##
           ##    ## ##     ##   ## ##   ##     ## ##     ##  ##  ##
           ##       ##     ##  ##   ##  ##     ## ##     ##   ####
            ######  ######### ##     ## ########  ########     ##
                 ## ##     ## ######### ##   ##   ##           ##
           ##    ## ##     ## ##     ## ##    ##  ##           ##
            ######  ##     ## ##     ## ##     ## ##           ##
--------------------------------------------------------------------------------
Aeroelastics Lab, Aeronautics Department.
    Copyright (c), Imperial College London.
    All rights reserved.
    License available at https://github.com/imperialcollegelondon/sharpy
Running SHARPy from /Users/benpreston/sharpy_cases/goland_swept_loads
SHARPy being run is in /Users/benpreston/sharpy_installs/dev_profiler
The branch being run is develop
The version and commit hash are: 2.1-284-g23da1e0b-23da1e0b
SHARPy output folder set
	/Users/benpreston/sharpy_cases/goland_swept_loads/output//goland_ang_n10_00_pos_0_50/
Generating an instance of BeamLoader
Variable for_pos has no assigned value in the settings file.
    will default to the value: [0.0, 0, 0]
Generating an instance of AerogridLoader
Variable control_surface_deflection has no assigned value in the settings file.
    will default to the value: []
Variable control_surface_deflection_generator_settings has no assigned value in the settings file.
    will default to the value: {}
Variable dx1 has no assigned value in the settings file.
    will default to the value: -1.0
Variable ndx1 has no assigned value in the settings file.
    will default to the value: 1
Variable r has no assigned value in the settings file.
    will default to the value: 1.0
Variable dxmax has no assigned value in the settings file.
    will default to the value: -1.0
The aerodynamic grid contains 2 surfaces
  Surface 0, M=16, N=20
     Wake 0, M=160, N=20
  Surface 1, M=16, N=20
     Wake 1, M=160, N=20
  In total: 640 bound panels
  In total: 6400 wake panels
  Total number of panels = 7040
Generating an instance of StaticCoupled
Variable correct_forces_method has no assigned value in the settings file.
    will default to the value: 
Variable correct_forces_settings has no assigned value in the settings file.
    will default to the value: {}
Variable runtime_generators has no assigned value in the settings file.
    will default to the value: {}
Variable nonlifting_body_interactions has no assigned value in the settings file.
    will default to the value: False
Generating an instance of NonLinearStatic
Variable abs_threshold has no assigned value in the settings file.
    will default to the value: 1e-13
Variable newmark_damp has no assigned value in the settings file.
    will default to the value: 0.0001
Variable gravity_dir has no assigned value in the settings file.
    will default to the value: [0.0, 0.0, 1.0]
Variable relaxation_factor has no assigned value in the settings file.
    will default to the value: 0.3
Variable dt has no assigned value in the settings file.
    will default to the value: 0.01
Variable num_steps has no assigned value in the settings file.
    will default to the value: 500
Variable initial_position has no assigned value in the settings file.
    will default to the value: [0. 0. 0.]
Variable initial_velocity has no assigned value in the settings file.
    will default to the value: [0. 0. 0. 0. 0. 0.]
Generating an instance of StaticUvlm
Variable nonlifting_body_interactions has no assigned value in the settings file.
    will default to the value: False
Variable only_nonlifting has no assigned value in the settings file.
    will default to the value: False
Variable phantom_wing_test has no assigned value in the settings file.
    will default to the value: False
Variable iterative_solver has no assigned value in the settings file.
    will default to the value: False
Variable iterative_tol has no assigned value in the settings file.
    will default to the value: 0.0001
Variable iterative_precond has no assigned value in the settings file.
    will default to the value: False
Variable cfl1 has no assigned value in the settings file.
    will default to the value: True
Variable vortex_radius has no assigned value in the settings file.
    will default to the value: 1e-06
Variable vortex_radius_wake_ind has no assigned value in the settings file.
    will default to the value: 1e-06
Variable rbm_vel_g has no assigned value in the settings file.
    will default to the value: [0.0, 0.0, 0.0, 0.0, 0.0, 0.0]
Variable centre_rot_g has no assigned value in the settings file.
    will default to the value: [0.0, 0.0, 0.0]
Variable map_forces_on_struct has no assigned value in the settings file.
    will default to the value: False
Variable ignore_first_x_nodes_in_force_calculation has no assigned value in the settings file.
    will default to the value: 0



|=====|=====|============|==========|==========|==========|==========|==========|==========|
|iter |step | log10(res) |    Fx    |    Fy    |    Fz    |    Mx    |    My    |    Mz    |
|=====|=====|============|==========|==========|==========|==========|==========|==========|
|  0  |  0  |  0.00000   |  7.3715  |  0.0000  |-151.2055 | -0.0000  | 92.3671  |  0.0000  |
|  1  |  0  | -11.73994  |  7.3490  |  0.0000  |-150.7854 |  0.0001  | 92.4930  |  0.0000  |
|  0  |  1  |  0.00000   | 14.7186  |  0.0000  |-301.1151 |  0.0002  | 185.1201 |  0.0000  |
|  1  |  1  | -11.30228  | 14.6734  |  0.0000  |-300.2720 |  0.0004  | 185.3728 |  0.0000  |
|  0  |  2  |  0.00000   | 22.0412  |  0.0000  |-449.7188 |  0.0007  | 278.2620 |  0.0000  |
|  1  |  2  | -11.02246  | 21.9732  |  0.0000  |-448.4498 |  0.0009  | 278.6423 |  0.0000  |
|  0  |  3  |  0.00000   | 29.3392  |  0.0000  |-597.0068 |  0.0014  | 371.7958 |  0.0000  |
|  1  |  3  | -10.81394  | 29.2483  |  0.0000  |-595.3089 |  0.0017  | 372.3046 |  0.0000  |
|  0  |  4  |  0.00000   | 36.6125  |  0.0000  |-742.9688 |  0.0024  | 465.7245 |  0.0000  |
|  1  |  4  | -10.64701  | 36.4987  |  0.0000  |-740.8392 |  0.0028  | 466.3627 |  0.0000  |
|  0  |  5  |  0.00000   | 43.8611  |  0.0000  |-887.5948 |  0.0036  | 560.0512 |  0.0001  |
|  1  |  5  | -10.50761  | 43.7241  |  0.0000  |-885.0303 |  0.0040  | 560.8198 |  0.0001  |
|  0  |  6  |  0.00000   | 51.0848  |  0.0000  |-1030.8743|  0.0050  | 654.7790 |  0.0001  |
|  1  |  6  | -10.38784  | 50.9245  |  0.0000  |-1027.8720|  0.0056  | 655.6789 |  0.0001  |
|  0  |  7  |  0.00000   | 58.2836  |  0.0000  |-1172.7970|  0.0067  | 749.9111 |  0.0001  |
|  1  |  7  | -10.28281  | 58.0999  |  0.0000  |-1169.3538|  0.0073  | 750.9432 |  0.0001  |
|  0  |  8  |  0.00000   | 65.4573  |  0.0000  |-1313.3525|  0.0087  | 845.4506 |  0.0001  |
|  1  |  8  | -10.18926  | 65.2502  |  0.0000  |-1309.4651|  0.0093  | 846.6158 |  0.0001  |
|  0  |  9  |  0.00000   | 72.6060  |  0.0000  |-1452.5299|  0.0109  | 941.4007 |  0.0002  |
|  1  |  9  | -10.10553  | 72.3753  |  0.0000  |-1448.2017| -0.0024  | 942.6980 |  0.0000  |
Generating an instance of AeroForcesCalculator
Variable text_file_name has no assigned value in the settings file.
    will default to the value: aeroforces.txt
Variable screen_output has no assigned value in the settings file.
    will default to the value: True
Variable coefficients has no assigned value in the settings file.
    will default to the value: False
Variable lifting_surfaces has no assigned value in the settings file.
    will default to the value: True
Variable nonlifting_body has no assigned value in the settings file.
    will default to the value: False



|==============|==============|==============|==============|==============|==============|==============|
|    tstep     |     fx_g     |     fy_g     |     fz_g     |     mx_g     |     my_g     |     mz_g     |
|==============|==============|==============|==============|==============|==============|==============|
|      0       | 2.174471e+01 |-6.161917e-06 | 2.823530e+03 |-9.475868e-03 | 7.336823e+02 | 2.368152e-04 |
...Finished
FINISHED - Elapsed time = 5.3435836 seconds
FINISHED - CPU process time = 5.3349116 seconds
