--------------------------------------------------------------------------------
            ######  ##     ##    ###    ########  ########  ##    ##
           ##    ## ##     ##   ## ##   ##     ## ##     ##  ##  ##
           ##       ##     ##  ##   ##  ##     ## ##     ##   ####
            ######  ######### ##     ## ########  ########     ##
                 ## ##     ## ######### ##   ##   ##           ##
           ##    ## ##     ## ##     ## ##    ##  ##           ##
            ######  ##     ## ##     ## ##     ## ##           ##
--------------------------------------------------------------------------------
Aeroelastics Lab, Aeronautics Department.
    Copyright (c), Imperial College London.
    All rights reserved.
    License available at https://github.com/imperialcollegelondon/sharpy
Running SHARPy from /Users/benpreston/sharpy_cases/goland_swept_loads
SHARPy being run is in /Users/benpreston/sharpy_installs/dev_profiler
The branch being run is develop
The version and commit hash are: 2.1-284-g23da1e0b-23da1e0b
SHARPy output folder set
	/Users/benpreston/sharpy_cases/goland_swept_loads/output//goland_ang_30_00_pos_0_95/
Generating an instance of BeamLoader
Variable for_pos has no assigned value in the settings file.
    will default to the value: [0.0, 0, 0]
Generating an instance of AerogridLoader
Variable control_surface_deflection has no assigned value in the settings file.
    will default to the value: []
Variable control_surface_deflection_generator_settings has no assigned value in the settings file.
    will default to the value: {}
Variable dx1 has no assigned value in the settings file.
    will default to the value: -1.0
Variable ndx1 has no assigned value in the settings file.
    will default to the value: 1
Variable r has no assigned value in the settings file.
    will default to the value: 1.0
Variable dxmax has no assigned value in the settings file.
    will default to the value: -1.0
The aerodynamic grid contains 2 surfaces
  Surface 0, M=16, N=20
     Wake 0, M=160, N=20
  Surface 1, M=16, N=20
     Wake 1, M=160, N=20
  In total: 640 bound panels
  In total: 6400 wake panels
  Total number of panels = 7040
Generating an instance of StaticCoupled
Variable correct_forces_method has no assigned value in the settings file.
    will default to the value: 
Variable correct_forces_settings has no assigned value in the settings file.
    will default to the value: {}
Variable runtime_generators has no assigned value in the settings file.
    will default to the value: {}
Variable nonlifting_body_interactions has no assigned value in the settings file.
    will default to the value: False
Generating an instance of NonLinearStatic
Variable abs_threshold has no assigned value in the settings file.
    will default to the value: 1e-13
Variable newmark_damp has no assigned value in the settings file.
    will default to the value: 0.0001
Variable gravity_dir has no assigned value in the settings file.
    will default to the value: [0.0, 0.0, 1.0]
Variable relaxation_factor has no assigned value in the settings file.
    will default to the value: 0.3
Variable dt has no assigned value in the settings file.
    will default to the value: 0.01
Variable num_steps has no assigned value in the settings file.
    will default to the value: 500
Variable initial_position has no assigned value in the settings file.
    will default to the value: [0. 0. 0.]
Variable initial_velocity has no assigned value in the settings file.
    will default to the value: [0. 0. 0. 0. 0. 0.]
Generating an instance of StaticUvlm
Variable nonlifting_body_interactions has no assigned value in the settings file.
    will default to the value: False
Variable only_nonlifting has no assigned value in the settings file.
    will default to the value: False
Variable phantom_wing_test has no assigned value in the settings file.
    will default to the value: False
Variable iterative_solver has no assigned value in the settings file.
    will default to the value: False
Variable iterative_tol has no assigned value in the settings file.
    will default to the value: 0.0001
Variable iterative_precond has no assigned value in the settings file.
    will default to the value: False
Variable cfl1 has no assigned value in the settings file.
    will default to the value: True
Variable vortex_radius has no assigned value in the settings file.
    will default to the value: 1e-06
Variable vortex_radius_wake_ind has no assigned value in the settings file.
    will default to the value: 1e-06
Variable rbm_vel_g has no assigned value in the settings file.
    will default to the value: [0.0, 0.0, 0.0, 0.0, 0.0, 0.0]
Variable centre_rot_g has no assigned value in the settings file.
    will default to the value: [0.0, 0.0, 0.0]
Variable map_forces_on_struct has no assigned value in the settings file.
    will default to the value: False
Variable ignore_first_x_nodes_in_force_calculation has no assigned value in the settings file.
    will default to the value: 0



|=====|=====|============|==========|==========|==========|==========|==========|==========|
|iter |step | log10(res) |    Fx    |    Fy    |    Fz    |    Mx    |    My    |    Mz    |
|=====|=====|============|==========|==========|==========|==========|==========|==========|
|  0  |  0  |  0.00000   |  7.3540  | -0.0001  |-150.3680 |  1.7036  | 123.5812 |  0.0582  |
|  1  |  0  | -11.22372  |  7.3212  |  0.0002  |-149.7593 |  1.7418  | 123.6826 |  0.0605  |
|  0  |  1  |  0.00000   | 14.6726  |  0.0004  |-298.8599 |  3.5248  | 247.4721 |  0.1183  |
|  1  |  1  | -10.85768  | 14.6069  |  0.0009  |-297.6403 |  3.6012  | 247.6752 |  0.1228  |
|  0  |  2  |  0.00000   | 21.9560  |  0.0015  |-445.4680 |  5.4635  | 371.6739 |  0.1802  |
|  1  |  2  | -10.62534  | 21.8572  |  0.0023  |-443.6354 |  5.5779  | 371.9791 |  0.1870  |
|  0  |  3  |  0.00000   | 29.2042  |  0.0032  |-590.1848 |  7.5193  | 496.1880 |  0.2438  |
|  1  |  3  | -10.45090  | 29.0721  |  0.0042  |-587.7370 |  7.6717  | 496.5958 |  0.2529  |
|  0  |  4  |  0.00000   | 36.4172  |  0.0055  |-733.0025 |  9.6920  | 621.0158 |  0.3092  |
|  1  |  4  | -10.30983  | 36.2517  |  0.0068  |-729.9371 |  9.8823  | 621.5266 |  0.3206  |
|  0  |  5  |  0.00000   | 43.5951  |  0.0084  |-873.9133 | 11.9812  | 746.1587 |  0.3762  |
|  1  |  5  | -10.19322  | 43.3969  |  0.0100  |-870.2602 | 12.1847  | 746.7972 |  0.3890  |
|  0  |  6  |  0.00000   | 50.7393  |  0.0120  |-1012.9658| 14.3431  | 871.6619 |  0.4432  |
|  1  |  6  | -10.08790  | 50.5067  |  0.0139  |-1008.6683| 14.6082  | 872.3892 |  0.4592  |
|  0  |  7  |  0.00000   | 57.8476  |  0.0161  |-1150.0651| 16.8567  | 997.4616 |  0.5131  |
|  1  |  7  |  -9.99656  | 57.5812  |  0.0183  |-1145.1400| 17.1557  | 998.2909 |  0.5312  |
|  2  |  7  | -10.26024  | 57.4359  |  0.0194  |-1142.4524| 17.3159  | 998.7435 |  0.5409  |
|  0  |  8  |  0.00000   | 64.9192  |  0.0209  |-1285.1967| 19.4798  |1123.5842 |  0.5843  |
|  1  |  8  |  -9.91637  | 64.6200  |  0.0234  |-1279.6652| 19.8171  |1124.5144 |  0.6048  |
|  2  |  8  | -10.17935  | 64.4565  |  0.0247  |-1276.6417| 19.9971  |1125.0229 |  0.6158  |
|  0  |  9  |  0.00000   | 71.9573  |  0.0263  |-1418.4140| 22.2171  |1250.0243 |  0.6570  |
|  1  |  9  |  -9.84228  | 71.6243  |  0.0291  |-1412.2573| 22.5917  |1251.0588 |  0.6799  |
|  2  |  9  | -10.10459  | 71.4420  |  0.0305  |-1408.8867| 22.7913  |1251.6253 |  0.6921  |
Generating an instance of AeroForcesCalculator
Variable text_file_name has no assigned value in the settings file.
    will default to the value: aeroforces.txt
Variable screen_output has no assigned value in the settings file.
    will default to the value: True
Variable coefficients has no assigned value in the settings file.
    will default to the value: False
Variable lifting_surfaces has no assigned value in the settings file.
    will default to the value: True
Variable nonlifting_body has no assigned value in the settings file.
    will default to the value: False



|==============|==============|==============|==============|==============|==============|==============|
|    tstep     |     fx_g     |     fy_g     |     fz_g     |     mx_g     |     my_g     |     mz_g     |
|==============|==============|==============|==============|==============|==============|==============|
|      0       | 2.222840e+01 | 3.050841e-02 | 2.864959e+03 | 5.754690e+00 | 4.668600e+02 |-1.168109e-01 |
...Finished
FINISHED - Elapsed time = 6.4319516 seconds
FINISHED - CPU process time = 6.3332536 seconds
