--------------------------------------------------------------------------------
            ######  ##     ##    ###    ########  ########  ##    ##
           ##    ## ##     ##   ## ##   ##     ## ##     ##  ##  ##
           ##       ##     ##  ##   ##  ##     ## ##     ##   ####
            ######  ######### ##     ## ########  ########     ##
                 ## ##     ## ######### ##   ##   ##           ##
           ##    ## ##     ## ##     ## ##    ##  ##           ##
            ######  ##     ## ##     ## ##     ## ##           ##
--------------------------------------------------------------------------------
Aeroelastics Lab, Aeronautics Department.
    Copyright (c), Imperial College London.
    All rights reserved.
    License available at https://github.com/imperialcollegelondon/sharpy
Running SHARPy from /Users/benpreston/sharpy_cases/goland_swept_loads
SHARPy being run is in /Users/benpreston/sharpy_installs/dev_profiler
The branch being run is develop
The version and commit hash are: 2.1-284-g23da1e0b-23da1e0b
SHARPy output folder set
	/Users/benpreston/sharpy_cases/goland_swept_loads/output//goland_ang_40_00_pos_0_65/
Generating an instance of BeamLoader
Variable for_pos has no assigned value in the settings file.
    will default to the value: [0.0, 0, 0]
Generating an instance of AerogridLoader
Variable control_surface_deflection has no assigned value in the settings file.
    will default to the value: []
Variable control_surface_deflection_generator_settings has no assigned value in the settings file.
    will default to the value: {}
Variable dx1 has no assigned value in the settings file.
    will default to the value: -1.0
Variable ndx1 has no assigned value in the settings file.
    will default to the value: 1
Variable r has no assigned value in the settings file.
    will default to the value: 1.0
Variable dxmax has no assigned value in the settings file.
    will default to the value: -1.0
The aerodynamic grid contains 2 surfaces
  Surface 0, M=16, N=20
     Wake 0, M=160, N=20
  Surface 1, M=16, N=20
     Wake 1, M=160, N=20
  In total: 640 bound panels
  In total: 6400 wake panels
  Total number of panels = 7040
Generating an instance of StaticCoupled
Variable correct_forces_method has no assigned value in the settings file.
    will default to the value: 
Variable correct_forces_settings has no assigned value in the settings file.
    will default to the value: {}
Variable runtime_generators has no assigned value in the settings file.
    will default to the value: {}
Variable nonlifting_body_interactions has no assigned value in the settings file.
    will default to the value: False
Generating an instance of NonLinearStatic
Variable abs_threshold has no assigned value in the settings file.
    will default to the value: 1e-13
Variable newmark_damp has no assigned value in the settings file.
    will default to the value: 0.0001
Variable gravity_dir has no assigned value in the settings file.
    will default to the value: [0.0, 0.0, 1.0]
Variable relaxation_factor has no assigned value in the settings file.
    will default to the value: 0.3
Variable dt has no assigned value in the settings file.
    will default to the value: 0.01
Variable num_steps has no assigned value in the settings file.
    will default to the value: 500
Variable initial_position has no assigned value in the settings file.
    will default to the value: [0. 0. 0.]
Variable initial_velocity has no assigned value in the settings file.
    will default to the value: [0. 0. 0. 0. 0. 0.]
Generating an instance of StaticUvlm
Variable nonlifting_body_interactions has no assigned value in the settings file.
    will default to the value: False
Variable only_nonlifting has no assigned value in the settings file.
    will default to the value: False
Variable phantom_wing_test has no assigned value in the settings file.
    will default to the value: False
Variable iterative_solver has no assigned value in the settings file.
    will default to the value: False
Variable iterative_tol has no assigned value in the settings file.
    will default to the value: 0.0001
Variable iterative_precond has no assigned value in the settings file.
    will default to the value: False
Variable cfl1 has no assigned value in the settings file.
    will default to the value: True
Variable vortex_radius has no assigned value in the settings file.
    will default to the value: 1e-06
Variable vortex_radius_wake_ind has no assigned value in the settings file.
    will default to the value: 1e-06
Variable rbm_vel_g has no assigned value in the settings file.
    will default to the value: [0.0, 0.0, 0.0, 0.0, 0.0, 0.0]
Variable centre_rot_g has no assigned value in the settings file.
    will default to the value: [0.0, 0.0, 0.0]
Variable map_forces_on_struct has no assigned value in the settings file.
    will default to the value: False
Variable ignore_first_x_nodes_in_force_calculation has no assigned value in the settings file.
    will default to the value: 0



|=====|=====|============|==========|==========|==========|==========|==========|==========|
|iter |step | log10(res) |    Fx    |    Fy    |    Fz    |    Mx    |    My    |    Mz    |
|=====|=====|============|==========|==========|==========|==========|==========|==========|
|  0  |  0  |  0.00000   |  8.2782  | -0.0004  |-182.7328 |  2.0112  | 181.6562 |  0.0568  |
|  1  |  0  | -10.63995  |  8.2345  |  0.0024  |-181.9274 |  2.2366  | 181.6412 |  0.0732  |
|  0  |  1  |  0.00000   | 16.5100  |  0.0071  |-362.9859 |  4.7153  | 363.2615 |  0.1324  |
|  1  |  1  | -10.30178  | 16.4224  |  0.0128  |-361.3762 |  5.1635  | 363.2317 |  0.1653  |
|  0  |  2  |  0.00000   | 24.6959  |  0.0225  |-540.7630 |  8.1035  | 544.8162 |  0.2267  |
|  1  |  2  | -10.09172  | 24.5644  |  0.0311  |-538.3531 |  8.7650  | 544.7730 |  0.2759  |
|  0  |  3  |  0.00000   | 32.8365  |  0.0458  |-716.0738 | 12.1529  | 726.3234 |  0.3387  |
|  1  |  3  |  -9.93518  | 32.6609  |  0.0574  |-712.8622 | 13.0404  | 726.2667 |  0.4048  |
|  2  |  3  | -10.20528  | 32.5665  |  0.0635  |-711.1365 | 13.5087  | 726.2363 |  0.4398  |
|  0  |  4  |  0.00000   | 40.9323  |  0.0772  |-888.9215 | 16.8725  | 907.7834 |  0.4682  |
|  1  |  4  |  -9.80907  | 40.7123  |  0.0918  |-884.9049 | 17.9807  | 907.7114 |  0.5516  |
|  2  |  4  | -10.07947  | 40.5941  |  0.0995  |-882.7477 | 18.5628  | 907.6729 |  0.5953  |
|  0  |  5  |  0.00000   | 48.9834  |  0.1166  |-1059.3002| 22.2549  |1089.1931 |  0.6156  |
|  1  |  5  |  -9.70289  | 48.7189  |  0.1344  |-1054.4804| 23.5780  |1089.1061 |  0.7160  |
|  2  |  5  |  -9.97361  | 48.5769  |  0.1437  |-1051.8932| 24.2695  |1089.0596 |  0.7685  |
|  3  |  5  | -12.38017  | 48.5774  |  0.1434  |-1051.9019| 24.2471  |1089.0601 |  0.7669  |
|  0  |  6  |  0.00000   | 56.9904  |  0.1643  |-1227.2143| 28.2854  |1270.5528 |  0.7801  |
|  1  |  6  |  -9.61084  | 56.6812  |  0.1852  |-1221.5921| 29.8235  |1270.4506 |  0.8978  |
|  2  |  6  |  -9.88184  | 56.5154  |  0.1960  |-1218.5757| 30.6229  |1270.3961 |  0.9591  |
|  3  |  6  | -12.22363  | 56.5161  |  0.1956  |-1218.5875| 30.5921  |1270.3967 |  0.9568  |
|  0  |  7  |  0.00000   | 64.9537  |  0.2201  |-1392.6667| 34.9578  |1451.8621 |  0.9615  |
|  1  |  7  |  -9.52934  | 64.5999  |  0.2442  |-1386.2453| 36.7085  |1451.7453 |  1.0966  |
|  2  |  7  |  -9.80058  | 64.4101  |  0.2566  |-1382.8016| 37.6138  |1451.6831 |  1.1665  |
|  3  |  7  | -12.09274  | 64.4110  |  0.2561  |-1382.8167| 37.5736  |1451.6839 |  1.1635  |
|  0  |  8  |  0.00000   | 72.8739  |  0.2841  |-1555.6639| 42.2638  |1633.1220 |  1.1595  |
|  1  |  8  |  -9.45585  | 72.4751  |  0.3114  |-1548.4379| 44.2257  |1632.9898 |  1.3120  |
|  2  |  8  |  -9.72743  | 72.2613  |  0.3255  |-1544.5654| 45.2347  |1632.9195 |  1.3907  |
|  3  |  8  | -11.95839  | 72.2624  |  0.3248  |-1544.5851| 45.1839  |1632.9205 |  1.3869  |
|  0  |  9  |  0.00000   | 80.7512  |  0.3565  |-1716.2010| 50.1955  |1814.3312 |  1.3736  |
|  1  |  9  |  -9.38923  | 80.3074  |  0.3870  |-1708.1788| 52.3670  |1814.1848 |  1.5438  |
|  2  |  9  |  -9.66103  | 80.0697  |  0.4027  |-1703.8812| 53.4778  |1814.1070 |  1.6311  |
|  3  |  9  | -11.85544  | 80.0710  |  0.4019  |-1703.9048| 53.4151  |1814.1082 |  1.6264  |
Generating an instance of AeroForcesCalculator
Variable text_file_name has no assigned value in the settings file.
    will default to the value: aeroforces.txt
Variable screen_output has no assigned value in the settings file.
    will default to the value: True
Variable coefficients has no assigned value in the settings file.
    will default to the value: False
Variable lifting_surfaces has no assigned value in the settings file.
    will default to the value: True
Variable nonlifting_body has no assigned value in the settings file.
    will default to the value: False



|==============|==============|==============|==============|==============|==============|==============|
|    tstep     |     fx_g     |     fy_g     |     fz_g     |     mx_g     |     my_g     |     mz_g     |
|==============|==============|==============|==============|==============|==============|==============|
|      0       | 2.055691e+01 | 4.016556e-01 | 2.572619e+03 | 3.330273e+01 | 8.146848e+01 |-2.609114e-01 |
...Finished
FINISHED - Elapsed time = 8.2966216 seconds
FINISHED - CPU process time = 8.3054496 seconds
