--------------------------------------------------------------------------------
            ######  ##     ##    ###    ########  ########  ##    ##
           ##    ## ##     ##   ## ##   ##     ## ##     ##  ##  ##
           ##       ##     ##  ##   ##  ##     ## ##     ##   ####
            ######  ######### ##     ## ########  ########     ##
                 ## ##     ## ######### ##   ##   ##           ##
           ##    ## ##     ## ##     ## ##    ##  ##           ##
            ######  ##     ## ##     ## ##     ## ##           ##
--------------------------------------------------------------------------------
Aeroelastics Lab, Aeronautics Department.
    Copyright (c), Imperial College London.
    All rights reserved.
    License available at https://github.com/imperialcollegelondon/sharpy
Running SHARPy from /Users/benpreston/sharpy_cases/goland_swept_loads
SHARPy being run is in /Users/benpreston/sharpy_installs/dev_profiler
The branch being run is develop
The version and commit hash are: 2.1-284-g23da1e0b-23da1e0b
SHARPy output folder set
	/Users/benpreston/sharpy_cases/goland_swept_loads/output//goland_ang_40_00_pos_0_60/
Generating an instance of BeamLoader
Variable for_pos has no assigned value in the settings file.
    will default to the value: [0.0, 0, 0]
Generating an instance of AerogridLoader
Variable control_surface_deflection has no assigned value in the settings file.
    will default to the value: []
Variable control_surface_deflection_generator_settings has no assigned value in the settings file.
    will default to the value: {}
Variable dx1 has no assigned value in the settings file.
    will default to the value: -1.0
Variable ndx1 has no assigned value in the settings file.
    will default to the value: 1
Variable r has no assigned value in the settings file.
    will default to the value: 1.0
Variable dxmax has no assigned value in the settings file.
    will default to the value: -1.0
The aerodynamic grid contains 2 surfaces
  Surface 0, M=16, N=20
     Wake 0, M=160, N=20
  Surface 1, M=16, N=20
     Wake 1, M=160, N=20
  In total: 640 bound panels
  In total: 6400 wake panels
  Total number of panels = 7040
Generating an instance of StaticCoupled
Variable correct_forces_method has no assigned value in the settings file.
    will default to the value: 
Variable correct_forces_settings has no assigned value in the settings file.
    will default to the value: {}
Variable runtime_generators has no assigned value in the settings file.
    will default to the value: {}
Variable nonlifting_body_interactions has no assigned value in the settings file.
    will default to the value: False
Generating an instance of NonLinearStatic
Variable abs_threshold has no assigned value in the settings file.
    will default to the value: 1e-13
Variable newmark_damp has no assigned value in the settings file.
    will default to the value: 0.0001
Variable gravity_dir has no assigned value in the settings file.
    will default to the value: [0.0, 0.0, 1.0]
Variable relaxation_factor has no assigned value in the settings file.
    will default to the value: 0.3
Variable dt has no assigned value in the settings file.
    will default to the value: 0.01
Variable num_steps has no assigned value in the settings file.
    will default to the value: 500
Variable initial_position has no assigned value in the settings file.
    will default to the value: [0. 0. 0.]
Variable initial_velocity has no assigned value in the settings file.
    will default to the value: [0. 0. 0. 0. 0. 0.]
Generating an instance of StaticUvlm
Variable nonlifting_body_interactions has no assigned value in the settings file.
    will default to the value: False
Variable only_nonlifting has no assigned value in the settings file.
    will default to the value: False
Variable phantom_wing_test has no assigned value in the settings file.
    will default to the value: False
Variable iterative_solver has no assigned value in the settings file.
    will default to the value: False
Variable iterative_tol has no assigned value in the settings file.
    will default to the value: 0.0001
Variable iterative_precond has no assigned value in the settings file.
    will default to the value: False
Variable cfl1 has no assigned value in the settings file.
    will default to the value: True
Variable vortex_radius has no assigned value in the settings file.
    will default to the value: 1e-06
Variable vortex_radius_wake_ind has no assigned value in the settings file.
    will default to the value: 1e-06
Variable rbm_vel_g has no assigned value in the settings file.
    will default to the value: [0.0, 0.0, 0.0, 0.0, 0.0, 0.0]
Variable centre_rot_g has no assigned value in the settings file.
    will default to the value: [0.0, 0.0, 0.0]
Variable map_forces_on_struct has no assigned value in the settings file.
    will default to the value: False
Variable ignore_first_x_nodes_in_force_calculation has no assigned value in the settings file.
    will default to the value: 0



|=====|=====|============|==========|==========|==========|==========|==========|==========|
|iter |step | log10(res) |    Fx    |    Fy    |    Fz    |    Mx    |    My    |    Mz    |
|=====|=====|============|==========|==========|==========|==========|==========|==========|
|  0  |  0  |  0.00000   |  8.4179  |  0.0000  |-187.8241 |  0.0000  | 200.7164 |  0.0000  |
|  1  |  0  | -10.54231  |  8.3704  |  0.0000  |-186.9521 | -0.0002  | 200.6392 | -0.0000  |
|  0  |  1  |  0.00000   | 16.7856  |  0.0000  |-372.9645 | -0.0005  | 401.1898 | -0.0000  |
|  1  |  1  | -10.20235  | 16.6905  |  0.0000  |-371.2230 | -0.0009  | 401.0358 | -0.0000  |
|  0  |  2  |  0.00000   | 25.1038  |  0.0001  |-555.4290 | -0.0016  | 601.4211 | -0.0001  |
|  1  |  2  |  -9.99067  | 24.9612  | -0.0000  |-552.8240 |  0.0011  | 601.1929 |  0.0000  |
|  2  |  2  | -10.26115  | 24.8846  | -0.0001  |-551.4258 |  0.0026  | 601.0704 |  0.0001  |
|  0  |  3  |  0.00000   | 33.3736  | -0.0001  |-735.2381 |  0.0034  | 801.4164 |  0.0001  |
|  1  |  3  |  -9.83262  | 33.1829  | -0.0001  |-731.7627 |  0.0043  | 801.1110 |  0.0001  |
|  2  |  3  | -10.10363  | 33.0806  | -0.0002  |-729.8994 |  0.0048  | 800.9474 |  0.0002  |
|  0  |  4  |  0.00000   | 41.5950  | -0.0002  |-912.3824 |  0.0059  |1001.1710 |  0.0002  |
|  1  |  4  |  -9.70571  | 41.3561  | -0.0002  |-908.0405 |  0.0072  |1000.7888 |  0.0002  |
|  2  |  4  |  -9.97725  | 41.2282  | -0.0002  |-905.7151 |  0.0078  |1000.5842 |  0.0003  |
|  3  |  4  | -12.24365  | 41.2289  | -0.0002  |-905.7278 |  0.0078  |1000.5856 |  0.0002  |
|  0  |  5  |  0.00000   | 49.7686  | -0.0003  |-1086.8707|  0.0094  |1200.6855 |  0.0003  |
|  1  |  5  |  -9.59877  | 49.4815  | -0.0003  |-1081.6646|  0.0110  |1200.2268 |  0.0003  |
|  2  |  5  |  -9.87082  | 49.3279  | -0.0004  |-1078.8793|  0.0119  |1199.9816 |  0.0004  |
|  3  |  5  | -12.01422  | 49.3290  | -0.0004  |-1078.8986|  0.0118  |1199.9835 |  0.0004  |
|  0  |  6  |  0.00000   | 57.8952  | -0.0004  |-1258.7131|  0.0138  |1399.9606 |  0.0004  |
|  1  |  6  |  -9.50569  | 57.5596  | -0.0005  |-1252.6415|  0.0159  |1399.4254 |  0.0005  |
|  2  |  6  |  -9.77829  | 57.3802  | -0.0005  |-1249.3970|  0.0170  |1399.1396 |  0.0005  |
|  3  |  6  | -11.84937  | 57.3817  | -0.0005  |-1249.4236|  0.0169  |1399.1423 |  0.0005  |
|  0  |  7  |  0.00000   | 65.9752  | -0.0006  |-1427.9116|  0.0193  |1598.9966 |  0.0006  |
|  1  |  7  |  -9.42355  | 65.5911  | -0.0006  |-1420.9805|  0.0219  |1598.3855 |  0.0007  |
|  2  |  7  |  -9.69663  | 65.3860  | -0.0006  |-1417.2803|  0.0232  |1598.0597 |  0.0007  |
|  3  |  7  | -11.71337  | 65.3879  | -0.0006  |-1417.3145|  0.0231  |1598.0631 |  0.0007  |
|  0  |  8  |  0.00000   | 74.0094  | -0.0007  |-1594.4788|  0.0260  |1797.7950 |  0.0008  |
|  1  |  8  |  -9.34945  | 73.5764  | -0.0008  |-1586.6822|  0.0291  |1797.1069 |  0.0009  |
|  2  |  8  |  -9.62310  | 73.3455  | -0.0008  |-1582.5251|  0.0306  |1796.7404 |  0.0009  |
|  3  |  8  | -11.58300  | 73.3479  | -0.0008  |-1582.5691|  0.0305  |1796.7448 |  0.0009  |
|  0  |  9  |  0.00000   | 81.9981  | -0.0009  |-1758.4115|  0.0339  |1996.3542 |  0.0010  |
|  1  |  9  |  -9.28236  | 81.5162  | -0.0010  |-1749.7601|  0.0375  |1995.5909 |  0.0011  |
|  2  |  9  |  -9.55648  | 81.2596  | -0.0010  |-1745.1516|  0.0394  |1995.1848 |  0.0011  |
|  3  |  9  | -11.47448  | 81.2626  | -0.0010  |-1745.2051|  0.0392  |1995.1901 |  0.0011  |
Generating an instance of AeroForcesCalculator
Variable text_file_name has no assigned value in the settings file.
    will default to the value: aeroforces.txt
Variable screen_output has no assigned value in the settings file.
    will default to the value: True
Variable coefficients has no assigned value in the settings file.
    will default to the value: False
Variable lifting_surfaces has no assigned value in the settings file.
    will default to the value: True
Variable nonlifting_body has no assigned value in the settings file.
    will default to the value: False



|==============|==============|==============|==============|==============|==============|==============|
|    tstep     |     fx_g     |     fy_g     |     fz_g     |     mx_g     |     my_g     |     mz_g     |
|==============|==============|==============|==============|==============|==============|==============|
|      0       | 2.030655e+01 |-1.008614e-03 | 2.524049e+03 | 3.919732e-02 |-5.005176e+01 |-2.398166e-04 |
...Finished
FINISHED - Elapsed time = 9.0294726 seconds
FINISHED - CPU process time = 8.9946486 seconds
