--------------------------------------------------------------------------------
            ######  ##     ##    ###    ########  ########  ##    ##
           ##    ## ##     ##   ## ##   ##     ## ##     ##  ##  ##
           ##       ##     ##  ##   ##  ##     ## ##     ##   ####
            ######  ######### ##     ## ########  ########     ##
                 ## ##     ## ######### ##   ##   ##           ##
           ##    ## ##     ## ##     ## ##    ##  ##           ##
            ######  ##     ## ##     ## ##     ## ##           ##
--------------------------------------------------------------------------------
Aeroelastics Lab, Aeronautics Department.
    Copyright (c), Imperial College London.
    All rights reserved.
    License available at https://github.com/imperialcollegelondon/sharpy
Running SHARPy from /Users/benpreston/sharpy_cases/goland_swept_loads
SHARPy being run is in /Users/benpreston/sharpy_installs/dev_profiler
The branch being run is develop
The version and commit hash are: 2.1-284-g23da1e0b-23da1e0b
SHARPy output folder set
	/Users/benpreston/sharpy_cases/goland_swept_loads/output//goland_ang_50_00_pos_0_80/
Generating an instance of BeamLoader
Variable for_pos has no assigned value in the settings file.
    will default to the value: [0.0, 0, 0]
Generating an instance of AerogridLoader
Variable control_surface_deflection has no assigned value in the settings file.
    will default to the value: []
Variable control_surface_deflection_generator_settings has no assigned value in the settings file.
    will default to the value: {}
Variable dx1 has no assigned value in the settings file.
    will default to the value: -1.0
Variable ndx1 has no assigned value in the settings file.
    will default to the value: 1
Variable r has no assigned value in the settings file.
    will default to the value: 1.0
Variable dxmax has no assigned value in the settings file.
    will default to the value: -1.0
The aerodynamic grid contains 2 surfaces
  Surface 0, M=16, N=20
     Wake 0, M=160, N=20
  Surface 1, M=16, N=20
     Wake 1, M=160, N=20
  In total: 640 bound panels
  In total: 6400 wake panels
  Total number of panels = 7040
Generating an instance of StaticCoupled
Variable correct_forces_method has no assigned value in the settings file.
    will default to the value: 
Variable correct_forces_settings has no assigned value in the settings file.
    will default to the value: {}
Variable runtime_generators has no assigned value in the settings file.
    will default to the value: {}
Variable nonlifting_body_interactions has no assigned value in the settings file.
    will default to the value: False
Generating an instance of NonLinearStatic
Variable abs_threshold has no assigned value in the settings file.
    will default to the value: 1e-13
Variable newmark_damp has no assigned value in the settings file.
    will default to the value: 0.0001
Variable gravity_dir has no assigned value in the settings file.
    will default to the value: [0.0, 0.0, 1.0]
Variable relaxation_factor has no assigned value in the settings file.
    will default to the value: 0.3
Variable dt has no assigned value in the settings file.
    will default to the value: 0.01
Variable num_steps has no assigned value in the settings file.
    will default to the value: 500
Variable initial_position has no assigned value in the settings file.
    will default to the value: [0. 0. 0.]
Variable initial_velocity has no assigned value in the settings file.
    will default to the value: [0. 0. 0. 0. 0. 0.]
Generating an instance of StaticUvlm
Variable nonlifting_body_interactions has no assigned value in the settings file.
    will default to the value: False
Variable only_nonlifting has no assigned value in the settings file.
    will default to the value: False
Variable phantom_wing_test has no assigned value in the settings file.
    will default to the value: False
Variable iterative_solver has no assigned value in the settings file.
    will default to the value: False
Variable iterative_tol has no assigned value in the settings file.
    will default to the value: 0.0001
Variable iterative_precond has no assigned value in the settings file.
    will default to the value: False
Variable cfl1 has no assigned value in the settings file.
    will default to the value: True
Variable vortex_radius has no assigned value in the settings file.
    will default to the value: 1e-06
Variable vortex_radius_wake_ind has no assigned value in the settings file.
    will default to the value: 1e-06
Variable rbm_vel_g has no assigned value in the settings file.
    will default to the value: [0.0, 0.0, 0.0, 0.0, 0.0, 0.0]
Variable centre_rot_g has no assigned value in the settings file.
    will default to the value: [0.0, 0.0, 0.0]
Variable map_forces_on_struct has no assigned value in the settings file.
    will default to the value: False
Variable ignore_first_x_nodes_in_force_calculation has no assigned value in the settings file.
    will default to the value: 0



|=====|=====|============|==========|==========|==========|==========|==========|==========|
|iter |step | log10(res) |    Fx    |    Fy    |    Fz    |    Mx    |    My    |    Mz    |
|=====|=====|============|==========|==========|==========|==========|==========|==========|
|  0  |  0  |  0.00000   |  8.0613  |  0.0000  |-175.0475 |  0.0000  | 145.3792 |  0.0000  |
|  1  |  0  | -10.88558  |  8.0260  |  0.0000  |-174.3931 |  0.0009  | 145.4574 |  0.0000  |
|  0  |  1  |  0.00000   | 16.0850  |  0.0000  |-348.0791 |  0.0028  | 290.9955 |  0.0000  |
|  1  |  1  | -10.54361  | 16.0143  |  0.0001  |-346.7693 |  0.0046  | 291.1520 |  0.0000  |
|  0  |  2  |  0.00000   | 24.0711  |  0.0001  |-519.0906 |  0.0084  | 436.8495 |  0.0001  |
|  1  |  2  | -10.33027  | 23.9649  |  0.0002  |-517.1242 |  0.0112  | 437.0845 |  0.0001  |
|  0  |  3  |  0.00000   | 32.0200  |  0.0003  |-688.0780 |  0.0169  | 582.9419 |  0.0001  |
|  1  |  3  | -10.17342  | 31.8784  | -0.0002  |-685.4707 | -0.0088  | 583.2635 | -0.0001  |
|  0  |  4  |  0.00000   | 39.9324  | -0.0005  |-855.0692 | -0.0282  | 729.2885 | -0.0002  |
|  1  |  4  | -10.04259  | 39.7548  | -0.0006  |-851.7969 | -0.0328  | 729.6888 | -0.0002  |
|  0  |  5  |  0.00000   | 47.8076  | -0.0007  |-1020.0221| -0.0422  | 875.8766 | -0.0003  |
|  1  |  5  |  -9.93441  | 47.5940  | -0.0009  |-1016.0852| -0.0478  | 876.3531 | -0.0003  |
|  2  |  5  | -10.20131  | 47.4784  | -0.0009  |-1013.9536| -0.0507  | 876.6111 | -0.0003  |
|  0  |  6  |  0.00000   | 55.6453  | -0.0011  |-1182.9215| -0.0592  |1022.7030 | -0.0003  |
|  1  |  6  |  -9.84052  | 55.3961  | -0.0012  |-1178.3290| -0.0657  |1023.2585 | -0.0004  |
|  2  |  6  | -10.10714  | 55.2610  | -0.0012  |-1175.8405| -0.0692  |1023.5596 | -0.0004  |
|  0  |  7  |  0.00000   | 63.4469  | -0.0014  |-1343.7869| -0.0790  |1169.7713 | -0.0004  |
|  1  |  7  |  -9.75733  | 63.1616  | -0.0016  |-1338.5352| -0.0865  |1170.4057 | -0.0005  |
|  2  |  7  | -10.02351  | 63.0068  | -0.0016  |-1335.6863| -0.0905  |1170.7500 | -0.0005  |
|  0  |  8  |  0.00000   | 71.2121  | -0.0018  |-1502.6074| -0.1017  |1317.0818 | -0.0005  |
|  1  |  8  |  -9.68199  | 70.8905  | -0.0020  |-1496.6915| -0.1101  |1317.7959 | -0.0006  |
|  2  |  8  |  -9.94789  | 70.7159  | -0.0021  |-1493.4799| -0.1146  |1318.1836 | -0.0006  |
|  3  |  8  | -12.03790  | 70.7143  | -0.0021  |-1493.4516| -0.1146  |1318.1872 | -0.0006  |
|  0  |  9  |  0.00000   | 78.9409  | -0.0023  |-1659.3741| -0.1273  |1464.6357 | -0.0006  |
|  1  |  9  |  -9.61361  | 78.5829  | -0.0025  |-1652.7940| -0.1367  |1465.4291 | -0.0007  |
|  2  |  9  |  -9.87917  | 78.3884  | -0.0026  |-1649.2186| -0.1417  |1465.8603 | -0.0007  |
|  3  |  9  | -11.92390  | 78.3865  | -0.0026  |-1649.1838| -0.1417  |1465.8647 | -0.0007  |
Generating an instance of AeroForcesCalculator
Variable text_file_name has no assigned value in the settings file.
    will default to the value: aeroforces.txt
Variable screen_output has no assigned value in the settings file.
    will default to the value: True
Variable coefficients has no assigned value in the settings file.
    will default to the value: False
Variable lifting_surfaces has no assigned value in the settings file.
    will default to the value: True
Variable nonlifting_body has no assigned value in the settings file.
    will default to the value: False



|==============|==============|==============|==============|==============|==============|==============|
|    tstep     |     fx_g     |     fy_g     |     fz_g     |     mx_g     |     my_g     |     mz_g     |
|==============|==============|==============|==============|==============|==============|==============|
|      0       | 2.078291e+01 |-2.605928e-03 | 2.620136e+03 |-1.415915e-01 | 3.426154e+02 | 4.242817e-03 |
...Finished
FINISHED - Elapsed time = 7.0790056 seconds
FINISHED - CPU process time = 7.1058236 seconds
