--------------------------------------------------------------------------------
            ######  ##     ##    ###    ########  ########  ##    ##
           ##    ## ##     ##   ## ##   ##     ## ##     ##  ##  ##
           ##       ##     ##  ##   ##  ##     ## ##     ##   ####
            ######  ######### ##     ## ########  ########     ##
                 ## ##     ## ######### ##   ##   ##           ##
           ##    ## ##     ## ##     ## ##    ##  ##           ##
            ######  ##     ## ##     ## ##     ## ##           ##
--------------------------------------------------------------------------------
Aeroelastics Lab, Aeronautics Department.
    Copyright (c), Imperial College London.
    All rights reserved.
    License available at https://github.com/imperialcollegelondon/sharpy
Running SHARPy from /Users/benpreston/sharpy_cases/goland_swept_loads
SHARPy being run is in /Users/benpreston/sharpy_installs/dev_profiler
The branch being run is develop
The version and commit hash are: 2.1-284-g23da1e0b-23da1e0b
SHARPy output folder set
	/Users/benpreston/sharpy_cases/goland_swept_loads/output//goland_ang_30_00_pos_0_80/
Generating an instance of BeamLoader
Variable for_pos has no assigned value in the settings file.
    will default to the value: [0.0, 0, 0]
Generating an instance of AerogridLoader
Variable control_surface_deflection has no assigned value in the settings file.
    will default to the value: []
Variable control_surface_deflection_generator_settings has no assigned value in the settings file.
    will default to the value: {}
Variable dx1 has no assigned value in the settings file.
    will default to the value: -1.0
Variable ndx1 has no assigned value in the settings file.
    will default to the value: 1
Variable r has no assigned value in the settings file.
    will default to the value: 1.0
Variable dxmax has no assigned value in the settings file.
    will default to the value: -1.0
The aerodynamic grid contains 2 surfaces
  Surface 0, M=16, N=20
     Wake 0, M=160, N=20
  Surface 1, M=16, N=20
     Wake 1, M=160, N=20
  In total: 640 bound panels
  In total: 6400 wake panels
  Total number of panels = 7040
Generating an instance of StaticCoupled
Variable correct_forces_method has no assigned value in the settings file.
    will default to the value: 
Variable correct_forces_settings has no assigned value in the settings file.
    will default to the value: {}
Variable runtime_generators has no assigned value in the settings file.
    will default to the value: {}
Variable nonlifting_body_interactions has no assigned value in the settings file.
    will default to the value: False
Generating an instance of NonLinearStatic
Variable abs_threshold has no assigned value in the settings file.
    will default to the value: 1e-13
Variable newmark_damp has no assigned value in the settings file.
    will default to the value: 0.0001
Variable gravity_dir has no assigned value in the settings file.
    will default to the value: [0.0, 0.0, 1.0]
Variable relaxation_factor has no assigned value in the settings file.
    will default to the value: 0.3
Variable dt has no assigned value in the settings file.
    will default to the value: 0.01
Variable num_steps has no assigned value in the settings file.
    will default to the value: 500
Variable initial_position has no assigned value in the settings file.
    will default to the value: [0. 0. 0.]
Variable initial_velocity has no assigned value in the settings file.
    will default to the value: [0. 0. 0. 0. 0. 0.]
Generating an instance of StaticUvlm
Variable nonlifting_body_interactions has no assigned value in the settings file.
    will default to the value: False
Variable only_nonlifting has no assigned value in the settings file.
    will default to the value: False
Variable phantom_wing_test has no assigned value in the settings file.
    will default to the value: False
Variable iterative_solver has no assigned value in the settings file.
    will default to the value: False
Variable iterative_tol has no assigned value in the settings file.
    will default to the value: 0.0001
Variable iterative_precond has no assigned value in the settings file.
    will default to the value: False
Variable cfl1 has no assigned value in the settings file.
    will default to the value: True
Variable vortex_radius has no assigned value in the settings file.
    will default to the value: 1e-06
Variable vortex_radius_wake_ind has no assigned value in the settings file.
    will default to the value: 1e-06
Variable rbm_vel_g has no assigned value in the settings file.
    will default to the value: [0.0, 0.0, 0.0, 0.0, 0.0, 0.0]
Variable centre_rot_g has no assigned value in the settings file.
    will default to the value: [0.0, 0.0, 0.0]
Variable map_forces_on_struct has no assigned value in the settings file.
    will default to the value: False
Variable ignore_first_x_nodes_in_force_calculation has no assigned value in the settings file.
    will default to the value: 0



|=====|=====|============|==========|==========|==========|==========|==========|==========|
|iter |step | log10(res) |    Fx    |    Fy    |    Fz    |    Mx    |    My    |    Mz    |
|=====|=====|============|==========|==========|==========|==========|==========|==========|
|  0  |  0  |  0.00000   |  7.5692  |  0.0000  |-158.0448 |  0.0000  | 138.0666 |  0.0000  |
|  1  |  0  | -10.99510  |  7.5328  |  0.0000  |-157.3716 |  0.0003  | 138.1509 |  0.0000  |
|  0  |  1  |  0.00000   | 15.0994  |  0.0000  |-314.0154 |  0.0008  | 276.3898 |  0.0000  |
|  1  |  1  | -10.64491  | 15.0265  |  0.0000  |-312.6676 |  0.0013  | 276.5587 |  0.0000  |
|  0  |  2  |  0.00000   | 22.5907  |  0.0000  |-467.9064 |  0.0024  | 414.9704 |  0.0000  |
|  1  |  2  | -10.42492  | 22.4812  |  0.0000  |-465.8824 |  0.0032  | 415.2240 |  0.0000  |
|  0  |  3  |  0.00000   | 30.0434  |  0.0000  |-619.7125 |  0.0048  | 553.8090 |  0.0000  |
|  1  |  3  | -10.26036  | 29.8971  |  0.0001  |-617.0107 |  0.0059  | 554.1476 |  0.0000  |
|  0  |  4  |  0.00000   | 37.4575  |  0.0001  |-769.4281 |  0.0080  | 692.9065 |  0.0000  |
|  1  |  4  | -10.12818  | 37.2747  | -0.0000  |-766.0641 | -0.0039  | 693.3416 | -0.0000  |
|  0  |  5  |  0.00000   | 44.8340  | -0.0001  |-917.0790 | -0.0120  | 832.2845 | -0.0001  |
|  1  |  5  | -10.01471  | 44.6138  | -0.0001  |-913.0238 | -0.0134  | 832.8000 | -0.0001  |
|  0  |  6  |  0.00000   | 52.1718  | -0.0002  |-1062.6151| -0.0164  | 971.9166 | -0.0001  |
|  1  |  6  |  -9.91737  | 51.9144  | -0.0002  |-1057.8744| -0.0181  | 972.5158 | -0.0001  |
|  2  |  6  | -10.18345  | 51.7748  | -0.0002  |-1055.3019| -0.0190  | 972.8410 | -0.0001  |
|  0  |  7  |  0.00000   | 59.4705  | -0.0002  |-1206.0213| -0.0217  |1111.8102 | -0.0001  |
|  1  |  7  |  -9.83184  | 59.1764  | -0.0003  |-1200.6074| -0.0236  |1112.4940 | -0.0001  |
|  2  |  7  | -10.09723  | 59.0166  | -0.0003  |-1197.6648| -0.0246  |1112.8656 | -0.0001  |
|  0  |  8  |  0.00000   | 66.7319  | -0.0003  |-1347.3252| -0.0276  |1251.9652 | -0.0001  |
|  1  |  8  |  -9.75448  | 66.4005  | -0.0003  |-1341.2293| -0.0297  |1252.7345 | -0.0001  |
|  2  |  8  | -10.01967  | 66.2203  | -0.0003  |-1337.9139| -0.0308  |1253.1529 | -0.0001  |
|  0  |  9  |  0.00000   | 73.9556  | -0.0004  |-1486.5120| -0.0341  |1392.3834 | -0.0001  |
|  1  |  9  |  -9.68384  | 73.5867  | -0.0004  |-1479.7280| -0.0364  |1393.2385 | -0.0001  |
|  2  |  9  |  -9.94869  | 73.3859  | -0.0004  |-1476.0350| -0.0376  |1393.7041 | -0.0001  |
|  3  |  9  | -11.89689  | 73.3835  | -0.0004  |-1475.9917| -0.0375  |1393.7097 | -0.0001  |
Generating an instance of AeroForcesCalculator
Variable text_file_name has no assigned value in the settings file.
    will default to the value: aeroforces.txt
Variable screen_output has no assigned value in the settings file.
    will default to the value: True
Variable coefficients has no assigned value in the settings file.
    will default to the value: False
Variable lifting_surfaces has no assigned value in the settings file.
    will default to the value: True
Variable nonlifting_body has no assigned value in the settings file.
    will default to the value: False



|==============|==============|==============|==============|==============|==============|==============|
|    tstep     |     fx_g     |     fy_g     |     fz_g     |     mx_g     |     my_g     |     mz_g     |
|==============|==============|==============|==============|==============|==============|==============|
|      0       | 2.182717e+01 |-4.165368e-04 | 2.793400e+03 |-3.749222e-02 | 3.740307e+02 | 1.218209e-03 |
...Finished
FINISHED - Elapsed time = 6.6915756 seconds
FINISHED - CPU process time = 6.6896916 seconds
