--------------------------------------------------------------------------------
            ######  ##     ##    ###    ########  ########  ##    ##
           ##    ## ##     ##   ## ##   ##     ## ##     ##  ##  ##
           ##       ##     ##  ##   ##  ##     ## ##     ##   ####
            ######  ######### ##     ## ########  ########     ##
                 ## ##     ## ######### ##   ##   ##           ##
           ##    ## ##     ## ##     ## ##    ##  ##           ##
            ######  ##     ## ##     ## ##     ## ##           ##
--------------------------------------------------------------------------------
Aeroelastics Lab, Aeronautics Department.
    Copyright (c), Imperial College London.
    All rights reserved.
    License available at https://github.com/imperialcollegelondon/sharpy
Running SHARPy from /Users/benpreston/sharpy_cases/goland_swept_loads
SHARPy being run is in /Users/benpreston/sharpy_installs/dev_profiler
The branch being run is develop
The version and commit hash are: 2.1-284-g23da1e0b-23da1e0b
SHARPy output folder set
	/Users/benpreston/sharpy_cases/goland_swept_loads/output//goland_ang_20_00_pos_0_50/
Generating an instance of BeamLoader
Variable for_pos has no assigned value in the settings file.
    will default to the value: [0.0, 0, 0]
Generating an instance of AerogridLoader
Variable control_surface_deflection has no assigned value in the settings file.
    will default to the value: []
Variable control_surface_deflection_generator_settings has no assigned value in the settings file.
    will default to the value: {}
Variable dx1 has no assigned value in the settings file.
    will default to the value: -1.0
Variable ndx1 has no assigned value in the settings file.
    will default to the value: 1
Variable r has no assigned value in the settings file.
    will default to the value: 1.0
Variable dxmax has no assigned value in the settings file.
    will default to the value: -1.0
The aerodynamic grid contains 2 surfaces
  Surface 0, M=16, N=20
     Wake 0, M=160, N=20
  Surface 1, M=16, N=20
     Wake 1, M=160, N=20
  In total: 640 bound panels
  In total: 6400 wake panels
  Total number of panels = 7040
Generating an instance of StaticCoupled
Variable correct_forces_method has no assigned value in the settings file.
    will default to the value: 
Variable correct_forces_settings has no assigned value in the settings file.
    will default to the value: {}
Variable runtime_generators has no assigned value in the settings file.
    will default to the value: {}
Variable nonlifting_body_interactions has no assigned value in the settings file.
    will default to the value: False
Generating an instance of NonLinearStatic
Variable abs_threshold has no assigned value in the settings file.
    will default to the value: 1e-13
Variable newmark_damp has no assigned value in the settings file.
    will default to the value: 0.0001
Variable gravity_dir has no assigned value in the settings file.
    will default to the value: [0.0, 0.0, 1.0]
Variable relaxation_factor has no assigned value in the settings file.
    will default to the value: 0.3
Variable dt has no assigned value in the settings file.
    will default to the value: 0.01
Variable num_steps has no assigned value in the settings file.
    will default to the value: 500
Variable initial_position has no assigned value in the settings file.
    will default to the value: [0. 0. 0.]
Variable initial_velocity has no assigned value in the settings file.
    will default to the value: [0. 0. 0. 0. 0. 0.]
Generating an instance of StaticUvlm
Variable nonlifting_body_interactions has no assigned value in the settings file.
    will default to the value: False
Variable only_nonlifting has no assigned value in the settings file.
    will default to the value: False
Variable phantom_wing_test has no assigned value in the settings file.
    will default to the value: False
Variable iterative_solver has no assigned value in the settings file.
    will default to the value: False
Variable iterative_tol has no assigned value in the settings file.
    will default to the value: 0.0001
Variable iterative_precond has no assigned value in the settings file.
    will default to the value: False
Variable cfl1 has no assigned value in the settings file.
    will default to the value: True
Variable vortex_radius has no assigned value in the settings file.
    will default to the value: 1e-06
Variable vortex_radius_wake_ind has no assigned value in the settings file.
    will default to the value: 1e-06
Variable rbm_vel_g has no assigned value in the settings file.
    will default to the value: [0.0, 0.0, 0.0, 0.0, 0.0, 0.0]
Variable centre_rot_g has no assigned value in the settings file.
    will default to the value: [0.0, 0.0, 0.0]
Variable map_forces_on_struct has no assigned value in the settings file.
    will default to the value: False
Variable ignore_first_x_nodes_in_force_calculation has no assigned value in the settings file.
    will default to the value: 0



|=====|=====|============|==========|==========|==========|==========|==========|==========|
|iter |step | log10(res) |    Fx    |    Fy    |    Fz    |    Mx    |    My    |    Mz    |
|=====|=====|============|==========|==========|==========|==========|==========|==========|
|  0  |  0  |  0.00000   |  7.6778  | -0.0000  |-161.4883 |  0.0000  | 179.5321 |  0.0000  |
|  1  |  0  | -10.73936  |  7.6308  |  0.0000  |-160.6235 | -0.0002  | 179.4549 | -0.0000  |
|  0  |  1  |  0.00000   | 15.3058  |  0.0000  |-320.3146 | -0.0007  | 358.8224 | -0.0000  |
|  1  |  1  | -10.39371  | 15.2117  |  0.0000  |-318.5869 | -0.0011  | 358.6682 | -0.0000  |
|  0  |  2  |  0.00000   | 22.8845  |  0.0000  |-476.4856 | -0.0020  | 537.8713 | -0.0000  |
|  1  |  2  | -10.17764  | 22.7432  |  0.0000  |-473.8973 | -0.0028  | 537.6403 | -0.0001  |
|  0  |  3  |  0.00000   | 30.4146  |  0.0000  |-630.0083 | -0.0042  | 716.6793 | -0.0001  |
|  1  |  3  | -10.01635  | 30.2260  | -0.0000  |-626.5581 |  0.0024  | 716.3721 |  0.0000  |
|  0  |  4  |  0.00000   | 37.8964  | -0.0000  |-780.8832 |  0.0073  | 895.2477 |  0.0001  |
|  1  |  4  |  -9.88593  | 37.6606  | -0.0000  |-776.5818 |  0.0086  | 894.8658 |  0.0002  |
|  2  |  4  | -10.15711  | 37.5342  | -0.0000  |-774.2771 |  0.0093  | 894.6609 |  0.0002  |
|  0  |  5  |  0.00000   | 45.3317  | -0.0000  |-929.1444 |  0.0111  |1073.5805 |  0.0002  |
|  1  |  5  |  -9.77621  | 45.0477  | -0.0000  |-923.9761 |  0.0129  |1073.1199 |  0.0002  |
|  2  |  5  | -10.04779  | 44.8957  | -0.0000  |-921.2095 |  0.0139  |1072.8729 |  0.0002  |
|  0  |  6  |  0.00000   | 52.7192  | -0.0000  |-1074.7623|  0.0161  |1251.6706 |  0.0003  |
|  1  |  6  |  -9.68115  | 52.3873  | -0.0000  |-1068.7359|  0.0183  |1251.1330 |  0.0003  |
|  2  |  6  |  -9.95318  | 52.2099  | -0.0000  |-1065.5132|  0.0194  |1250.8450 |  0.0003  |
|  3  |  6  | -12.13270  | 52.2112  | -0.0000  |-1065.5372|  0.0194  |1250.8465 |  0.0003  |
|  0  |  7  |  0.00000   | 60.0601  | -0.0000  |-1217.7548|  0.0221  |1429.5208 |  0.0004  |
|  1  |  7  |  -9.59728  | 59.6803  | -0.0001  |-1210.8746|  0.0248  |1428.9067 |  0.0004  |
|  2  |  7  |  -9.86970  | 59.4774  | -0.0001  |-1207.1986|  0.0261  |1428.5779 |  0.0005  |
|  3  |  7  | -11.99626  | 59.4791  | -0.0001  |-1207.2294|  0.0260  |1428.5799 |  0.0005  |
|  0  |  8  |  0.00000   | 67.3550  | -0.0001  |-1358.1318|  0.0293  |1607.1321 |  0.0005  |
|  1  |  8  |  -9.52162  | 66.9270  | -0.0001  |-1350.3928|  0.0324  |1606.4406 |  0.0006  |
|  2  |  8  |  -9.79454  | 66.6986  | -0.0001  |-1346.2627|  0.0340  |1606.0707 |  0.0006  |
|  3  |  8  | -11.85971  | 66.7008  | -0.0001  |-1346.3024|  0.0339  |1606.0733 |  0.0006  |
|  0  |  9  |  0.00000   | 74.6043  | -0.0001  |-1495.8916|  0.0376  |1784.5033 |  0.0006  |
|  1  |  9  |  -9.45334  | 74.1282  | -0.0001  |-1487.3035|  0.0412  |1783.7359 |  0.0007  |
|  2  |  9  |  -9.72661  | 73.8743  | -0.0001  |-1482.7241|  0.0431  |1783.3256 |  0.0007  |
|  3  |  9  | -11.75180  | 73.8770  | -0.0001  |-1482.7723|  0.0430  |1783.3287 |  0.0007  |
Generating an instance of AeroForcesCalculator
Variable text_file_name has no assigned value in the settings file.
    will default to the value: aeroforces.txt
Variable screen_output has no assigned value in the settings file.
    will default to the value: True
Variable coefficients has no assigned value in the settings file.
    will default to the value: False
Variable lifting_surfaces has no assigned value in the settings file.
    will default to the value: True
Variable nonlifting_body has no assigned value in the settings file.
    will default to the value: False



|==============|==============|==============|==============|==============|==============|==============|
|    tstep     |     fx_g     |     fy_g     |     fz_g     |     mx_g     |     my_g     |     mz_g     |
|==============|==============|==============|==============|==============|==============|==============|
|      0       | 2.208421e+01 |-8.814540e-05 | 2.786581e+03 | 4.292554e-02 |-8.589074e+01 |-7.714846e-04 |
...Finished
FINISHED - Elapsed time = 7.7807326 seconds
FINISHED - CPU process time = 7.8193286 seconds
