--------------------------------------------------------------------------------
            ######  ##     ##    ###    ########  ########  ##    ##
           ##    ## ##     ##   ## ##   ##     ## ##     ##  ##  ##
           ##       ##     ##  ##   ##  ##     ## ##     ##   ####
            ######  ######### ##     ## ########  ########     ##
                 ## ##     ## ######### ##   ##   ##           ##
           ##    ## ##     ## ##     ## ##    ##  ##           ##
            ######  ##     ## ##     ## ##     ## ##           ##
--------------------------------------------------------------------------------
Aeroelastics Lab, Aeronautics Department.
    Copyright (c), Imperial College London.
    All rights reserved.
    License available at https://github.com/imperialcollegelondon/sharpy
Running SHARPy from /Users/benpreston/sharpy_cases/goland_swept_loads
SHARPy being run is in /Users/benpreston/sharpy_installs/dev_profiler
The branch being run is develop
The version and commit hash are: 2.1-284-g23da1e0b-23da1e0b
SHARPy output folder set
	/Users/benpreston/sharpy_cases/goland_swept_loads/output//goland_ang_30_00_pos_0_65/
Generating an instance of BeamLoader
Variable for_pos has no assigned value in the settings file.
    will default to the value: [0.0, 0, 0]
Generating an instance of AerogridLoader
Variable control_surface_deflection has no assigned value in the settings file.
    will default to the value: []
Variable control_surface_deflection_generator_settings has no assigned value in the settings file.
    will default to the value: {}
Variable dx1 has no assigned value in the settings file.
    will default to the value: -1.0
Variable ndx1 has no assigned value in the settings file.
    will default to the value: 1
Variable r has no assigned value in the settings file.
    will default to the value: 1.0
Variable dxmax has no assigned value in the settings file.
    will default to the value: -1.0
The aerodynamic grid contains 2 surfaces
  Surface 0, M=16, N=20
     Wake 0, M=160, N=20
  Surface 1, M=16, N=20
     Wake 1, M=160, N=20
  In total: 640 bound panels
  In total: 6400 wake panels
  Total number of panels = 7040
Generating an instance of StaticCoupled
Variable correct_forces_method has no assigned value in the settings file.
    will default to the value: 
Variable correct_forces_settings has no assigned value in the settings file.
    will default to the value: {}
Variable runtime_generators has no assigned value in the settings file.
    will default to the value: {}
Variable nonlifting_body_interactions has no assigned value in the settings file.
    will default to the value: False
Generating an instance of NonLinearStatic
Variable abs_threshold has no assigned value in the settings file.
    will default to the value: 1e-13
Variable newmark_damp has no assigned value in the settings file.
    will default to the value: 0.0001
Variable gravity_dir has no assigned value in the settings file.
    will default to the value: [0.0, 0.0, 1.0]
Variable relaxation_factor has no assigned value in the settings file.
    will default to the value: 0.3
Variable dt has no assigned value in the settings file.
    will default to the value: 0.01
Variable num_steps has no assigned value in the settings file.
    will default to the value: 500
Variable initial_position has no assigned value in the settings file.
    will default to the value: [0. 0. 0.]
Variable initial_velocity has no assigned value in the settings file.
    will default to the value: [0. 0. 0. 0. 0. 0.]
Generating an instance of StaticUvlm
Variable nonlifting_body_interactions has no assigned value in the settings file.
    will default to the value: False
Variable only_nonlifting has no assigned value in the settings file.
    will default to the value: False
Variable phantom_wing_test has no assigned value in the settings file.
    will default to the value: False
Variable iterative_solver has no assigned value in the settings file.
    will default to the value: False
Variable iterative_tol has no assigned value in the settings file.
    will default to the value: 0.0001
Variable iterative_precond has no assigned value in the settings file.
    will default to the value: False
Variable cfl1 has no assigned value in the settings file.
    will default to the value: True
Variable vortex_radius has no assigned value in the settings file.
    will default to the value: 1e-06
Variable vortex_radius_wake_ind has no assigned value in the settings file.
    will default to the value: 1e-06
Variable rbm_vel_g has no assigned value in the settings file.
    will default to the value: [0.0, 0.0, 0.0, 0.0, 0.0, 0.0]
Variable centre_rot_g has no assigned value in the settings file.
    will default to the value: [0.0, 0.0, 0.0]
Variable map_forces_on_struct has no assigned value in the settings file.
    will default to the value: False
Variable ignore_first_x_nodes_in_force_calculation has no assigned value in the settings file.
    will default to the value: 0



|=====|=====|============|==========|==========|==========|==========|==========|==========|
|iter |step | log10(res) |    Fx    |    Fy    |    Fz    |    Mx    |    My    |    Mz    |
|=====|=====|============|==========|==========|==========|==========|==========|==========|
|  0  |  0  |  0.00000   |  7.8592  | -0.0003  |-168.0300 |  1.7039  | 166.5840 |  0.0490  |
|  1  |  0  | -10.75192  |  7.8162  |  0.0013  |-167.2360 |  1.8772  | 166.5903 |  0.0605  |
|  0  |  1  |  0.00000   | 15.6726  |  0.0038  |-333.6151 |  3.9402  | 333.1833 |  0.1097  |
|  1  |  1  | -10.40901  | 15.5864  |  0.0071  |-332.0277 |  4.2844  | 333.1960 |  0.1328  |
|  0  |  2  |  0.00000   | 23.4406  |  0.0124  |-496.7573 |  6.7010  | 499.7980 |  0.1818  |
|  1  |  2  | -10.19506  | 23.3111  |  0.0174  |-494.3772 |  7.2140  | 499.8170 |  0.2166  |
|  0  |  3  |  0.00000   | 31.1636  |  0.0254  |-657.4585 |  9.9787  | 666.4281 |  0.2650  |
|  1  |  3  | -10.03543  | 30.9908  |  0.0321  |-654.2901 | 10.6492  | 666.4557 |  0.3111  |
|  0  |  4  |  0.00000   | 38.8422  |  0.0428  |-815.7280 | 13.7479  | 833.0779 |  0.3584  |
|  1  |  4  |  -9.90645  | 38.6258  |  0.0513  |-811.7671 | 14.5950  | 833.1126 |  0.4165  |
|  2  |  4  | -10.17627  | 38.5093  |  0.0557  |-809.6369 | 15.0377  | 833.1313 |  0.4470  |
|  0  |  5  |  0.00000   | 46.4767  |  0.0646  |-971.5624 | 18.0257  | 999.7452 |  0.4619  |
|  1  |  5  |  -9.79788  | 46.2164  |  0.0749  |-966.8058 | 19.0396  | 999.7851 |  0.5323  |
|  2  |  5  | -10.06786  | 46.0764  |  0.0802  |-964.2484 | 19.5665  | 999.8067 |  0.5689  |
|  0  |  6  |  0.00000   | 54.0671  |  0.0909  |-1124.9553| 22.8001  |1166.4267 |  0.5761  |
|  1  |  6  |  -9.70376  | 53.7629  |  0.1030  |-1119.4055| 23.9775  |1166.4725 |  0.6585  |
|  2  |  6  |  -9.97390  | 53.5994  |  0.1092  |-1116.4223| 24.5854  |1166.4973 |  0.7011  |
|  3  |  6  | -12.62931  | 53.5997  |  0.1089  |-1116.4278| 24.5572  |1166.4974 |  0.6992  |
|  0  |  7  |  0.00000   | 61.6141  |  0.1217  |-1275.9109| 28.0600  |1333.1232 |  0.7001  |
|  1  |  7  |  -9.62036  | 61.2658  |  0.1355  |-1269.5679| 29.3992  |1333.1750 |  0.7946  |
|  2  |  7  |  -9.89066  | 61.0787  |  0.1426  |-1266.1592| 30.0861  |1333.2030 |  0.8432  |
|  3  |  7  | -12.48380  | 61.0791  |  0.1423  |-1266.1665| 30.0494  |1333.2032 |  0.8407  |
|  0  |  8  |  0.00000   | 69.1180  |  0.1568  |-1424.4302| 33.7982  |1499.8347 |  0.8338  |
|  1  |  8  |  -9.54555  | 68.7256  |  0.1725  |-1417.2977| 35.2975  |1499.8930 |  0.9404  |
|  2  |  8  |  -9.81596  | 68.5148  |  0.1805  |-1413.4653| 36.0616  |1499.9247 |  0.9949  |
|  3  |  8  | -12.37840  | 68.5153  |  0.1800  |-1413.4740| 36.0151  |1499.9249 |  0.9917  |
|  0  |  9  |  0.00000   | 76.5792  |  0.1964  |-1570.5188| 40.0071  |1666.5622 |  0.9767  |
|  1  |  9  |  -9.47736  | 76.1425  |  0.2140  |-1562.5926| 41.6623  |1666.6264 |  1.0955  |
|  2  |  9  |  -9.74795  | 75.9080  |  0.2228  |-1558.3351| 42.5011  |1666.6613 |  1.1558  |
|  3  |  9  | -12.25188  | 75.9086  |  0.2223  |-1558.3463| 42.4449  |1666.6616 |  1.1520  |
Generating an instance of AeroForcesCalculator
Variable text_file_name has no assigned value in the settings file.
    will default to the value: aeroforces.txt
Variable screen_output has no assigned value in the settings file.
    will default to the value: True
Variable coefficients has no assigned value in the settings file.
    will default to the value: False
Variable lifting_surfaces has no assigned value in the settings file.
    will default to the value: True
Variable nonlifting_body has no assigned value in the settings file.
    will default to the value: False



|==============|==============|==============|==============|==============|==============|==============|
|    tstep     |     fx_g     |     fy_g     |     fz_g     |     mx_g     |     my_g     |     mz_g     |
|==============|==============|==============|==============|==============|==============|==============|
|      0       | 2.147687e+01 | 2.221132e-01 | 2.715401e+03 | 2.539835e+01 | 1.327374e+02 |-3.436712e-01 |
...Finished
FINISHED - Elapsed time = 7.9109086 seconds
FINISHED - CPU process time = 7.9016436 seconds
