--------------------------------------------------------------------------------
            ######  ##     ##    ###    ########  ########  ##    ##
           ##    ## ##     ##   ## ##   ##     ## ##     ##  ##  ##
           ##       ##     ##  ##   ##  ##     ## ##     ##   ####
            ######  ######### ##     ## ########  ########     ##
                 ## ##     ## ######### ##   ##   ##           ##
           ##    ## ##     ## ##     ## ##    ##  ##           ##
            ######  ##     ## ##     ## ##     ## ##           ##
--------------------------------------------------------------------------------
Aeroelastics Lab, Aeronautics Department.
    Copyright (c), Imperial College London.
    All rights reserved.
    License available at https://github.com/imperialcollegelondon/sharpy
Running SHARPy from /Users/benpreston/sharpy_cases/goland_swept_loads
SHARPy being run is in /Users/benpreston/sharpy_installs/dev_profiler
The branch being run is develop
The version and commit hash are: 2.1-284-g23da1e0b-23da1e0b
SHARPy output folder set
	/Users/benpreston/sharpy_cases/goland_swept_loads/output//goland_ang_n50_00_pos_0_65/
Generating an instance of BeamLoader
Variable for_pos has no assigned value in the settings file.
    will default to the value: [0.0, 0, 0]
Generating an instance of AerogridLoader
Variable control_surface_deflection has no assigned value in the settings file.
    will default to the value: []
Variable control_surface_deflection_generator_settings has no assigned value in the settings file.
    will default to the value: {}
Variable dx1 has no assigned value in the settings file.
    will default to the value: -1.0
Variable ndx1 has no assigned value in the settings file.
    will default to the value: 1
Variable r has no assigned value in the settings file.
    will default to the value: 1.0
Variable dxmax has no assigned value in the settings file.
    will default to the value: -1.0
The aerodynamic grid contains 2 surfaces
  Surface 0, M=16, N=20
     Wake 0, M=160, N=20
  Surface 1, M=16, N=20
     Wake 1, M=160, N=20
  In total: 640 bound panels
  In total: 6400 wake panels
  Total number of panels = 7040
Generating an instance of StaticCoupled
Variable correct_forces_method has no assigned value in the settings file.
    will default to the value: 
Variable correct_forces_settings has no assigned value in the settings file.
    will default to the value: {}
Variable runtime_generators has no assigned value in the settings file.
    will default to the value: {}
Variable nonlifting_body_interactions has no assigned value in the settings file.
    will default to the value: False
Generating an instance of NonLinearStatic
Variable abs_threshold has no assigned value in the settings file.
    will default to the value: 1e-13
Variable newmark_damp has no assigned value in the settings file.
    will default to the value: 0.0001
Variable gravity_dir has no assigned value in the settings file.
    will default to the value: [0.0, 0.0, 1.0]
Variable relaxation_factor has no assigned value in the settings file.
    will default to the value: 0.3
Variable dt has no assigned value in the settings file.
    will default to the value: 0.01
Variable num_steps has no assigned value in the settings file.
    will default to the value: 500
Variable initial_position has no assigned value in the settings file.
    will default to the value: [0. 0. 0.]
Variable initial_velocity has no assigned value in the settings file.
    will default to the value: [0. 0. 0. 0. 0. 0.]
Generating an instance of StaticUvlm
Variable nonlifting_body_interactions has no assigned value in the settings file.
    will default to the value: False
Variable only_nonlifting has no assigned value in the settings file.
    will default to the value: False
Variable phantom_wing_test has no assigned value in the settings file.
    will default to the value: False
Variable iterative_solver has no assigned value in the settings file.
    will default to the value: False
Variable iterative_tol has no assigned value in the settings file.
    will default to the value: 0.0001
Variable iterative_precond has no assigned value in the settings file.
    will default to the value: False
Variable cfl1 has no assigned value in the settings file.
    will default to the value: True
Variable vortex_radius has no assigned value in the settings file.
    will default to the value: 1e-06
Variable vortex_radius_wake_ind has no assigned value in the settings file.
    will default to the value: 1e-06
Variable rbm_vel_g has no assigned value in the settings file.
    will default to the value: [0.0, 0.0, 0.0, 0.0, 0.0, 0.0]
Variable centre_rot_g has no assigned value in the settings file.
    will default to the value: [0.0, 0.0, 0.0]
Variable map_forces_on_struct has no assigned value in the settings file.
    will default to the value: False
Variable ignore_first_x_nodes_in_force_calculation has no assigned value in the settings file.
    will default to the value: 0



|=====|=====|============|==========|==========|==========|==========|==========|==========|
|iter |step | log10(res) |    Fx    |    Fy    |    Fz    |    Mx    |    My    |    Mz    |
|=====|=====|============|==========|==========|==========|==========|==========|==========|
|  0  |  0  |  0.00000   |  8.8292  | -0.0004  |-200.5702 | -2.3705  |  6.4179  | -0.0626  |
|  1  |  0  | -12.52207  |  8.8342  | -0.0001  |-200.6675 | -2.6054  |  6.3812  | -0.0756  |
|  0  |  1  |  0.00000   | 17.6635  | -0.0006  |-401.4405 | -5.4658  | 12.7192  | -0.1326  |
|  1  |  1  | -13.37565  | 17.6736  |  0.0002  |-401.6357 | -5.9370  | 12.6455  | -0.1586  |
|  0  |  2  |  0.00000   | 26.5032  | -0.0004  |-602.6134 | -9.2905  | 18.9031  | -0.2101  |
|  1  |  2  | -12.10690  | 26.5183  |  0.0007  |-602.9075 | -9.9994  | 18.7922  | -0.2491  |
|  0  |  3  |  0.00000   | 35.3483  | -0.0000  |-804.0916 | -13.8494 | 24.9688  | -0.2952  |
|  1  |  3  | -11.66147  | 35.3685  |  0.0014  |-804.4852 | -14.7974 | 24.8204  | -0.3473  |
|  0  |  4  |  0.00000   | 44.1988  |  0.0006  |-1005.8776| -19.1473 | 30.9153  | -0.3880  |
|  1  |  4  | -11.38117  | 44.2240  |  0.0024  |-1006.3716| -20.3358 | 30.7292  | -0.4532  |
|  0  |  5  |  0.00000   | 53.0547  |  0.0015  |-1207.9741| -25.1891 | 36.7418  | -0.4887  |
|  1  |  5  | -11.17255  | 53.0851  |  0.0037  |-1208.5692| -26.6196 | 36.5178  | -0.5670  |
|  0  |  6  |  0.00000   | 61.9163  |  0.0026  |-1410.3838| -31.9797 | 42.4475  | -0.5973  |
|  1  |  6  | -11.00527  | 61.9518  |  0.0051  |-1411.0807| -33.6535 | 42.1852  | -0.6887  |
|  0  |  7  |  0.00000   | 70.7835  |  0.0039  |-1613.1093| -39.5240 | 48.0315  | -0.7140  |
|  1  |  7  | -10.86523  | 70.8241  |  0.0068  |-1613.9089| -41.4426 | 47.7307  | -0.8185  |
|  0  |  8  |  0.00000   | 79.6564  |  0.0054  |-1816.1534| -47.8269 | 53.4929  | -0.8388  |
|  1  |  8  | -10.74457  | 79.7022  |  0.0086  |-1817.0565| -49.9918 | 53.1533  | -0.9565  |
|  0  |  9  |  0.00000   | 88.5350  |  0.0070  |-2019.5187| -56.8935 | 58.8308  | -0.9720  |
|  1  |  9  | -10.63844  | 88.5860  |  0.0106  |-2020.5261| -59.3061 | 58.4522  | -1.1028  |
Generating an instance of AeroForcesCalculator
Variable text_file_name has no assigned value in the settings file.
    will default to the value: aeroforces.txt
Variable screen_output has no assigned value in the settings file.
    will default to the value: True
Variable coefficients has no assigned value in the settings file.
    will default to the value: False
Variable lifting_surfaces has no assigned value in the settings file.
    will default to the value: True
Variable nonlifting_body has no assigned value in the settings file.
    will default to the value: False



|==============|==============|==============|==============|==============|==============|==============|
|    tstep     |     fx_g     |     fy_g     |     fz_g     |     mx_g     |     my_g     |     mz_g     |
|==============|==============|==============|==============|==============|==============|==============|
|      0       | 1.802570e+01 | 1.233347e-02 | 2.258339e+03 |-3.689535e+01 | 5.922799e+02 | 9.027409e-01 |
...Finished
FINISHED - Elapsed time = 5.2594956 seconds
FINISHED - CPU process time = 5.2624886 seconds
