--------------------------------------------------------------------------------
            ######  ##     ##    ###    ########  ########  ##    ##
           ##    ## ##     ##   ## ##   ##     ## ##     ##  ##  ##
           ##       ##     ##  ##   ##  ##     ## ##     ##   ####
            ######  ######### ##     ## ########  ########     ##
                 ## ##     ## ######### ##   ##   ##           ##
           ##    ## ##     ## ##     ## ##    ##  ##           ##
            ######  ##     ## ##     ## ##     ## ##           ##
--------------------------------------------------------------------------------
Aeroelastics Lab, Aeronautics Department.
    Copyright (c), Imperial College London.
    All rights reserved.
    License available at https://github.com/imperialcollegelondon/sharpy
Running SHARPy from /Users/benpreston/sharpy_cases/goland_swept_loads
SHARPy being run is in /Users/benpreston/sharpy_installs/dev_profiler
The branch being run is develop
The version and commit hash are: 2.1-284-g23da1e0b-23da1e0b
SHARPy output folder set
	/Users/benpreston/sharpy_cases/goland_swept_loads/output//goland_ang_10_00_pos_0_90/
Generating an instance of BeamLoader
Variable for_pos has no assigned value in the settings file.
    will default to the value: [0.0, 0, 0]
Generating an instance of AerogridLoader
Variable control_surface_deflection has no assigned value in the settings file.
    will default to the value: []
Variable control_surface_deflection_generator_settings has no assigned value in the settings file.
    will default to the value: {}
Variable dx1 has no assigned value in the settings file.
    will default to the value: -1.0
Variable ndx1 has no assigned value in the settings file.
    will default to the value: 1
Variable r has no assigned value in the settings file.
    will default to the value: 1.0
Variable dxmax has no assigned value in the settings file.
    will default to the value: -1.0
The aerodynamic grid contains 2 surfaces
  Surface 0, M=16, N=20
     Wake 0, M=160, N=20
  Surface 1, M=16, N=20
     Wake 1, M=160, N=20
  In total: 640 bound panels
  In total: 6400 wake panels
  Total number of panels = 7040
Generating an instance of StaticCoupled
Variable correct_forces_method has no assigned value in the settings file.
    will default to the value: 
Variable correct_forces_settings has no assigned value in the settings file.
    will default to the value: {}
Variable runtime_generators has no assigned value in the settings file.
    will default to the value: {}
Variable nonlifting_body_interactions has no assigned value in the settings file.
    will default to the value: False
Generating an instance of NonLinearStatic
Variable abs_threshold has no assigned value in the settings file.
    will default to the value: 1e-13
Variable newmark_damp has no assigned value in the settings file.
    will default to the value: 0.0001
Variable gravity_dir has no assigned value in the settings file.
    will default to the value: [0.0, 0.0, 1.0]
Variable relaxation_factor has no assigned value in the settings file.
    will default to the value: 0.3
Variable dt has no assigned value in the settings file.
    will default to the value: 0.01
Variable num_steps has no assigned value in the settings file.
    will default to the value: 500
Variable initial_position has no assigned value in the settings file.
    will default to the value: [0. 0. 0.]
Variable initial_velocity has no assigned value in the settings file.
    will default to the value: [0. 0. 0. 0. 0. 0.]
Generating an instance of StaticUvlm
Variable nonlifting_body_interactions has no assigned value in the settings file.
    will default to the value: False
Variable only_nonlifting has no assigned value in the settings file.
    will default to the value: False
Variable phantom_wing_test has no assigned value in the settings file.
    will default to the value: False
Variable iterative_solver has no assigned value in the settings file.
    will default to the value: False
Variable iterative_tol has no assigned value in the settings file.
    will default to the value: 0.0001
Variable iterative_precond has no assigned value in the settings file.
    will default to the value: False
Variable cfl1 has no assigned value in the settings file.
    will default to the value: True
Variable vortex_radius has no assigned value in the settings file.
    will default to the value: 1e-06
Variable vortex_radius_wake_ind has no assigned value in the settings file.
    will default to the value: 1e-06
Variable rbm_vel_g has no assigned value in the settings file.
    will default to the value: [0.0, 0.0, 0.0, 0.0, 0.0, 0.0]
Variable centre_rot_g has no assigned value in the settings file.
    will default to the value: [0.0, 0.0, 0.0]
Variable map_forces_on_struct has no assigned value in the settings file.
    will default to the value: False
Variable ignore_first_x_nodes_in_force_calculation has no assigned value in the settings file.
    will default to the value: 0



|=====|=====|============|==========|==========|==========|==========|==========|==========|
|iter |step | log10(res) |    Fx    |    Fy    |    Fz    |    Mx    |    My    |    Mz    |
|=====|=====|============|==========|==========|==========|==========|==========|==========|
|  0  |  0  |  0.00000   |  7.2841  |  0.0000  |-147.9965 |  0.0000  | 125.2840 |  0.0000  |
|  1  |  0  | -11.23187  |  7.2506  |  0.0000  |-147.3750 |  0.0004  | 125.3865 |  0.0000  |
|  0  |  1  |  0.00000   | 14.5322  |  0.0000  |-294.0774 |  0.0011  | 250.8812 |  0.0000  |
|  1  |  1  | -10.86396  | 14.4651  |  0.0000  |-292.8322 |  0.0019  | 251.0866 |  0.0000  |
|  0  |  2  |  0.00000   | 21.7444  |  0.0000  |-438.2348 |  0.0034  | 376.7930 |  0.0001  |
|  1  |  2  | -10.63028  | 21.6434  |  0.0000  |-436.3636 |  0.0045  | 377.1017 |  0.0001  |
|  0  |  3  |  0.00000   | 28.9205  |  0.0000  |-580.4608 |  0.0067  | 503.0207 |  0.0002  |
|  1  |  3  | -10.45482  | 28.7856  |  0.0000  |-577.9613 |  0.0082  | 503.4332 |  0.0002  |
|  0  |  4  |  0.00000   | 36.0608  |  0.0000  |-720.7474 |  0.0112  | 629.5658 |  0.0003  |
|  1  |  4  | -10.31294  | 35.8919  |  0.0000  |-717.6173 |  0.0130  | 630.0825 |  0.0003  |
|  0  |  5  |  0.00000   | 43.1653  |  0.0001  |-859.0865 |  0.0167  | 756.4297 |  0.0004  |
|  1  |  5  | -10.19638  | 42.9628  | -0.0000  |-855.3555 | -0.0079  | 757.0740 | -0.0002  |
|  0  |  6  |  0.00000   | 50.2352  | -0.0001  |-995.5266 | -0.0239  | 883.6553 | -0.0007  |
|  1  |  6  | -10.09001  | 49.9978  | -0.0001  |-991.1388 | -0.0262  | 884.3912 | -0.0007  |
|  0  |  7  |  0.00000   | 57.2687  | -0.0001  |-1129.9739| -0.0313  |1011.1838 | -0.0008  |
|  1  |  7  |  -9.99818  | 56.9967  | -0.0001  |-1124.9441| -0.0342  |1012.0228 | -0.0009  |
|  2  |  7  | -10.26186  | 56.8482  | -0.0001  |-1122.1992| -0.0357  |1012.4807 | -0.0010  |
|  0  |  8  |  0.00000   | 64.2647  | -0.0001  |-1262.4100| -0.0401  |1139.0389 | -0.0011  |
|  1  |  8  |  -9.91770  | 63.9592  | -0.0001  |-1256.7610| -0.0434  |1139.9794 | -0.0012  |
|  2  |  8  | -10.18063  | 63.7921  | -0.0001  |-1253.6728| -0.0452  |1140.4936 | -0.0012  |
|  0  |  9  |  0.00000   | 71.2264  | -0.0002  |-1392.8904| -0.0501  |1267.2144 | -0.0014  |
|  1  |  9  |  -9.84333  | 70.8864  | -0.0002  |-1386.6028| -0.0538  |1268.2604 | -0.0015  |
|  2  |  9  | -10.10559  | 70.7001  | -0.0002  |-1383.1598| -0.0557  |1268.8332 | -0.0015  |
Generating an instance of AeroForcesCalculator
Variable text_file_name has no assigned value in the settings file.
    will default to the value: aeroforces.txt
Variable screen_output has no assigned value in the settings file.
    will default to the value: True
Variable coefficients has no assigned value in the settings file.
    will default to the value: False
Variable lifting_surfaces has no assigned value in the settings file.
    will default to the value: True
Variable nonlifting_body has no assigned value in the settings file.
    will default to the value: False



|==============|==============|==============|==============|==============|==============|==============|
|    tstep     |     fx_g     |     fy_g     |     fz_g     |     mx_g     |     my_g     |     mz_g     |
|==============|==============|==============|==============|==============|==============|==============|
|      0       | 2.238488e+01 |-1.719035e-04 | 2.886288e+03 |-5.566155e-02 | 4.670102e+02 | 4.284559e-04 |
...Finished
FINISHED - Elapsed time = 6.1072836 seconds
FINISHED - CPU process time = 6.0999726 seconds
