--------------------------------------------------------------------------------
            ######  ##     ##    ###    ########  ########  ##    ##
           ##    ## ##     ##   ## ##   ##     ## ##     ##  ##  ##
           ##       ##     ##  ##   ##  ##     ## ##     ##   ####
            ######  ######### ##     ## ########  ########     ##
                 ## ##     ## ######### ##   ##   ##           ##
           ##    ## ##     ## ##     ## ##    ##  ##           ##
            ######  ##     ## ##     ## ##     ## ##           ##
--------------------------------------------------------------------------------
Aeroelastics Lab, Aeronautics Department.
    Copyright (c), Imperial College London.
    All rights reserved.
    License available at https://github.com/imperialcollegelondon/sharpy
Running SHARPy from /Users/benpreston/sharpy_cases/goland_swept_loads
SHARPy being run is in /Users/benpreston/sharpy_installs/dev_profiler
The branch being run is develop
The version and commit hash are: 2.1-284-g23da1e0b-23da1e0b
SHARPy output folder set
	/Users/benpreston/sharpy_cases/goland_swept_loads/output//goland_ang_n20_00_pos_0_50/
Generating an instance of BeamLoader
Variable for_pos has no assigned value in the settings file.
    will default to the value: [0.0, 0, 0]
Generating an instance of AerogridLoader
Variable control_surface_deflection has no assigned value in the settings file.
    will default to the value: []
Variable control_surface_deflection_generator_settings has no assigned value in the settings file.
    will default to the value: {}
Variable dx1 has no assigned value in the settings file.
    will default to the value: -1.0
Variable ndx1 has no assigned value in the settings file.
    will default to the value: 1
Variable r has no assigned value in the settings file.
    will default to the value: 1.0
Variable dxmax has no assigned value in the settings file.
    will default to the value: -1.0
The aerodynamic grid contains 2 surfaces
  Surface 0, M=16, N=20
     Wake 0, M=160, N=20
  Surface 1, M=16, N=20
     Wake 1, M=160, N=20
  In total: 640 bound panels
  In total: 6400 wake panels
  Total number of panels = 7040
Generating an instance of StaticCoupled
Variable correct_forces_method has no assigned value in the settings file.
    will default to the value: 
Variable correct_forces_settings has no assigned value in the settings file.
    will default to the value: {}
Variable runtime_generators has no assigned value in the settings file.
    will default to the value: {}
Variable nonlifting_body_interactions has no assigned value in the settings file.
    will default to the value: False
Generating an instance of NonLinearStatic
Variable abs_threshold has no assigned value in the settings file.
    will default to the value: 1e-13
Variable newmark_damp has no assigned value in the settings file.
    will default to the value: 0.0001
Variable gravity_dir has no assigned value in the settings file.
    will default to the value: [0.0, 0.0, 1.0]
Variable relaxation_factor has no assigned value in the settings file.
    will default to the value: 0.3
Variable dt has no assigned value in the settings file.
    will default to the value: 0.01
Variable num_steps has no assigned value in the settings file.
    will default to the value: 500
Variable initial_position has no assigned value in the settings file.
    will default to the value: [0. 0. 0.]
Variable initial_velocity has no assigned value in the settings file.
    will default to the value: [0. 0. 0. 0. 0. 0.]
Generating an instance of StaticUvlm
Variable nonlifting_body_interactions has no assigned value in the settings file.
    will default to the value: False
Variable only_nonlifting has no assigned value in the settings file.
    will default to the value: False
Variable phantom_wing_test has no assigned value in the settings file.
    will default to the value: False
Variable iterative_solver has no assigned value in the settings file.
    will default to the value: False
Variable iterative_tol has no assigned value in the settings file.
    will default to the value: 0.0001
Variable iterative_precond has no assigned value in the settings file.
    will default to the value: False
Variable cfl1 has no assigned value in the settings file.
    will default to the value: True
Variable vortex_radius has no assigned value in the settings file.
    will default to the value: 1e-06
Variable vortex_radius_wake_ind has no assigned value in the settings file.
    will default to the value: 1e-06
Variable rbm_vel_g has no assigned value in the settings file.
    will default to the value: [0.0, 0.0, 0.0, 0.0, 0.0, 0.0]
Variable centre_rot_g has no assigned value in the settings file.
    will default to the value: [0.0, 0.0, 0.0]
Variable map_forces_on_struct has no assigned value in the settings file.
    will default to the value: False
Variable ignore_first_x_nodes_in_force_calculation has no assigned value in the settings file.
    will default to the value: 0



|=====|=====|============|==========|==========|==========|==========|==========|==========|
|iter |step | log10(res) |    Fx    |    Fy    |    Fz    |    Mx    |    My    |    Mz    |
|=====|=====|============|==========|==========|==========|==========|==========|==========|
|  0  |  0  |  0.00000   |  7.6697  |  0.0000  |-161.9551 | -0.0000  | 54.3711  |  0.0000  |
|  1  |  0  | -12.61527  |  7.6597  |  0.0000  |-161.7675 |  0.0000  | 54.4502  |  0.0000  |
|  0  |  1  |  0.00000   | 15.3285  |  0.0000  |-323.3313 |  0.0002  | 108.9840 |  0.0000  |
|  1  |  1  | -11.90889  | 15.3084  | -0.0000  |-322.9545 |  0.0003  | 109.1429 |  0.0000  |
|  0  |  2  |  0.00000   | 22.9763  | -0.0000  |-484.1227 |  0.0005  | 163.8409 |  0.0000  |
|  1  |  2  | -11.52587  | 22.9461  | -0.0000  |-483.5549 |  0.0006  | 164.0803 |  0.0000  |
|  0  |  3  |  0.00000   | 30.6129  | -0.0000  |-644.3235 |  0.0009  | 218.9444 |  0.0000  |
|  1  |  3  | -11.26062  | 30.5726  | -0.0000  |-643.5629 |  0.0012  | 219.2650 |  0.0000  |
|  0  |  4  |  0.00000   | 38.2384  | -0.0000  |-803.9274 |  0.0016  | 274.2969 |  0.0000  |
|  1  |  4  | -11.05727  | 38.1878  | -0.0000  |-802.9722 |  0.0019  | 274.6995 |  0.0000  |
|  0  |  5  |  0.00000   | 45.8525  | -0.0000  |-962.9283 |  0.0024  | 329.9009 |  0.0000  |
|  1  |  5  | -10.89224  | 45.7916  | -0.0000  |-961.7766 |  0.0027  | 330.3863 |  0.0001  |
|  0  |  6  |  0.00000   | 53.4552  | -0.0000  |-1121.3199|  0.0034  | 385.7591 |  0.0001  |
|  1  |  6  | -10.75325  | 53.3840  | -0.0000  |-1119.9699|  0.0038  | 386.3279 |  0.0001  |
|  0  |  7  |  0.00000   | 61.0465  | -0.0000  |-1279.0959|  0.0047  | 441.8738 |  0.0001  |
|  1  |  7  | -10.63314  | 60.9649  | -0.0000  |-1277.5457|  0.0051  | 442.5269 |  0.0001  |
|  0  |  8  |  0.00000   | 68.6261  | -0.0000  |-1436.2500|  0.0061  | 498.2479 |  0.0001  |
|  1  |  8  | -10.52738  | 68.5340  | -0.0000  |-1434.4977|  0.0066  | 498.9860 |  0.0001  |
|  0  |  9  |  0.00000   | 76.1941  | -0.0000  |-1592.7755|  0.0077  | 554.8837 |  0.0002  |
|  1  |  9  | -10.43283  | 76.0915  | -0.0000  |-1590.8191|  0.0083  | 555.7077 |  0.0002  |
Generating an instance of AeroForcesCalculator
Variable text_file_name has no assigned value in the settings file.
    will default to the value: aeroforces.txt
Variable screen_output has no assigned value in the settings file.
    will default to the value: True
Variable coefficients has no assigned value in the settings file.
    will default to the value: False
Variable lifting_surfaces has no assigned value in the settings file.
    will default to the value: True
Variable nonlifting_body has no assigned value in the settings file.
    will default to the value: False



|==============|==============|==============|==============|==============|==============|==============|
|    tstep     |     fx_g     |     fy_g     |     fz_g     |     mx_g     |     my_g     |     mz_g     |
|==============|==============|==============|==============|==============|==============|==============|
|      0       | 2.050660e+01 |-3.124142e-06 | 2.679591e+03 | 8.566956e-03 | 9.116905e+02 |-1.260136e-04 |
...Finished
FINISHED - Elapsed time = 5.2894816 seconds
FINISHED - CPU process time = 5.2727526 seconds
