--------------------------------------------------------------------------------
            ######  ##     ##    ###    ########  ########  ##    ##
           ##    ## ##     ##   ## ##   ##     ## ##     ##  ##  ##
           ##       ##     ##  ##   ##  ##     ## ##     ##   ####
            ######  ######### ##     ## ########  ########     ##
                 ## ##     ## ######### ##   ##   ##           ##
           ##    ## ##     ## ##     ## ##    ##  ##           ##
            ######  ##     ## ##     ## ##     ## ##           ##
--------------------------------------------------------------------------------
Aeroelastics Lab, Aeronautics Department.
    Copyright (c), Imperial College London.
    All rights reserved.
    License available at https://github.com/imperialcollegelondon/sharpy
Running SHARPy from /Users/benpreston/sharpy_cases/goland_swept_loads
SHARPy being run is in /Users/benpreston/sharpy_installs/dev_profiler
The branch being run is develop
The version and commit hash are: 2.1-284-g23da1e0b-23da1e0b
SHARPy output folder set
	/Users/benpreston/sharpy_cases/goland_swept_loads/output//goland_ang_n50_00_pos_0_55/
Generating an instance of BeamLoader
Variable for_pos has no assigned value in the settings file.
    will default to the value: [0.0, 0, 0]
Generating an instance of AerogridLoader
Variable control_surface_deflection has no assigned value in the settings file.
    will default to the value: []
Variable control_surface_deflection_generator_settings has no assigned value in the settings file.
    will default to the value: {}
Variable dx1 has no assigned value in the settings file.
    will default to the value: -1.0
Variable ndx1 has no assigned value in the settings file.
    will default to the value: 1
Variable r has no assigned value in the settings file.
    will default to the value: 1.0
Variable dxmax has no assigned value in the settings file.
    will default to the value: -1.0
The aerodynamic grid contains 2 surfaces
  Surface 0, M=16, N=20
     Wake 0, M=160, N=20
  Surface 1, M=16, N=20
     Wake 1, M=160, N=20
  In total: 640 bound panels
  In total: 6400 wake panels
  Total number of panels = 7040
Generating an instance of StaticCoupled
Variable correct_forces_method has no assigned value in the settings file.
    will default to the value: 
Variable correct_forces_settings has no assigned value in the settings file.
    will default to the value: {}
Variable runtime_generators has no assigned value in the settings file.
    will default to the value: {}
Variable nonlifting_body_interactions has no assigned value in the settings file.
    will default to the value: False
Generating an instance of NonLinearStatic
Variable abs_threshold has no assigned value in the settings file.
    will default to the value: 1e-13
Variable newmark_damp has no assigned value in the settings file.
    will default to the value: 0.0001
Variable gravity_dir has no assigned value in the settings file.
    will default to the value: [0.0, 0.0, 1.0]
Variable relaxation_factor has no assigned value in the settings file.
    will default to the value: 0.3
Variable dt has no assigned value in the settings file.
    will default to the value: 0.01
Variable num_steps has no assigned value in the settings file.
    will default to the value: 500
Variable initial_position has no assigned value in the settings file.
    will default to the value: [0. 0. 0.]
Variable initial_velocity has no assigned value in the settings file.
    will default to the value: [0. 0. 0. 0. 0. 0.]
Generating an instance of StaticUvlm
Variable nonlifting_body_interactions has no assigned value in the settings file.
    will default to the value: False
Variable only_nonlifting has no assigned value in the settings file.
    will default to the value: False
Variable phantom_wing_test has no assigned value in the settings file.
    will default to the value: False
Variable iterative_solver has no assigned value in the settings file.
    will default to the value: False
Variable iterative_tol has no assigned value in the settings file.
    will default to the value: 0.0001
Variable iterative_precond has no assigned value in the settings file.
    will default to the value: False
Variable cfl1 has no assigned value in the settings file.
    will default to the value: True
Variable vortex_radius has no assigned value in the settings file.
    will default to the value: 1e-06
Variable vortex_radius_wake_ind has no assigned value in the settings file.
    will default to the value: 1e-06
Variable rbm_vel_g has no assigned value in the settings file.
    will default to the value: [0.0, 0.0, 0.0, 0.0, 0.0, 0.0]
Variable centre_rot_g has no assigned value in the settings file.
    will default to the value: [0.0, 0.0, 0.0]
Variable map_forces_on_struct has no assigned value in the settings file.
    will default to the value: False
Variable ignore_first_x_nodes_in_force_calculation has no assigned value in the settings file.
    will default to the value: 0



|=====|=====|============|==========|==========|==========|==========|==========|==========|
|iter |step | log10(res) |    Fx    |    Fy    |    Fz    |    Mx    |    My    |    Mz    |
|=====|=====|============|==========|==========|==========|==========|==========|==========|
|  0  |  0  |  0.00000   |  9.2967  | -0.0005  |-217.8233 | -2.3704  | -62.0512 | -0.0659  |
|  1  |  0  | -11.76958  |  9.3140  |  0.0002  |-218.1523 | -2.5541  | -62.2012 | -0.0764  |
|  0  |  1  |  0.00000   | 18.6120  |  0.0003  |-436.6615 | -5.3078  |-124.5695 | -0.1383  |
|  1  |  1  | -11.85051  | 18.6466  |  0.0016  |-437.3218 | -5.6765  |-124.8707 | -0.1593  |
|  0  |  2  |  0.00000   | 27.9461  |  0.0021  |-656.5225 | -8.8172  |-187.5587 | -0.2174  |
|  1  |  2  | -12.04629  | 27.9979  |  0.0041  |-657.5165 | -9.3726  |-188.0121 | -0.2490  |
|  0  |  3  |  0.00000   | 37.2991  |  0.0051  |-877.4146 | -12.9039 |-251.0224 | -0.3033  |
|  1  |  3  | -11.27918  | 37.3683  |  0.0077  |-878.7447 | -13.6475 |-251.6291 | -0.3455  |
|  0  |  4  |  0.00000   | 46.6715  |  0.0092  |-1099.3458| -17.5732 |-314.9643 | -0.3964  |
|  1  |  4  | -10.93190  | 46.7580  |  0.0125  |-1101.0144| -18.5066 |-315.7254 | -0.4490  |
|  0  |  5  |  0.00000   | 56.0633  |  0.0143  |-1322.3245| -22.8305 |-379.3881 | -0.4967  |
|  1  |  5  | -10.69360  | 56.1673  |  0.0183  |-1324.3340| -23.9552 |-380.3048 | -0.5599  |
|  0  |  6  |  0.00000   | 65.4749  |  0.0205  |-1546.3590| -28.6812 |-444.2976 | -0.6045  |
|  1  |  6  | -10.50941  | 65.5964  |  0.0251  |-1548.7118| -29.9988 |-445.3710 | -0.6782  |
|  0  |  7  |  0.00000   | 74.9065  |  0.0278  |-1771.4577| -35.1308 |-509.6967 | -0.7200  |
|  1  |  7  | -10.35836  | 75.0455  |  0.0330  |-1774.1564| -36.6429 |-510.9279 | -0.8043  |
|  0  |  8  |  0.00000   | 84.3584  |  0.0360  |-1997.6291| -42.1848 |-575.5892 | -0.8434  |
|  1  |  8  | -10.22990  | 84.5150  |  0.0418  |-2000.6763| -43.8931 |-576.9795 | -0.9382  |
|  0  |  9  |  0.00000   | 93.8309  |  0.0453  |-2224.8819| -49.8489 |-641.9790 | -0.9749  |
|  1  |  9  | -10.11792  | 94.0050  |  0.0516  |-2228.2801| -51.7551 |-643.5295 | -1.0802  |
Generating an instance of AeroForcesCalculator
Variable text_file_name has no assigned value in the settings file.
    will default to the value: aeroforces.txt
Variable screen_output has no assigned value in the settings file.
    will default to the value: True
Variable coefficients has no assigned value in the settings file.
    will default to the value: False
Variable lifting_surfaces has no assigned value in the settings file.
    will default to the value: True
Variable nonlifting_body has no assigned value in the settings file.
    will default to the value: False



|==============|==============|==============|==============|==============|==============|==============|
|    tstep     |     fx_g     |     fy_g     |     fz_g     |     mx_g     |     my_g     |     mz_g     |
|==============|==============|==============|==============|==============|==============|==============|
|      0       | 1.621334e+01 | 5.497843e-02 | 2.049234e+03 |-2.907504e+01 | 7.149243e+02 | 6.661143e-01 |
...Finished
FINISHED - Elapsed time = 5.2292236 seconds
FINISHED - CPU process time = 5.2119846 seconds
