--------------------------------------------------------------------------------
            ######  ##     ##    ###    ########  ########  ##    ##
           ##    ## ##     ##   ## ##   ##     ## ##     ##  ##  ##
           ##       ##     ##  ##   ##  ##     ## ##     ##   ####
            ######  ######### ##     ## ########  ########     ##
                 ## ##     ## ######### ##   ##   ##           ##
           ##    ## ##     ## ##     ## ##    ##  ##           ##
            ######  ##     ## ##     ## ##     ## ##           ##
--------------------------------------------------------------------------------
Aeroelastics Lab, Aeronautics Department.
    Copyright (c), Imperial College London.
    All rights reserved.
    License available at https://github.com/imperialcollegelondon/sharpy
Running SHARPy from /Users/benpreston/sharpy_cases/goland_swept_loads
SHARPy being run is in /Users/benpreston/sharpy_installs/dev_profiler
The branch being run is develop
The version and commit hash are: 2.1-284-g23da1e0b-23da1e0b
SHARPy output folder set
	/Users/benpreston/sharpy_cases/goland_swept_loads/output//goland_ang_n10_00_pos_0_70/
Generating an instance of BeamLoader
Variable for_pos has no assigned value in the settings file.
    will default to the value: [0.0, 0, 0]
Generating an instance of AerogridLoader
Variable control_surface_deflection has no assigned value in the settings file.
    will default to the value: []
Variable control_surface_deflection_generator_settings has no assigned value in the settings file.
    will default to the value: {}
Variable dx1 has no assigned value in the settings file.
    will default to the value: -1.0
Variable ndx1 has no assigned value in the settings file.
    will default to the value: 1
Variable r has no assigned value in the settings file.
    will default to the value: 1.0
Variable dxmax has no assigned value in the settings file.
    will default to the value: -1.0
The aerodynamic grid contains 2 surfaces
  Surface 0, M=16, N=20
     Wake 0, M=160, N=20
  Surface 1, M=16, N=20
     Wake 1, M=160, N=20
  In total: 640 bound panels
  In total: 6400 wake panels
  Total number of panels = 7040
Generating an instance of StaticCoupled
Variable correct_forces_method has no assigned value in the settings file.
    will default to the value: 
Variable correct_forces_settings has no assigned value in the settings file.
    will default to the value: {}
Variable runtime_generators has no assigned value in the settings file.
    will default to the value: {}
Variable nonlifting_body_interactions has no assigned value in the settings file.
    will default to the value: False
Generating an instance of NonLinearStatic
Variable abs_threshold has no assigned value in the settings file.
    will default to the value: 1e-13
Variable newmark_damp has no assigned value in the settings file.
    will default to the value: 0.0001
Variable gravity_dir has no assigned value in the settings file.
    will default to the value: [0.0, 0.0, 1.0]
Variable relaxation_factor has no assigned value in the settings file.
    will default to the value: 0.3
Variable dt has no assigned value in the settings file.
    will default to the value: 0.01
Variable num_steps has no assigned value in the settings file.
    will default to the value: 500
Variable initial_position has no assigned value in the settings file.
    will default to the value: [0. 0. 0.]
Variable initial_velocity has no assigned value in the settings file.
    will default to the value: [0. 0. 0. 0. 0. 0.]
Generating an instance of StaticUvlm
Variable nonlifting_body_interactions has no assigned value in the settings file.
    will default to the value: False
Variable only_nonlifting has no assigned value in the settings file.
    will default to the value: False
Variable phantom_wing_test has no assigned value in the settings file.
    will default to the value: False
Variable iterative_solver has no assigned value in the settings file.
    will default to the value: False
Variable iterative_tol has no assigned value in the settings file.
    will default to the value: 0.0001
Variable iterative_precond has no assigned value in the settings file.
    will default to the value: False
Variable cfl1 has no assigned value in the settings file.
    will default to the value: True
Variable vortex_radius has no assigned value in the settings file.
    will default to the value: 1e-06
Variable vortex_radius_wake_ind has no assigned value in the settings file.
    will default to the value: 1e-06
Variable rbm_vel_g has no assigned value in the settings file.
    will default to the value: [0.0, 0.0, 0.0, 0.0, 0.0, 0.0]
Variable centre_rot_g has no assigned value in the settings file.
    will default to the value: [0.0, 0.0, 0.0]
Variable map_forces_on_struct has no assigned value in the settings file.
    will default to the value: False
Variable ignore_first_x_nodes_in_force_calculation has no assigned value in the settings file.
    will default to the value: 0



|=====|=====|============|==========|==========|==========|==========|==========|==========|
|iter |step | log10(res) |    Fx    |    Fy    |    Fz    |    Mx    |    My    |    Mz    |
|=====|=====|============|==========|==========|==========|==========|==========|==========|
|  0  |  0  |  0.00000   |  7.3339  |  0.0000  |-149.5139 |  0.0000  | 110.8058 |  0.0000  |
|  1  |  0  | -11.51500  |  7.3060  |  0.0000  |-148.9954 |  0.0001  | 110.9139 |  0.0000  |
|  0  |  1  |  0.00000   | 14.6378  |  0.0000  |-297.4292 |  0.0005  | 221.9423 |  0.0000  |
|  1  |  1  | -11.11452  | 14.5819  |  0.0000  |-296.3897 |  0.0008  | 222.1590 |  0.0000  |
|  0  |  2  |  0.00000   | 21.9116  |  0.0000  |-443.7372 |  0.0014  | 333.4114 |  0.0000  |
|  1  |  2  | -10.85777  | 21.8276  |  0.0000  |-442.1742 |  0.0018  | 333.7374 |  0.0000  |
|  0  |  3  |  0.00000   | 29.1554  |  0.0000  |-588.4292 |  0.0028  | 445.2151 |  0.0000  |
|  1  |  3  | -10.66513  | 29.0431  |  0.0000  |-586.3401 |  0.0033  | 445.6509 |  0.0001  |
|  0  |  4  |  0.00000   | 36.3692  |  0.0000  |-731.4963 |  0.0046  | 557.3552 |  0.0001  |
|  1  |  4  | -10.50990  | 36.2285  |  0.0000  |-728.8786 |  0.0053  | 557.9014 |  0.0001  |
|  0  |  5  |  0.00000   | 43.5529  |  0.0000  |-872.9297 |  0.0069  | 669.8338 |  0.0001  |
|  1  |  5  | -10.37953  | 43.3836  |  0.0000  |-869.7809 |  0.0077  | 670.4910 |  0.0001  |
|  0  |  6  |  0.00000   | 50.7065  |  0.0000  |-1012.7206|  0.0096  | 782.6529 |  0.0002  |
|  1  |  6  | -10.26796  | 50.5086  | -0.0000  |-1009.0450| -0.0037  | 783.4244 | -0.0001  |
|  0  |  7  |  0.00000   | 57.8301  | -0.0000  |-1150.8724| -0.0127  | 895.8192 | -0.0002  |
|  1  |  7  | -10.16919  | 57.6034  | -0.0000  |-1146.6605| -0.0140  | 896.7063 | -0.0002  |
|  0  |  8  |  0.00000   | 64.9235  | -0.0000  |-1287.3660| -0.0165  |1009.3361 | -0.0003  |
|  1  |  8  | -10.07995  | 64.6679  | -0.0000  |-1282.6101| -0.0178  |1010.3320 | -0.0003  |
|  0  |  9  |  0.00000   | 71.9868  | -0.0000  |-1422.1827| -0.0206  |1123.1937 | -0.0003  |
|  1  |  9  |  -9.99989  | 71.7022  | -0.0000  |-1416.8837| -0.0220  |1124.3028 | -0.0004  |
|  2  |  9  | -10.25982  | 71.5455  | -0.0000  |-1413.9673| -0.0228  |1124.9133 | -0.0004  |
Generating an instance of AeroForcesCalculator
Variable text_file_name has no assigned value in the settings file.
    will default to the value: aeroforces.txt
Variable screen_output has no assigned value in the settings file.
    will default to the value: True
Variable coefficients has no assigned value in the settings file.
    will default to the value: False
Variable lifting_surfaces has no assigned value in the settings file.
    will default to the value: True
Variable nonlifting_body has no assigned value in the settings file.
    will default to the value: False



|==============|==============|==============|==============|==============|==============|==============|
|    tstep     |     fx_g     |     fy_g     |     fz_g     |     mx_g     |     my_g     |     mz_g     |
|==============|==============|==============|==============|==============|==============|==============|
|      0       | 2.215449e+01 |-3.439399e-05 | 2.855473e+03 |-2.287440e-02 | 5.513726e+02 | 4.055540e-04 |
...Finished
FINISHED - Elapsed time = 5.6312586 seconds
FINISHED - CPU process time = 5.6453926 seconds
