--------------------------------------------------------------------------------
            ######  ##     ##    ###    ########  ########  ##    ##
           ##    ## ##     ##   ## ##   ##     ## ##     ##  ##  ##
           ##       ##     ##  ##   ##  ##     ## ##     ##   ####
            ######  ######### ##     ## ########  ########     ##
                 ## ##     ## ######### ##   ##   ##           ##
           ##    ## ##     ## ##     ## ##    ##  ##           ##
            ######  ##     ## ##     ## ##     ## ##           ##
--------------------------------------------------------------------------------
Aeroelastics Lab, Aeronautics Department.
    Copyright (c), Imperial College London.
    All rights reserved.
    License available at https://github.com/imperialcollegelondon/sharpy
Running SHARPy from /Users/benpreston/sharpy_cases/goland_swept_loads
SHARPy being run is in /Users/benpreston/sharpy_installs/dev_profiler
The branch being run is develop
The version and commit hash are: 2.1-284-g23da1e0b-23da1e0b
SHARPy output folder set
	/Users/benpreston/sharpy_cases/goland_swept_loads/output//goland_ang_20_00_pos_0_85/
Generating an instance of BeamLoader
Variable for_pos has no assigned value in the settings file.
    will default to the value: [0.0, 0, 0]
Generating an instance of AerogridLoader
Variable control_surface_deflection has no assigned value in the settings file.
    will default to the value: []
Variable control_surface_deflection_generator_settings has no assigned value in the settings file.
    will default to the value: {}
Variable dx1 has no assigned value in the settings file.
    will default to the value: -1.0
Variable ndx1 has no assigned value in the settings file.
    will default to the value: 1
Variable r has no assigned value in the settings file.
    will default to the value: 1.0
Variable dxmax has no assigned value in the settings file.
    will default to the value: -1.0
The aerodynamic grid contains 2 surfaces
  Surface 0, M=16, N=20
     Wake 0, M=160, N=20
  Surface 1, M=16, N=20
     Wake 1, M=160, N=20
  In total: 640 bound panels
  In total: 6400 wake panels
  Total number of panels = 7040
Generating an instance of StaticCoupled
Variable correct_forces_method has no assigned value in the settings file.
    will default to the value: 
Variable correct_forces_settings has no assigned value in the settings file.
    will default to the value: {}
Variable runtime_generators has no assigned value in the settings file.
    will default to the value: {}
Variable nonlifting_body_interactions has no assigned value in the settings file.
    will default to the value: False
Generating an instance of NonLinearStatic
Variable abs_threshold has no assigned value in the settings file.
    will default to the value: 1e-13
Variable newmark_damp has no assigned value in the settings file.
    will default to the value: 0.0001
Variable gravity_dir has no assigned value in the settings file.
    will default to the value: [0.0, 0.0, 1.0]
Variable relaxation_factor has no assigned value in the settings file.
    will default to the value: 0.3
Variable dt has no assigned value in the settings file.
    will default to the value: 0.01
Variable num_steps has no assigned value in the settings file.
    will default to the value: 500
Variable initial_position has no assigned value in the settings file.
    will default to the value: [0. 0. 0.]
Variable initial_velocity has no assigned value in the settings file.
    will default to the value: [0. 0. 0. 0. 0. 0.]
Generating an instance of StaticUvlm
Variable nonlifting_body_interactions has no assigned value in the settings file.
    will default to the value: False
Variable only_nonlifting has no assigned value in the settings file.
    will default to the value: False
Variable phantom_wing_test has no assigned value in the settings file.
    will default to the value: False
Variable iterative_solver has no assigned value in the settings file.
    will default to the value: False
Variable iterative_tol has no assigned value in the settings file.
    will default to the value: 0.0001
Variable iterative_precond has no assigned value in the settings file.
    will default to the value: False
Variable cfl1 has no assigned value in the settings file.
    will default to the value: True
Variable vortex_radius has no assigned value in the settings file.
    will default to the value: 1e-06
Variable vortex_radius_wake_ind has no assigned value in the settings file.
    will default to the value: 1e-06
Variable rbm_vel_g has no assigned value in the settings file.
    will default to the value: [0.0, 0.0, 0.0, 0.0, 0.0, 0.0]
Variable centre_rot_g has no assigned value in the settings file.
    will default to the value: [0.0, 0.0, 0.0]
Variable map_forces_on_struct has no assigned value in the settings file.
    will default to the value: False
Variable ignore_first_x_nodes_in_force_calculation has no assigned value in the settings file.
    will default to the value: 0



|=====|=====|============|==========|==========|==========|==========|==========|==========|
|iter |step | log10(res) |    Fx    |    Fy    |    Fz    |    Mx    |    My    |    Mz    |
|=====|=====|============|==========|==========|==========|==========|==========|==========|
|  0  |  0  |  0.00000   |  7.3724  | -0.0001  |-151.1270 |  1.2480  | 129.0770 |  0.0390  |
|  1  |  0  | -11.13498  |  7.3378  |  0.0004  |-150.4866 |  1.3253  | 129.1746 |  0.0436  |
|  0  |  1  |  0.00000   | 14.7076  |  0.0011  |-300.2801 |  2.7337  | 258.4520 |  0.0817  |
|  1  |  1  | -10.77595  | 14.6384  |  0.0021  |-298.9972 |  2.8878  | 258.6476 |  0.0909  |
|  0  |  2  |  0.00000   | 22.0058  |  0.0036  |-447.4523 |  4.4557  | 388.1262 |  0.1280  |
|  1  |  2  | -10.54900  | 21.9016  |  0.0051  |-445.5248 |  4.6862  | 388.4202 |  0.1418  |
|  0  |  3  |  0.00000   | 29.2669  |  0.0075  |-592.6364 |  6.4125  | 518.1009 |  0.1778  |
|  1  |  3  | -10.37882  | 29.1278  |  0.0094  |-590.0624 |  6.7189  | 518.4935 |  0.1962  |
|  0  |  4  |  0.00000   | 36.4912  |  0.0126  |-735.8253 |  8.6027  | 648.3770 |  0.2309  |
|  1  |  4  | -10.24161  | 36.3171  |  0.0151  |-732.6089 |  8.9644  | 648.8730 |  0.2536  |
|  0  |  5  |  0.00000   | 43.6789  |  0.0191  |-877.0231 | 10.9878  | 778.9638 |  0.2866  |
|  1  |  5  | -10.12530  | 43.4695  |  0.0221  |-873.1622 | 11.4527  | 779.5646 |  0.3145  |
|  0  |  6  |  0.00000   | 50.8300  |  0.0269  |-1016.2245| 13.6474  | 909.8653 |  0.3464  |
|  1  |  6  | -10.02409  | 50.5850  |  0.0304  |-1011.7032| 14.1799  | 910.5615 |  0.3787  |
|  0  |  7  |  0.00000   | 57.9443  |  0.0360  |-1153.3992| 16.5264  |1041.0663 |  0.4090  |
|  1  |  7  |  -9.93496  | 57.6637  |  0.0401  |-1148.2206| 17.1310  |1041.8610 |  0.4461  |
|  2  |  7  | -10.19935  | 57.5109  |  0.0422  |-1145.3991| 17.4502  |1042.2940 |  0.4657  |
|  0  |  8  |  0.00000   | 65.0204  |  0.0465  |-1288.5154| 19.6229  |1172.5766 |  0.4743  |
|  1  |  8  |  -9.85632  | 64.7051  |  0.0511  |-1282.6980| 20.3048  |1173.4687 |  0.5163  |
|  2  |  8  | -10.12012  | 64.5331  |  0.0535  |-1279.5240| 20.6640  |1173.9555 |  0.5385  |
|  0  |  9  |  0.00000   | 72.0612  |  0.0583  |-1421.6214| 22.9493  |1304.3914 |  0.5428  |
|  1  |  9  |  -9.78385  | 71.7104  |  0.0634  |-1415.1495| 23.7023  |1305.3834 |  0.5894  |
|  2  |  9  | -10.04702  | 71.5187  |  0.0662  |-1411.6130| 24.0992  |1305.9256 |  0.6141  |
Generating an instance of AeroForcesCalculator
Variable text_file_name has no assigned value in the settings file.
    will default to the value: aeroforces.txt
Variable screen_output has no assigned value in the settings file.
    will default to the value: True
Variable coefficients has no assigned value in the settings file.
    will default to the value: False
Variable lifting_surfaces has no assigned value in the settings file.
    will default to the value: True
Variable nonlifting_body has no assigned value in the settings file.
    will default to the value: False



|==============|==============|==============|==============|==============|==============|==============|
|    tstep     |     fx_g     |     fy_g     |     fz_g     |     mx_g     |     my_g     |     mz_g     |
|==============|==============|==============|==============|==============|==============|==============|
|      0       | 2.220996e+01 | 6.612899e-02 | 2.859893e+03 | 1.161467e+01 | 4.369795e+02 |-2.337515e-01 |
...Finished
FINISHED - Elapsed time = 6.0893866 seconds
FINISHED - CPU process time = 6.0777776 seconds
