--------------------------------------------------------------------------------
            ######  ##     ##    ###    ########  ########  ##    ##
           ##    ## ##     ##   ## ##   ##     ## ##     ##  ##  ##
           ##       ##     ##  ##   ##  ##     ## ##     ##   ####
            ######  ######### ##     ## ########  ########     ##
                 ## ##     ## ######### ##   ##   ##           ##
           ##    ## ##     ## ##     ## ##    ##  ##           ##
            ######  ##     ## ##     ## ##     ## ##           ##
--------------------------------------------------------------------------------
Aeroelastics Lab, Aeronautics Department.
    Copyright (c), Imperial College London.
    All rights reserved.
    License available at https://github.com/imperialcollegelondon/sharpy
Running SHARPy from /Users/benpreston/sharpy_cases/goland_swept_loads
SHARPy being run is in /Users/benpreston/sharpy_installs/dev_profiler
The branch being run is develop
The version and commit hash are: 2.1-284-g23da1e0b-23da1e0b
SHARPy output folder set
	/Users/benpreston/sharpy_cases/goland_swept_loads/output//goland_ang_n50_00_pos_0_70/
Generating an instance of BeamLoader
Variable for_pos has no assigned value in the settings file.
    will default to the value: [0.0, 0, 0]
Generating an instance of AerogridLoader
Variable control_surface_deflection has no assigned value in the settings file.
    will default to the value: []
Variable control_surface_deflection_generator_settings has no assigned value in the settings file.
    will default to the value: {}
Variable dx1 has no assigned value in the settings file.
    will default to the value: -1.0
Variable ndx1 has no assigned value in the settings file.
    will default to the value: 1
Variable r has no assigned value in the settings file.
    will default to the value: 1.0
Variable dxmax has no assigned value in the settings file.
    will default to the value: -1.0
The aerodynamic grid contains 2 surfaces
  Surface 0, M=16, N=20
     Wake 0, M=160, N=20
  Surface 1, M=16, N=20
     Wake 1, M=160, N=20
  In total: 640 bound panels
  In total: 6400 wake panels
  Total number of panels = 7040
Generating an instance of StaticCoupled
Variable correct_forces_method has no assigned value in the settings file.
    will default to the value: 
Variable correct_forces_settings has no assigned value in the settings file.
    will default to the value: {}
Variable runtime_generators has no assigned value in the settings file.
    will default to the value: {}
Variable nonlifting_body_interactions has no assigned value in the settings file.
    will default to the value: False
Generating an instance of NonLinearStatic
Variable abs_threshold has no assigned value in the settings file.
    will default to the value: 1e-13
Variable newmark_damp has no assigned value in the settings file.
    will default to the value: 0.0001
Variable gravity_dir has no assigned value in the settings file.
    will default to the value: [0.0, 0.0, 1.0]
Variable relaxation_factor has no assigned value in the settings file.
    will default to the value: 0.3
Variable dt has no assigned value in the settings file.
    will default to the value: 0.01
Variable num_steps has no assigned value in the settings file.
    will default to the value: 500
Variable initial_position has no assigned value in the settings file.
    will default to the value: [0. 0. 0.]
Variable initial_velocity has no assigned value in the settings file.
    will default to the value: [0. 0. 0. 0. 0. 0.]
Generating an instance of StaticUvlm
Variable nonlifting_body_interactions has no assigned value in the settings file.
    will default to the value: False
Variable only_nonlifting has no assigned value in the settings file.
    will default to the value: False
Variable phantom_wing_test has no assigned value in the settings file.
    will default to the value: False
Variable iterative_solver has no assigned value in the settings file.
    will default to the value: False
Variable iterative_tol has no assigned value in the settings file.
    will default to the value: 0.0001
Variable iterative_precond has no assigned value in the settings file.
    will default to the value: False
Variable cfl1 has no assigned value in the settings file.
    will default to the value: True
Variable vortex_radius has no assigned value in the settings file.
    will default to the value: 1e-06
Variable vortex_radius_wake_ind has no assigned value in the settings file.
    will default to the value: 1e-06
Variable rbm_vel_g has no assigned value in the settings file.
    will default to the value: [0.0, 0.0, 0.0, 0.0, 0.0, 0.0]
Variable centre_rot_g has no assigned value in the settings file.
    will default to the value: [0.0, 0.0, 0.0]
Variable map_forces_on_struct has no assigned value in the settings file.
    will default to the value: False
Variable ignore_first_x_nodes_in_force_calculation has no assigned value in the settings file.
    will default to the value: 0



|=====|=====|============|==========|==========|==========|==========|==========|==========|
|iter |step | log10(res) |    Fx    |    Fy    |    Fz    |    Mx    |    My    |    Mz    |
|=====|=====|============|==========|==========|==========|==========|==========|==========|
|  0  |  0  |  0.00000   |  8.5644  |  0.0000  |-191.2085 | -0.0000  | 34.5409  |  0.0000  |
|  1  |  0  | -13.03977  |  8.5637  | -0.0000  |-191.1966 |  0.0000  | 34.5389  |  0.0000  |
|  0  |  1  |  0.00000   | 17.1279  | -0.0000  |-382.3804 |  0.0001  | 69.0727  |  0.0000  |
|  1  |  1  | -12.95069  | 17.1264  | -0.0000  |-382.3568 |  0.0002  | 69.0688  |  0.0000  |
|  0  |  2  |  0.00000   | 25.6905  | -0.0000  |-573.5162 |  0.0003  | 103.5954 |  0.0000  |
|  1  |  2  | -13.20870  | 25.6883  | -0.0000  |-573.4809 |  0.0005  | 103.5895 |  0.0000  |
|  0  |  3  |  0.00000   | 34.2522  | -0.0000  |-764.6162 |  0.0007  | 138.1089 |  0.0000  |
|  1  |  3  | -13.21777  | 34.2492  | -0.0000  |-764.5693 |  0.0009  | 138.1010 |  0.0001  |
|  0  |  4  |  0.00000   | 42.8129  | -0.0000  |-955.6806 |  0.0012  | 172.6130 |  0.0001  |
|  1  |  4  | -12.59310  | 42.8092  | -0.0000  |-955.6223 |  0.0014  | 172.6031 |  0.0001  |
|  0  |  5  |  0.00000   | 51.3728  | -0.0001  |-1146.7098|  0.0018  | 207.1077 |  0.0001  |
|  1  |  5  | -12.28027  | 51.3683  | -0.0001  |-1146.6401|  0.0020  | 207.0957 |  0.0001  |
|  0  |  6  |  0.00000   | 59.9317  | -0.0001  |-1337.7041|  0.0025  | 241.5929 |  0.0001  |
|  1  |  6  | -12.06201  | 59.9265  | -0.0001  |-1337.6230|  0.0028  | 241.5788 |  0.0002  |
|  0  |  7  |  0.00000   | 68.4898  | -0.0001  |-1528.6637|  0.0034  | 276.0685 |  0.0002  |
|  1  |  7  | -11.89121  | 68.4839  | -0.0001  |-1528.5715|  0.0037  | 276.0523 |  0.0002  |
|  0  |  8  |  0.00000   | 77.0470  | -0.0001  |-1719.5891|  0.0043  | 310.5344 |  0.0003  |
|  1  |  8  | -11.75007  | 77.0403  | -0.0001  |-1719.4857|  0.0047  | 310.5160 |  0.0003  |
|  0  |  9  |  0.00000   | 85.6033  | -0.0002  |-1910.4804|  0.0055  | 344.9905 |  0.0003  |
|  1  |  9  | -11.62936  | 85.5959  | -0.0002  |-1910.3661|  0.0059  | 344.9699 |  0.0003  |
Generating an instance of AeroForcesCalculator
Variable text_file_name has no assigned value in the settings file.
    will default to the value: aeroforces.txt
Variable screen_output has no assigned value in the settings file.
    will default to the value: True
Variable coefficients has no assigned value in the settings file.
    will default to the value: False
Variable lifting_surfaces has no assigned value in the settings file.
    will default to the value: True
Variable nonlifting_body has no assigned value in the settings file.
    will default to the value: False



|==============|==============|==============|==============|==============|==============|==============|
|    tstep     |     fx_g     |     fy_g     |     fz_g     |     mx_g     |     my_g     |     mz_g     |
|==============|==============|==============|==============|==============|==============|==============|
|      0       | 1.887114e+01 |-1.765258e-04 | 2.358914e+03 | 6.094305e-03 | 5.451902e+02 | 1.392719e-04 |
...Finished
FINISHED - Elapsed time = 5.2654646 seconds
FINISHED - CPU process time = 5.2617956 seconds
