--------------------------------------------------------------------------------
            ######  ##     ##    ###    ########  ########  ##    ##
           ##    ## ##     ##   ## ##   ##     ## ##     ##  ##  ##
           ##       ##     ##  ##   ##  ##     ## ##     ##   ####
            ######  ######### ##     ## ########  ########     ##
                 ## ##     ## ######### ##   ##   ##           ##
           ##    ## ##     ## ##     ## ##    ##  ##           ##
            ######  ##     ## ##     ## ##     ## ##           ##
--------------------------------------------------------------------------------
Aeroelastics Lab, Aeronautics Department.
    Copyright (c), Imperial College London.
    All rights reserved.
    License available at https://github.com/imperialcollegelondon/sharpy
Running SHARPy from /Users/benpreston/sharpy_cases/goland_swept_loads
SHARPy being run is in /Users/benpreston/sharpy_installs/dev_profiler
The branch being run is develop
The version and commit hash are: 2.1-284-g23da1e0b-23da1e0b
SHARPy output folder set
	/Users/benpreston/sharpy_cases/goland_swept_loads/output//goland_ang_10_00_pos_0_50/
Generating an instance of BeamLoader
Variable for_pos has no assigned value in the settings file.
    will default to the value: [0.0, 0, 0]
Generating an instance of AerogridLoader
Variable control_surface_deflection has no assigned value in the settings file.
    will default to the value: []
Variable control_surface_deflection_generator_settings has no assigned value in the settings file.
    will default to the value: {}
Variable dx1 has no assigned value in the settings file.
    will default to the value: -1.0
Variable ndx1 has no assigned value in the settings file.
    will default to the value: 1
Variable r has no assigned value in the settings file.
    will default to the value: 1.0
Variable dxmax has no assigned value in the settings file.
    will default to the value: -1.0
The aerodynamic grid contains 2 surfaces
  Surface 0, M=16, N=20
     Wake 0, M=160, N=20
  Surface 1, M=16, N=20
     Wake 1, M=160, N=20
  In total: 640 bound panels
  In total: 6400 wake panels
  Total number of panels = 7040
Generating an instance of StaticCoupled
Variable correct_forces_method has no assigned value in the settings file.
    will default to the value: 
Variable correct_forces_settings has no assigned value in the settings file.
    will default to the value: {}
Variable runtime_generators has no assigned value in the settings file.
    will default to the value: {}
Variable nonlifting_body_interactions has no assigned value in the settings file.
    will default to the value: False
Generating an instance of NonLinearStatic
Variable abs_threshold has no assigned value in the settings file.
    will default to the value: 1e-13
Variable newmark_damp has no assigned value in the settings file.
    will default to the value: 0.0001
Variable gravity_dir has no assigned value in the settings file.
    will default to the value: [0.0, 0.0, 1.0]
Variable relaxation_factor has no assigned value in the settings file.
    will default to the value: 0.3
Variable dt has no assigned value in the settings file.
    will default to the value: 0.01
Variable num_steps has no assigned value in the settings file.
    will default to the value: 500
Variable initial_position has no assigned value in the settings file.
    will default to the value: [0. 0. 0.]
Variable initial_velocity has no assigned value in the settings file.
    will default to the value: [0. 0. 0. 0. 0. 0.]
Generating an instance of StaticUvlm
Variable nonlifting_body_interactions has no assigned value in the settings file.
    will default to the value: False
Variable only_nonlifting has no assigned value in the settings file.
    will default to the value: False
Variable phantom_wing_test has no assigned value in the settings file.
    will default to the value: False
Variable iterative_solver has no assigned value in the settings file.
    will default to the value: False
Variable iterative_tol has no assigned value in the settings file.
    will default to the value: 0.0001
Variable iterative_precond has no assigned value in the settings file.
    will default to the value: False
Variable cfl1 has no assigned value in the settings file.
    will default to the value: True
Variable vortex_radius has no assigned value in the settings file.
    will default to the value: 1e-06
Variable vortex_radius_wake_ind has no assigned value in the settings file.
    will default to the value: 1e-06
Variable rbm_vel_g has no assigned value in the settings file.
    will default to the value: [0.0, 0.0, 0.0, 0.0, 0.0, 0.0]
Variable centre_rot_g has no assigned value in the settings file.
    will default to the value: [0.0, 0.0, 0.0]
Variable map_forces_on_struct has no assigned value in the settings file.
    will default to the value: False
Variable ignore_first_x_nodes_in_force_calculation has no assigned value in the settings file.
    will default to the value: 0



|=====|=====|============|==========|==========|==========|==========|==========|==========|
|iter |step | log10(res) |    Fx    |    Fy    |    Fz    |    Mx    |    My    |    Mz    |
|=====|=====|============|==========|==========|==========|==========|==========|==========|
|  0  |  0  |  0.00000   |  7.3775  |  0.0000  |-150.9620 |  0.0000  | 151.7822 |  0.0000  |
|  1  |  0  | -10.97181  |  7.3364  |  0.0000  |-150.2028 | -0.0001  | 151.8091 | -0.0000  |
|  0  |  1  |  0.00000   | 14.7112  |  0.0000  |-299.5856 | -0.0003  | 303.6438 | -0.0000  |
|  1  |  1  | -10.61864  | 14.6289  |  0.0000  |-298.0668 | -0.0005  | 303.6976 | -0.0000  |
|  0  |  2  |  0.00000   | 22.0014  |  0.0000  |-445.8692 | -0.0008  | 455.5848 | -0.0000  |
|  1  |  2  | -10.39645  | 21.8777  |  0.0000  |-443.5905 | -0.0011  | 455.6655 | -0.0000  |
|  0  |  3  |  0.00000   | 29.2483  |  0.0000  |-589.8114 | -0.0017  | 607.6052 | -0.0000  |
|  1  |  3  | -10.23025  | 29.0832  |  0.0000  |-586.7722 | -0.0022  | 607.7129 | -0.0000  |
|  0  |  4  |  0.00000   | 36.4523  |  0.0000  |-731.4105 | -0.0031  | 759.7052 | -0.0001  |
|  1  |  4  | -10.09602  | 36.2455  |  0.0000  |-727.6104 | -0.0037  | 759.8397 | -0.0001  |
|  0  |  5  |  0.00000   | 43.6135  |  0.0000  |-870.6648 | -0.0048  | 911.8846 | -0.0001  |
|  1  |  5  |  -9.98240  | 43.3650  |  0.0000  |-866.1019 |  0.0025  | 912.0483 |  0.0001  |
|  2  |  5  | -10.25033  | 43.2310  | -0.0000  |-863.6405 |  0.0062  | 912.1370 |  0.0001  |
|  0  |  6  |  0.00000   | 50.7322  | -0.0000  |-1007.5667|  0.0069  |1064.1484 |  0.0001  |
|  1  |  6  |  -9.88459  | 50.4419  | -0.0000  |-1002.2448|  0.0079  |1064.3375 |  0.0001  |
|  2  |  6  | -10.15284  | 50.2853  | -0.0000  |-999.3729 |  0.0085  |1064.4393 |  0.0001  |
|  0  |  7  |  0.00000   | 57.8088  | -0.0000  |-1142.1228|  0.0096  |1216.4887 |  0.0002  |
|  1  |  7  |  -9.79775  | 57.4765  | -0.0000  |-1136.0373|  0.0109  |1216.7043 |  0.0002  |
|  2  |  7  | -10.06590  | 57.2972  | -0.0000  |-1132.7526|  0.0115  |1216.8204 |  0.0002  |
|  0  |  8  |  0.00000   | 64.8436  | -0.0000  |-1274.3254|  0.0129  |1368.9078 |  0.0002  |
|  1  |  8  |  -9.71987  | 64.4691  | -0.0000  |-1267.4756|  0.0144  |1369.1497 |  0.0002  |
|  2  |  8  |  -9.98791  | 64.2669  | -0.0000  |-1263.7774|  0.0152  |1369.2800 |  0.0003  |
|  3  |  8  | -12.42000  | 64.2663  | -0.0000  |-1263.7667|  0.0151  |1369.2801 |  0.0003  |
|  0  |  9  |  0.00000   | 71.8366  | -0.0000  |-1404.1720|  0.0168  |1521.4054 |  0.0003  |
|  1  |  9  |  -9.64940  | 71.4200  | -0.0000  |-1396.5620|  0.0185  |1521.6743 |  0.0003  |
|  2  |  9  |  -9.91724  | 71.1950  | -0.0000  |-1392.4513|  0.0194  |1521.8191 |  0.0003  |
|  3  |  9  | -12.28621  | 71.1942  | -0.0000  |-1392.4374|  0.0194  |1521.8192 |  0.0003  |
Generating an instance of AeroForcesCalculator
Variable text_file_name has no assigned value in the settings file.
    will default to the value: aeroforces.txt
Variable screen_output has no assigned value in the settings file.
    will default to the value: True
Variable coefficients has no assigned value in the settings file.
    will default to the value: False
Variable lifting_surfaces has no assigned value in the settings file.
    will default to the value: True
Variable nonlifting_body has no assigned value in the settings file.
    will default to the value: False



|==============|==============|==============|==============|==============|==============|==============|
|    tstep     |     fx_g     |     fy_g     |     fz_g     |     mx_g     |     my_g     |     mz_g     |
|==============|==============|==============|==============|==============|==============|==============|
|      0       | 2.255540e+01 |-1.234248e-05 | 2.876972e+03 | 1.933777e-02 | 1.825671e+02 |-3.555353e-04 |
...Finished
FINISHED - Elapsed time = 7.0582946 seconds
FINISHED - CPU process time = 7.0469936 seconds
